2018-04-06 19:39:40,572 INFO  DownloadService - Downloading "https://github.com/jbruchanov/anuitor/archive/master.zip", attempt 3
2018-04-06 19:40:41,079 INFO  GithubDownloadService - Could not find ZIP archive for master branch
2018-04-06 19:40:41,772 INFO  GithubDownloadService - Default branch of this repository: develop
2018-04-06 19:40:41,772 INFO  DownloadService - Downloading "https://github.com/jbruchanov/anuitor/archive/develop.zip", attempt 3
2018-04-06 19:41:43,137 DEBUG FullProcessService - Repository https://github.com/jbruchanov/anuitor available: true
2018-04-06 19:41:43,137 INFO  FullProcessService - Could not download ZIP file from Github, lets clone it
2018-04-06 19:41:43,137 INFO  SysUtils - Execute command: [git, clone, -q, --single-branch, --depth, 1, https://github.com/jbruchanov/anuitor, /tmp/rdisk/1348/src]
2018-04-06 19:41:45,793 INFO  SysUtils - 
2018-04-06 19:41:45,805 INFO  GitService - Deleted "/tmp/rdisk/1348/src/.git": true
2018-04-06 19:41:45,825 INFO  FullProcessService - Size of directory with sources: 15 MB
2018-04-06 19:41:45,825 INFO  SysUtils - Execute command: [git, init, /tmp/rdisk/1348/src]
2018-04-06 19:41:45,830 INFO  SysUtils - Initialized empty Git repository in /tmp/rdisk/1348/src/.git/

2018-04-06 19:41:45,849 INFO  ProjectBuildService - Gradle wrapper(s): /tmp/rdisk/1348/src/Android/gradlew
2018-04-06 19:41:45,863 INFO  ProjectBuildService - Build script(s): /tmp/rdisk/1348/src/Android/SampleApp/build.gradle /tmp/rdisk/1348/src/Android/service/build.gradle /tmp/rdisk/1348/src/Android/build.gradle
2018-04-06 19:41:45,876 INFO  ProjectBuildService - All script(s): /tmp/rdisk/1348/src/Android/settings.gradle /tmp/rdisk/1348/src/Android/service/generator.gradle /tmp/rdisk/1348/src/Android/service/build.gradle /tmp/rdisk/1348/src/Android/build.gradle /tmp/rdisk/1348/src/Android/SampleApp/build.gradle
2018-04-06 19:41:45,877 INFO  ProjectBuildService - Remote scripts: none
2018-04-06 19:41:45,877 INFO  ProjectFixService - Fixing project...
2018-04-06 19:41:45,904 INFO  LocalPropertiesFixService - Created fake /tmp/rdisk/1348/src/Android/SampleApp/local.properties
2018-04-06 19:41:45,904 INFO  ProjectFixService - Build info for "/tmp/rdisk/1348/src/Android/SampleApp/build.gradle": [buildToolsVersion=25.0.2,compileSdkVersion=25,minSdkVersion=10,targetSdkVersion=25]
2018-04-06 19:41:45,904 INFO  LocalPropertiesFixService - Created fake /tmp/rdisk/1348/src/Android/service/local.properties
2018-04-06 19:41:45,905 INFO  ProjectFixService - Build info for "/tmp/rdisk/1348/src/Android/service/build.gradle": [buildToolsVersion=25.0.2,compileSdkVersion=25,minSdkVersion=10,targetSdkVersion=25]
2018-04-06 19:41:45,906 INFO  LocalPropertiesFixService - Created fake /tmp/rdisk/1348/src/Android/local.properties
2018-04-06 19:41:45,906 INFO  WrapperPropertiesFixService - Gradle wrapper: https://services.gradle.org/distributions/gradle-3.3-all.zip
2018-04-06 19:41:45,906 INFO  WrapperPropertiesFixService - Gradle wrapper was changed from "-all.zip" to "-bin.zip" (https://services.gradle.org/distributions/gradle-3.3-bin.zip)
2018-04-06 19:41:45,908 INFO  ProjectFixService - Build info for "/tmp/rdisk/1348/src/Android/build.gradle": [buildToolsVersion=25.0.2,compileSdkVersion=25,minSdkVersion=10,targetSdkVersion=25]
2018-04-06 19:41:45,908 INFO  ProjectFixService - Project was maybe fixed
2018-04-06 19:41:45,909 INFO  ProjectTaskService - Detecting possible tasks...
2018-04-06 19:41:45,909 INFO  SysUtils - Execute command: [/tmp/rdisk/1348/src/Android/gradlew, -b, /tmp/rdisk/1348/src/Android/SampleApp/build.gradle, -Dorg.gradle.daemon=false, -Dorg.gradle.daemon.performance.enable-monitoring=false, -Dorg.gradle.configureondemand=true, tasks]
2018-04-06 19:41:48,808 ERROR ProjectTaskService - Could not detect possible Gradle tasks: Process exited with an error: 1 (Exit value: 1)
2018-04-06 19:41:48,808 INFO  ProjectTaskService - Detected possible tasks: 0
2018-04-06 19:41:48,808 INFO  ProjectTaskService - Excluded tasks (0): none
2018-04-06 19:41:48,808 INFO  SysUtils - Execute command: [/tmp/rdisk/1348/src/Android/gradlew, -b, /tmp/rdisk/1348/src/Android/SampleApp/build.gradle, -Dorg.gradle.daemon=false, -Dorg.gradle.daemon.performance.enable-monitoring=false, -Dorg.gradle.configureondemand=true, --stacktrace, build]
2018-04-06 19:41:51,115 ERROR SysUtils - Could not process external command
org.apache.commons.exec.ExecuteException: Process exited with an error: 1 (Exit value: 1)
	at org.apache.commons.exec.DefaultExecutor.executeInternal(DefaultExecutor.java:404)
	at org.apache.commons.exec.DefaultExecutor.execute(DefaultExecutor.java:166)
	at com.github.vbauer.apkmaster.util.SysUtils.execute(SysUtils.java:67)
	at com.github.vbauer.apkmaster.util.SysUtils.executeSimple(SysUtils.java:43)
	at com.github.vbauer.apkmaster.service.assembly.ProjectBuildService.buildProject(ProjectBuildService.java:78)
	at com.github.vbauer.apkmaster.service.assembly.ProjectBuildService.buildProject(ProjectBuildService.java:64)
	at com.github.vbauer.apkmaster.service.assembly.ProjectBuildService.buildProject(ProjectBuildService.java:43)
	at com.github.vbauer.apkmaster.service.FullProcessService.build(FullProcessService.java:84)
	at com.github.vbauer.apkmaster.service.FullProcessService.process(FullProcessService.java:34)
	at com.github.vbauer.apkmaster.app.MainApplication.process(MainApplication.java:38)
	at com.github.vbauer.apkmaster.app.MainApplication.main(MainApplication.java:20)
	at sun.reflect.GeneratedMethodAccessor9.invoke(Unknown Source)
	at sun.reflect.DelegatingMethodAccessorImpl.invoke(DelegatingMethodAccessorImpl.java:43)
	at java.lang.reflect.Method.invoke(Method.java:498)
	at com.android.arsenal.util.ReflectionUtils.invoke(ReflectionUtils.java:42)
	at com.android.arsenal.util.ApkMasterUtils.main(ApkMasterUtils.java:30)
	at com.android.arsenal.service.processor.impl.BuildProcessorServiceImpl.buildProject(BuildProcessorServiceImpl.java:197)
	at com.android.arsenal.service.processor.impl.BuildProcessorServiceImpl.build(BuildProcessorServiceImpl.java:131)
	at com.android.arsenal.service.processor.impl.BuildProcessorServiceImpl.lambda$null$1(BuildProcessorServiceImpl.java:114)
	at java.util.concurrent.FutureTask.run(FutureTask.java:266)
	at java.util.concurrent.Executors$RunnableAdapter.call(Executors.java:511)
	at java.util.concurrent.FutureTask.run(FutureTask.java:266)
	at java.util.concurrent.ThreadPoolExecutor.runWorker(ThreadPoolExecutor.java:1149)
	at java.util.concurrent.ThreadPoolExecutor$Worker.run(ThreadPoolExecutor.java:624)
	at java.lang.Thread.run(Thread.java:748)
2018-04-06 19:41:51,116 INFO  SysUtils - Configuration on demand is an incubating feature.

FAILURE: Build failed with an exception.

* Where:
Build file '/tmp/rdisk/1348/src/Android/SampleApp/build.gradle' line: 1

* What went wrong:
A problem occurred evaluating root project 'SampleApp'.
> Plugin with id 'com.android.application' not found.

* Try:
Run with --info or --debug option to get more log output.

* Exception is:
org.gradle.api.GradleScriptException: A problem occurred evaluating root project 'SampleApp'.
	at org.gradle.groovy.scripts.internal.DefaultScriptRunnerFactory$ScriptRunnerImpl.run(DefaultScriptRunnerFactory.java:92)
	at org.gradle.configuration.DefaultScriptPluginFactory$ScriptPluginImpl$2.run(DefaultScriptPluginFactory.java:176)
	at org.gradle.configuration.ProjectScriptTarget.addConfiguration(ProjectScriptTarget.java:77)
	at org.gradle.configuration.DefaultScriptPluginFactory$ScriptPluginImpl.apply(DefaultScriptPluginFactory.java:181)
	at org.gradle.configuration.project.BuildScriptProcessor.execute(BuildScriptProcessor.java:39)
	at org.gradle.configuration.project.BuildScriptProcessor.execute(BuildScriptProcessor.java:26)
	at org.gradle.configuration.project.ConfigureActionsProjectEvaluator.evaluate(ConfigureActionsProjectEvaluator.java:34)
	at org.gradle.configuration.project.LifecycleProjectEvaluator.doConfigure(LifecycleProjectEvaluator.java:70)
	at org.gradle.configuration.project.LifecycleProjectEvaluator.access$000(LifecycleProjectEvaluator.java:33)
	at org.gradle.configuration.project.LifecycleProjectEvaluator$1.execute(LifecycleProjectEvaluator.java:53)
	at org.gradle.configuration.project.LifecycleProjectEvaluator$1.execute(LifecycleProjectEvaluator.java:50)
	at org.gradle.internal.Transformers$4.transform(Transformers.java:169)
	at org.gradle.internal.progress.DefaultBuildOperationExecutor.run(DefaultBuildOperationExecutor.java:106)
	at org.gradle.internal.progress.DefaultBuildOperationExecutor.run(DefaultBuildOperationExecutor.java:61)
	at org.gradle.configuration.project.LifecycleProjectEvaluator.evaluate(LifecycleProjectEvaluator.java:50)
	at org.gradle.api.internal.project.DefaultProject.evaluate(DefaultProject.java:628)
	at org.gradle.api.internal.project.DefaultProject.evaluate(DefaultProject.java:129)
	at org.gradle.execution.TaskPathProjectEvaluator.configure(TaskPathProjectEvaluator.java:35)
	at org.gradle.configuration.DefaultBuildConfigurer.configure(DefaultBuildConfigurer.java:36)
	at org.gradle.initialization.DefaultGradleLauncher$1.execute(DefaultGradleLauncher.java:161)
	at org.gradle.initialization.DefaultGradleLauncher$1.execute(DefaultGradleLauncher.java:158)
	at org.gradle.internal.Transformers$4.transform(Transformers.java:169)
	at org.gradle.internal.progress.DefaultBuildOperationExecutor.run(DefaultBuildOperationExecutor.java:106)
	at org.gradle.internal.progress.DefaultBuildOperationExecutor.run(DefaultBuildOperationExecutor.java:56)
	at org.gradle.initialization.DefaultGradleLauncher.doBuildStages(DefaultGradleLauncher.java:158)
	at org.gradle.initialization.DefaultGradleLauncher.doBuild(DefaultGradleLauncher.java:119)
	at org.gradle.initialization.DefaultGradleLauncher.run(DefaultGradleLauncher.java:102)
	at org.gradle.launcher.exec.GradleBuildController.run(GradleBuildController.java:71)
	at org.gradle.tooling.internal.provider.ExecuteBuildActionRunner.run(ExecuteBuildActionRunner.java:28)
	at org.gradle.launcher.exec.ChainingBuildActionRunner.run(ChainingBuildActionRunner.java:35)
	at org.gradle.launcher.exec.InProcessBuildActionExecuter.execute(InProcessBuildActionExecuter.java:41)
	at org.gradle.launcher.exec.InProcessBuildActionExecuter.execute(InProcessBuildActionExecuter.java:26)
	at org.gradle.tooling.internal.provider.ContinuousBuildActionExecuter.execute(ContinuousBuildActionExecuter.java:75)
	at org.gradle.tooling.internal.provider.ContinuousBuildActionExecuter.execute(ContinuousBuildActionExecuter.java:49)
	at org.gradle.tooling.internal.provider.ServicesSetupBuildActionExecuter.execute(ServicesSetupBuildActionExecuter.java:44)
	at org.gradle.tooling.internal.provider.ServicesSetupBuildActionExecuter.execute(ServicesSetupBuildActionExecuter.java:29)
	at org.gradle.launcher.cli.RunBuildAction.run(RunBuildAction.java:51)
	at org.gradle.internal.Actions$RunnableActionAdapter.execute(Actions.java:173)
	at org.gradle.launcher.cli.CommandLineActionFactory$ParseAndBuildAction.execute(CommandLineActionFactory.java:244)
	at org.gradle.launcher.cli.CommandLineActionFactory$ParseAndBuildAction.execute(CommandLineActionFactory.java:217)
	at org.gradle.launcher.cli.JavaRuntimeValidationAction.execute(JavaRuntimeValidationAction.java:33)
	at org.gradle.launcher.cli.JavaRuntimeValidationAction.execute(JavaRuntimeValidationAction.java:24)
	at org.gradle.launcher.cli.ExceptionReportingAction.execute(ExceptionReportingAction.java:33)
	at org.gradle.launcher.cli.ExceptionReportingAction.execute(ExceptionReportingAction.java:22)
	at org.gradle.launcher.cli.CommandLineActionFactory$WithLogging.execute(CommandLineActionFactory.java:210)
	at org.gradle.launcher.cli.CommandLineActionFactory$WithLogging.execute(CommandLineActionFactory.java:174)
	at org.gradle.launcher.Main.doAction(Main.java:33)
	at org.gradle.launcher.bootstrap.EntryPoint.run(EntryPoint.java:45)
	at org.gradle.launcher.bootstrap.ProcessBootstrap.runNoExit(ProcessBootstrap.java:60)
	at org.gradle.launcher.bootstrap.ProcessBootstrap.run(ProcessBootstrap.java:37)
	at org.gradle.launcher.GradleMain.main(GradleMain.java:23)
	at org.gradle.wrapper.BootstrapMainStarter.start(BootstrapMainStarter.java:30)
	at org.gradle.wrapper.WrapperExecutor.execute(WrapperExecutor.java:129)
	at org.gradle.wrapper.GradleWrapperMain.main(GradleWrapperMain.java:61)
Caused by: org.gradle.api.plugins.UnknownPluginException: Plugin with id 'com.android.application' not found.
	at org.gradle.api.internal.plugins.DefaultPluginManager.apply(DefaultPluginManager.java:110)
	at org.gradle.api.internal.plugins.DefaultObjectConfigurationAction.applyType(DefaultObjectConfigurationAction.java:113)
	at org.gradle.api.internal.plugins.DefaultObjectConfigurationAction.access$200(DefaultObjectConfigurationAction.java:36)
	at org.gradle.api.internal.plugins.DefaultObjectConfigurationAction$3.run(DefaultObjectConfigurationAction.java:80)
	at org.gradle.api.internal.plugins.DefaultObjectConfigurationAction.execute(DefaultObjectConfigurationAction.java:136)
	at org.gradle.api.internal.project.AbstractPluginAware.apply(AbstractPluginAware.java:44)
	at org.gradle.api.internal.project.ProjectScript.apply(ProjectScript.java:34)
	at org.gradle.api.Script$apply.callCurrent(Unknown Source)
	at build_e1rl2ern9xgis06i5vp5n3nzy.run(/tmp/rdisk/1348/src/Android/SampleApp/build.gradle:1)
	at org.gradle.groovy.scripts.internal.DefaultScriptRunnerFactory$ScriptRunnerImpl.run(DefaultScriptRunnerFactory.java:90)
	... 53 more


BUILD FAILED

Total time: 2.18 secs

2018-04-06 19:41:51,129 INFO  ProjectTaskService - Detecting possible tasks...
2018-04-06 19:41:51,129 INFO  SysUtils - Execute command: [/tmp/rdisk/1348/src/Android/gradlew, -b, /tmp/rdisk/1348/src/Android/service/build.gradle, -Dorg.gradle.daemon=false, -Dorg.gradle.daemon.performance.enable-monitoring=false, -Dorg.gradle.configureondemand=true, tasks]
2018-04-06 19:42:05,085 INFO  ProjectTaskService - Detected possible tasks: 67
2018-04-06 19:42:05,085 INFO  ProjectTaskService - Excluded tasks (16): lintDebug mockableAndroidJar deviceCheck lint testReleaseUnitTest deviceAndroidTest uninstallDebugAndroidTest installDebugAndroidTest connectedCheck connectedDebugAndroidTest uninstallAll test check testDebugUnitTest connectedAndroidTest lintRelease
2018-04-06 19:42:05,085 INFO  SysUtils - Execute command: [/tmp/rdisk/1348/src/Android/gradlew, -b, /tmp/rdisk/1348/src/Android/service/build.gradle, -Dorg.gradle.daemon=false, -Dorg.gradle.daemon.performance.enable-monitoring=false, -Dorg.gradle.configureondemand=true, --stacktrace, -x, lintDebug, -x, mockableAndroidJar, -x, deviceCheck, -x, lint, -x, testReleaseUnitTest, -x, deviceAndroidTest, -x, uninstallDebugAndroidTest, -x, installDebugAndroidTest, -x, connectedCheck, -x, connectedDebugAndroidTest, -x, uninstallAll, -x, test, -x, check, -x, testDebugUnitTest, -x, connectedAndroidTest, -x, lintRelease, build]
2018-04-06 19:42:27,257 INFO  SysUtils - Configuration on demand is an incubating feature.
Observed package id 'build-tools;28.0.0-preview' in inconsistent location '/root/Applications/android-sdk/build-tools/28.0.0-rc1' (Expected '/root/Applications/android-sdk/build-tools/28.0.0-preview')
Observed package id 'build-tools;28.0.0-preview' in inconsistent location '/root/Applications/android-sdk/build-tools/28.0.0-rc1' (Expected '/root/Applications/android-sdk/build-tools/28.0.0-preview')
Incremental java compilation is an incubating feature.
:service:buildHelpClassgetMenu()
String.valueOf(adapter)
getMenu()
getNavigationIcon()
getOverflowIcon()
getMenu()
getLogo()
String.valueOf(adapter)
getAdapter()
getParent()

:service:preBuild
:service:preDebugBuild
:service:checkDebugManifest
:service:preDebugAndroidTestBuild
:service:preDebugUnitTestBuild
:service:preReleaseBuild
:service:preReleaseUnitTestBuild
:service:prepareComAndroidSupportAnimatedVectorDrawable2520Library
:service:prepareComAndroidSupportAppcompatV72520Library
:service:prepareComAndroidSupportCardviewV72520Library
:service:prepareComAndroidSupportDesign2520Library
:service:prepareComAndroidSupportGridlayoutV72520Library
:service:prepareComAndroidSupportPercent2520Library
:service:prepareComAndroidSupportRecyclerviewV72520Library
:service:prepareComAndroidSupportSupportCompat2520Library
:service:prepareComAndroidSupportSupportCoreUi2520Library
:service:prepareComAndroidSupportSupportCoreUtils2520Library
:service:prepareComAndroidSupportSupportFragment2520Library
:service:prepareComAndroidSupportSupportMediaCompat2520Library
:service:prepareComAndroidSupportSupportV42520Library
:service:prepareComAndroidSupportSupportVectorDrawable2520Library
:service:prepareComAndroidSupportTransition2520Library
:service:prepareDebugDependencies
:service:compileDebugAidl
:service:compileDebugNdk UP-TO-DATE
:service:compileLint
:service:copyDebugLint UP-TO-DATE
:service:compileDebugRenderscript
:service:generateDebugBuildConfig
:service:generateDebugResValues
:service:generateDebugResources
:service:packageDebugResources
:service:processDebugManifest
:service:processDebugResources
:service:generateDebugSources
:service:incrementalDebugJavaCompilationSafeguard
:service:javaPreCompileDebug
:service:compileDebugJavaWithJavac
:service:compileDebugJavaWithJavac - is not incremental (e.g. outputs have changed, no previous execution, etc.).
Note: Some input files use or override a deprecated API.
Note: Recompile with -Xlint:deprecation for details.
Note: Some input files use unchecked or unsafe operations.
Note: Recompile with -Xlint:unchecked for details.
:service:extractDebugAnnotations
:service:mergeDebugShaders
:service:compileDebugShaders
:service:generateDebugAssets
:service:mergeDebugAssets
:service:mergeDebugProguardFiles
:service:packageDebugRenderscript UP-TO-DATE
:service:processDebugJavaRes UP-TO-DATE
:service:transformResourcesWithMergeJavaResForDebug
:service:transformClassesAndResourcesWithSyncLibJarsForDebug
:service:mergeDebugJniLibFolders
:service:transformNativeLibsWithMergeJniLibsForDebug
:service:transformNativeLibsWithStripDebugSymbolForDebug
:service:transformNativeLibsWithSyncJniLibsForDebug
:service:bundleDebug
:service:compileDebugSources
:service:assembleDebug
:service:checkReleaseManifest
:service:prepareReleaseDependencies
:service:compileReleaseAidl
:service:compileReleaseNdk UP-TO-DATE
:service:copyReleaseLint UP-TO-DATE
:service:compileReleaseRenderscript
:service:generateReleaseBuildConfig
:service:generateReleaseResValues
:service:generateReleaseResources
:service:packageReleaseResources
:service:processReleaseManifest
:service:processReleaseResources
:service:generateReleaseSources
:service:incrementalReleaseJavaCompilationSafeguard
:service:javaPreCompileRelease
:service:compileReleaseJavaWithJavac
:service:compileReleaseJavaWithJavac - is not incremental (e.g. outputs have changed, no previous execution, etc.).
Note: Some input files use or override a deprecated API.
Note: Recompile with -Xlint:deprecation for details.
Note: Some input files use unchecked or unsafe operations.
Note: Recompile with -Xlint:unchecked for details.
:service:extractReleaseAnnotations
:service:mergeReleaseShaders
:service:compileReleaseShaders
:service:generateReleaseAssets
:service:mergeReleaseAssets
:service:mergeReleaseProguardFiles
:service:packageReleaseRenderscript UP-TO-DATE
:service:processReleaseJavaRes UP-TO-DATE
:service:transformResourcesWithMergeJavaResForRelease
:service:transformClassesAndResourcesWithSyncLibJarsForRelease
:service:mergeReleaseJniLibFolders
:service:transformNativeLibsWithMergeJniLibsForRelease
:service:transformNativeLibsWithStripDebugSymbolForRelease
:service:transformNativeLibsWithSyncJniLibsForRelease
:service:bundleRelease
:service:compileReleaseSources
:service:assembleRelease
:service:assemble
:service:build

BUILD SUCCESSFUL

Total time: 21.735 secs

2018-04-06 19:42:27,342 INFO  ProjectTaskService - Detecting possible tasks...
2018-04-06 19:42:27,342 INFO  SysUtils - Execute command: [/tmp/rdisk/1348/src/Android/gradlew, -b, /tmp/rdisk/1348/src/Android/build.gradle, -Dorg.gradle.daemon=false, -Dorg.gradle.daemon.performance.enable-monitoring=false, -Dorg.gradle.configureondemand=true, tasks]
2018-04-06 19:42:35,060 INFO  ProjectTaskService - Detected possible tasks: 66
2018-04-06 19:42:35,060 INFO  ProjectTaskService - Excluded tasks (16): lintDebug mockableAndroidJar deviceCheck lint testReleaseUnitTest deviceAndroidTest uninstallDebugAndroidTest installDebugAndroidTest connectedCheck connectedDebugAndroidTest uninstallAll test check testDebugUnitTest connectedAndroidTest lintRelease
2018-04-06 19:42:35,060 INFO  SysUtils - Execute command: [/tmp/rdisk/1348/src/Android/gradlew, -b, /tmp/rdisk/1348/src/Android/build.gradle, -Dorg.gradle.daemon=false, -Dorg.gradle.daemon.performance.enable-monitoring=false, -Dorg.gradle.configureondemand=true, --stacktrace, -x, lintDebug, -x, mockableAndroidJar, -x, deviceCheck, -x, lint, -x, testReleaseUnitTest, -x, deviceAndroidTest, -x, uninstallDebugAndroidTest, -x, installDebugAndroidTest, -x, connectedCheck, -x, connectedDebugAndroidTest, -x, uninstallAll, -x, test, -x, check, -x, testDebugUnitTest, -x, connectedAndroidTest, -x, lintRelease, build]
2018-04-06 19:42:42,627 INFO  SysUtils - Configuration on demand is an incubating feature.
Observed package id 'build-tools;28.0.0-preview' in inconsistent location '/root/Applications/android-sdk/build-tools/28.0.0-rc1' (Expected '/root/Applications/android-sdk/build-tools/28.0.0-preview')
Observed package id 'build-tools;28.0.0-preview' in inconsistent location '/root/Applications/android-sdk/build-tools/28.0.0-rc1' (Expected '/root/Applications/android-sdk/build-tools/28.0.0-preview')
Incremental java compilation is an incubating feature.
:service:buildHelpClassgetMenu()
String.valueOf(adapter)
getMenu()
getNavigationIcon()
getOverflowIcon()
getMenu()
getLogo()
String.valueOf(adapter)
getAdapter()
getParent()

:service:preBuild
:service:preDebugBuild
:service:checkDebugManifest
:service:preDebugAndroidTestBuild
:service:preDebugUnitTestBuild
:service:preReleaseBuild
:service:preReleaseUnitTestBuild
:service:prepareComAndroidSupportAnimatedVectorDrawable2520Library
:service:prepareComAndroidSupportAppcompatV72520Library
:service:prepareComAndroidSupportCardviewV72520Library
:service:prepareComAndroidSupportDesign2520Library
:service:prepareComAndroidSupportGridlayoutV72520Library
:service:prepareComAndroidSupportPercent2520Library
:service:prepareComAndroidSupportRecyclerviewV72520Library
:service:prepareComAndroidSupportSupportCompat2520Library
:service:prepareComAndroidSupportSupportCoreUi2520Library
:service:prepareComAndroidSupportSupportCoreUtils2520Library
:service:prepareComAndroidSupportSupportFragment2520Library
:service:prepareComAndroidSupportSupportMediaCompat2520Library
:service:prepareComAndroidSupportSupportV42520Library
:service:prepareComAndroidSupportSupportVectorDrawable2520Library
:service:prepareComAndroidSupportTransition2520Library
:service:prepareDebugDependencies
:service:compileDebugAidl UP-TO-DATE
:service:compileDebugNdk UP-TO-DATE
:service:compileLint UP-TO-DATE
:service:copyDebugLint UP-TO-DATE
:service:compileDebugRenderscript UP-TO-DATE
:service:generateDebugBuildConfig UP-TO-DATE
:service:generateDebugResValues UP-TO-DATE
:service:generateDebugResources UP-TO-DATE
:service:packageDebugResources UP-TO-DATE
:service:processDebugManifest UP-TO-DATE
:service:processDebugResources UP-TO-DATE
:service:generateDebugSources UP-TO-DATE
:service:incrementalDebugJavaCompilationSafeguard UP-TO-DATE
:service:javaPreCompileDebug
:service:compileDebugJavaWithJavac UP-TO-DATE
:service:extractDebugAnnotations UP-TO-DATE
:service:mergeDebugShaders UP-TO-DATE
:service:compileDebugShaders UP-TO-DATE
:service:generateDebugAssets UP-TO-DATE
:service:mergeDebugAssets UP-TO-DATE
:service:mergeDebugProguardFiles UP-TO-DATE
:service:packageDebugRenderscript UP-TO-DATE
:service:processDebugJavaRes UP-TO-DATE
:service:transformResourcesWithMergeJavaResForDebug UP-TO-DATE
:service:transformClassesAndResourcesWithSyncLibJarsForDebug UP-TO-DATE
:service:mergeDebugJniLibFolders UP-TO-DATE
:service:transformNativeLibsWithMergeJniLibsForDebug UP-TO-DATE
:service:transformNativeLibsWithStripDebugSymbolForDebug UP-TO-DATE
:service:transformNativeLibsWithSyncJniLibsForDebug UP-TO-DATE
:service:bundleDebug UP-TO-DATE
:service:compileDebugSources UP-TO-DATE
:service:assembleDebug UP-TO-DATE
:service:checkReleaseManifest
:service:prepareReleaseDependencies
:service:compileReleaseAidl UP-TO-DATE
:service:compileReleaseNdk UP-TO-DATE
:service:copyReleaseLint UP-TO-DATE
:service:compileReleaseRenderscript UP-TO-DATE
:service:generateReleaseBuildConfig UP-TO-DATE
:service:generateReleaseResValues UP-TO-DATE
:service:generateReleaseResources UP-TO-DATE
:service:packageReleaseResources UP-TO-DATE
:service:processReleaseManifest UP-TO-DATE
:service:processReleaseResources UP-TO-DATE
:service:generateReleaseSources UP-TO-DATE
:service:incrementalReleaseJavaCompilationSafeguard UP-TO-DATE
:service:javaPreCompileRelease
:service:compileReleaseJavaWithJavac UP-TO-DATE
:service:extractReleaseAnnotations UP-TO-DATE
:service:mergeReleaseShaders UP-TO-DATE
:service:compileReleaseShaders UP-TO-DATE
:service:generateReleaseAssets UP-TO-DATE
:service:mergeReleaseAssets UP-TO-DATE
:service:mergeReleaseProguardFiles UP-TO-DATE
:service:packageReleaseRenderscript UP-TO-DATE
:service:processReleaseJavaRes UP-TO-DATE
:service:transformResourcesWithMergeJavaResForRelease UP-TO-DATE
:service:transformClassesAndResourcesWithSyncLibJarsForRelease UP-TO-DATE
:service:mergeReleaseJniLibFolders UP-TO-DATE
:service:transformNativeLibsWithMergeJniLibsForRelease UP-TO-DATE
:service:transformNativeLibsWithStripDebugSymbolForRelease UP-TO-DATE
:service:transformNativeLibsWithSyncJniLibsForRelease UP-TO-DATE
:service:bundleRelease UP-TO-DATE
:service:compileReleaseSources UP-TO-DATE
:service:assembleRelease UP-TO-DATE
:service:assemble UP-TO-DATE
:service:build

BUILD SUCCESSFUL

Total time: 7.351 secs

2018-04-06 19:42:42,702 ERROR FullProcessService - Project build has not produced APK file
2018-04-06 19:42:42,776 ERROR FullProcessService - Could not find generated or existed APK file
