2018-04-06 19:22:25,194 INFO  DownloadService - Downloading "https://github.com/nohana/Eligor/archive/master.zip", attempt 3
2018-04-06 19:23:25,673 INFO  GithubDownloadService - Could not find ZIP archive for master branch
2018-04-06 19:23:26,341 INFO  GithubDownloadService - Default branch of this repository: master
2018-04-06 19:23:26,341 INFO  DownloadService - Downloading "https://github.com/nohana/Eligor/archive/master.zip", attempt 3
2018-04-06 19:24:27,798 DEBUG FullProcessService - Repository https://github.com/nohana/Eligor available: true
2018-04-06 19:24:27,798 INFO  FullProcessService - Could not download ZIP file from Github, lets clone it
2018-04-06 19:24:27,798 INFO  SysUtils - Execute command: [git, clone, -q, --single-branch, --depth, 1, https://github.com/nohana/Eligor, /tmp/rdisk/1356/src]
2018-04-06 19:24:29,411 INFO  SysUtils - 
2018-04-06 19:24:29,423 INFO  GitService - Deleted "/tmp/rdisk/1356/src/.git": true
2018-04-06 19:24:29,425 INFO  FullProcessService - Size of directory with sources: 236 KB
2018-04-06 19:24:29,425 INFO  SysUtils - Execute command: [git, init, /tmp/rdisk/1356/src]
2018-04-06 19:24:29,430 INFO  SysUtils - Initialized empty Git repository in /tmp/rdisk/1356/src/.git/

2018-04-06 19:24:29,432 INFO  ProjectBuildService - Gradle wrapper(s): /tmp/rdisk/1356/src/gradlew
2018-04-06 19:24:29,435 INFO  ProjectBuildService - Build script(s): /tmp/rdisk/1356/src/eligor/build.gradle /tmp/rdisk/1356/src/sample/build.gradle /tmp/rdisk/1356/src/build.gradle
2018-04-06 19:24:29,437 INFO  ProjectBuildService - All script(s): /tmp/rdisk/1356/src/settings.gradle /tmp/rdisk/1356/src/sample/build.gradle /tmp/rdisk/1356/src/eligor/build.gradle /tmp/rdisk/1356/src/build.gradle
2018-04-06 19:24:29,437 INFO  DownloadService - Downloading "https://raw.github.com/chrisbanes/gradle-mvn-push/master/gradle-mvn-push.gradle", attempt 3
2018-04-06 19:24:30,016 INFO  DownloadService - Downloaded https://raw.github.com/chrisbanes/gradle-mvn-push/master/gradle-mvn-push.gradle, attempt 3
2018-04-06 19:24:30,016 INFO  ProjectBuildService - Remote scripts: https://raw.github.com/chrisbanes/gradle-mvn-push/master/gradle-mvn-push.gradle
2018-04-06 19:24:30,016 INFO  ProjectFixService - Fixing project...
2018-04-06 19:24:30,023 INFO  LocalPropertiesFixService - Created fake /tmp/rdisk/1356/src/eligor/local.properties
2018-04-06 19:24:30,023 INFO  ProjectFixService - Build info for "/tmp/rdisk/1356/src/eligor/build.gradle": [buildToolsVersion=20.0.0,compileSdkVersion=19,minSdkVersion=8,targetSdkVersion=19]
2018-04-06 19:24:30,023 INFO  LocalPropertiesFixService - Created fake /tmp/rdisk/1356/src/sample/local.properties
2018-04-06 19:24:30,024 INFO  ProjectFixService - Build info for "/tmp/rdisk/1356/src/sample/build.gradle": [buildToolsVersion=20.0.0,compileSdkVersion=19,minSdkVersion=8,targetSdkVersion=19]
2018-04-06 19:24:30,024 INFO  LocalPropertiesFixService - Created fake /tmp/rdisk/1356/src/local.properties
2018-04-06 19:24:30,024 INFO  WrapperPropertiesFixService - Gradle wrapper: http://services.gradle.org/distributions/gradle-1.12-all.zip
2018-04-06 19:24:30,024 INFO  WrapperPropertiesFixService - Gradle wrapper was changed from "-all.zip" to "-bin.zip" (http://services.gradle.org/distributions/gradle-1.12-bin.zip)
2018-04-06 19:24:30,025 INFO  ProjectFixService - Build info for "/tmp/rdisk/1356/src/build.gradle": [buildToolsVersion=20.0.0,compileSdkVersion=19,minSdkVersion=8,targetSdkVersion=19]
2018-04-06 19:24:30,025 INFO  ProjectFixService - Project was maybe fixed
2018-04-06 19:24:30,025 INFO  ProjectTaskService - Detecting possible tasks...
2018-04-06 19:24:30,026 INFO  SysUtils - Execute command: [/tmp/rdisk/1356/src/gradlew, -b, /tmp/rdisk/1356/src/eligor/build.gradle, -Dorg.gradle.daemon=false, -Dorg.gradle.daemon.performance.enable-monitoring=false, -Dorg.gradle.configureondemand=true, tasks]
2018-04-06 19:24:35,707 INFO  ProjectTaskService - Detected possible tasks: 54
2018-04-06 19:24:35,707 INFO  ProjectTaskService - Excluded tasks (11): lintDebug androidJavadocs deviceCheck lint androidSourcesJar connectedCheck uninstallAll androidJavadocsJar check connectedAndroidTest lintRelease
2018-04-06 19:24:35,707 INFO  SysUtils - Execute command: [/tmp/rdisk/1356/src/gradlew, -b, /tmp/rdisk/1356/src/eligor/build.gradle, -Dorg.gradle.daemon=false, -Dorg.gradle.daemon.performance.enable-monitoring=false, -Dorg.gradle.configureondemand=true, --stacktrace, -x, lintDebug, -x, androidJavadocs, -x, deviceCheck, -x, lint, -x, androidSourcesJar, -x, connectedCheck, -x, uninstallAll, -x, androidJavadocsJar, -x, check, -x, connectedAndroidTest, -x, lintRelease, build]
2018-04-06 19:24:40,868 ERROR SysUtils - Could not process external command
org.apache.commons.exec.ExecuteException: Process exited with an error: 1 (Exit value: 1)
	at org.apache.commons.exec.DefaultExecutor.executeInternal(DefaultExecutor.java:404)
	at org.apache.commons.exec.DefaultExecutor.execute(DefaultExecutor.java:166)
	at com.github.vbauer.apkmaster.util.SysUtils.execute(SysUtils.java:67)
	at com.github.vbauer.apkmaster.util.SysUtils.executeSimple(SysUtils.java:43)
	at com.github.vbauer.apkmaster.service.assembly.ProjectBuildService.buildProject(ProjectBuildService.java:78)
	at com.github.vbauer.apkmaster.service.assembly.ProjectBuildService.buildProject(ProjectBuildService.java:64)
	at com.github.vbauer.apkmaster.service.assembly.ProjectBuildService.buildProject(ProjectBuildService.java:43)
	at com.github.vbauer.apkmaster.service.FullProcessService.build(FullProcessService.java:84)
	at com.github.vbauer.apkmaster.service.FullProcessService.process(FullProcessService.java:34)
	at com.github.vbauer.apkmaster.app.MainApplication.process(MainApplication.java:38)
	at com.github.vbauer.apkmaster.app.MainApplication.main(MainApplication.java:20)
	at sun.reflect.GeneratedMethodAccessor9.invoke(Unknown Source)
	at sun.reflect.DelegatingMethodAccessorImpl.invoke(DelegatingMethodAccessorImpl.java:43)
	at java.lang.reflect.Method.invoke(Method.java:498)
	at com.android.arsenal.util.ReflectionUtils.invoke(ReflectionUtils.java:42)
	at com.android.arsenal.util.ApkMasterUtils.main(ApkMasterUtils.java:30)
	at com.android.arsenal.service.processor.impl.BuildProcessorServiceImpl.buildProject(BuildProcessorServiceImpl.java:197)
	at com.android.arsenal.service.processor.impl.BuildProcessorServiceImpl.build(BuildProcessorServiceImpl.java:131)
	at com.android.arsenal.service.processor.impl.BuildProcessorServiceImpl.lambda$null$1(BuildProcessorServiceImpl.java:114)
	at java.util.concurrent.FutureTask.run(FutureTask.java:266)
	at java.util.concurrent.Executors$RunnableAdapter.call(Executors.java:511)
	at java.util.concurrent.FutureTask.run(FutureTask.java:266)
	at java.util.concurrent.ThreadPoolExecutor.runWorker(ThreadPoolExecutor.java:1149)
	at java.util.concurrent.ThreadPoolExecutor$Worker.run(ThreadPoolExecutor.java:624)
	at java.lang.Thread.run(Thread.java:748)
2018-04-06 19:24:40,868 INFO  SysUtils - Configuration on demand is an incubating feature.
Relying on packaging to define the extension of the main artifact has been deprecated and is scheduled to be removed in Gradle 2.0

FAILURE: Build failed with an exception.

* What went wrong:
Task 'androidJavadocs' not found in project ':eligor'.

* Try:
Run gradlew tasks to get a list of available tasks. Run with --info or --debug option to get more log output.

* Exception is:
org.gradle.execution.TaskSelectionException: Task 'androidJavadocs' not found in project ':eligor'.
	at org.gradle.execution.TaskSelector.getSelection(TaskSelector.java:69)
	at org.gradle.execution.ExcludedTaskFilteringBuildConfigurationAction.configure(ExcludedTaskFilteringBuildConfigurationAction.java:37)
	at org.gradle.execution.DefaultBuildExecuter.configure(DefaultBuildExecuter.java:42)
	at org.gradle.execution.DefaultBuildExecuter.access$100(DefaultBuildExecuter.java:23)
	at org.gradle.execution.DefaultBuildExecuter$1.proceed(DefaultBuildExecuter.java:48)
	at org.gradle.execution.DefaultTasksBuildExecutionAction.configure(DefaultTasksBuildExecutionAction.java:38)
	at org.gradle.execution.DefaultBuildExecuter.configure(DefaultBuildExecuter.java:42)
	at org.gradle.execution.DefaultBuildExecuter.access$100(DefaultBuildExecuter.java:23)
	at org.gradle.execution.DefaultBuildExecuter$1.proceed(DefaultBuildExecuter.java:48)
	at org.gradle.execution.ProjectEvaluatingAction.configure(ProjectEvaluatingAction.java:52)
	at org.gradle.execution.DefaultBuildExecuter.configure(DefaultBuildExecuter.java:42)
	at org.gradle.execution.DefaultBuildExecuter.select(DefaultBuildExecuter.java:35)
	at org.gradle.initialization.DefaultGradleLauncher.doBuildStages(DefaultGradleLauncher.java:155)
	at org.gradle.initialization.DefaultGradleLauncher.doBuild(DefaultGradleLauncher.java:113)
	at org.gradle.initialization.DefaultGradleLauncher.run(DefaultGradleLauncher.java:81)
	at org.gradle.launcher.exec.InProcessBuildActionExecuter$DefaultBuildController.run(InProcessBuildActionExecuter.java:64)
	at org.gradle.launcher.cli.ExecuteBuildAction.run(ExecuteBuildAction.java:33)
	at org.gradle.launcher.cli.ExecuteBuildAction.run(ExecuteBuildAction.java:24)
	at org.gradle.launcher.exec.InProcessBuildActionExecuter.execute(InProcessBuildActionExecuter.java:35)
	at org.gradle.launcher.exec.InProcessBuildActionExecuter.execute(InProcessBuildActionExecuter.java:26)
	at org.gradle.launcher.cli.RunBuildAction.run(RunBuildAction.java:50)
	at org.gradle.internal.Actions$RunnableActionAdapter.execute(Actions.java:171)
	at org.gradle.launcher.cli.CommandLineActionFactory$ParseAndBuildAction.execute(CommandLineActionFactory.java:201)
	at org.gradle.launcher.cli.CommandLineActionFactory$ParseAndBuildAction.execute(CommandLineActionFactory.java:174)
	at org.gradle.launcher.cli.CommandLineActionFactory$WithLogging.execute(CommandLineActionFactory.java:170)
	at org.gradle.launcher.cli.CommandLineActionFactory$WithLogging.execute(CommandLineActionFactory.java:139)
	at org.gradle.launcher.cli.ExceptionReportingAction.execute(ExceptionReportingAction.java:33)
	at org.gradle.launcher.cli.ExceptionReportingAction.execute(ExceptionReportingAction.java:22)
	at org.gradle.launcher.Main.doAction(Main.java:46)
	at org.gradle.launcher.bootstrap.EntryPoint.run(EntryPoint.java:45)
	at org.gradle.launcher.Main.main(Main.java:37)
	at org.gradle.launcher.bootstrap.ProcessBootstrap.runNoExit(ProcessBootstrap.java:50)
	at org.gradle.launcher.bootstrap.ProcessBootstrap.run(ProcessBootstrap.java:32)
	at org.gradle.launcher.GradleMain.main(GradleMain.java:23)
	at org.gradle.wrapper.BootstrapMainStarter.start(BootstrapMainStarter.java:33)
	at org.gradle.wrapper.WrapperExecutor.execute(WrapperExecutor.java:130)
	at org.gradle.wrapper.GradleWrapperMain.main(GradleWrapperMain.java:48)


BUILD FAILED

Total time: 4.71 secs

2018-04-06 19:24:40,869 ERROR ProjectBuildService - Excluded tasks were detected wrong
2018-04-06 19:24:40,869 INFO  SysUtils - Execute command: [/tmp/rdisk/1356/src/gradlew, -b, /tmp/rdisk/1356/src/eligor/build.gradle, -Dorg.gradle.daemon=false, -Dorg.gradle.daemon.performance.enable-monitoring=false, -Dorg.gradle.configureondemand=true, --stacktrace, build]
2018-04-06 19:24:52,489 INFO  SysUtils - Configuration on demand is an incubating feature.
Relying on packaging to define the extension of the main artifact has been deprecated and is scheduled to be removed in Gradle 2.0
:eligor:compileLint
:eligor:copyDebugLint UP-TO-DATE
:eligor:preBuild
:eligor:preDebugBuild
:eligor:checkDebugManifest
:eligor:preDebugTestBuild
:eligor:preReleaseBuild
:eligor:prepareComAndroidSupportAppcompatV72000Library
:eligor:prepareComAndroidSupportSupportV42000Library
:eligor:prepareDebugDependencies
:eligor:compileDebugAidl
:eligor:compileDebugRenderscript
:eligor:generateDebugBuildConfig
:eligor:generateDebugAssets UP-TO-DATE
:eligor:mergeDebugAssets
:eligor:generateDebugResValues
:eligor:generateDebugResources
:eligor:mergeDebugResources
:eligor:processDebugManifest
:eligor:processDebugResources
:eligor:generateDebugSources
:eligor:compileDebugJava
:eligor:extractDebugAnnotations
:eligor:mergeDebugProguardFiles
:eligor:processDebugJavaRes UP-TO-DATE
:eligor:packageDebugJar
:eligor:compileDebugNdk
:eligor:packageDebugJniLibs UP-TO-DATE
:eligor:packageDebugLocalJar UP-TO-DATE
:eligor:packageDebugRenderscript UP-TO-DATE
:eligor:packageDebugResources
:eligor:bundleDebug
:eligor:assembleDebug
:eligor:copyReleaseLint UP-TO-DATE
:eligor:checkReleaseManifest
:eligor:prepareReleaseDependencies
:eligor:compileReleaseAidl
:eligor:compileReleaseRenderscript
:eligor:generateReleaseBuildConfig
:eligor:generateReleaseAssets UP-TO-DATE
:eligor:mergeReleaseAssets
:eligor:generateReleaseResValues
:eligor:generateReleaseResources
:eligor:mergeReleaseResources
:eligor:processReleaseManifest
:eligor:processReleaseResources
:eligor:generateReleaseSources
:eligor:compileReleaseJava
:eligor:extractReleaseAnnotations
:eligor:mergeReleaseProguardFiles
:eligor:processReleaseJavaRes UP-TO-DATE
:eligor:packageReleaseJar
:eligor:compileReleaseNdk
:eligor:packageReleaseJniLibs UP-TO-DATE
:eligor:packageReleaseLocalJar UP-TO-DATE
:eligor:packageReleaseRenderscript UP-TO-DATE
:eligor:packageReleaseResources
:eligor:bundleRelease
:eligor:assembleRelease
:eligor:assemble
:eligor:lint
Ran lint on variant release: 9 issues found
Ran lint on variant debug: 9 issues found
Wrote HTML report to file:/tmp/rdisk/1356/src/eligor/build/outputs/lint-results.html
Wrote XML report to /tmp/rdisk/1356/src/eligor/build/outputs/lint-results.xml
:eligor:check
:eligor:build

BUILD SUCCESSFUL

Total time: 11.159 secs

2018-04-06 19:24:52,516 INFO  ProjectTaskService - Detecting possible tasks...
2018-04-06 19:24:52,516 INFO  SysUtils - Execute command: [/tmp/rdisk/1356/src/gradlew, -b, /tmp/rdisk/1356/src/sample/build.gradle, -Dorg.gradle.daemon=false, -Dorg.gradle.daemon.performance.enable-monitoring=false, -Dorg.gradle.configureondemand=true, tasks]
2018-04-06 19:24:58,659 INFO  ProjectTaskService - Detected possible tasks: 53
2018-04-06 19:24:58,659 INFO  ProjectTaskService - Excluded tasks (14): lintDebug androidJavadocs deviceCheck lint androidSourcesJar uninstallRelease connectedCheck uninstallAll androidJavadocsJar check connectedAndroidTest installDebug lintRelease uninstallDebug
2018-04-06 19:24:58,659 INFO  SysUtils - Execute command: [/tmp/rdisk/1356/src/gradlew, -b, /tmp/rdisk/1356/src/sample/build.gradle, -Dorg.gradle.daemon=false, -Dorg.gradle.daemon.performance.enable-monitoring=false, -Dorg.gradle.configureondemand=true, --stacktrace, -x, lintDebug, -x, androidJavadocs, -x, deviceCheck, -x, lint, -x, androidSourcesJar, -x, uninstallRelease, -x, connectedCheck, -x, uninstallAll, -x, androidJavadocsJar, -x, check, -x, connectedAndroidTest, -x, installDebug, -x, lintRelease, -x, uninstallDebug, build]
2018-04-06 19:25:04,223 ERROR SysUtils - Could not process external command
org.apache.commons.exec.ExecuteException: Process exited with an error: 1 (Exit value: 1)
	at org.apache.commons.exec.DefaultExecutor.executeInternal(DefaultExecutor.java:404)
	at org.apache.commons.exec.DefaultExecutor.execute(DefaultExecutor.java:166)
	at com.github.vbauer.apkmaster.util.SysUtils.execute(SysUtils.java:67)
	at com.github.vbauer.apkmaster.util.SysUtils.executeSimple(SysUtils.java:43)
	at com.github.vbauer.apkmaster.service.assembly.ProjectBuildService.buildProject(ProjectBuildService.java:78)
	at com.github.vbauer.apkmaster.service.assembly.ProjectBuildService.buildProject(ProjectBuildService.java:64)
	at com.github.vbauer.apkmaster.service.assembly.ProjectBuildService.buildProject(ProjectBuildService.java:43)
	at com.github.vbauer.apkmaster.service.FullProcessService.build(FullProcessService.java:84)
	at com.github.vbauer.apkmaster.service.FullProcessService.process(FullProcessService.java:34)
	at com.github.vbauer.apkmaster.app.MainApplication.process(MainApplication.java:38)
	at com.github.vbauer.apkmaster.app.MainApplication.main(MainApplication.java:20)
	at sun.reflect.GeneratedMethodAccessor9.invoke(Unknown Source)
	at sun.reflect.DelegatingMethodAccessorImpl.invoke(DelegatingMethodAccessorImpl.java:43)
	at java.lang.reflect.Method.invoke(Method.java:498)
	at com.android.arsenal.util.ReflectionUtils.invoke(ReflectionUtils.java:42)
	at com.android.arsenal.util.ApkMasterUtils.main(ApkMasterUtils.java:30)
	at com.android.arsenal.service.processor.impl.BuildProcessorServiceImpl.buildProject(BuildProcessorServiceImpl.java:197)
	at com.android.arsenal.service.processor.impl.BuildProcessorServiceImpl.build(BuildProcessorServiceImpl.java:131)
	at com.android.arsenal.service.processor.impl.BuildProcessorServiceImpl.lambda$null$1(BuildProcessorServiceImpl.java:114)
	at java.util.concurrent.FutureTask.run(FutureTask.java:266)
	at java.util.concurrent.Executors$RunnableAdapter.call(Executors.java:511)
	at java.util.concurrent.FutureTask.run(FutureTask.java:266)
	at java.util.concurrent.ThreadPoolExecutor.runWorker(ThreadPoolExecutor.java:1149)
	at java.util.concurrent.ThreadPoolExecutor$Worker.run(ThreadPoolExecutor.java:624)
	at java.lang.Thread.run(Thread.java:748)
2018-04-06 19:25:04,223 INFO  SysUtils - Configuration on demand is an incubating feature.
Relying on packaging to define the extension of the main artifact has been deprecated and is scheduled to be removed in Gradle 2.0

FAILURE: Build failed with an exception.

* What went wrong:
Task 'androidJavadocs' not found in project ':sample'.

* Try:
Run gradlew tasks to get a list of available tasks. Run with --info or --debug option to get more log output.

* Exception is:
org.gradle.execution.TaskSelectionException: Task 'androidJavadocs' not found in project ':sample'.
	at org.gradle.execution.TaskSelector.getSelection(TaskSelector.java:69)
	at org.gradle.execution.ExcludedTaskFilteringBuildConfigurationAction.configure(ExcludedTaskFilteringBuildConfigurationAction.java:37)
	at org.gradle.execution.DefaultBuildExecuter.configure(DefaultBuildExecuter.java:42)
	at org.gradle.execution.DefaultBuildExecuter.access$100(DefaultBuildExecuter.java:23)
	at org.gradle.execution.DefaultBuildExecuter$1.proceed(DefaultBuildExecuter.java:48)
	at org.gradle.execution.DefaultTasksBuildExecutionAction.configure(DefaultTasksBuildExecutionAction.java:38)
	at org.gradle.execution.DefaultBuildExecuter.configure(DefaultBuildExecuter.java:42)
	at org.gradle.execution.DefaultBuildExecuter.access$100(DefaultBuildExecuter.java:23)
	at org.gradle.execution.DefaultBuildExecuter$1.proceed(DefaultBuildExecuter.java:48)
	at org.gradle.execution.ProjectEvaluatingAction.configure(ProjectEvaluatingAction.java:52)
	at org.gradle.execution.DefaultBuildExecuter.configure(DefaultBuildExecuter.java:42)
	at org.gradle.execution.DefaultBuildExecuter.select(DefaultBuildExecuter.java:35)
	at org.gradle.initialization.DefaultGradleLauncher.doBuildStages(DefaultGradleLauncher.java:155)
	at org.gradle.initialization.DefaultGradleLauncher.doBuild(DefaultGradleLauncher.java:113)
	at org.gradle.initialization.DefaultGradleLauncher.run(DefaultGradleLauncher.java:81)
	at org.gradle.launcher.exec.InProcessBuildActionExecuter$DefaultBuildController.run(InProcessBuildActionExecuter.java:64)
	at org.gradle.launcher.cli.ExecuteBuildAction.run(ExecuteBuildAction.java:33)
	at org.gradle.launcher.cli.ExecuteBuildAction.run(ExecuteBuildAction.java:24)
	at org.gradle.launcher.exec.InProcessBuildActionExecuter.execute(InProcessBuildActionExecuter.java:35)
	at org.gradle.launcher.exec.InProcessBuildActionExecuter.execute(InProcessBuildActionExecuter.java:26)
	at org.gradle.launcher.cli.RunBuildAction.run(RunBuildAction.java:50)
	at org.gradle.internal.Actions$RunnableActionAdapter.execute(Actions.java:171)
	at org.gradle.launcher.cli.CommandLineActionFactory$ParseAndBuildAction.execute(CommandLineActionFactory.java:201)
	at org.gradle.launcher.cli.CommandLineActionFactory$ParseAndBuildAction.execute(CommandLineActionFactory.java:174)
	at org.gradle.launcher.cli.CommandLineActionFactory$WithLogging.execute(CommandLineActionFactory.java:170)
	at org.gradle.launcher.cli.CommandLineActionFactory$WithLogging.execute(CommandLineActionFactory.java:139)
	at org.gradle.launcher.cli.ExceptionReportingAction.execute(ExceptionReportingAction.java:33)
	at org.gradle.launcher.cli.ExceptionReportingAction.execute(ExceptionReportingAction.java:22)
	at org.gradle.launcher.Main.doAction(Main.java:46)
	at org.gradle.launcher.bootstrap.EntryPoint.run(EntryPoint.java:45)
	at org.gradle.launcher.Main.main(Main.java:37)
	at org.gradle.launcher.bootstrap.ProcessBootstrap.runNoExit(ProcessBootstrap.java:50)
	at org.gradle.launcher.bootstrap.ProcessBootstrap.run(ProcessBootstrap.java:32)
	at org.gradle.launcher.GradleMain.main(GradleMain.java:23)
	at org.gradle.wrapper.BootstrapMainStarter.start(BootstrapMainStarter.java:33)
	at org.gradle.wrapper.WrapperExecutor.execute(WrapperExecutor.java:130)
	at org.gradle.wrapper.GradleWrapperMain.main(GradleWrapperMain.java:48)


BUILD FAILED

Total time: 5.095 secs

2018-04-06 19:25:04,223 ERROR ProjectBuildService - Excluded tasks were detected wrong
2018-04-06 19:25:04,223 INFO  SysUtils - Execute command: [/tmp/rdisk/1356/src/gradlew, -b, /tmp/rdisk/1356/src/sample/build.gradle, -Dorg.gradle.daemon=false, -Dorg.gradle.daemon.performance.enable-monitoring=false, -Dorg.gradle.configureondemand=true, --stacktrace, build]
2018-04-06 19:25:26,444 INFO  SysUtils - Configuration on demand is an incubating feature.
Relying on packaging to define the extension of the main artifact has been deprecated and is scheduled to be removed in Gradle 2.0
:sample:preBuild
:sample:compileDebugNdk
:eligor:compileLint
:eligor:copyReleaseLint UP-TO-DATE
:eligor:preBuild
:eligor:preReleaseBuild
:eligor:checkReleaseManifest
:eligor:preDebugBuild
:eligor:preDebugTestBuild
:eligor:prepareComAndroidSupportAppcompatV72000Library UP-TO-DATE
:eligor:prepareComAndroidSupportSupportV42000Library UP-TO-DATE
:eligor:prepareReleaseDependencies
:eligor:compileReleaseAidl UP-TO-DATE
:eligor:compileReleaseRenderscript UP-TO-DATE
:eligor:generateReleaseBuildConfig UP-TO-DATE
:eligor:generateReleaseAssets UP-TO-DATE
:eligor:mergeReleaseAssets UP-TO-DATE
:eligor:generateReleaseResValues UP-TO-DATE
:eligor:generateReleaseResources UP-TO-DATE
:eligor:mergeReleaseResources UP-TO-DATE
:eligor:processReleaseManifest UP-TO-DATE
:eligor:processReleaseResources UP-TO-DATE
:eligor:generateReleaseSources UP-TO-DATE
:eligor:compileReleaseJava UP-TO-DATE
:eligor:extractReleaseAnnotations
:eligor:mergeReleaseProguardFiles UP-TO-DATE
:eligor:processReleaseJavaRes UP-TO-DATE
:eligor:packageReleaseJar UP-TO-DATE
:eligor:compileReleaseNdk UP-TO-DATE
:eligor:packageReleaseJniLibs UP-TO-DATE
:eligor:packageReleaseLocalJar UP-TO-DATE
:eligor:packageReleaseRenderscript UP-TO-DATE
:eligor:packageReleaseResources UP-TO-DATE
:eligor:bundleRelease UP-TO-DATE
:sample:preDebugBuild
:sample:checkDebugManifest
:sample:preReleaseBuild
:sample:prepareComAndroidSupportAppcompatV72000Library
:sample:prepareComAndroidSupportSupportV42000Library
:sample:prepareSrcEligorUnspecifiedLibrary
:sample:prepareDebugDependencies
:sample:compileDebugAidl
:sample:compileDebugRenderscript
:sample:generateDebugBuildConfig
:sample:generateDebugAssets UP-TO-DATE
:sample:mergeDebugAssets
:sample:generateDebugResValues
:sample:generateDebugResources
:sample:mergeDebugResources
:sample:processDebugManifest
:sample:processDebugResources
:sample:generateDebugSources
:sample:compileDebugJava
:sample:preDexDebug
:sample:dexDebug
:sample:processDebugJavaRes UP-TO-DATE
:sample:validateDebugSigning
:sample:packageDebug
:sample:zipalignDebug
:sample:assembleDebug
:sample:checkReleaseManifest
:sample:prepareReleaseDependencies
:sample:compileReleaseAidl
:sample:compileReleaseRenderscript
:sample:generateReleaseBuildConfig
:sample:generateReleaseAssets UP-TO-DATE
:sample:mergeReleaseAssets
:sample:generateReleaseResValues
:sample:generateReleaseResources
:sample:mergeReleaseResources
:sample:processReleaseManifest
:sample:processReleaseResources
:sample:generateReleaseSources
:sample:compileReleaseJava
:sample:lintVitalRelease SKIPPED
:sample:compileReleaseNdk
:sample:preDexRelease
:sample:dexRelease
:sample:processReleaseJavaRes UP-TO-DATE
:sample:packageRelease
:sample:assembleRelease
:sample:assemble
:sample:compileLint
:sample:lint
Ran lint on variant debug: 4 issues found
Ran lint on variant release: 4 issues found
Wrote HTML report to file:/tmp/rdisk/1356/src/sample/build/outputs/lint-results.html
Wrote XML report to /tmp/rdisk/1356/src/sample/build/outputs/lint-results.xml
:sample:check
:sample:build

BUILD SUCCESSFUL

Total time: 21.785 secs

2018-04-06 19:25:26,500 INFO  FullProcessService - Found APK file: /tmp/rdisk/1356/src/sample/build/outputs/apk/sample-release-unsigned.apk
