2018-04-06 07:38:14,120 INFO  DownloadService - Downloading "https://github.com/selendroid/selendroid/archive/master.zip", attempt 3
2018-04-06 07:38:15,494 INFO  DownloadService - Downloaded https://github.com/selendroid/selendroid/archive/master.zip, attempt 3
2018-04-06 07:38:15,495 INFO  DownloadService - Size of file "/tmp/rdisk/1422/master.zip": 5 MB
2018-04-06 07:38:15,495 INFO  ArchiveUtils - Checking entries [.gradle] in ZIP file...
2018-04-06 07:38:15,496 INFO  ArchiveUtils - Has entries [.gradle] in ZIP file /tmp/rdisk/1422/master.zip: true
2018-04-06 07:38:15,496 DEBUG ZipUtil - Extracting '/tmp/rdisk/1422/master.zip' into '/tmp/rdisk/1422/src'.
2018-04-06 07:38:15,628 INFO  FullProcessService - Size of directory with sources: 8 MB
2018-04-06 07:38:15,628 INFO  SysUtils - Execute command: [git, init, /tmp/rdisk/1422/src]
2018-04-06 07:38:15,633 INFO  SysUtils - Initialized empty Git repository in /tmp/rdisk/1422/src/.git/

2018-04-06 07:38:15,647 INFO  ProjectBuildService - Gradle wrapper(s): none
2018-04-06 07:38:15,647 ERROR ProjectBuildService - Could not detect Gradle wrapper. Default Gradle installation will be used
2018-04-06 07:38:15,662 INFO  ProjectBuildService - Build script(s): /tmp/rdisk/1422/src/selendroid-master/android-driver/build.gradle /tmp/rdisk/1422/src/selendroid-master/selendroid-server/build.gradle /tmp/rdisk/1422/src/selendroid-master/selendroid-test-app/build.gradle /tmp/rdisk/1422/src/selendroid-master/build.gradle /tmp/rdisk/1422/src/selendroid-master/selendroid-client/build.gradle /tmp/rdisk/1422/src/selendroid-master/selendroid-common/build.gradle /tmp/rdisk/1422/src/selendroid-master/selendroid-grid-plugin/build.gradle /tmp/rdisk/1422/src/selendroid-master/selendroid-server-common/build.gradle /tmp/rdisk/1422/src/selendroid-master/selendroid-standalone/build.gradle
2018-04-06 07:38:15,675 INFO  ProjectBuildService - All script(s): /tmp/rdisk/1422/src/selendroid-master/settings.gradle /tmp/rdisk/1422/src/selendroid-master/selendroid-test-app/build.gradle /tmp/rdisk/1422/src/selendroid-master/selendroid-standalone/build.gradle /tmp/rdisk/1422/src/selendroid-master/selendroid-server/build.gradle /tmp/rdisk/1422/src/selendroid-master/selendroid-server-common/build.gradle /tmp/rdisk/1422/src/selendroid-master/selendroid-grid-plugin/build.gradle /tmp/rdisk/1422/src/selendroid-master/selendroid-common/build.gradle /tmp/rdisk/1422/src/selendroid-master/selendroid-client/build.gradle /tmp/rdisk/1422/src/selendroid-master/properties.gradle /tmp/rdisk/1422/src/selendroid-master/jacoco.gradle /tmp/rdisk/1422/src/selendroid-master/build.gradle /tmp/rdisk/1422/src/selendroid-master/android-driver/build.gradle
2018-04-06 07:38:15,676 INFO  ProjectBuildService - Remote scripts: none
2018-04-06 07:38:15,676 INFO  ProjectFixService - Fixing project...
2018-04-06 07:38:15,706 INFO  LocalPropertiesFixService - Created fake /tmp/rdisk/1422/src/selendroid-master/android-driver/local.properties
2018-04-06 07:38:15,712 INFO  ProjectFixService - Build info for "/tmp/rdisk/1422/src/selendroid-master/android-driver/build.gradle": [buildToolsVersion=23.0.0,compileSdkVersion=23,minSdkVersion=10,targetSdkVersion=16]
2018-04-06 07:38:15,713 INFO  ProjectFixService - Fixed build info for "/tmp/rdisk/1422/src/selendroid-master/android-driver/build.gradle": [buildToolsVersion=23.0.1,compileSdkVersion=23,minSdkVersion=10,targetSdkVersion=16]
2018-04-06 07:38:15,713 INFO  LocalPropertiesFixService - Created fake /tmp/rdisk/1422/src/selendroid-master/selendroid-server/local.properties
2018-04-06 07:38:15,718 INFO  ProjectFixService - Build info for "/tmp/rdisk/1422/src/selendroid-master/selendroid-server/build.gradle": [buildToolsVersion=23.0.0,compileSdkVersion=23,minSdkVersion=10,targetSdkVersion=16]
2018-04-06 07:38:15,719 INFO  ProjectFixService - Fixed build info for "/tmp/rdisk/1422/src/selendroid-master/selendroid-server/build.gradle": [buildToolsVersion=23.0.1,compileSdkVersion=23,minSdkVersion=10,targetSdkVersion=16]
2018-04-06 07:38:15,719 INFO  LocalPropertiesFixService - Created fake /tmp/rdisk/1422/src/selendroid-master/selendroid-test-app/local.properties
2018-04-06 07:38:15,724 INFO  ProjectFixService - Build info for "/tmp/rdisk/1422/src/selendroid-master/selendroid-test-app/build.gradle": [buildToolsVersion=23.0.0,compileSdkVersion=23,minSdkVersion=10,targetSdkVersion=16]
2018-04-06 07:38:15,724 INFO  ProjectFixService - Fixed build info for "/tmp/rdisk/1422/src/selendroid-master/selendroid-test-app/build.gradle": [buildToolsVersion=23.0.1,compileSdkVersion=23,minSdkVersion=10,targetSdkVersion=16]
2018-04-06 07:38:15,725 INFO  LocalPropertiesFixService - Created fake /tmp/rdisk/1422/src/selendroid-master/local.properties
2018-04-06 07:38:15,726 INFO  ProjectFixService - Build info for "/tmp/rdisk/1422/src/selendroid-master/build.gradle": [buildToolsVersion=23.0.0,compileSdkVersion=23,minSdkVersion=10,targetSdkVersion=16]
2018-04-06 07:38:15,726 INFO  ProjectFixService - Fixed build info for "/tmp/rdisk/1422/src/selendroid-master/build.gradle": [buildToolsVersion=23.0.1,compileSdkVersion=23,minSdkVersion=10,targetSdkVersion=16]
2018-04-06 07:38:15,727 INFO  LocalPropertiesFixService - Created fake /tmp/rdisk/1422/src/selendroid-master/selendroid-client/local.properties
2018-04-06 07:38:15,734 INFO  ProjectFixService - Build info for "/tmp/rdisk/1422/src/selendroid-master/selendroid-client/build.gradle": [buildToolsVersion=23.0.1,compileSdkVersion=23,minSdkVersion=10,targetSdkVersion=16]
2018-04-06 07:38:15,734 INFO  LocalPropertiesFixService - Created fake /tmp/rdisk/1422/src/selendroid-master/selendroid-common/local.properties
2018-04-06 07:38:15,739 INFO  ProjectFixService - Build info for "/tmp/rdisk/1422/src/selendroid-master/selendroid-common/build.gradle": [buildToolsVersion=23.0.1,compileSdkVersion=23,minSdkVersion=10,targetSdkVersion=16]
2018-04-06 07:38:15,740 INFO  LocalPropertiesFixService - Created fake /tmp/rdisk/1422/src/selendroid-master/selendroid-grid-plugin/local.properties
2018-04-06 07:38:15,751 INFO  ProjectFixService - Build info for "/tmp/rdisk/1422/src/selendroid-master/selendroid-grid-plugin/build.gradle": [buildToolsVersion=23.0.1,compileSdkVersion=23,minSdkVersion=10,targetSdkVersion=16]
2018-04-06 07:38:15,757 INFO  LocalPropertiesFixService - Created fake /tmp/rdisk/1422/src/selendroid-master/selendroid-server-common/local.properties
2018-04-06 07:38:15,763 INFO  ProjectFixService - Build info for "/tmp/rdisk/1422/src/selendroid-master/selendroid-server-common/build.gradle": [buildToolsVersion=23.0.1,compileSdkVersion=23,minSdkVersion=10,targetSdkVersion=16]
2018-04-06 07:38:15,763 INFO  LocalPropertiesFixService - Created fake /tmp/rdisk/1422/src/selendroid-master/selendroid-standalone/local.properties
2018-04-06 07:38:15,768 INFO  ProjectFixService - Build info for "/tmp/rdisk/1422/src/selendroid-master/selendroid-standalone/build.gradle": [buildToolsVersion=23.0.1,compileSdkVersion=23,minSdkVersion=10,targetSdkVersion=16]
2018-04-06 07:38:15,768 INFO  ProjectFixService - Project was maybe fixed
2018-04-06 07:38:15,768 INFO  ProjectTaskService - Detecting possible tasks...
2018-04-06 07:38:15,768 INFO  SysUtils - Execute command: [gradle, -b, /tmp/rdisk/1422/src/selendroid-master/android-driver/build.gradle, -Dorg.gradle.daemon=false, -Dorg.gradle.daemon.performance.enable-monitoring=false, -Dorg.gradle.configureondemand=true, tasks]
2018-04-06 07:38:20,371 ERROR ProjectTaskService - Could not detect possible Gradle tasks: Process exited with an error: 1 (Exit value: 1)
2018-04-06 07:38:20,371 INFO  ProjectTaskService - Detected possible tasks: 0
2018-04-06 07:38:20,371 INFO  ProjectTaskService - Excluded tasks (0): none
2018-04-06 07:38:20,372 INFO  SysUtils - Execute command: [gradle, -b, /tmp/rdisk/1422/src/selendroid-master/android-driver/build.gradle, -Dorg.gradle.daemon=false, -Dorg.gradle.daemon.performance.enable-monitoring=false, -Dorg.gradle.configureondemand=true, --stacktrace, build]
2018-04-06 07:38:23,852 ERROR SysUtils - Could not process external command
org.apache.commons.exec.ExecuteException: Process exited with an error: 1 (Exit value: 1)
	at org.apache.commons.exec.DefaultExecutor.executeInternal(DefaultExecutor.java:404)
	at org.apache.commons.exec.DefaultExecutor.execute(DefaultExecutor.java:166)
	at com.github.vbauer.apkmaster.util.SysUtils.execute(SysUtils.java:67)
	at com.github.vbauer.apkmaster.util.SysUtils.executeSimple(SysUtils.java:43)
	at com.github.vbauer.apkmaster.service.assembly.ProjectBuildService.buildProject(ProjectBuildService.java:78)
	at com.github.vbauer.apkmaster.service.assembly.ProjectBuildService.buildProject(ProjectBuildService.java:64)
	at com.github.vbauer.apkmaster.service.assembly.ProjectBuildService.buildProject(ProjectBuildService.java:43)
	at com.github.vbauer.apkmaster.service.FullProcessService.build(FullProcessService.java:84)
	at com.github.vbauer.apkmaster.service.FullProcessService.process(FullProcessService.java:34)
	at com.github.vbauer.apkmaster.app.MainApplication.process(MainApplication.java:38)
	at com.github.vbauer.apkmaster.app.MainApplication.main(MainApplication.java:20)
	at sun.reflect.GeneratedMethodAccessor9.invoke(Unknown Source)
	at sun.reflect.DelegatingMethodAccessorImpl.invoke(DelegatingMethodAccessorImpl.java:43)
	at java.lang.reflect.Method.invoke(Method.java:498)
	at com.android.arsenal.util.ReflectionUtils.invoke(ReflectionUtils.java:42)
	at com.android.arsenal.util.ApkMasterUtils.main(ApkMasterUtils.java:30)
	at com.android.arsenal.service.processor.impl.BuildProcessorServiceImpl.buildProject(BuildProcessorServiceImpl.java:197)
	at com.android.arsenal.service.processor.impl.BuildProcessorServiceImpl.build(BuildProcessorServiceImpl.java:131)
	at com.android.arsenal.service.processor.impl.BuildProcessorServiceImpl.lambda$null$1(BuildProcessorServiceImpl.java:114)
	at java.util.concurrent.FutureTask.run(FutureTask.java:266)
	at java.util.concurrent.Executors$RunnableAdapter.call(Executors.java:511)
	at java.util.concurrent.FutureTask.run(FutureTask.java:266)
	at java.util.concurrent.ThreadPoolExecutor.runWorker(ThreadPoolExecutor.java:1149)
	at java.util.concurrent.ThreadPoolExecutor$Worker.run(ThreadPoolExecutor.java:624)
	at java.lang.Thread.run(Thread.java:748)
2018-04-06 07:38:23,853 INFO  SysUtils - Configuration on demand is an incubating feature.
0.18.1
FAILURE: Build failed with an exception.

* Where:
Build file '/tmp/rdisk/1422/src/selendroid-master/android-driver/build.gradle' line: 12

* What went wrong:
A problem occurred evaluating project ':android-driver'.
> Failed to apply plugin [id 'com.android.application']
   > Gradle version 2.2 is required. Current version is 3.5. If using the gradle wrapper, try editing the distributionUrl in /root/Documents/workspace/java/bloodhound/gradle/wrapper/gradle-wrapper.properties to gradle-2.2-all.zip

* Try:
Run with --info or --debug option to get more log output.

* Exception is:
org.gradle.api.GradleScriptException: A problem occurred evaluating project ':android-driver'.
	at org.gradle.groovy.scripts.internal.DefaultScriptRunnerFactory$ScriptRunnerImpl.run(DefaultScriptRunnerFactory.java:92)
	at org.gradle.configuration.DefaultScriptPluginFactory$ScriptPluginImpl$2.run(DefaultScriptPluginFactory.java:176)
	at org.gradle.configuration.ProjectScriptTarget.addConfiguration(ProjectScriptTarget.java:77)
	at org.gradle.configuration.DefaultScriptPluginFactory$ScriptPluginImpl.apply(DefaultScriptPluginFactory.java:181)
	at org.gradle.configuration.project.BuildScriptProcessor.execute(BuildScriptProcessor.java:39)
	at org.gradle.configuration.project.BuildScriptProcessor.execute(BuildScriptProcessor.java:26)
	at org.gradle.configuration.project.ConfigureActionsProjectEvaluator.evaluate(ConfigureActionsProjectEvaluator.java:34)
	at org.gradle.configuration.project.LifecycleProjectEvaluator.doConfigure(LifecycleProjectEvaluator.java:70)
	at org.gradle.configuration.project.LifecycleProjectEvaluator.access$000(LifecycleProjectEvaluator.java:33)
	at org.gradle.configuration.project.LifecycleProjectEvaluator$1.execute(LifecycleProjectEvaluator.java:53)
	at org.gradle.configuration.project.LifecycleProjectEvaluator$1.execute(LifecycleProjectEvaluator.java:50)
	at org.gradle.internal.Transformers$4.transform(Transformers.java:169)
	at org.gradle.internal.progress.DefaultBuildOperationExecutor.run(DefaultBuildOperationExecutor.java:106)
	at org.gradle.internal.progress.DefaultBuildOperationExecutor.run(DefaultBuildOperationExecutor.java:61)
	at org.gradle.configuration.project.LifecycleProjectEvaluator.evaluate(LifecycleProjectEvaluator.java:50)
	at org.gradle.api.internal.project.DefaultProject.evaluate(DefaultProject.java:648)
	at org.gradle.api.internal.project.DefaultProject.evaluate(DefaultProject.java:126)
	at org.gradle.execution.TaskPathProjectEvaluator.configure(TaskPathProjectEvaluator.java:35)
	at org.gradle.execution.TaskPathProjectEvaluator.configureHierarchy(TaskPathProjectEvaluator.java:60)
	at org.gradle.execution.TaskSelector.getSelection(TaskSelector.java:100)
	at org.gradle.execution.TaskSelector.getSelection(TaskSelector.java:81)
	at org.gradle.execution.commandline.CommandLineTaskParser.parseTasks(CommandLineTaskParser.java:42)
	at org.gradle.execution.TaskNameResolvingBuildConfigurationAction.configure(TaskNameResolvingBuildConfigurationAction.java:44)
	at org.gradle.execution.DefaultBuildConfigurationActionExecuter.configure(DefaultBuildConfigurationActionExecuter.java:48)
	at org.gradle.execution.DefaultBuildConfigurationActionExecuter.access$000(DefaultBuildConfigurationActionExecuter.java:25)
	at org.gradle.execution.DefaultBuildConfigurationActionExecuter$1.proceed(DefaultBuildConfigurationActionExecuter.java:54)
	at org.gradle.execution.DefaultTasksBuildExecutionAction.configure(DefaultTasksBuildExecutionAction.java:44)
	at org.gradle.execution.DefaultBuildConfigurationActionExecuter.configure(DefaultBuildConfigurationActionExecuter.java:48)
	at org.gradle.execution.DefaultBuildConfigurationActionExecuter.access$000(DefaultBuildConfigurationActionExecuter.java:25)
	at org.gradle.execution.DefaultBuildConfigurationActionExecuter$1.proceed(DefaultBuildConfigurationActionExecuter.java:54)
	at org.gradle.execution.ExcludedTaskFilteringBuildConfigurationAction.configure(ExcludedTaskFilteringBuildConfigurationAction.java:47)
	at org.gradle.execution.DefaultBuildConfigurationActionExecuter.configure(DefaultBuildConfigurationActionExecuter.java:48)
	at org.gradle.execution.DefaultBuildConfigurationActionExecuter.select(DefaultBuildConfigurationActionExecuter.java:36)
	at org.gradle.initialization.DefaultGradleLauncher$CalculateTaskGraphAction.execute(DefaultGradleLauncher.java:220)
	at org.gradle.initialization.DefaultGradleLauncher$CalculateTaskGraphAction.execute(DefaultGradleLauncher.java:217)
	at org.gradle.internal.Transformers$4.transform(Transformers.java:169)
	at org.gradle.internal.progress.DefaultBuildOperationExecutor.run(DefaultBuildOperationExecutor.java:106)
	at org.gradle.internal.progress.DefaultBuildOperationExecutor.run(DefaultBuildOperationExecutor.java:56)
	at org.gradle.initialization.DefaultGradleLauncher.doBuildStages(DefaultGradleLauncher.java:158)
	at org.gradle.initialization.DefaultGradleLauncher.doBuild(DefaultGradleLauncher.java:112)
	at org.gradle.initialization.DefaultGradleLauncher.run(DefaultGradleLauncher.java:95)
	at org.gradle.launcher.exec.GradleBuildController.run(GradleBuildController.java:66)
	at org.gradle.tooling.internal.provider.ExecuteBuildActionRunner.run(ExecuteBuildActionRunner.java:28)
	at org.gradle.launcher.exec.ChainingBuildActionRunner.run(ChainingBuildActionRunner.java:35)
	at org.gradle.launcher.exec.InProcessBuildActionExecuter.execute(InProcessBuildActionExecuter.java:41)
	at org.gradle.launcher.exec.InProcessBuildActionExecuter.execute(InProcessBuildActionExecuter.java:26)
	at org.gradle.tooling.internal.provider.ContinuousBuildActionExecuter.execute(ContinuousBuildActionExecuter.java:75)
	at org.gradle.tooling.internal.provider.ContinuousBuildActionExecuter.execute(ContinuousBuildActionExecuter.java:49)
	at org.gradle.tooling.internal.provider.ServicesSetupBuildActionExecuter.execute(ServicesSetupBuildActionExecuter.java:49)
	at org.gradle.tooling.internal.provider.ServicesSetupBuildActionExecuter.execute(ServicesSetupBuildActionExecuter.java:31)
	at org.gradle.launcher.cli.RunBuildAction.run(RunBuildAction.java:51)
	at org.gradle.internal.Actions$RunnableActionAdapter.execute(Actions.java:173)
	at org.gradle.launcher.cli.CommandLineActionFactory$ParseAndBuildAction.execute(CommandLineActionFactory.java:281)
	at org.gradle.launcher.cli.CommandLineActionFactory$ParseAndBuildAction.execute(CommandLineActionFactory.java:254)
	at org.gradle.launcher.cli.JavaRuntimeValidationAction.execute(JavaRuntimeValidationAction.java:33)
	at org.gradle.launcher.cli.JavaRuntimeValidationAction.execute(JavaRuntimeValidationAction.java:24)
	at org.gradle.launcher.cli.ExceptionReportingAction.execute(ExceptionReportingAction.java:33)
	at org.gradle.launcher.cli.ExceptionReportingAction.execute(ExceptionReportingAction.java:22)
	at org.gradle.launcher.cli.CommandLineActionFactory$WithLogging.execute(CommandLineActionFactory.java:247)
	at org.gradle.launcher.cli.CommandLineActionFactory$WithLogging.execute(CommandLineActionFactory.java:182)
	at org.gradle.launcher.Main.doAction(Main.java:33)
	at org.gradle.launcher.bootstrap.EntryPoint.run(EntryPoint.java:45)
	at org.gradle.launcher.bootstrap.ProcessBootstrap.runNoExit(ProcessBootstrap.java:60)
	at org.gradle.launcher.bootstrap.ProcessBootstrap.run(ProcessBootstrap.java:37)
	at org.gradle.launcher.GradleMain.main(GradleMain.java:23)
Caused by: org.gradle.api.internal.plugins.PluginApplicationException: Failed to apply plugin [id 'com.android.application']
	at org.gradle.api.internal.plugins.DefaultPluginManager.doApply(DefaultPluginManager.java:156)
	at org.gradle.api.internal.plugins.DefaultPluginManager.apply(DefaultPluginManager.java:113)
	at org.gradle.api.internal.plugins.DefaultObjectConfigurationAction.applyType(DefaultObjectConfigurationAction.java:113)
	at org.gradle.api.internal.plugins.DefaultObjectConfigurationAction.access$200(DefaultObjectConfigurationAction.java:36)
	at org.gradle.api.internal.plugins.DefaultObjectConfigurationAction$3.run(DefaultObjectConfigurationAction.java:80)
	at org.gradle.api.internal.plugins.DefaultObjectConfigurationAction.execute(DefaultObjectConfigurationAction.java:136)
	at org.gradle.api.internal.project.AbstractPluginAware.apply(AbstractPluginAware.java:44)
	at org.gradle.api.internal.project.ProjectScript.apply(ProjectScript.java:34)
	at org.gradle.api.Script$apply$0.callCurrent(Unknown Source)
	at build_72syu8mzilh0zvsqorccrfhf6.run(/tmp/rdisk/1422/src/selendroid-master/android-driver/build.gradle:12)
	at org.gradle.groovy.scripts.internal.DefaultScriptRunnerFactory$ScriptRunnerImpl.run(DefaultScriptRunnerFactory.java:90)
	... 64 more
Caused by: org.gradle.tooling.BuildException: Gradle version 2.2 is required. Current version is 3.5. If using the gradle wrapper, try editing the distributionUrl in /root/Documents/workspace/java/bloodhound/gradle/wrapper/gradle-wrapper.properties to gradle-2.2-all.zip
	at com.android.build.gradle.BasePlugin.checkGradleVersion(BasePlugin.java:591)
	at com.android.build.gradle.BasePlugin.configureProject(BasePlugin.java:343)
	at com.android.build.gradle.BasePlugin$1.call(BasePlugin.java:318)
	at com.android.build.gradle.BasePlugin$1.call(BasePlugin.java:315)
	at com.android.builder.profile.ThreadRecorder$1.record(ThreadRecorder.java:55)
	at com.android.builder.profile.ThreadRecorder$1.record(ThreadRecorder.java:47)
	at com.android.build.gradle.BasePlugin.apply(BasePlugin.java:314)
	at com.android.build.gradle.AppPlugin.super$2$apply(AppPlugin.groovy)
	at com.android.build.gradle.AppPlugin.apply(AppPlugin.groovy:69)
	at com.android.build.gradle.AppPlugin.apply(AppPlugin.groovy)
	at org.gradle.api.internal.plugins.ImperativeOnlyPluginApplicator.applyImperative(ImperativeOnlyPluginApplicator.java:35)
	at org.gradle.api.internal.plugins.RuleBasedPluginApplicator.applyImperative(RuleBasedPluginApplicator.java:43)
	at org.gradle.api.internal.plugins.DefaultPluginManager.doApply(DefaultPluginManager.java:140)
	... 74 more


BUILD FAILED

Total time: 3.344 secs

2018-04-06 07:38:23,868 INFO  FullProcessService - Found APK file: /tmp/rdisk/1422/src/selendroid-master/selendroid-standalone/src/test/resources/selendroid-test-app.apk
