2018-04-07 16:11:10,141 INFO  DownloadService - Downloading "https://github.com/RomainPiel/TextChronometer/archive/master.zip", attempt 3
2018-04-07 16:12:10,605 INFO  GithubDownloadService - Could not find ZIP archive for master branch
2018-04-07 16:12:11,232 INFO  GithubDownloadService - Default branch of this repository: master
2018-04-07 16:12:11,233 INFO  DownloadService - Downloading "https://github.com/RomainPiel/TextChronometer/archive/master.zip", attempt 3
2018-04-07 16:13:12,525 DEBUG FullProcessService - Repository https://github.com/RomainPiel/TextChronometer available: true
2018-04-07 16:13:12,525 INFO  FullProcessService - Could not download ZIP file from Github, lets clone it
2018-04-07 16:13:12,525 INFO  SysUtils - Execute command: [git, clone, -q, --single-branch, --depth, 1, https://github.com/RomainPiel/TextChronometer, /tmp/rdisk/1315/src]
2018-04-07 16:13:14,213 INFO  SysUtils - 
2018-04-07 16:13:14,226 INFO  GitService - Deleted "/tmp/rdisk/1315/src/.git": true
2018-04-07 16:13:14,228 INFO  FullProcessService - Size of directory with sources: 1 MB
2018-04-07 16:13:14,229 INFO  SysUtils - Execute command: [git, init, /tmp/rdisk/1315/src]
2018-04-07 16:13:14,238 INFO  SysUtils - Initialized empty Git repository in /tmp/rdisk/1315/src/.git/

2018-04-07 16:13:14,240 INFO  ProjectBuildService - Gradle wrapper(s): /tmp/rdisk/1315/src/gradlew
2018-04-07 16:13:14,242 INFO  ProjectBuildService - Build script(s): /tmp/rdisk/1315/src/TextChronometer-sample/build.gradle /tmp/rdisk/1315/src/TextChronometer/build.gradle /tmp/rdisk/1315/src/build.gradle
2018-04-07 16:13:14,245 INFO  ProjectBuildService - All script(s): /tmp/rdisk/1315/src/settings.gradle /tmp/rdisk/1315/src/build.gradle /tmp/rdisk/1315/src/TextChronometer/build.gradle /tmp/rdisk/1315/src/TextChronometer-sample/build.gradle
2018-04-07 16:13:14,245 INFO  ProjectBuildService - Remote scripts: none
2018-04-07 16:13:14,245 INFO  ProjectFixService - Fixing project...
2018-04-07 16:13:14,250 INFO  LocalPropertiesFixService - Created fake /tmp/rdisk/1315/src/TextChronometer-sample/local.properties
2018-04-07 16:13:14,251 INFO  ProjectFixService - Build info for "/tmp/rdisk/1315/src/TextChronometer-sample/build.gradle": [buildToolsVersion=17.0.0,compileSdkVersion=17,minSdkVersion=7,targetSdkVersion=16]
2018-04-07 16:13:14,251 INFO  ProjectFixService - Fixed build info for "/tmp/rdisk/1315/src/TextChronometer-sample/build.gradle": [buildToolsVersion=19.1.0,compileSdkVersion=17,minSdkVersion=7,targetSdkVersion=16]
2018-04-07 16:13:14,252 INFO  LocalPropertiesFixService - Created fake /tmp/rdisk/1315/src/TextChronometer/local.properties
2018-04-07 16:13:14,252 INFO  ProjectFixService - Build info for "/tmp/rdisk/1315/src/TextChronometer/build.gradle": [buildToolsVersion=17.0.0,compileSdkVersion=17,minSdkVersion=7,targetSdkVersion=16]
2018-04-07 16:13:14,252 INFO  ProjectFixService - Fixed build info for "/tmp/rdisk/1315/src/TextChronometer/build.gradle": [buildToolsVersion=19.1.0,compileSdkVersion=17,minSdkVersion=7,targetSdkVersion=16]
2018-04-07 16:13:14,253 INFO  LocalPropertiesFixService - Updated fake /tmp/rdisk/1315/src/local.properties
2018-04-07 16:13:14,254 INFO  ProjectFixService - Build info for "/tmp/rdisk/1315/src/build.gradle": [buildToolsVersion=19.1.0,compileSdkVersion=17,minSdkVersion=7,targetSdkVersion=16]
2018-04-07 16:13:14,254 INFO  ProjectFixService - Project was maybe fixed
2018-04-07 16:13:14,254 INFO  ProjectTaskService - Detecting possible tasks...
2018-04-07 16:13:14,254 INFO  SysUtils - Execute command: [/tmp/rdisk/1315/src/gradlew, -b, /tmp/rdisk/1315/src/TextChronometer-sample/build.gradle, -Dorg.gradle.daemon=false, -Dorg.gradle.daemon.performance.enable-monitoring=false, -Dorg.gradle.configureondemand=true, tasks]
2018-04-07 16:13:14,368 ERROR ProjectTaskService - Could not detect possible Gradle tasks: Process exited with an error: 1 (Exit value: 1)
2018-04-07 16:13:14,368 INFO  ProjectTaskService - Detected possible tasks: 0
2018-04-07 16:13:14,368 INFO  ProjectTaskService - Excluded tasks (0): none
2018-04-07 16:13:14,369 INFO  SysUtils - Execute command: [/tmp/rdisk/1315/src/gradlew, -b, /tmp/rdisk/1315/src/TextChronometer-sample/build.gradle, -Dorg.gradle.daemon=false, -Dorg.gradle.daemon.performance.enable-monitoring=false, -Dorg.gradle.configureondemand=true, --stacktrace, build]
2018-04-07 16:13:14,483 ERROR SysUtils - Could not process external command
org.apache.commons.exec.ExecuteException: Process exited with an error: 1 (Exit value: 1)
	at org.apache.commons.exec.DefaultExecutor.executeInternal(DefaultExecutor.java:404)
	at org.apache.commons.exec.DefaultExecutor.execute(DefaultExecutor.java:166)
	at com.github.vbauer.apkmaster.util.SysUtils.execute(SysUtils.java:67)
	at com.github.vbauer.apkmaster.util.SysUtils.executeSimple(SysUtils.java:43)
	at com.github.vbauer.apkmaster.service.assembly.ProjectBuildService.buildProject(ProjectBuildService.java:78)
	at com.github.vbauer.apkmaster.service.assembly.ProjectBuildService.buildProject(ProjectBuildService.java:64)
	at com.github.vbauer.apkmaster.service.assembly.ProjectBuildService.buildProject(ProjectBuildService.java:43)
	at com.github.vbauer.apkmaster.service.FullProcessService.build(FullProcessService.java:84)
	at com.github.vbauer.apkmaster.service.FullProcessService.process(FullProcessService.java:34)
	at com.github.vbauer.apkmaster.app.MainApplication.process(MainApplication.java:38)
	at com.github.vbauer.apkmaster.app.MainApplication.main(MainApplication.java:20)
	at sun.reflect.GeneratedMethodAccessor8.invoke(Unknown Source)
	at sun.reflect.DelegatingMethodAccessorImpl.invoke(DelegatingMethodAccessorImpl.java:43)
	at java.lang.reflect.Method.invoke(Method.java:498)
	at com.android.arsenal.util.ReflectionUtils.invoke(ReflectionUtils.java:42)
	at com.android.arsenal.util.ApkMasterUtils.main(ApkMasterUtils.java:30)
	at com.android.arsenal.service.processor.impl.BuildProcessorServiceImpl.buildProject(BuildProcessorServiceImpl.java:197)
	at com.android.arsenal.service.processor.impl.BuildProcessorServiceImpl.build(BuildProcessorServiceImpl.java:131)
	at com.android.arsenal.service.processor.impl.BuildProcessorServiceImpl.lambda$null$1(BuildProcessorServiceImpl.java:114)
	at java.util.concurrent.FutureTask.run(FutureTask.java:266)
	at java.util.concurrent.Executors$RunnableAdapter.call(Executors.java:511)
	at java.util.concurrent.FutureTask.run(FutureTask.java:266)
	at java.util.concurrent.ThreadPoolExecutor.runWorker(ThreadPoolExecutor.java:1149)
	at java.util.concurrent.ThreadPoolExecutor$Worker.run(ThreadPoolExecutor.java:624)
	at java.lang.Thread.run(Thread.java:748)
2018-04-07 16:13:14,484 INFO  SysUtils - Error: Could not find or load main class org.gradle.wrapper.GradleWrapperMain

2018-04-07 16:13:14,486 INFO  ProjectTaskService - Detecting possible tasks...
2018-04-07 16:13:14,486 INFO  SysUtils - Execute command: [/tmp/rdisk/1315/src/gradlew, -b, /tmp/rdisk/1315/src/TextChronometer/build.gradle, -Dorg.gradle.daemon=false, -Dorg.gradle.daemon.performance.enable-monitoring=false, -Dorg.gradle.configureondemand=true, tasks]
2018-04-07 16:13:14,588 ERROR ProjectTaskService - Could not detect possible Gradle tasks: Process exited with an error: 1 (Exit value: 1)
2018-04-07 16:13:14,588 INFO  ProjectTaskService - Detected possible tasks: 0
2018-04-07 16:13:14,589 INFO  ProjectTaskService - Excluded tasks (0): none
2018-04-07 16:13:14,589 INFO  SysUtils - Execute command: [/tmp/rdisk/1315/src/gradlew, -b, /tmp/rdisk/1315/src/TextChronometer/build.gradle, -Dorg.gradle.daemon=false, -Dorg.gradle.daemon.performance.enable-monitoring=false, -Dorg.gradle.configureondemand=true, --stacktrace, build]
2018-04-07 16:13:14,692 ERROR SysUtils - Could not process external command
org.apache.commons.exec.ExecuteException: Process exited with an error: 1 (Exit value: 1)
	at org.apache.commons.exec.DefaultExecutor.executeInternal(DefaultExecutor.java:404)
	at org.apache.commons.exec.DefaultExecutor.execute(DefaultExecutor.java:166)
	at com.github.vbauer.apkmaster.util.SysUtils.execute(SysUtils.java:67)
	at com.github.vbauer.apkmaster.util.SysUtils.executeSimple(SysUtils.java:43)
	at com.github.vbauer.apkmaster.service.assembly.ProjectBuildService.buildProject(ProjectBuildService.java:78)
	at com.github.vbauer.apkmaster.service.assembly.ProjectBuildService.buildProject(ProjectBuildService.java:64)
	at com.github.vbauer.apkmaster.service.assembly.ProjectBuildService.buildProject(ProjectBuildService.java:43)
	at com.github.vbauer.apkmaster.service.FullProcessService.build(FullProcessService.java:84)
	at com.github.vbauer.apkmaster.service.FullProcessService.process(FullProcessService.java:34)
	at com.github.vbauer.apkmaster.app.MainApplication.process(MainApplication.java:38)
	at com.github.vbauer.apkmaster.app.MainApplication.main(MainApplication.java:20)
	at sun.reflect.GeneratedMethodAccessor8.invoke(Unknown Source)
	at sun.reflect.DelegatingMethodAccessorImpl.invoke(DelegatingMethodAccessorImpl.java:43)
	at java.lang.reflect.Method.invoke(Method.java:498)
	at com.android.arsenal.util.ReflectionUtils.invoke(ReflectionUtils.java:42)
	at com.android.arsenal.util.ApkMasterUtils.main(ApkMasterUtils.java:30)
	at com.android.arsenal.service.processor.impl.BuildProcessorServiceImpl.buildProject(BuildProcessorServiceImpl.java:197)
	at com.android.arsenal.service.processor.impl.BuildProcessorServiceImpl.build(BuildProcessorServiceImpl.java:131)
	at com.android.arsenal.service.processor.impl.BuildProcessorServiceImpl.lambda$null$1(BuildProcessorServiceImpl.java:114)
	at java.util.concurrent.FutureTask.run(FutureTask.java:266)
	at java.util.concurrent.Executors$RunnableAdapter.call(Executors.java:511)
	at java.util.concurrent.FutureTask.run(FutureTask.java:266)
	at java.util.concurrent.ThreadPoolExecutor.runWorker(ThreadPoolExecutor.java:1149)
	at java.util.concurrent.ThreadPoolExecutor$Worker.run(ThreadPoolExecutor.java:624)
	at java.lang.Thread.run(Thread.java:748)
2018-04-07 16:13:14,692 INFO  SysUtils - Error: Could not find or load main class org.gradle.wrapper.GradleWrapperMain

2018-04-07 16:13:14,695 INFO  ProjectTaskService - Detecting possible tasks...
2018-04-07 16:13:14,695 INFO  SysUtils - Execute command: [/tmp/rdisk/1315/src/gradlew, -b, /tmp/rdisk/1315/src/build.gradle, -Dorg.gradle.daemon=false, -Dorg.gradle.daemon.performance.enable-monitoring=false, -Dorg.gradle.configureondemand=true, tasks]
2018-04-07 16:13:14,800 ERROR ProjectTaskService - Could not detect possible Gradle tasks: Process exited with an error: 1 (Exit value: 1)
2018-04-07 16:13:14,801 INFO  ProjectTaskService - Detected possible tasks: 0
2018-04-07 16:13:14,801 INFO  ProjectTaskService - Excluded tasks (0): none
2018-04-07 16:13:14,801 INFO  SysUtils - Execute command: [/tmp/rdisk/1315/src/gradlew, -b, /tmp/rdisk/1315/src/build.gradle, -Dorg.gradle.daemon=false, -Dorg.gradle.daemon.performance.enable-monitoring=false, -Dorg.gradle.configureondemand=true, --stacktrace, build]
2018-04-07 16:13:14,909 ERROR SysUtils - Could not process external command
org.apache.commons.exec.ExecuteException: Process exited with an error: 1 (Exit value: 1)
	at org.apache.commons.exec.DefaultExecutor.executeInternal(DefaultExecutor.java:404)
	at org.apache.commons.exec.DefaultExecutor.execute(DefaultExecutor.java:166)
	at com.github.vbauer.apkmaster.util.SysUtils.execute(SysUtils.java:67)
	at com.github.vbauer.apkmaster.util.SysUtils.executeSimple(SysUtils.java:43)
	at com.github.vbauer.apkmaster.service.assembly.ProjectBuildService.buildProject(ProjectBuildService.java:78)
	at com.github.vbauer.apkmaster.service.assembly.ProjectBuildService.buildProject(ProjectBuildService.java:64)
	at com.github.vbauer.apkmaster.service.assembly.ProjectBuildService.buildProject(ProjectBuildService.java:43)
	at com.github.vbauer.apkmaster.service.FullProcessService.build(FullProcessService.java:84)
	at com.github.vbauer.apkmaster.service.FullProcessService.process(FullProcessService.java:34)
	at com.github.vbauer.apkmaster.app.MainApplication.process(MainApplication.java:38)
	at com.github.vbauer.apkmaster.app.MainApplication.main(MainApplication.java:20)
	at sun.reflect.GeneratedMethodAccessor8.invoke(Unknown Source)
	at sun.reflect.DelegatingMethodAccessorImpl.invoke(DelegatingMethodAccessorImpl.java:43)
	at java.lang.reflect.Method.invoke(Method.java:498)
	at com.android.arsenal.util.ReflectionUtils.invoke(ReflectionUtils.java:42)
	at com.android.arsenal.util.ApkMasterUtils.main(ApkMasterUtils.java:30)
	at com.android.arsenal.service.processor.impl.BuildProcessorServiceImpl.buildProject(BuildProcessorServiceImpl.java:197)
	at com.android.arsenal.service.processor.impl.BuildProcessorServiceImpl.build(BuildProcessorServiceImpl.java:131)
	at com.android.arsenal.service.processor.impl.BuildProcessorServiceImpl.lambda$null$1(BuildProcessorServiceImpl.java:114)
	at java.util.concurrent.FutureTask.run(FutureTask.java:266)
	at java.util.concurrent.Executors$RunnableAdapter.call(Executors.java:511)
	at java.util.concurrent.FutureTask.run(FutureTask.java:266)
	at java.util.concurrent.ThreadPoolExecutor.runWorker(ThreadPoolExecutor.java:1149)
	at java.util.concurrent.ThreadPoolExecutor$Worker.run(ThreadPoolExecutor.java:624)
	at java.lang.Thread.run(Thread.java:748)
2018-04-07 16:13:14,909 INFO  SysUtils - Error: Could not find or load main class org.gradle.wrapper.GradleWrapperMain

2018-04-07 16:13:14,911 ERROR FullProcessService - Project build has not produced APK file
2018-04-07 16:13:14,914 ERROR FullProcessService - Could not find generated or existed APK file
