2018-04-06 00:50:10,029 INFO  DownloadService - Downloading "https://github.com/geftimov/android-patternview/archive/master.zip", attempt 3
2018-04-06 00:51:10,638 INFO  GithubDownloadService - Could not find ZIP archive for master branch
2018-04-06 00:51:11,300 INFO  GithubDownloadService - Default branch of this repository: master
2018-04-06 00:51:11,300 INFO  DownloadService - Downloading "https://github.com/geftimov/android-patternview/archive/master.zip", attempt 3
2018-04-06 00:52:12,688 DEBUG FullProcessService - Repository https://github.com/geftimov/android-patternview available: true
2018-04-06 00:52:12,688 INFO  FullProcessService - Could not download ZIP file from Github, lets clone it
2018-04-06 00:52:12,688 INFO  SysUtils - Execute command: [git, clone, -q, --single-branch, --depth, 1, https://github.com/geftimov/android-patternview, /tmp/rdisk/1495/src]
2018-04-06 00:52:14,186 INFO  SysUtils - 
2018-04-06 00:52:14,198 INFO  GitService - Deleted "/tmp/rdisk/1495/src/.git": true
2018-04-06 00:52:14,200 INFO  FullProcessService - Size of directory with sources: 205 KB
2018-04-06 00:52:14,200 INFO  SysUtils - Execute command: [git, init, /tmp/rdisk/1495/src]
2018-04-06 00:52:14,204 INFO  SysUtils - Initialized empty Git repository in /tmp/rdisk/1495/src/.git/

2018-04-06 00:52:14,206 INFO  ProjectBuildService - Gradle wrapper(s): /tmp/rdisk/1495/src/gradlew
2018-04-06 00:52:14,208 INFO  ProjectBuildService - Build script(s): /tmp/rdisk/1495/src/android-patternview/build.gradle /tmp/rdisk/1495/src/sample/build.gradle /tmp/rdisk/1495/src/build.gradle
2018-04-06 00:52:14,210 INFO  ProjectBuildService - All script(s): /tmp/rdisk/1495/src/settings.gradle /tmp/rdisk/1495/src/sample/build.gradle /tmp/rdisk/1495/src/build.gradle /tmp/rdisk/1495/src/android-patternview/build.gradle
2018-04-06 00:52:14,210 INFO  ProjectBuildService - Remote scripts: none
2018-04-06 00:52:14,210 INFO  ProjectFixService - Fixing project...
2018-04-06 00:52:14,214 INFO  LocalPropertiesFixService - Created fake /tmp/rdisk/1495/src/android-patternview/local.properties
2018-04-06 00:52:14,214 INFO  ProjectFixService - Build info for "/tmp/rdisk/1495/src/android-patternview/build.gradle": [buildToolsVersion=21.1.2,compileSdkVersion=21,minSdkVersion=9,targetSdkVersion=21]
2018-04-06 00:52:14,215 INFO  LocalPropertiesFixService - Created fake /tmp/rdisk/1495/src/sample/local.properties
2018-04-06 00:52:14,215 INFO  ProjectFixService - Build info for "/tmp/rdisk/1495/src/sample/build.gradle": [buildToolsVersion=21.1.2,compileSdkVersion=24,minSdkVersion=14,targetSdkVersion=24]
2018-04-06 00:52:14,215 INFO  LocalPropertiesFixService - Created fake /tmp/rdisk/1495/src/local.properties
2018-04-06 00:52:14,215 INFO  WrapperPropertiesFixService - Gradle wrapper: https://services.gradle.org/distributions/gradle-2.14.1-all.zip
2018-04-06 00:52:14,215 INFO  WrapperPropertiesFixService - Gradle wrapper was changed from "-all.zip" to "-bin.zip" (https://services.gradle.org/distributions/gradle-2.14.1-bin.zip)
2018-04-06 00:52:14,216 INFO  ProjectFixService - Build info for "/tmp/rdisk/1495/src/build.gradle": [buildToolsVersion=21.1.2,compileSdkVersion=24,minSdkVersion=14,targetSdkVersion=24]
2018-04-06 00:52:14,216 INFO  ProjectFixService - Project was maybe fixed
2018-04-06 00:52:14,216 INFO  ProjectTaskService - Detecting possible tasks...
2018-04-06 00:52:14,216 INFO  SysUtils - Execute command: [/tmp/rdisk/1495/src/gradlew, -b, /tmp/rdisk/1495/src/android-patternview/build.gradle, -Dorg.gradle.daemon=false, -Dorg.gradle.daemon.performance.enable-monitoring=false, -Dorg.gradle.configureondemand=true, tasks]
2018-04-06 00:52:20,805 ERROR ProjectTaskService - Could not detect possible Gradle tasks: Process exited with an error: 1 (Exit value: 1)
2018-04-06 00:52:20,805 INFO  ProjectTaskService - Detected possible tasks: 0
2018-04-06 00:52:20,805 INFO  ProjectTaskService - Excluded tasks (0): none
2018-04-06 00:52:20,806 INFO  SysUtils - Execute command: [/tmp/rdisk/1495/src/gradlew, -b, /tmp/rdisk/1495/src/android-patternview/build.gradle, -Dorg.gradle.daemon=false, -Dorg.gradle.daemon.performance.enable-monitoring=false, -Dorg.gradle.configureondemand=true, --stacktrace, build]
2018-04-06 00:52:26,469 ERROR SysUtils - Could not process external command
org.apache.commons.exec.ExecuteException: Process exited with an error: 1 (Exit value: 1)
	at org.apache.commons.exec.DefaultExecutor.executeInternal(DefaultExecutor.java:404)
	at org.apache.commons.exec.DefaultExecutor.execute(DefaultExecutor.java:166)
	at com.github.vbauer.apkmaster.util.SysUtils.execute(SysUtils.java:67)
	at com.github.vbauer.apkmaster.util.SysUtils.executeSimple(SysUtils.java:43)
	at com.github.vbauer.apkmaster.service.assembly.ProjectBuildService.buildProject(ProjectBuildService.java:78)
	at com.github.vbauer.apkmaster.service.assembly.ProjectBuildService.buildProject(ProjectBuildService.java:64)
	at com.github.vbauer.apkmaster.service.assembly.ProjectBuildService.buildProject(ProjectBuildService.java:43)
	at com.github.vbauer.apkmaster.service.FullProcessService.build(FullProcessService.java:84)
	at com.github.vbauer.apkmaster.service.FullProcessService.process(FullProcessService.java:34)
	at com.github.vbauer.apkmaster.app.MainApplication.process(MainApplication.java:38)
	at com.github.vbauer.apkmaster.app.MainApplication.main(MainApplication.java:20)
	at sun.reflect.GeneratedMethodAccessor8.invoke(Unknown Source)
	at sun.reflect.DelegatingMethodAccessorImpl.invoke(DelegatingMethodAccessorImpl.java:43)
	at java.lang.reflect.Method.invoke(Method.java:498)
	at com.android.arsenal.util.ReflectionUtils.invoke(ReflectionUtils.java:42)
	at com.android.arsenal.util.ApkMasterUtils.main(ApkMasterUtils.java:30)
	at com.android.arsenal.service.processor.impl.BuildProcessorServiceImpl.buildProject(BuildProcessorServiceImpl.java:197)
	at com.android.arsenal.service.processor.impl.BuildProcessorServiceImpl.build(BuildProcessorServiceImpl.java:131)
	at com.android.arsenal.service.processor.impl.BuildProcessorServiceImpl.lambda$null$1(BuildProcessorServiceImpl.java:114)
	at java.util.concurrent.FutureTask.run(FutureTask.java:266)
	at java.util.concurrent.Executors$RunnableAdapter.call(Executors.java:511)
	at java.util.concurrent.FutureTask.run(FutureTask.java:266)
	at java.util.concurrent.ThreadPoolExecutor.runWorker(ThreadPoolExecutor.java:1149)
	at java.util.concurrent.ThreadPoolExecutor$Worker.run(ThreadPoolExecutor.java:624)
	at java.lang.Thread.run(Thread.java:748)
2018-04-06 00:52:26,470 INFO  SysUtils - Configuration on demand is an incubating feature.
Observed package id 'build-tools;28.0.0-preview' in inconsistent location '/root/Applications/android-sdk/build-tools/28.0.0-rc1' (Expected '/root/Applications/android-sdk/build-tools/28.0.0-preview')

FAILURE: Build failed with an exception.

* Where:
Build file '/tmp/rdisk/1495/src/android-patternview/build.gradle' line: 36

* What went wrong:
A problem occurred evaluating project ':android-patternview'.
> No such property: sonatypeRepo for class: org.gradle.api.publication.maven.internal.deployer.DefaultGroovyMavenDeployer

* Try:
Run with --info or --debug option to get more log output.

* Exception is:
org.gradle.api.GradleScriptException: A problem occurred evaluating project ':android-patternview'.
	at org.gradle.groovy.scripts.internal.DefaultScriptRunnerFactory$ScriptRunnerImpl.run(DefaultScriptRunnerFactory.java:93)
	at org.gradle.configuration.DefaultScriptPluginFactory$ScriptPluginImpl$2.run(DefaultScriptPluginFactory.java:177)
	at org.gradle.configuration.ProjectScriptTarget.addConfiguration(ProjectScriptTarget.java:77)
	at org.gradle.configuration.DefaultScriptPluginFactory$ScriptPluginImpl.apply(DefaultScriptPluginFactory.java:182)
	at org.gradle.configuration.project.BuildScriptProcessor.execute(BuildScriptProcessor.java:38)
	at org.gradle.configuration.project.BuildScriptProcessor.execute(BuildScriptProcessor.java:25)
	at org.gradle.configuration.project.ConfigureActionsProjectEvaluator.evaluate(ConfigureActionsProjectEvaluator.java:34)
	at org.gradle.configuration.project.LifecycleProjectEvaluator.evaluate(LifecycleProjectEvaluator.java:55)
	at org.gradle.api.internal.project.AbstractProject.evaluate(AbstractProject.java:540)
	at org.gradle.api.internal.project.AbstractProject.evaluate(AbstractProject.java:93)
	at org.gradle.execution.TaskPathProjectEvaluator.configureHierarchy(TaskPathProjectEvaluator.java:42)
	at org.gradle.execution.TaskSelector.getSelection(TaskSelector.java:84)
	at org.gradle.execution.TaskSelector.getSelection(TaskSelector.java:75)
	at org.gradle.execution.commandline.CommandLineTaskParser.parseTasks(CommandLineTaskParser.java:42)
	at org.gradle.execution.TaskNameResolvingBuildConfigurationAction.configure(TaskNameResolvingBuildConfigurationAction.java:44)
	at org.gradle.execution.DefaultBuildConfigurationActionExecuter.configure(DefaultBuildConfigurationActionExecuter.java:48)
	at org.gradle.execution.DefaultBuildConfigurationActionExecuter.access$000(DefaultBuildConfigurationActionExecuter.java:25)
	at org.gradle.execution.DefaultBuildConfigurationActionExecuter$1.proceed(DefaultBuildConfigurationActionExecuter.java:54)
	at org.gradle.execution.DefaultTasksBuildExecutionAction.configure(DefaultTasksBuildExecutionAction.java:44)
	at org.gradle.execution.DefaultBuildConfigurationActionExecuter.configure(DefaultBuildConfigurationActionExecuter.java:48)
	at org.gradle.execution.DefaultBuildConfigurationActionExecuter.access$000(DefaultBuildConfigurationActionExecuter.java:25)
	at org.gradle.execution.DefaultBuildConfigurationActionExecuter$1.proceed(DefaultBuildConfigurationActionExecuter.java:54)
	at org.gradle.execution.ExcludedTaskFilteringBuildConfigurationAction.configure(ExcludedTaskFilteringBuildConfigurationAction.java:47)
	at org.gradle.execution.DefaultBuildConfigurationActionExecuter.configure(DefaultBuildConfigurationActionExecuter.java:48)
	at org.gradle.execution.DefaultBuildConfigurationActionExecuter.select(DefaultBuildConfigurationActionExecuter.java:36)
	at org.gradle.initialization.DefaultGradleLauncher$3.run(DefaultGradleLauncher.java:142)
	at org.gradle.internal.Factories$1.create(Factories.java:22)
	at org.gradle.internal.progress.DefaultBuildOperationExecutor.run(DefaultBuildOperationExecutor.java:91)
	at org.gradle.internal.progress.DefaultBuildOperationExecutor.run(DefaultBuildOperationExecutor.java:53)
	at org.gradle.initialization.DefaultGradleLauncher.doBuildStages(DefaultGradleLauncher.java:139)
	at org.gradle.initialization.DefaultGradleLauncher.access$200(DefaultGradleLauncher.java:32)
	at org.gradle.initialization.DefaultGradleLauncher$1.create(DefaultGradleLauncher.java:98)
	at org.gradle.initialization.DefaultGradleLauncher$1.create(DefaultGradleLauncher.java:92)
	at org.gradle.internal.progress.DefaultBuildOperationExecutor.run(DefaultBuildOperationExecutor.java:91)
	at org.gradle.internal.progress.DefaultBuildOperationExecutor.run(DefaultBuildOperationExecutor.java:63)
	at org.gradle.initialization.DefaultGradleLauncher.doBuild(DefaultGradleLauncher.java:92)
	at org.gradle.initialization.DefaultGradleLauncher.run(DefaultGradleLauncher.java:83)
	at org.gradle.launcher.exec.InProcessBuildActionExecuter$DefaultBuildController.run(InProcessBuildActionExecuter.java:99)
	at org.gradle.tooling.internal.provider.ExecuteBuildActionRunner.run(ExecuteBuildActionRunner.java:28)
	at org.gradle.launcher.exec.ChainingBuildActionRunner.run(ChainingBuildActionRunner.java:35)
	at org.gradle.launcher.exec.InProcessBuildActionExecuter.execute(InProcessBuildActionExecuter.java:48)
	at org.gradle.launcher.exec.InProcessBuildActionExecuter.execute(InProcessBuildActionExecuter.java:30)
	at org.gradle.launcher.exec.ContinuousBuildActionExecuter.execute(ContinuousBuildActionExecuter.java:81)
	at org.gradle.launcher.exec.ContinuousBuildActionExecuter.execute(ContinuousBuildActionExecuter.java:46)
	at org.gradle.launcher.exec.DaemonUsageSuggestingBuildActionExecuter.execute(DaemonUsageSuggestingBuildActionExecuter.java:51)
	at org.gradle.launcher.exec.DaemonUsageSuggestingBuildActionExecuter.execute(DaemonUsageSuggestingBuildActionExecuter.java:28)
	at org.gradle.launcher.cli.RunBuildAction.run(RunBuildAction.java:43)
	at org.gradle.internal.Actions$RunnableActionAdapter.execute(Actions.java:173)
	at org.gradle.launcher.cli.CommandLineActionFactory$ParseAndBuildAction.execute(CommandLineActionFactory.java:239)
	at org.gradle.launcher.cli.CommandLineActionFactory$ParseAndBuildAction.execute(CommandLineActionFactory.java:212)
	at org.gradle.launcher.cli.JavaRuntimeValidationAction.execute(JavaRuntimeValidationAction.java:35)
	at org.gradle.launcher.cli.JavaRuntimeValidationAction.execute(JavaRuntimeValidationAction.java:24)
	at org.gradle.launcher.cli.ExceptionReportingAction.execute(ExceptionReportingAction.java:33)
	at org.gradle.launcher.cli.ExceptionReportingAction.execute(ExceptionReportingAction.java:22)
	at org.gradle.launcher.cli.CommandLineActionFactory$WithLogging.execute(CommandLineActionFactory.java:205)
	at org.gradle.launcher.cli.CommandLineActionFactory$WithLogging.execute(CommandLineActionFactory.java:169)
	at org.gradle.launcher.Main.doAction(Main.java:33)
	at org.gradle.launcher.bootstrap.EntryPoint.run(EntryPoint.java:45)
	at org.gradle.launcher.bootstrap.ProcessBootstrap.runNoExit(ProcessBootstrap.java:55)
	at org.gradle.launcher.bootstrap.ProcessBootstrap.run(ProcessBootstrap.java:36)
	at org.gradle.launcher.GradleMain.main(GradleMain.java:23)
	at org.gradle.wrapper.BootstrapMainStarter.start(BootstrapMainStarter.java:33)
	at org.gradle.wrapper.WrapperExecutor.execute(WrapperExecutor.java:130)
	at org.gradle.wrapper.GradleWrapperMain.main(GradleWrapperMain.java:48)
Caused by: groovy.lang.MissingPropertyException: No such property: sonatypeRepo for class: org.gradle.api.publication.maven.internal.deployer.DefaultGroovyMavenDeployer
	at build_3bqeqpnlghco6jgzcp14uoohy$_run_closure4$_closure9.doCall(/tmp/rdisk/1495/src/android-patternview/build.gradle:36)
	at org.gradle.api.internal.ClosureBackedAction.execute(ClosureBackedAction.java:67)
	at org.gradle.api.internal.artifacts.DefaultArtifactRepositoryContainer.addRepository(DefaultArtifactRepositoryContainer.java:87)
	at org.gradle.api.publication.maven.internal.DefaultMavenRepositoryHandlerConvention.mavenDeployer(DefaultMavenRepositoryHandlerConvention.java:43)
	at org.gradle.internal.metaobject.BeanDynamicObject$MetaClassAdapter.invokeMethod(BeanDynamicObject.java:374)
	at org.gradle.internal.metaobject.BeanDynamicObject.invokeMethod(BeanDynamicObject.java:169)
	at org.gradle.api.internal.plugins.DefaultConvention$ExtensionsDynamicObject.invokeMethod(DefaultConvention.java:220)
	at org.gradle.internal.metaobject.CompositeDynamicObject.invokeMethod(CompositeDynamicObject.java:96)
	at org.gradle.internal.metaobject.MixInClosurePropertiesAsMethodsDynamicObject.invokeMethod(MixInClosurePropertiesAsMethodsDynamicObject.java:30)
	at org.gradle.internal.metaobject.CompositeDynamicObject.invokeMethod(CompositeDynamicObject.java:96)
	at org.gradle.internal.metaobject.MixInClosurePropertiesAsMethodsDynamicObject.invokeMethod(MixInClosurePropertiesAsMethodsDynamicObject.java:30)
	at org.gradle.internal.metaobject.AbstractDynamicObject.invokeMethod(AbstractDynamicObject.java:163)
	at org.gradle.api.internal.artifacts.dsl.DefaultRepositoryHandler_Decorated.invokeMethod(Unknown Source)
	at build_3bqeqpnlghco6jgzcp14uoohy$_run_closure4.doCall(/tmp/rdisk/1495/src/android-patternview/build.gradle:33)
	at org.gradle.api.internal.ClosureBackedAction.execute(ClosureBackedAction.java:67)
	at org.gradle.util.ConfigureUtil.configureSelf(ConfigureUtil.java:137)
	at org.gradle.api.internal.AbstractTask.configure(AbstractTask.java:522)
	at org.gradle.api.internal.AbstractTask.configure(AbstractTask.java:76)
	at org.gradle.util.ConfigureUtil.configure(ConfigureUtil.java:104)
	at org.gradle.api.internal.DefaultNamedDomainObjectCollection$ContainerElementsDynamicObject.invokeMethod(DefaultNamedDomainObjectCollection.java:359)
	at org.gradle.internal.metaobject.CompositeDynamicObject.invokeMethod(CompositeDynamicObject.java:96)
	at org.gradle.internal.metaobject.MixInClosurePropertiesAsMethodsDynamicObject.invokeMethod(MixInClosurePropertiesAsMethodsDynamicObject.java:30)
	at org.gradle.internal.metaobject.AbstractDynamicObject.invokeMethod(AbstractDynamicObject.java:163)
	at org.gradle.groovy.scripts.BasicScript.methodMissing(BasicScript.java:79)
	at build_3bqeqpnlghco6jgzcp14uoohy.run(/tmp/rdisk/1495/src/android-patternview/build.gradle:31)
	at org.gradle.groovy.scripts.internal.DefaultScriptRunnerFactory$ScriptRunnerImpl.run(DefaultScriptRunnerFactory.java:91)
	... 63 more


BUILD FAILED

Total time: 5.218 secs

2018-04-06 00:52:26,472 INFO  ProjectTaskService - Detecting possible tasks...
2018-04-06 00:52:26,472 INFO  SysUtils - Execute command: [/tmp/rdisk/1495/src/gradlew, -b, /tmp/rdisk/1495/src/sample/build.gradle, -Dorg.gradle.daemon=false, -Dorg.gradle.daemon.performance.enable-monitoring=false, -Dorg.gradle.configureondemand=true, tasks]
2018-04-06 00:52:33,702 ERROR ProjectTaskService - Could not detect possible Gradle tasks: Process exited with an error: 1 (Exit value: 1)
2018-04-06 00:52:33,702 INFO  ProjectTaskService - Detected possible tasks: 0
2018-04-06 00:52:33,702 INFO  ProjectTaskService - Excluded tasks (0): none
2018-04-06 00:52:33,702 INFO  SysUtils - Execute command: [/tmp/rdisk/1495/src/gradlew, -b, /tmp/rdisk/1495/src/sample/build.gradle, -Dorg.gradle.daemon=false, -Dorg.gradle.daemon.performance.enable-monitoring=false, -Dorg.gradle.configureondemand=true, --stacktrace, build]
2018-04-06 00:53:18,094 INFO  SysUtils - Configuration on demand is an incubating feature.
Observed package id 'build-tools;28.0.0-preview' in inconsistent location '/root/Applications/android-sdk/build-tools/28.0.0-rc1' (Expected '/root/Applications/android-sdk/build-tools/28.0.0-preview')
Incremental java compilation is an incubating feature.
:sample:preBuild UP-TO-DATE
:sample:preDebugBuild UP-TO-DATE
:sample:checkDebugManifest
:sample:preReleaseBuild UP-TO-DATE
:sample:prepareComAndroidSupportAnimatedVectorDrawable2420Library
:sample:prepareComAndroidSupportAppcompatV72420Library
:sample:prepareComAndroidSupportSupportCompat2420Library
:sample:prepareComAndroidSupportSupportCoreUi2420Library
:sample:prepareComAndroidSupportSupportCoreUtils2420Library
:sample:prepareComAndroidSupportSupportFragment2420Library
:sample:prepareComAndroidSupportSupportMediaCompat2420Library
:sample:prepareComAndroidSupportSupportV42420Library
:sample:prepareComAndroidSupportSupportVectorDrawable2420Library
:sample:prepareComEftimoffAndroidPatternview106Library
:sample:prepareDebugDependencies
:sample:compileDebugAidl
:sample:compileDebugRenderscript
:sample:generateDebugBuildConfig
:sample:mergeDebugShaders
:sample:compileDebugShaders
:sample:generateDebugAssets
:sample:mergeDebugAssets
:sample:generateDebugResValues
:sample:generateDebugResources
:sample:mergeDebugResources
:sample:processDebugManifest
:sample:processDebugResources
:sample:generateDebugSources
:sample:incrementalDebugJavaCompilationSafeguard
:sample:compileDebugJavaWithJavac
:sample:compileDebugJavaWithJavac - is not incremental (e.g. outputs have changed, no previous execution, etc.).
Note: /tmp/rdisk/1495/src/sample/src/main/java/com/eftimoff/patternview/MainActivity.java uses or overrides a deprecated API.
Note: Recompile with -Xlint:deprecation for details.
:sample:compileDebugNdk UP-TO-DATE
:sample:compileDebugSources
:sample:prePackageMarkerForDebug
:sample:transformClassesWithDexForDebug
Running dex in-process requires build tools 23.0.2.
For faster builds update this project to use the latest build tools.
:sample:mergeDebugJniLibFolders
:sample:transformNative_libsWithMergeJniLibsForDebug
:sample:processDebugJavaRes UP-TO-DATE
:sample:transformResourcesWithMergeJavaResForDebug
:sample:validateDebugSigning
:sample:packageDebug
:sample:zipalignDebug
:sample:assembleDebug
:sample:checkReleaseManifest
:sample:prepareReleaseDependencies
:sample:compileReleaseAidl
:sample:compileReleaseRenderscript
:sample:generateReleaseBuildConfig
:sample:mergeReleaseShaders
:sample:compileReleaseShaders
:sample:generateReleaseAssets
:sample:mergeReleaseAssets
:sample:generateReleaseResValues
:sample:generateReleaseResources
:sample:mergeReleaseResources
:sample:processReleaseManifest
:sample:processReleaseResources
:sample:generateReleaseSources
:sample:incrementalReleaseJavaCompilationSafeguard
:sample:compileReleaseJavaWithJavac
:sample:compileReleaseJavaWithJavac - is not incremental (e.g. outputs have changed, no previous execution, etc.).
Note: /tmp/rdisk/1495/src/sample/src/main/java/com/eftimoff/patternview/MainActivity.java uses or overrides a deprecated API.
Note: Recompile with -Xlint:deprecation for details.
:sample:compileReleaseNdk UP-TO-DATE
:sample:compileReleaseSources
:sample:lintVitalRelease
:sample:prePackageMarkerForRelease
:sample:transformClassesWithDexForRelease
:sample:mergeReleaseJniLibFolders
:sample:transformNative_libsWithMergeJniLibsForRelease
:sample:processReleaseJavaRes UP-TO-DATE
:sample:transformResourcesWithMergeJavaResForRelease
:sample:packageRelease
:sample:assembleRelease
:sample:assemble
:sample:compileLint
:sample:lint
Ran lint on variant debug: 5 issues found
Ran lint on variant release: 5 issues found
Wrote HTML report to file:///tmp/rdisk/1495/src/sample/build/outputs/lint-results-debug.html
Wrote XML report to file:///tmp/rdisk/1495/src/sample/build/outputs/lint-results-debug.xml
:sample:incrementalDebugUnitTestJavaCompilationSafeguard UP-TO-DATE
:sample:preDebugUnitTestBuild UP-TO-DATE
:sample:prepareDebugUnitTestDependencies
:sample:compileDebugUnitTestJavaWithJavac UP-TO-DATE
:sample:processDebugUnitTestJavaRes UP-TO-DATE
:sample:compileDebugUnitTestSources UP-TO-DATE
:sample:mockableAndroidJar
:sample:assembleDebugUnitTest
:sample:testDebugUnitTest
:sample:incrementalReleaseUnitTestJavaCompilationSafeguard UP-TO-DATE
:sample:preReleaseUnitTestBuild UP-TO-DATE
:sample:prepareReleaseUnitTestDependencies
:sample:compileReleaseUnitTestJavaWithJavac UP-TO-DATE
:sample:processReleaseUnitTestJavaRes UP-TO-DATE
:sample:compileReleaseUnitTestSources UP-TO-DATE
:sample:assembleReleaseUnitTest
:sample:testReleaseUnitTest
:sample:test
:sample:check
:sample:build

BUILD SUCCESSFUL

Total time: 43.837 secs

2018-04-06 00:53:18,138 INFO  FullProcessService - Found APK file: /tmp/rdisk/1495/src/sample/build/outputs/apk/sample-release-unsigned.apk
