2018-05-21 02:30:11,796 INFO  DownloadService - Downloading "https://github.com/nicolasjafelle/Qachee/archive/master.zip", attempt 3
2018-05-21 02:30:12,221 INFO  DownloadService - Downloaded https://github.com/nicolasjafelle/Qachee/archive/master.zip, attempt 3
2018-05-21 02:30:12,221 INFO  DownloadService - Size of file "/tmp/rdisk/1276/master.zip": 276 KB
2018-05-21 02:30:12,221 INFO  ArchiveUtils - Checking entries [.gradle] in ZIP file...
2018-05-21 02:30:12,221 INFO  ArchiveUtils - Has entries [.gradle] in ZIP file /tmp/rdisk/1276/master.zip: true
2018-05-21 02:30:12,221 DEBUG ZipUtil - Extracting '/tmp/rdisk/1276/master.zip' into '/tmp/rdisk/1276/src'.
2018-05-21 02:30:12,232 INFO  FullProcessService - Size of directory with sources: 304 KB
2018-05-21 02:30:12,232 INFO  SysUtils - Execute command: [git, init, /tmp/rdisk/1276/src]
2018-05-21 02:30:12,237 INFO  SysUtils - Initialized empty Git repository in /tmp/rdisk/1276/src/.git/

2018-05-21 02:30:12,240 INFO  ProjectBuildService - Gradle wrapper(s): /tmp/rdisk/1276/src/Qachee-master/QacheeProject/gradlew
2018-05-21 02:30:12,242 INFO  ProjectBuildService - Build script(s): /tmp/rdisk/1276/src/Qachee-master/QacheeProject/Qachee/build.gradle /tmp/rdisk/1276/src/Qachee-master/QacheeProject/QacheeSample/build.gradle /tmp/rdisk/1276/src/Qachee-master/QacheeProject/build.gradle
2018-05-21 02:30:12,245 INFO  ProjectBuildService - All script(s): /tmp/rdisk/1276/src/Qachee-master/QacheeProject/settings.gradle /tmp/rdisk/1276/src/Qachee-master/QacheeProject/build.gradle /tmp/rdisk/1276/src/Qachee-master/QacheeProject/QacheeSample/build.gradle /tmp/rdisk/1276/src/Qachee-master/QacheeProject/Qachee/build.gradle
2018-05-21 02:30:12,245 INFO  DownloadService - Downloading "https://raw.github.com/chrisbanes/gradle-mvn-push/master/gradle-mvn-push.gradle", attempt 3
2018-05-21 02:30:12,405 INFO  DownloadService - Downloaded https://raw.github.com/chrisbanes/gradle-mvn-push/master/gradle-mvn-push.gradle, attempt 3
2018-05-21 02:30:12,405 INFO  ProjectBuildService - Remote scripts: https://raw.github.com/chrisbanes/gradle-mvn-push/master/gradle-mvn-push.gradle
2018-05-21 02:30:12,405 INFO  ProjectFixService - Fixing project...
2018-05-21 02:30:12,420 INFO  LocalPropertiesFixService - Created fake /tmp/rdisk/1276/src/Qachee-master/QacheeProject/Qachee/local.properties
2018-05-21 02:30:12,420 INFO  ProjectFixService - Build info for "/tmp/rdisk/1276/src/Qachee-master/QacheeProject/Qachee/build.gradle": [buildToolsVersion=21.1.2,compileSdkVersion=21,minSdkVersion=4,targetSdkVersion=21]
2018-05-21 02:30:12,425 INFO  ProjectFixService - Fixed build info for "/tmp/rdisk/1276/src/Qachee-master/QacheeProject/Qachee/build.gradle": [buildToolsVersion=21.1.2,compileSdkVersion=21,minSdkVersion=7,targetSdkVersion=21]
2018-05-21 02:30:12,425 INFO  LocalPropertiesFixService - Created fake /tmp/rdisk/1276/src/Qachee-master/QacheeProject/QacheeSample/local.properties
2018-05-21 02:30:12,426 INFO  ProjectFixService - Build info for "/tmp/rdisk/1276/src/Qachee-master/QacheeProject/QacheeSample/build.gradle": [buildToolsVersion=21.1.2,compileSdkVersion=21,minSdkVersion=8,targetSdkVersion=21]
2018-05-21 02:30:12,426 INFO  LocalPropertiesFixService - Created fake /tmp/rdisk/1276/src/Qachee-master/QacheeProject/local.properties
2018-05-21 02:30:12,426 INFO  WrapperPropertiesFixService - Gradle wrapper: https://services.gradle.org/distributions/gradle-2.2.1-all.zip
2018-05-21 02:30:12,427 INFO  WrapperPropertiesFixService - Gradle wrapper was changed from "-all.zip" to "-bin.zip" (https://services.gradle.org/distributions/gradle-2.2.1-bin.zip)
2018-05-21 02:30:12,428 INFO  ProjectFixService - Build info for "/tmp/rdisk/1276/src/Qachee-master/QacheeProject/build.gradle": [buildToolsVersion=21.1.2,compileSdkVersion=21,minSdkVersion=8,targetSdkVersion=21]
2018-05-21 02:30:12,428 INFO  ProjectFixService - Project was maybe fixed
2018-05-21 02:30:12,428 INFO  ProjectTaskService - Detecting possible tasks...
2018-05-21 02:30:12,428 INFO  SysUtils - Execute command: [/tmp/rdisk/1276/src/Qachee-master/QacheeProject/gradlew, -b, /tmp/rdisk/1276/src/Qachee-master/QacheeProject/Qachee/build.gradle, -Dorg.gradle.daemon=false, -Dorg.gradle.daemon.performance.enable-monitoring=false, -Dorg.gradle.configureondemand=true, tasks]
2018-05-21 02:30:21,871 INFO  ProjectTaskService - Detected possible tasks: 60
2018-05-21 02:30:21,872 INFO  ProjectTaskService - Excluded tasks (11): lintDebug androidJavadocs deviceCheck lint androidSourcesJar connectedCheck uninstallAll androidJavadocsJar check connectedAndroidTest lintRelease
2018-05-21 02:30:21,872 INFO  SysUtils - Execute command: [/tmp/rdisk/1276/src/Qachee-master/QacheeProject/gradlew, -b, /tmp/rdisk/1276/src/Qachee-master/QacheeProject/Qachee/build.gradle, -Dorg.gradle.daemon=false, -Dorg.gradle.daemon.performance.enable-monitoring=false, -Dorg.gradle.configureondemand=true, --stacktrace, -x, lintDebug, -x, androidJavadocs, -x, deviceCheck, -x, lint, -x, androidSourcesJar, -x, connectedCheck, -x, uninstallAll, -x, androidJavadocsJar, -x, check, -x, connectedAndroidTest, -x, lintRelease, build]
2018-05-21 02:30:30,116 INFO  SysUtils - Configuration on demand is an incubating feature.
:Qachee:compileLint
:Qachee:copyDebugLint UP-TO-DATE
:Qachee:preBuild
:Qachee:preDebugBuild
:Qachee:checkDebugManifest
:Qachee:preDebugTestBuild
:Qachee:preReleaseBuild
:Qachee:prepareComAndroidSupportSupportV42103Library
:Qachee:prepareDebugDependencies
:Qachee:compileDebugAidl
:Qachee:compileDebugRenderscript
:Qachee:generateDebugBuildConfig
:Qachee:generateDebugAssets UP-TO-DATE
:Qachee:mergeDebugAssets
:Qachee:generateDebugResValues
:Qachee:generateDebugResources
:Qachee:mergeDebugResources
:Qachee:processDebugManifest
:Qachee:processDebugResources
:Qachee:generateDebugSources
:Qachee:compileDebugJavaNote: /tmp/rdisk/1276/src/Qachee-master/QacheeProject/Qachee/src/main/java/com/qachee/QacheeManager.java uses unchecked or unsafe operations.
Note: Recompile with -Xlint:unchecked for details.

:Qachee:extractDebugAnnotations
:Qachee:mergeDebugProguardFiles
:Qachee:processDebugJavaRes UP-TO-DATE
:Qachee:packageDebugJar
:Qachee:compileDebugNdk
:Qachee:packageDebugJniLibs UP-TO-DATE
:Qachee:packageDebugLocalJar UP-TO-DATE
:Qachee:packageDebugRenderscript UP-TO-DATE
:Qachee:packageDebugResources
:Qachee:bundleDebug
:Qachee:assembleDebug
:Qachee:copyReleaseLint UP-TO-DATE
:Qachee:checkReleaseManifest
:Qachee:prepareReleaseDependencies
:Qachee:compileReleaseAidl
:Qachee:compileReleaseRenderscript
:Qachee:generateReleaseBuildConfig
:Qachee:generateReleaseAssets UP-TO-DATE
:Qachee:mergeReleaseAssets
:Qachee:generateReleaseResValues
:Qachee:generateReleaseResources
:Qachee:mergeReleaseResources
:Qachee:processReleaseManifest
:Qachee:processReleaseResources
:Qachee:generateReleaseSources
:Qachee:compileReleaseJavaNote: /tmp/rdisk/1276/src/Qachee-master/QacheeProject/Qachee/src/main/java/com/qachee/QacheeManager.java uses unchecked or unsafe operations.
Note: Recompile with -Xlint:unchecked for details.

:Qachee:extractReleaseAnnotations
:Qachee:mergeReleaseProguardFiles
:Qachee:processReleaseJavaRes UP-TO-DATE
:Qachee:packageReleaseJar
:Qachee:compileReleaseNdk
:Qachee:packageReleaseJniLibs UP-TO-DATE
:Qachee:packageReleaseLocalJar UP-TO-DATE
:Qachee:packageReleaseRenderscript UP-TO-DATE
:Qachee:packageReleaseResources
:Qachee:bundleRelease
:Qachee:assembleRelease
:Qachee:signArchives SKIPPED
:Qachee:assemble
:Qachee:build

BUILD SUCCESSFUL

Total time: 7.806 secs

2018-05-21 02:30:30,123 INFO  ProjectTaskService - Detecting possible tasks...
2018-05-21 02:30:30,123 INFO  SysUtils - Execute command: [/tmp/rdisk/1276/src/Qachee-master/QacheeProject/gradlew, -b, /tmp/rdisk/1276/src/Qachee-master/QacheeProject/QacheeSample/build.gradle, -Dorg.gradle.daemon=false, -Dorg.gradle.daemon.performance.enable-monitoring=false, -Dorg.gradle.configureondemand=true, tasks]
2018-05-21 02:30:37,302 INFO  ProjectTaskService - Detected possible tasks: 58
2018-05-21 02:30:37,303 INFO  ProjectTaskService - Excluded tasks (15): lintDebug androidJavadocs deviceCheck lint androidSourcesJar uninstallRelease installRelease connectedCheck uninstallAll androidJavadocsJar check connectedAndroidTest installDebug lintRelease uninstallDebug
2018-05-21 02:30:37,303 INFO  SysUtils - Execute command: [/tmp/rdisk/1276/src/Qachee-master/QacheeProject/gradlew, -b, /tmp/rdisk/1276/src/Qachee-master/QacheeProject/QacheeSample/build.gradle, -Dorg.gradle.daemon=false, -Dorg.gradle.daemon.performance.enable-monitoring=false, -Dorg.gradle.configureondemand=true, --stacktrace, -x, lintDebug, -x, androidJavadocs, -x, deviceCheck, -x, lint, -x, androidSourcesJar, -x, uninstallRelease, -x, installRelease, -x, connectedCheck, -x, uninstallAll, -x, androidJavadocsJar, -x, check, -x, connectedAndroidTest, -x, installDebug, -x, lintRelease, -x, uninstallDebug, build]
2018-05-21 02:30:44,311 ERROR SysUtils - Could not process external command
org.apache.commons.exec.ExecuteException: Process exited with an error: 1 (Exit value: 1)
	at org.apache.commons.exec.DefaultExecutor.executeInternal(DefaultExecutor.java:404)
	at org.apache.commons.exec.DefaultExecutor.execute(DefaultExecutor.java:166)
	at com.github.vbauer.apkmaster.util.SysUtils.execute(SysUtils.java:67)
	at com.github.vbauer.apkmaster.util.SysUtils.executeSimple(SysUtils.java:43)
	at com.github.vbauer.apkmaster.service.assembly.ProjectBuildService.buildProject(ProjectBuildService.java:78)
	at com.github.vbauer.apkmaster.service.assembly.ProjectBuildService.buildProject(ProjectBuildService.java:64)
	at com.github.vbauer.apkmaster.service.assembly.ProjectBuildService.buildProject(ProjectBuildService.java:43)
	at com.github.vbauer.apkmaster.service.FullProcessService.build(FullProcessService.java:84)
	at com.github.vbauer.apkmaster.service.FullProcessService.process(FullProcessService.java:34)
	at com.github.vbauer.apkmaster.app.MainApplication.process(MainApplication.java:38)
	at com.github.vbauer.apkmaster.app.MainApplication.main(MainApplication.java:20)
	at sun.reflect.GeneratedMethodAccessor9.invoke(Unknown Source)
	at sun.reflect.DelegatingMethodAccessorImpl.invoke(DelegatingMethodAccessorImpl.java:43)
	at java.lang.reflect.Method.invoke(Method.java:498)
	at com.android.arsenal.util.ReflectionUtils.invoke(ReflectionUtils.java:42)
	at com.android.arsenal.util.ApkMasterUtils.main(ApkMasterUtils.java:30)
	at com.android.arsenal.service.processor.impl.BuildProcessorServiceImpl.buildProject(BuildProcessorServiceImpl.java:197)
	at com.android.arsenal.service.processor.impl.BuildProcessorServiceImpl.build(BuildProcessorServiceImpl.java:131)
	at com.android.arsenal.service.processor.impl.BuildProcessorServiceImpl.lambda$null$1(BuildProcessorServiceImpl.java:114)
	at java.util.concurrent.FutureTask.run(FutureTask.java:266)
	at java.util.concurrent.Executors$RunnableAdapter.call(Executors.java:511)
	at java.util.concurrent.FutureTask.run(FutureTask.java:266)
	at java.util.concurrent.ThreadPoolExecutor.runWorker(ThreadPoolExecutor.java:1149)
	at java.util.concurrent.ThreadPoolExecutor$Worker.run(ThreadPoolExecutor.java:624)
	at java.lang.Thread.run(Thread.java:748)
2018-05-21 02:30:44,311 INFO  SysUtils - Configuration on demand is an incubating feature.

FAILURE: Build failed with an exception.

* What went wrong:
Task 'androidJavadocs' not found in project ':QacheeSample'.

* Try:
Run gradlew tasks to get a list of available tasks. Run with --info or --debug option to get more log output.

* Exception is:
org.gradle.execution.TaskSelectionException: Task 'androidJavadocs' not found in project ':QacheeSample'.
	at org.gradle.execution.TaskSelector.getSelection(TaskSelector.java:101)
	at org.gradle.execution.TaskSelector.getFilter(TaskSelector.java:64)
	at org.gradle.execution.ExcludedTaskFilteringBuildConfigurationAction.configure(ExcludedTaskFilteringBuildConfigurationAction.java:42)
	at org.gradle.execution.DefaultBuildExecuter.configure(DefaultBuildExecuter.java:42)
	at org.gradle.execution.DefaultBuildExecuter.access$100(DefaultBuildExecuter.java:23)
	at org.gradle.execution.DefaultBuildExecuter$1.proceed(DefaultBuildExecuter.java:48)
	at org.gradle.execution.DefaultTasksBuildExecutionAction.configure(DefaultTasksBuildExecutionAction.java:44)
	at org.gradle.execution.DefaultBuildExecuter.configure(DefaultBuildExecuter.java:42)
	at org.gradle.execution.DefaultBuildExecuter.select(DefaultBuildExecuter.java:35)
	at org.gradle.initialization.DefaultGradleLauncher.doBuildStages(DefaultGradleLauncher.java:142)
	at org.gradle.initialization.DefaultGradleLauncher.doBuild(DefaultGradleLauncher.java:106)
	at org.gradle.initialization.DefaultGradleLauncher.run(DefaultGradleLauncher.java:86)
	at org.gradle.launcher.exec.InProcessBuildActionExecuter$DefaultBuildController.run(InProcessBuildActionExecuter.java:80)
	at org.gradle.launcher.cli.ExecuteBuildAction.run(ExecuteBuildAction.java:33)
	at org.gradle.launcher.cli.ExecuteBuildAction.run(ExecuteBuildAction.java:24)
	at org.gradle.launcher.exec.InProcessBuildActionExecuter.execute(InProcessBuildActionExecuter.java:36)
	at org.gradle.launcher.exec.InProcessBuildActionExecuter.execute(InProcessBuildActionExecuter.java:26)
	at org.gradle.launcher.cli.RunBuildAction.run(RunBuildAction.java:51)
	at org.gradle.internal.Actions$RunnableActionAdapter.execute(Actions.java:171)
	at org.gradle.launcher.cli.CommandLineActionFactory$ParseAndBuildAction.execute(CommandLineActionFactory.java:237)
	at org.gradle.launcher.cli.CommandLineActionFactory$ParseAndBuildAction.execute(CommandLineActionFactory.java:210)
	at org.gradle.launcher.cli.JavaRuntimeValidationAction.execute(JavaRuntimeValidationAction.java:35)
	at org.gradle.launcher.cli.JavaRuntimeValidationAction.execute(JavaRuntimeValidationAction.java:24)
	at org.gradle.launcher.cli.CommandLineActionFactory$WithLogging.execute(CommandLineActionFactory.java:206)
	at org.gradle.launcher.cli.CommandLineActionFactory$WithLogging.execute(CommandLineActionFactory.java:169)
	at org.gradle.launcher.cli.ExceptionReportingAction.execute(ExceptionReportingAction.java:33)
	at org.gradle.launcher.cli.ExceptionReportingAction.execute(ExceptionReportingAction.java:22)
	at org.gradle.launcher.Main.doAction(Main.java:33)
	at org.gradle.launcher.bootstrap.EntryPoint.run(EntryPoint.java:45)
	at org.gradle.launcher.bootstrap.ProcessBootstrap.runNoExit(ProcessBootstrap.java:54)
	at org.gradle.launcher.bootstrap.ProcessBootstrap.run(ProcessBootstrap.java:35)
	at org.gradle.launcher.GradleMain.main(GradleMain.java:23)
	at org.gradle.wrapper.BootstrapMainStarter.start(BootstrapMainStarter.java:33)
	at org.gradle.wrapper.WrapperExecutor.execute(WrapperExecutor.java:130)
	at org.gradle.wrapper.GradleWrapperMain.main(GradleWrapperMain.java:48)


BUILD FAILED

Total time: 6.574 secs

2018-05-21 02:30:44,311 ERROR ProjectBuildService - Excluded tasks were detected wrong
2018-05-21 02:30:44,311 INFO  SysUtils - Execute command: [/tmp/rdisk/1276/src/Qachee-master/QacheeProject/gradlew, -b, /tmp/rdisk/1276/src/Qachee-master/QacheeProject/QacheeSample/build.gradle, -Dorg.gradle.daemon=false, -Dorg.gradle.daemon.performance.enable-monitoring=false, -Dorg.gradle.configureondemand=true, --stacktrace, build]
2018-05-21 02:31:10,615 ERROR SysUtils - Could not process external command
org.apache.commons.exec.ExecuteException: Process exited with an error: 1 (Exit value: 1)
	at org.apache.commons.exec.DefaultExecutor.executeInternal(DefaultExecutor.java:404)
	at org.apache.commons.exec.DefaultExecutor.execute(DefaultExecutor.java:166)
	at com.github.vbauer.apkmaster.util.SysUtils.execute(SysUtils.java:67)
	at com.github.vbauer.apkmaster.util.SysUtils.executeSimple(SysUtils.java:43)
	at com.github.vbauer.apkmaster.service.assembly.ProjectBuildService.buildProject(ProjectBuildService.java:78)
	at com.github.vbauer.apkmaster.service.assembly.ProjectBuildService.buildProject(ProjectBuildService.java:69)
	at com.github.vbauer.apkmaster.service.assembly.ProjectBuildService.buildProject(ProjectBuildService.java:43)
	at com.github.vbauer.apkmaster.service.FullProcessService.build(FullProcessService.java:84)
	at com.github.vbauer.apkmaster.service.FullProcessService.process(FullProcessService.java:34)
	at com.github.vbauer.apkmaster.app.MainApplication.process(MainApplication.java:38)
	at com.github.vbauer.apkmaster.app.MainApplication.main(MainApplication.java:20)
	at sun.reflect.GeneratedMethodAccessor9.invoke(Unknown Source)
	at sun.reflect.DelegatingMethodAccessorImpl.invoke(DelegatingMethodAccessorImpl.java:43)
	at java.lang.reflect.Method.invoke(Method.java:498)
	at com.android.arsenal.util.ReflectionUtils.invoke(ReflectionUtils.java:42)
	at com.android.arsenal.util.ApkMasterUtils.main(ApkMasterUtils.java:30)
	at com.android.arsenal.service.processor.impl.BuildProcessorServiceImpl.buildProject(BuildProcessorServiceImpl.java:197)
	at com.android.arsenal.service.processor.impl.BuildProcessorServiceImpl.build(BuildProcessorServiceImpl.java:131)
	at com.android.arsenal.service.processor.impl.BuildProcessorServiceImpl.lambda$null$1(BuildProcessorServiceImpl.java:114)
	at java.util.concurrent.FutureTask.run(FutureTask.java:266)
	at java.util.concurrent.Executors$RunnableAdapter.call(Executors.java:511)
	at java.util.concurrent.FutureTask.run(FutureTask.java:266)
	at java.util.concurrent.ThreadPoolExecutor.runWorker(ThreadPoolExecutor.java:1149)
	at java.util.concurrent.ThreadPoolExecutor$Worker.run(ThreadPoolExecutor.java:624)
	at java.lang.Thread.run(Thread.java:748)
2018-05-21 02:31:10,616 INFO  SysUtils - Configuration on demand is an incubating feature.
:QacheeSample:preBuild
:QacheeSample:compileDebugNdk
:Qachee:compileLint
:Qachee:copyReleaseLint UP-TO-DATE
:Qachee:preBuild
:Qachee:preReleaseBuild
:Qachee:checkReleaseManifest
:Qachee:preDebugBuild
:Qachee:preDebugTestBuild
:Qachee:prepareComAndroidSupportSupportV42103Library UP-TO-DATE
:Qachee:prepareReleaseDependencies
:Qachee:compileReleaseAidl UP-TO-DATE
:Qachee:compileReleaseRenderscript UP-TO-DATE
:Qachee:generateReleaseBuildConfig UP-TO-DATE
:Qachee:generateReleaseAssets UP-TO-DATE
:Qachee:mergeReleaseAssets UP-TO-DATE
:Qachee:generateReleaseResValues UP-TO-DATE
:Qachee:generateReleaseResources UP-TO-DATE
:Qachee:mergeReleaseResources UP-TO-DATE
:Qachee:processReleaseManifest UP-TO-DATE
:Qachee:processReleaseResources UP-TO-DATE
:Qachee:generateReleaseSources UP-TO-DATE
:Qachee:compileReleaseJava UP-TO-DATE
:Qachee:extractReleaseAnnotations UP-TO-DATE
:Qachee:mergeReleaseProguardFiles UP-TO-DATE
:Qachee:processReleaseJavaRes UP-TO-DATE
:Qachee:packageReleaseJar UP-TO-DATE
:Qachee:compileReleaseNdk UP-TO-DATE
:Qachee:packageReleaseJniLibs UP-TO-DATE
:Qachee:packageReleaseLocalJar UP-TO-DATE
:Qachee:packageReleaseRenderscript UP-TO-DATE
:Qachee:packageReleaseResources UP-TO-DATE
:Qachee:bundleRelease UP-TO-DATE
:QacheeSample:preDebugBuild
:QacheeSample:checkDebugManifest
:QacheeSample:preReleaseBuild
:QacheeSample:prepareComAndroidSupportAppcompatV72103Library
:QacheeSample:prepareComAndroidSupportSupportV42103Library
:QacheeSample:prepareQacheeProjectQacheeUnspecifiedLibrary
:QacheeSample:prepareDebugDependencies
:QacheeSample:compileDebugAidl
:QacheeSample:compileDebugRenderscript
:QacheeSample:generateDebugBuildConfig
:QacheeSample:generateDebugAssets UP-TO-DATE
:QacheeSample:mergeDebugAssets
:QacheeSample:generateDebugResValues
:QacheeSample:generateDebugResources
:QacheeSample:mergeDebugResources/tmp/rdisk/1276/src/Qachee-master/QacheeProject/QacheeSample/build/intermediates/exploded-aar/com.android.support/appcompat-v7/21.0.3/res/drawable-xhdpi/abc_ab_share_pack_holo_dark.9.png: libpng warning: iCCP: Not recognizing known sRGB profile that has been edited
/tmp/rdisk/1276/src/Qachee-master/QacheeProject/QacheeSample/build/intermediates/exploded-aar/com.android.support/appcompat-v7/21.0.3/res/drawable-hdpi/abc_spinner_mtrl_am_alpha.9.png: libpng warning: iCCP: Not recognizing known sRGB profile that has been edited
/tmp/rdisk/1276/src/Qachee-master/QacheeProject/QacheeSample/build/intermediates/exploded-aar/com.android.support/appcompat-v7/21.0.3/res/drawable-mdpi/abc_ab_share_pack_holo_dark.9.png: libpng warning: iCCP: Not recognizing known sRGB profile that has been edited
/tmp/rdisk/1276/src/Qachee-master/QacheeProject/QacheeSample/build/intermediates/exploded-aar/com.android.support/appcompat-v7/21.0.3/res/drawable-hdpi/abc_ab_share_pack_holo_light.9.png: libpng warning: iCCP: Not recognizing known sRGB profile that has been edited
/tmp/rdisk/1276/src/Qachee-master/QacheeProject/QacheeSample/build/intermediates/exploded-aar/com.android.support/appcompat-v7/21.0.3/res/drawable-hdpi/abc_ab_share_pack_holo_dark.9.png: libpng warning: iCCP: Not recognizing known sRGB profile that has been edited
/tmp/rdisk/1276/src/Qachee-master/QacheeProject/QacheeSample/build/intermediates/exploded-aar/com.android.support/appcompat-v7/21.0.3/res/drawable-xhdpi/abc_ab_share_pack_holo_light.9.png: libpng warning: iCCP: Not recognizing known sRGB profile that has been edited

:QacheeSample:processDebugManifest
:QacheeSample:processDebugResources
:QacheeSample:generateDebugSources
:QacheeSample:compileDebugJava
:QacheeSample:preDexDebug
:QacheeSample:dexDebug
:QacheeSample:processDebugJavaRes UP-TO-DATE
:QacheeSample:validateDebugSigning
:QacheeSample:packageDebug
:QacheeSample:zipalignDebug
:QacheeSample:assembleDebug
:QacheeSample:checkReleaseManifest
:QacheeSample:prepareReleaseDependencies
:QacheeSample:compileReleaseAidl
:QacheeSample:compileReleaseRenderscript
:QacheeSample:generateReleaseBuildConfig
:QacheeSample:generateReleaseAssets UP-TO-DATE
:QacheeSample:mergeReleaseAssets
:QacheeSample:generateReleaseResValues
:QacheeSample:generateReleaseResources
:QacheeSample:mergeReleaseResources/tmp/rdisk/1276/src/Qachee-master/QacheeProject/QacheeSample/build/intermediates/exploded-aar/com.android.support/appcompat-v7/21.0.3/res/drawable-xhdpi/abc_ab_share_pack_holo_dark.9.png: libpng warning: iCCP: Not recognizing known sRGB profile that has been edited
/tmp/rdisk/1276/src/Qachee-master/QacheeProject/QacheeSample/build/intermediates/exploded-aar/com.android.support/appcompat-v7/21.0.3/res/drawable-hdpi/abc_spinner_mtrl_am_alpha.9.png: libpng warning: iCCP: Not recognizing known sRGB profile that has been edited
/tmp/rdisk/1276/src/Qachee-master/QacheeProject/QacheeSample/build/intermediates/exploded-aar/com.android.support/appcompat-v7/21.0.3/res/drawable-mdpi/abc_ab_share_pack_holo_dark.9.png: libpng warning: iCCP: Not recognizing known sRGB profile that has been edited
/tmp/rdisk/1276/src/Qachee-master/QacheeProject/QacheeSample/build/intermediates/exploded-aar/com.android.support/appcompat-v7/21.0.3/res/drawable-hdpi/abc_ab_share_pack_holo_light.9.png: libpng warning: iCCP: Not recognizing known sRGB profile that has been edited
/tmp/rdisk/1276/src/Qachee-master/QacheeProject/QacheeSample/build/intermediates/exploded-aar/com.android.support/appcompat-v7/21.0.3/res/drawable-hdpi/abc_ab_share_pack_holo_dark.9.png: libpng warning: iCCP: Not recognizing known sRGB profile that has been edited
/tmp/rdisk/1276/src/Qachee-master/QacheeProject/QacheeSample/build/intermediates/exploded-aar/com.android.support/appcompat-v7/21.0.3/res/drawable-xhdpi/abc_ab_share_pack_holo_light.9.png: libpng warning: iCCP: Not recognizing known sRGB profile that has been edited

:QacheeSample:processReleaseManifest
:QacheeSample:processReleaseResources
:QacheeSample:generateReleaseSources
:QacheeSample:compileReleaseJava
:QacheeSample:lintVitalRelease SKIPPED
:QacheeSample:compileReleaseNdk
:QacheeSample:preDexRelease
:QacheeSample:dexRelease
:QacheeSample:processReleaseJavaRes UP-TO-DATE
:QacheeSample:validateReleaseSigning
:QacheeSample:packageRelease
:QacheeSample:zipalignRelease
:QacheeSample:assembleRelease
:QacheeSample:assemble
:QacheeSample:compileLint
:QacheeSample:lint
Ran lint on variant release: 12 issues found
Ran lint on variant debug: 12 issues found
Wrote HTML report to file:/tmp/rdisk/1276/src/Qachee-master/QacheeProject/QacheeSample/build/outputs/lint-results.html
Wrote XML report to /tmp/rdisk/1276/src/Qachee-master/QacheeProject/QacheeSample/build/outputs/lint-results.xml
:QacheeSample:lint FAILED

FAILURE: Build failed with an exception.

* What went wrong:
Execution failed for task ':QacheeSample:lint'.
> Lint found errors in the project; aborting build.
  
  Fix the issues identified by lint, or add the following to your build script to proceed with errors:
  ...
  android {
      lintOptions {
          abortOnError false
      }
  }
  ...

* Try:
Run with --info or --debug option to get more log output.

* Exception is:
org.gradle.api.tasks.TaskExecutionException: Execution failed for task ':QacheeSample:lint'.
	at org.gradle.api.internal.tasks.execution.ExecuteActionsTaskExecuter.executeActions(ExecuteActionsTaskExecuter.java:69)
	at org.gradle.api.internal.tasks.execution.ExecuteActionsTaskExecuter.execute(ExecuteActionsTaskExecuter.java:46)
	at org.gradle.api.internal.tasks.execution.PostExecutionAnalysisTaskExecuter.execute(PostExecutionAnalysisTaskExecuter.java:35)
	at org.gradle.api.internal.tasks.execution.SkipUpToDateTaskExecuter.execute(SkipUpToDateTaskExecuter.java:64)
	at org.gradle.api.internal.tasks.execution.ValidatingTaskExecuter.execute(ValidatingTaskExecuter.java:58)
	at org.gradle.api.internal.tasks.execution.SkipEmptySourceFilesTaskExecuter.execute(SkipEmptySourceFilesTaskExecuter.java:42)
	at org.gradle.api.internal.tasks.execution.SkipTaskWithNoActionsExecuter.execute(SkipTaskWithNoActionsExecuter.java:52)
	at org.gradle.api.internal.tasks.execution.SkipOnlyIfTaskExecuter.execute(SkipOnlyIfTaskExecuter.java:53)
	at org.gradle.api.internal.tasks.execution.ExecuteAtMostOnceTaskExecuter.execute(ExecuteAtMostOnceTaskExecuter.java:43)
	at org.gradle.api.internal.AbstractTask.executeWithoutThrowingTaskFailure(AbstractTask.java:305)
	at org.gradle.execution.taskgraph.AbstractTaskPlanExecutor$TaskExecutorWorker.executeTask(AbstractTaskPlanExecutor.java:79)
	at org.gradle.execution.taskgraph.AbstractTaskPlanExecutor$TaskExecutorWorker.processTask(AbstractTaskPlanExecutor.java:63)
	at org.gradle.execution.taskgraph.AbstractTaskPlanExecutor$TaskExecutorWorker.run(AbstractTaskPlanExecutor.java:51)
	at org.gradle.execution.taskgraph.DefaultTaskPlanExecutor.process(DefaultTaskPlanExecutor.java:23)
	at org.gradle.execution.taskgraph.DefaultTaskGraphExecuter.execute(DefaultTaskGraphExecuter.java:88)
	at org.gradle.execution.SelectedTaskExecutionAction.execute(SelectedTaskExecutionAction.java:29)
	at org.gradle.execution.DefaultBuildExecuter.execute(DefaultBuildExecuter.java:62)
	at org.gradle.execution.DefaultBuildExecuter.access$200(DefaultBuildExecuter.java:23)
	at org.gradle.execution.DefaultBuildExecuter$2.proceed(DefaultBuildExecuter.java:68)
	at org.gradle.execution.DryRunBuildExecutionAction.execute(DryRunBuildExecutionAction.java:32)
	at org.gradle.execution.DefaultBuildExecuter.execute(DefaultBuildExecuter.java:62)
	at org.gradle.execution.DefaultBuildExecuter.execute(DefaultBuildExecuter.java:55)
	at org.gradle.initialization.DefaultGradleLauncher.doBuildStages(DefaultGradleLauncher.java:149)
	at org.gradle.initialization.DefaultGradleLauncher.doBuild(DefaultGradleLauncher.java:106)
	at org.gradle.initialization.DefaultGradleLauncher.run(DefaultGradleLauncher.java:86)
	at org.gradle.launcher.exec.InProcessBuildActionExecuter$DefaultBuildController.run(InProcessBuildActionExecuter.java:80)
	at org.gradle.launcher.cli.ExecuteBuildAction.run(ExecuteBuildAction.java:33)
	at org.gradle.launcher.cli.ExecuteBuildAction.run(ExecuteBuildAction.java:24)
	at org.gradle.launcher.exec.InProcessBuildActionExecuter.execute(InProcessBuildActionExecuter.java:36)
	at org.gradle.launcher.exec.InProcessBuildActionExecuter.execute(InProcessBuildActionExecuter.java:26)
	at org.gradle.launcher.cli.RunBuildAction.run(RunBuildAction.java:51)
	at org.gradle.internal.Actions$RunnableActionAdapter.execute(Actions.java:171)
	at org.gradle.launcher.cli.CommandLineActionFactory$ParseAndBuildAction.execute(CommandLineActionFactory.java:237)
	at org.gradle.launcher.cli.CommandLineActionFactory$ParseAndBuildAction.execute(CommandLineActionFactory.java:210)
	at org.gradle.launcher.cli.JavaRuntimeValidationAction.execute(JavaRuntimeValidationAction.java:35)
	at org.gradle.launcher.cli.JavaRuntimeValidationAction.execute(JavaRuntimeValidationAction.java:24)
	at org.gradle.launcher.cli.CommandLineActionFactory$WithLogging.execute(CommandLineActionFactory.java:206)
	at org.gradle.launcher.cli.CommandLineActionFactory$WithLogging.execute(CommandLineActionFactory.java:169)
	at org.gradle.launcher.cli.ExceptionReportingAction.execute(ExceptionReportingAction.java:33)
	at org.gradle.launcher.cli.ExceptionReportingAction.execute(ExceptionReportingAction.java:22)
	at org.gradle.launcher.Main.doAction(Main.java:33)
	at org.gradle.launcher.bootstrap.EntryPoint.run(EntryPoint.java:45)
	at org.gradle.launcher.bootstrap.ProcessBootstrap.runNoExit(ProcessBootstrap.java:54)
	at org.gradle.launcher.bootstrap.ProcessBootstrap.run(ProcessBootstrap.java:35)
	at org.gradle.launcher.GradleMain.main(GradleMain.java:23)
	at org.gradle.wrapper.BootstrapMainStarter.start(BootstrapMainStarter.java:33)
	at org.gradle.wrapper.WrapperExecutor.execute(WrapperExecutor.java:130)
	at org.gradle.wrapper.GradleWrapperMain.main(GradleWrapperMain.java:48)
Caused by: org.gradle.api.GradleException: Lint found errors in the project; aborting build.

Fix the issues identified by lint, or add the following to your build script to proceed with errors:
...
android {
    lintOptions {
        abortOnError false
    }
}
...
	at com.android.build.gradle.tasks.Lint.abort(Lint.groovy:157)
	at com.android.build.gradle.tasks.Lint.lintAllVariants(Lint.groovy:122)
	at com.android.build.gradle.tasks.Lint$lintAllVariants$2.callCurrent(Unknown Source)
	at com.android.build.gradle.tasks.Lint.lint(Lint.groovy:67)
	at org.gradle.internal.reflect.JavaMethod.invoke(JavaMethod.java:63)
	at org.gradle.api.internal.project.taskfactory.AnnotationProcessingTaskFactory$StandardTaskAction.doExecute(AnnotationProcessingTaskFactory.java:218)
	at org.gradle.api.internal.project.taskfactory.AnnotationProcessingTaskFactory$StandardTaskAction.execute(AnnotationProcessingTaskFactory.java:211)
	at org.gradle.api.internal.project.taskfactory.AnnotationProcessingTaskFactory$StandardTaskAction.execute(AnnotationProcessingTaskFactory.java:200)
	at org.gradle.api.internal.AbstractTask$TaskActionWrapper.execute(AbstractTask.java:579)
	at org.gradle.api.internal.AbstractTask$TaskActionWrapper.execute(AbstractTask.java:562)
	at org.gradle.api.internal.tasks.execution.ExecuteActionsTaskExecuter.executeAction(ExecuteActionsTaskExecuter.java:80)
	at org.gradle.api.internal.tasks.execution.ExecuteActionsTaskExecuter.executeActions(ExecuteActionsTaskExecuter.java:61)
	... 47 more


BUILD FAILED

Total time: 25.859 secs

2018-05-21 02:31:10,660 INFO  FullProcessService - Found APK file: /tmp/rdisk/1276/src/Qachee-master/QacheeProject/QacheeSample/build/outputs/apk/QacheeSample-release.apk
