2018-04-06 17:00:26,502 INFO  DownloadService - Downloading "https://github.com/carlonzo/StikkyHeader/archive/master.zip", attempt 3
2018-04-06 17:01:27,003 INFO  GithubDownloadService - Could not find ZIP archive for master branch
2018-04-06 17:01:27,662 INFO  GithubDownloadService - Default branch of this repository: develop
2018-04-06 17:01:27,662 INFO  DownloadService - Downloading "https://github.com/carlonzo/StikkyHeader/archive/develop.zip", attempt 3
2018-04-06 17:02:29,275 DEBUG FullProcessService - Repository https://github.com/carlonzo/StikkyHeader available: true
2018-04-06 17:02:29,275 INFO  FullProcessService - Could not download ZIP file from Github, lets clone it
2018-04-06 17:02:29,275 INFO  SysUtils - Execute command: [git, clone, -q, --single-branch, --depth, 1, https://github.com/carlonzo/StikkyHeader, /tmp/rdisk/1414/src]
2018-04-06 17:02:31,195 INFO  SysUtils - 
2018-04-06 17:02:31,211 INFO  GitService - Deleted "/tmp/rdisk/1414/src/.git": true
2018-04-06 17:02:31,213 INFO  FullProcessService - Size of directory with sources: 818 KB
2018-04-06 17:02:31,213 INFO  SysUtils - Execute command: [git, init, /tmp/rdisk/1414/src]
2018-04-06 17:02:31,226 INFO  SysUtils - Initialized empty Git repository in /tmp/rdisk/1414/src/.git/

2018-04-06 17:02:31,228 INFO  ProjectBuildService - Gradle wrapper(s): /tmp/rdisk/1414/src/gradlew
2018-04-06 17:02:31,230 INFO  ProjectBuildService - Build script(s): /tmp/rdisk/1414/src/core/build.gradle /tmp/rdisk/1414/src/example/build.gradle /tmp/rdisk/1414/src/build.gradle
2018-04-06 17:02:31,233 INFO  ProjectBuildService - All script(s): /tmp/rdisk/1414/src/settings.gradle /tmp/rdisk/1414/src/example/build.gradle /tmp/rdisk/1414/src/core/gradle-mvn-push.gradle /tmp/rdisk/1414/src/core/build.gradle /tmp/rdisk/1414/src/build.gradle
2018-04-06 17:02:31,233 INFO  ProjectBuildService - Remote scripts: none
2018-04-06 17:02:31,233 INFO  ProjectFixService - Fixing project...
2018-04-06 17:02:31,259 INFO  LocalPropertiesFixService - Created fake /tmp/rdisk/1414/src/core/local.properties
2018-04-06 17:02:31,259 INFO  ProjectFixService - Build info for "/tmp/rdisk/1414/src/core/build.gradle": [buildToolsVersion=23,compileSdkVersion=23,minSdkVersion=7,targetSdkVersion=23]
2018-04-06 17:02:31,260 INFO  ProjectFixService - Fixed build info for "/tmp/rdisk/1414/src/core/build.gradle": [buildToolsVersion=19.1.0,compileSdkVersion=23,minSdkVersion=7,targetSdkVersion=23]
2018-04-06 17:02:31,260 INFO  LocalPropertiesFixService - Created fake /tmp/rdisk/1414/src/example/local.properties
2018-04-06 17:02:31,260 INFO  ProjectFixService - Build info for "/tmp/rdisk/1414/src/example/build.gradle": [buildToolsVersion=23,compileSdkVersion=23,minSdkVersion=7,targetSdkVersion=23]
2018-04-06 17:02:31,261 INFO  ProjectFixService - Fixed build info for "/tmp/rdisk/1414/src/example/build.gradle": [buildToolsVersion=19.1.0,compileSdkVersion=23,minSdkVersion=7,targetSdkVersion=23]
2018-04-06 17:02:31,261 INFO  LocalPropertiesFixService - Created fake /tmp/rdisk/1414/src/local.properties
2018-04-06 17:02:31,264 INFO  WrapperPropertiesFixService - Gradle wrapper: https://services.gradle.org/distributions/gradle-2.6-all.zip
2018-04-06 17:02:31,264 INFO  WrapperPropertiesFixService - Gradle wrapper was changed from "-all.zip" to "-bin.zip" (https://services.gradle.org/distributions/gradle-2.6-bin.zip)
2018-04-06 17:02:31,265 INFO  ProjectFixService - Build info for "/tmp/rdisk/1414/src/build.gradle": [buildToolsVersion=19.1.0,compileSdkVersion=23,minSdkVersion=7,targetSdkVersion=23]
2018-04-06 17:02:31,265 INFO  ProjectFixService - Project was maybe fixed
2018-04-06 17:02:31,265 INFO  ProjectTaskService - Detecting possible tasks...
2018-04-06 17:02:31,265 INFO  SysUtils - Execute command: [/tmp/rdisk/1414/src/gradlew, -b, /tmp/rdisk/1414/src/core/build.gradle, -Dorg.gradle.daemon=false, -Dorg.gradle.daemon.performance.enable-monitoring=false, -Dorg.gradle.configureondemand=true, tasks]
2018-04-06 17:02:46,675 ERROR ProjectTaskService - Could not detect possible Gradle tasks: Process exited with an error: 1 (Exit value: 1)
2018-04-06 17:02:46,675 INFO  ProjectTaskService - Detected possible tasks: 0
2018-04-06 17:02:46,675 INFO  ProjectTaskService - Excluded tasks (0): none
2018-04-06 17:02:46,675 INFO  SysUtils - Execute command: [/tmp/rdisk/1414/src/gradlew, -b, /tmp/rdisk/1414/src/core/build.gradle, -Dorg.gradle.daemon=false, -Dorg.gradle.daemon.performance.enable-monitoring=false, -Dorg.gradle.configureondemand=true, --stacktrace, build]
2018-04-06 17:02:54,656 ERROR SysUtils - Could not process external command
org.apache.commons.exec.ExecuteException: Process exited with an error: 1 (Exit value: 1)
	at org.apache.commons.exec.DefaultExecutor.executeInternal(DefaultExecutor.java:404)
	at org.apache.commons.exec.DefaultExecutor.execute(DefaultExecutor.java:166)
	at com.github.vbauer.apkmaster.util.SysUtils.execute(SysUtils.java:67)
	at com.github.vbauer.apkmaster.util.SysUtils.executeSimple(SysUtils.java:43)
	at com.github.vbauer.apkmaster.service.assembly.ProjectBuildService.buildProject(ProjectBuildService.java:78)
	at com.github.vbauer.apkmaster.service.assembly.ProjectBuildService.buildProject(ProjectBuildService.java:64)
	at com.github.vbauer.apkmaster.service.assembly.ProjectBuildService.buildProject(ProjectBuildService.java:43)
	at com.github.vbauer.apkmaster.service.FullProcessService.build(FullProcessService.java:84)
	at com.github.vbauer.apkmaster.service.FullProcessService.process(FullProcessService.java:34)
	at com.github.vbauer.apkmaster.app.MainApplication.process(MainApplication.java:38)
	at com.github.vbauer.apkmaster.app.MainApplication.main(MainApplication.java:20)
	at sun.reflect.GeneratedMethodAccessor9.invoke(Unknown Source)
	at sun.reflect.DelegatingMethodAccessorImpl.invoke(DelegatingMethodAccessorImpl.java:43)
	at java.lang.reflect.Method.invoke(Method.java:498)
	at com.android.arsenal.util.ReflectionUtils.invoke(ReflectionUtils.java:42)
	at com.android.arsenal.util.ApkMasterUtils.main(ApkMasterUtils.java:30)
	at com.android.arsenal.service.processor.impl.BuildProcessorServiceImpl.buildProject(BuildProcessorServiceImpl.java:197)
	at com.android.arsenal.service.processor.impl.BuildProcessorServiceImpl.build(BuildProcessorServiceImpl.java:131)
	at com.android.arsenal.service.processor.impl.BuildProcessorServiceImpl.lambda$null$1(BuildProcessorServiceImpl.java:114)
	at java.util.concurrent.FutureTask.run(FutureTask.java:266)
	at java.util.concurrent.Executors$RunnableAdapter.call(Executors.java:511)
	at java.util.concurrent.FutureTask.run(FutureTask.java:266)
	at java.util.concurrent.ThreadPoolExecutor.runWorker(ThreadPoolExecutor.java:1149)
	at java.util.concurrent.ThreadPoolExecutor$Worker.run(ThreadPoolExecutor.java:624)
	at java.lang.Thread.run(Thread.java:748)
2018-04-06 17:02:54,656 INFO  SysUtils - Configuration on demand is an incubating feature.
:core:androidJavadocs/tmp/rdisk/1414/src/core/src/main/java/it/carlom/stikkyheader/core/StikkyHeaderUtils.java:4: error: package android.support.annotation does not exist
import android.support.annotation.NonNull;
                                 ^
/tmp/rdisk/1414/src/core/src/main/java/it/carlom/stikkyheader/core/StikkyHeaderUtils.java:5: error: package android.support.annotation does not exist
import android.support.annotation.Nullable;
                                 ^
/tmp/rdisk/1414/src/core/src/main/java/it/carlom/stikkyheader/core/StikkyHeaderRecyclerView.java:5: error: package android.support.v7.widget does not exist
import android.support.v7.widget.GridLayoutManager;
                                ^
/tmp/rdisk/1414/src/core/src/main/java/it/carlom/stikkyheader/core/StikkyHeaderRecyclerView.java:6: error: package android.support.v7.widget does not exist
import android.support.v7.widget.LinearLayoutManager;
                                ^
/tmp/rdisk/1414/src/core/src/main/java/it/carlom/stikkyheader/core/StikkyHeaderRecyclerView.java:7: error: package android.support.v7.widget does not exist
import android.support.v7.widget.RecyclerView;
                                ^
/tmp/rdisk/1414/src/core/src/main/java/it/carlom/stikkyheader/core/StikkyHeaderRecyclerView.java:8: error: package android.support.v7.widget does not exist
import android.support.v7.widget.StaggeredGridLayoutManager;
                                ^
/tmp/rdisk/1414/src/core/src/main/java/it/carlom/stikkyheader/core/StikkyHeaderRecyclerView.java:14: error: cannot find symbol
    private RecyclerView mRecyclerView;
            ^
  symbol:   class RecyclerView
  location: class StikkyHeaderRecyclerView
/tmp/rdisk/1414/src/core/src/main/java/it/carlom/stikkyheader/core/StikkyHeaderRecyclerView.java:147: error: package RecyclerView does not exist
    private class OnScrollListenerStikky extends RecyclerView.OnScrollListener {
                                                             ^
/tmp/rdisk/1414/src/core/src/main/java/it/carlom/stikkyheader/core/StikkyHeaderRecyclerView.java:18: error: cannot find symbol
    StikkyHeaderRecyclerView(final Context context, final RecyclerView recyclerView, final View header, final int minHeightHeader, final HeaderAnimator headerAnimator) {
                                                          ^
  symbol:   class RecyclerView
  location: class StikkyHeaderRecyclerView
/tmp/rdisk/1414/src/core/src/main/java/it/carlom/stikkyheader/core/StikkyHeaderRecyclerView.java:150: error: cannot find symbol
        public void onScrolled(RecyclerView recyclerView, int dx, int dy) {
                               ^
  symbol:   class RecyclerView
  location: class StikkyHeaderRecyclerView.OnScrollListenerStikky
/tmp/rdisk/1414/src/core/src/main/java/it/carlom/stikkyheader/core/StikkyHeaderListView.java:5: error: package android.support.v4.widget does not exist
import android.support.v4.widget.Space;
                                ^
/tmp/rdisk/1414/src/core/src/main/java/it/carlom/stikkyheader/core/StikkyHeaderBuilder.java:4: error: package android.support.annotation does not exist
import android.support.annotation.DimenRes;
                                 ^
/tmp/rdisk/1414/src/core/src/main/java/it/carlom/stikkyheader/core/StikkyHeaderBuilder.java:5: error: package android.support.annotation does not exist
import android.support.annotation.IdRes;
                                 ^
/tmp/rdisk/1414/src/core/src/main/java/it/carlom/stikkyheader/core/StikkyHeaderBuilder.java:6: error: package android.support.v7.widget does not exist
import android.support.v7.widget.RecyclerView;
                                ^
/tmp/rdisk/1414/src/core/src/main/java/it/carlom/stikkyheader/core/StikkyHeaderBuilder.java:125: error: cannot find symbol
        private final RecyclerView mRecyclerView;
                      ^
  symbol:   class RecyclerView
  location: class RecyclerViewBuilder
/tmp/rdisk/1414/src/core/src/main/java/it/carlom/stikkyheader/core/StikkyCompat.java:7: error: package com.nineoldandroids.view does not exist
import com.nineoldandroids.view.ViewHelper;
                               ^
/tmp/rdisk/1414/src/core/src/main/java/it/carlom/stikkyheader/core/StikkyHeaderUtils.java:39: error: cannot find symbol
    public static void setOnTouchListenerOnHeader(@NonNull View header, @Nullable View scrollingView, @Nullable final View.OnTouchListener onTouchListenerOnHeaderDelegate, final boolean allowTouchBehindHeader) {
                                                   ^
  symbol:   class NonNull
  location: class StikkyHeaderUtils
/tmp/rdisk/1414/src/core/src/main/java/it/carlom/stikkyheader/core/StikkyHeaderUtils.java:39: error: cannot find symbol
    public static void setOnTouchListenerOnHeader(@NonNull View header, @Nullable View scrollingView, @Nullable final View.OnTouchListener onTouchListenerOnHeaderDelegate, final boolean allowTouchBehindHeader) {
                                                                         ^
  symbol:   class Nullable
  location: class StikkyHeaderUtils
/tmp/rdisk/1414/src/core/src/main/java/it/carlom/stikkyheader/core/StikkyHeaderUtils.java:39: error: cannot find symbol
    public static void setOnTouchListenerOnHeader(@NonNull View header, @Nullable View scrollingView, @Nullable final View.OnTouchListener onTouchListenerOnHeaderDelegate, final boolean allowTouchBehindHeader) {
                                                                                                       ^
  symbol:   class Nullable
  location: class StikkyHeaderUtils
/tmp/rdisk/1414/src/core/src/main/java/it/carlom/stikkyheader/core/StikkyHeaderBuilder.java:48: error: cannot find symbol
    public StikkyHeaderBuilder setHeader(@IdRes final int idHeader, final ViewGroup view) {
                                          ^
  symbol:   class IdRes
  location: class StikkyHeaderBuilder
/tmp/rdisk/1414/src/core/src/main/java/it/carlom/stikkyheader/core/StikkyHeaderBuilder.java:62: error: cannot find symbol
    public StikkyHeaderBuilder minHeightHeaderRes(@DimenRes final int resDimension) {
                                                   ^
  symbol:   class DimenRes
  location: class StikkyHeaderBuilder
/tmp/rdisk/1414/src/core/src/main/java/it/carlom/stikkyheader/core/StikkyHeaderBuilder.java:66: error: cannot find symbol
    public StikkyHeaderBuilder minHeightHeaderDim(@DimenRes final int resDimension) {
                                                   ^
  symbol:   class DimenRes
  location: class StikkyHeaderBuilder
/tmp/rdisk/1414/src/core/src/main/java/it/carlom/stikkyheader/core/animator/AnimatorBuilder.java:89: warning: no @param for viewToTranslate
    public AnimatorBuilder applyTranslation(View viewToTranslate, Point finalPoint, Interpolator interpolator) {
                           ^
/tmp/rdisk/1414/src/core/src/main/java/it/carlom/stikkyheader/core/animator/AnimatorBuilder.java:89: warning: no @param for finalPoint
    public AnimatorBuilder applyTranslation(View viewToTranslate, Point finalPoint, Interpolator interpolator) {
                           ^
/tmp/rdisk/1414/src/core/src/main/java/it/carlom/stikkyheader/core/animator/AnimatorBuilder.java:89: warning: no @param for interpolator
    public AnimatorBuilder applyTranslation(View viewToTranslate, Point finalPoint, Interpolator interpolator) {
                           ^
/tmp/rdisk/1414/src/core/src/main/java/it/carlom/stikkyheader/core/animator/AnimatorBuilder.java:89: warning: no @return
    public AnimatorBuilder applyTranslation(View viewToTranslate, Point finalPoint, Interpolator interpolator) {
                           ^
/tmp/rdisk/1414/src/core/src/main/java/it/carlom/stikkyheader/core/animator/AnimatorBuilder.java:143: warning: no description for @param
     * @param viewToParallax
       ^
/tmp/rdisk/1414/src/core/src/main/java/it/carlom/stikkyheader/core/animator/AnimatorBuilder.java:145: warning: no description for @return
     * @return
       ^
/tmp/rdisk/1414/src/core/src/main/java/it/carlom/stikkyheader/core/animator/HeaderStikkyAnimator.java:21: warning: no @return
    public AnimatorBuilder getAnimatorBuilder() {
                           ^
/tmp/rdisk/1414/src/core/src/main/java/it/carlom/stikkyheader/core/StikkyHeaderBuilder.java:62: warning: no @param for resDimension
    public StikkyHeaderBuilder minHeightHeaderRes(@DimenRes final int resDimension) {
                               ^
/tmp/rdisk/1414/src/core/src/main/java/it/carlom/stikkyheader/core/StikkyHeaderBuilder.java:62: warning: no @return
    public StikkyHeaderBuilder minHeightHeaderRes(@DimenRes final int resDimension) {
                               ^
/tmp/rdisk/1414/src/core/src/main/java/it/carlom/stikkyheader/core/StikkyHeaderBuilder.java:75: warning: no @param for minHeight
    public StikkyHeaderBuilder minHeightHeaderPixel(final int minHeight) {
                               ^
/tmp/rdisk/1414/src/core/src/main/java/it/carlom/stikkyheader/core/StikkyHeaderBuilder.java:75: warning: no @return
    public StikkyHeaderBuilder minHeightHeaderPixel(final int minHeight) {
                               ^
/tmp/rdisk/1414/src/core/src/main/java/it/carlom/stikkyheader/core/StikkyHeaderBuilder.java:94: warning: no @return
    public StikkyHeaderBuilder allowTouchBehindHeader(boolean allow) {
                               ^
javadoc: warning - Class IdRes not found.
javadoc: warning - Class DimenRes not found.
javadoc: warning - Class DimenRes not found.
/tmp/rdisk/1414/src/core/src/main/java/it/carlom/stikkyheader/core/StikkyHeaderTarget.java:8: error: self-closing element not allowed
 * <p/>
   ^
/tmp/rdisk/1414/src/core/src/main/java/it/carlom/stikkyheader/core/StikkyHeaderTarget.java:11: error: self-closing element not allowed
 * <p/>
   ^
javadoc: warning - Class NonNull not found.
javadoc: warning - Class Nullable not found.
javadoc: warning - Class Nullable not found.

2 errors
40 warnings
:core:androidJavadocs FAILED

FAILURE: Build failed with an exception.

* What went wrong:
Execution failed for task ':core:androidJavadocs'.
> Javadoc generation failed. Generated Javadoc options file (useful for troubleshooting): '/tmp/rdisk/1414/src/core/build/tmp/androidJavadocs/javadoc.options'

* Try:
Run with --info or --debug option to get more log output.

* Exception is:
org.gradle.api.tasks.TaskExecutionException: Execution failed for task ':core:androidJavadocs'.
	at org.gradle.api.internal.tasks.execution.ExecuteActionsTaskExecuter.executeActions(ExecuteActionsTaskExecuter.java:69)
	at org.gradle.api.internal.tasks.execution.ExecuteActionsTaskExecuter.execute(ExecuteActionsTaskExecuter.java:46)
	at org.gradle.api.internal.tasks.execution.PostExecutionAnalysisTaskExecuter.execute(PostExecutionAnalysisTaskExecuter.java:35)
	at org.gradle.api.internal.tasks.execution.SkipUpToDateTaskExecuter.execute(SkipUpToDateTaskExecuter.java:64)
	at org.gradle.api.internal.tasks.execution.ValidatingTaskExecuter.execute(ValidatingTaskExecuter.java:58)
	at org.gradle.api.internal.tasks.execution.SkipEmptySourceFilesTaskExecuter.execute(SkipEmptySourceFilesTaskExecuter.java:52)
	at org.gradle.api.internal.tasks.execution.SkipTaskWithNoActionsExecuter.execute(SkipTaskWithNoActionsExecuter.java:52)
	at org.gradle.api.internal.tasks.execution.SkipOnlyIfTaskExecuter.execute(SkipOnlyIfTaskExecuter.java:53)
	at org.gradle.api.internal.tasks.execution.ExecuteAtMostOnceTaskExecuter.execute(ExecuteAtMostOnceTaskExecuter.java:43)
	at org.gradle.execution.taskgraph.DefaultTaskGraphExecuter$EventFiringTaskWorker.execute(DefaultTaskGraphExecuter.java:203)
	at org.gradle.execution.taskgraph.DefaultTaskGraphExecuter$EventFiringTaskWorker.execute(DefaultTaskGraphExecuter.java:185)
	at org.gradle.execution.taskgraph.AbstractTaskPlanExecutor$TaskExecutorWorker.processTask(AbstractTaskPlanExecutor.java:62)
	at org.gradle.execution.taskgraph.AbstractTaskPlanExecutor$TaskExecutorWorker.run(AbstractTaskPlanExecutor.java:50)
	at org.gradle.execution.taskgraph.DefaultTaskPlanExecutor.process(DefaultTaskPlanExecutor.java:25)
	at org.gradle.execution.taskgraph.DefaultTaskGraphExecuter.execute(DefaultTaskGraphExecuter.java:110)
	at org.gradle.execution.SelectedTaskExecutionAction.execute(SelectedTaskExecutionAction.java:37)
	at org.gradle.execution.DefaultBuildExecuter.execute(DefaultBuildExecuter.java:37)
	at org.gradle.execution.DefaultBuildExecuter.access$000(DefaultBuildExecuter.java:23)
	at org.gradle.execution.DefaultBuildExecuter$1.proceed(DefaultBuildExecuter.java:43)
	at org.gradle.execution.DryRunBuildExecutionAction.execute(DryRunBuildExecutionAction.java:32)
	at org.gradle.execution.DefaultBuildExecuter.execute(DefaultBuildExecuter.java:37)
	at org.gradle.execution.DefaultBuildExecuter.execute(DefaultBuildExecuter.java:30)
	at org.gradle.initialization.DefaultGradleLauncher$4.run(DefaultGradleLauncher.java:158)
	at org.gradle.internal.Factories$1.create(Factories.java:22)
	at org.gradle.internal.progress.DefaultBuildOperationExecutor.run(DefaultBuildOperationExecutor.java:90)
	at org.gradle.internal.progress.DefaultBuildOperationExecutor.run(DefaultBuildOperationExecutor.java:52)
	at org.gradle.initialization.DefaultGradleLauncher.doBuildStages(DefaultGradleLauncher.java:155)
	at org.gradle.initialization.DefaultGradleLauncher.access$200(DefaultGradleLauncher.java:36)
	at org.gradle.initialization.DefaultGradleLauncher$1.create(DefaultGradleLauncher.java:103)
	at org.gradle.initialization.DefaultGradleLauncher$1.create(DefaultGradleLauncher.java:97)
	at org.gradle.internal.progress.DefaultBuildOperationExecutor.run(DefaultBuildOperationExecutor.java:90)
	at org.gradle.internal.progress.DefaultBuildOperationExecutor.run(DefaultBuildOperationExecutor.java:62)
	at org.gradle.initialization.DefaultGradleLauncher.doBuild(DefaultGradleLauncher.java:97)
	at org.gradle.initialization.DefaultGradleLauncher.run(DefaultGradleLauncher.java:86)
	at org.gradle.launcher.exec.InProcessBuildActionExecuter$DefaultBuildController.run(InProcessBuildActionExecuter.java:102)
	at org.gradle.tooling.internal.provider.ExecuteBuildActionRunner.run(ExecuteBuildActionRunner.java:28)
	at org.gradle.launcher.exec.ChainingBuildActionRunner.run(ChainingBuildActionRunner.java:35)
	at org.gradle.launcher.exec.InProcessBuildActionExecuter.execute(InProcessBuildActionExecuter.java:47)
	at org.gradle.launcher.exec.InProcessBuildActionExecuter.execute(InProcessBuildActionExecuter.java:32)
	at org.gradle.launcher.exec.ContinuousBuildActionExecuter.execute(ContinuousBuildActionExecuter.java:77)
	at org.gradle.launcher.exec.ContinuousBuildActionExecuter.execute(ContinuousBuildActionExecuter.java:47)
	at org.gradle.launcher.exec.DaemonUsageSuggestingBuildActionExecuter.execute(DaemonUsageSuggestingBuildActionExecuter.java:51)
	at org.gradle.launcher.exec.DaemonUsageSuggestingBuildActionExecuter.execute(DaemonUsageSuggestingBuildActionExecuter.java:28)
	at org.gradle.launcher.cli.RunBuildAction.run(RunBuildAction.java:43)
	at org.gradle.internal.Actions$RunnableActionAdapter.execute(Actions.java:170)
	at org.gradle.launcher.cli.CommandLineActionFactory$ParseAndBuildAction.execute(CommandLineActionFactory.java:237)
	at org.gradle.launcher.cli.CommandLineActionFactory$ParseAndBuildAction.execute(CommandLineActionFactory.java:210)
	at org.gradle.launcher.cli.JavaRuntimeValidationAction.execute(JavaRuntimeValidationAction.java:35)
	at org.gradle.launcher.cli.JavaRuntimeValidationAction.execute(JavaRuntimeValidationAction.java:24)
	at org.gradle.launcher.cli.CommandLineActionFactory$WithLogging.execute(CommandLineActionFactory.java:206)
	at org.gradle.launcher.cli.CommandLineActionFactory$WithLogging.execute(CommandLineActionFactory.java:169)
	at org.gradle.launcher.cli.ExceptionReportingAction.execute(ExceptionReportingAction.java:33)
	at org.gradle.launcher.cli.ExceptionReportingAction.execute(ExceptionReportingAction.java:22)
	at org.gradle.launcher.Main.doAction(Main.java:33)
	at org.gradle.launcher.bootstrap.EntryPoint.run(EntryPoint.java:45)
	at org.gradle.launcher.bootstrap.ProcessBootstrap.runNoExit(ProcessBootstrap.java:54)
	at org.gradle.launcher.bootstrap.ProcessBootstrap.run(ProcessBootstrap.java:35)
	at org.gradle.launcher.GradleMain.main(GradleMain.java:23)
	at org.gradle.wrapper.BootstrapMainStarter.start(BootstrapMainStarter.java:33)
	at org.gradle.wrapper.WrapperExecutor.execute(WrapperExecutor.java:130)
	at org.gradle.wrapper.GradleWrapperMain.main(GradleWrapperMain.java:48)
Caused by: org.gradle.api.GradleException: Javadoc generation failed. Generated Javadoc options file (useful for troubleshooting): '/tmp/rdisk/1414/src/core/build/tmp/androidJavadocs/javadoc.options'
	at org.gradle.api.tasks.javadoc.internal.JavadocGenerator.execute(JavadocGenerator.java:57)
	at org.gradle.api.tasks.javadoc.internal.JavadocGenerator.execute(JavadocGenerator.java:31)
	at org.gradle.api.tasks.javadoc.Javadoc.executeExternalJavadoc(Javadoc.java:143)
	at org.gradle.api.tasks.javadoc.Javadoc.generate(Javadoc.java:131)
	at org.gradle.internal.reflect.JavaMethod.invoke(JavaMethod.java:75)
	at org.gradle.api.internal.project.taskfactory.AnnotationProcessingTaskFactory$StandardTaskAction.doExecute(AnnotationProcessingTaskFactory.java:226)
	at org.gradle.api.internal.project.taskfactory.AnnotationProcessingTaskFactory$StandardTaskAction.execute(AnnotationProcessingTaskFactory.java:219)
	at org.gradle.api.internal.project.taskfactory.AnnotationProcessingTaskFactory$StandardTaskAction.execute(AnnotationProcessingTaskFactory.java:208)
	at org.gradle.api.internal.AbstractTask$TaskActionWrapper.execute(AbstractTask.java:585)
	at org.gradle.api.internal.AbstractTask$TaskActionWrapper.execute(AbstractTask.java:568)
	at org.gradle.api.internal.tasks.execution.ExecuteActionsTaskExecuter.executeAction(ExecuteActionsTaskExecuter.java:80)
	at org.gradle.api.internal.tasks.execution.ExecuteActionsTaskExecuter.executeActions(ExecuteActionsTaskExecuter.java:61)
	... 60 more
Caused by: org.gradle.process.internal.ExecException: Process 'command '/usr/lib/jvm/java-8-oracle/bin/javadoc'' finished with non-zero exit value 1
	at org.gradle.process.internal.DefaultExecHandle$ExecResultImpl.assertNormalExitValue(DefaultExecHandle.java:366)
	at org.gradle.process.internal.DefaultExecAction.execute(DefaultExecAction.java:31)
	at org.gradle.api.tasks.javadoc.internal.JavadocGenerator.execute(JavadocGenerator.java:52)
	... 71 more


BUILD FAILED

Total time: 7.547 secs

2018-04-06 17:02:54,661 INFO  ProjectTaskService - Detecting possible tasks...
2018-04-06 17:02:54,661 INFO  SysUtils - Execute command: [/tmp/rdisk/1414/src/gradlew, -b, /tmp/rdisk/1414/src/example/build.gradle, -Dorg.gradle.daemon=false, -Dorg.gradle.daemon.performance.enable-monitoring=false, -Dorg.gradle.configureondemand=true, tasks]
2018-04-06 17:03:01,561 INFO  ProjectTaskService - Detected possible tasks: 65
2018-04-06 17:03:01,562 INFO  ProjectTaskService - Excluded tasks (19): lintDebug mockableAndroidJar deviceCheck lint testReleaseUnitTest uninstallRelease deviceAndroidTest uninstallDebugAndroidTest installDebugAndroidTest connectedCheck connectedDebugAndroidTest uninstallAll test check testDebugUnitTest connectedAndroidTest installDebug lintRelease uninstallDebug
2018-04-06 17:03:01,562 INFO  SysUtils - Execute command: [/tmp/rdisk/1414/src/gradlew, -b, /tmp/rdisk/1414/src/example/build.gradle, -Dorg.gradle.daemon=false, -Dorg.gradle.daemon.performance.enable-monitoring=false, -Dorg.gradle.configureondemand=true, --stacktrace, -x, lintDebug, -x, mockableAndroidJar, -x, deviceCheck, -x, lint, -x, testReleaseUnitTest, -x, uninstallRelease, -x, deviceAndroidTest, -x, uninstallDebugAndroidTest, -x, installDebugAndroidTest, -x, connectedCheck, -x, connectedDebugAndroidTest, -x, uninstallAll, -x, test, -x, check, -x, testDebugUnitTest, -x, connectedAndroidTest, -x, installDebug, -x, lintRelease, -x, uninstallDebug, build]
2018-04-06 17:03:30,707 INFO  SysUtils - Configuration on demand is an incubating feature.
:core:compileLint
:core:copyReleaseLint UP-TO-DATE
:core:preBuild UP-TO-DATE
:core:preReleaseBuild UP-TO-DATE
:core:checkReleaseManifest
:core:preDebugAndroidTestBuild UP-TO-DATE
:core:preDebugBuild UP-TO-DATE
:core:preDebugUnitTestBuild UP-TO-DATE
:core:preReleaseUnitTestBuild UP-TO-DATE
:core:prepareComAndroidSupportRecyclerviewV72300Library
:core:prepareComAndroidSupportSupportV42300Library
:core:prepareReleaseDependencies
:core:compileReleaseAidl
:core:compileReleaseRenderscript
:core:generateReleaseBuildConfig
:core:generateReleaseAssets UP-TO-DATE
:core:mergeReleaseAssets
:core:generateReleaseResValues
:core:generateReleaseResources
:core:mergeReleaseResources
:core:processReleaseManifest
:core:processReleaseResources
:core:generateReleaseSources
:core:processReleaseJavaRes UP-TO-DATE
:core:compileReleaseJavaWithJavacNote: /tmp/rdisk/1414/src/core/src/main/java/it/carlom/stikkyheader/core/StikkyHeaderUtils.java uses or overrides a deprecated API.
Note: Recompile with -Xlint:deprecation for details.

:core:extractReleaseAnnotations
:core:mergeReleaseProguardFiles
:core:packageReleaseJar
:core:compileReleaseNdk UP-TO-DATE
:core:packageReleaseJniLibs UP-TO-DATE
:core:packageReleaseLocalJar UP-TO-DATE
:core:packageReleaseRenderscript UP-TO-DATE
:core:packageReleaseResources
:core:bundleRelease
:example:preBuild UP-TO-DATE
:example:preDebugBuild UP-TO-DATE
:example:checkDebugManifest
:example:preReleaseBuild UP-TO-DATE
:example:prepareComAndroidSupportAppcompatV72300Library
:example:prepareComAndroidSupportRecyclerviewV72300Library
:example:prepareComAndroidSupportSupportV42300Library
:example:prepareSrcCoreUnspecifiedLibrary
:example:prepareDebugDependencies
:example:compileDebugAidl
:example:compileDebugRenderscript
:example:generateDebugBuildConfig
:example:generateDebugAssets UP-TO-DATE
:example:mergeDebugAssets
:example:generateDebugResValues
:example:generateDebugResources
:example:mergeDebugResources
:example:processDebugManifest
:example:processDebugResources
:example:generateDebugSources
:example:processDebugJavaRes UP-TO-DATE
:example:compileDebugJavaWithJavacNote: /tmp/rdisk/1414/src/example/src/main/java/it/carlom/stickyheader/example/fragment/MaterialLikeHeaderFragment.java uses or overrides a deprecated API.
Note: Recompile with -Xlint:deprecation for details.

:example:compileDebugNdk UP-TO-DATE
:example:compileDebugSources
:example:preDexDebug
:example:dexDebug
:example:validateDebugSigning
:example:packageDebug
:example:zipalignDebug
:example:assembleDebug
:example:checkReleaseManifest
:example:prepareReleaseDependencies
:example:compileReleaseAidl
:example:compileReleaseRenderscript
:example:generateReleaseBuildConfig
:example:generateReleaseAssets UP-TO-DATE
:example:mergeReleaseAssets
:example:generateReleaseResValues
:example:generateReleaseResources
:example:mergeReleaseResources
:example:processReleaseManifest
:example:processReleaseResources
:example:generateReleaseSources
:example:processReleaseJavaRes UP-TO-DATE
:example:compileReleaseJavaWithJavacNote: /tmp/rdisk/1414/src/example/src/main/java/it/carlom/stickyheader/example/fragment/MaterialLikeHeaderFragment.java uses or overrides a deprecated API.
Note: Recompile with -Xlint:deprecation for details.

:example:compileReleaseNdk UP-TO-DATE
:example:compileReleaseSources
:example:lintVitalRelease
:example:preDexRelease
:example:dexRelease
:example:packageRelease
:example:assembleRelease
:example:assemble
:example:build

BUILD SUCCESSFUL

Total time: 28.715 secs

2018-04-06 17:03:30,747 INFO  FullProcessService - Found APK file: /tmp/rdisk/1414/src/example/build/outputs/apk/example-release-unsigned.apk
