2018-05-21 02:28:32,503 INFO  DownloadService - Downloading "https://github.com/KeithYokoma/Boogaloo/archive/master.zip", attempt 3
2018-05-21 02:28:32,908 INFO  DownloadService - Downloaded https://github.com/KeithYokoma/Boogaloo/archive/master.zip, attempt 3
2018-05-21 02:28:32,908 INFO  DownloadService - Size of file "/tmp/rdisk/1279/master.zip": 71 KB
2018-05-21 02:28:32,908 INFO  ArchiveUtils - Checking entries [.gradle] in ZIP file...
2018-05-21 02:28:32,909 INFO  ArchiveUtils - Has entries [.gradle] in ZIP file /tmp/rdisk/1279/master.zip: true
2018-05-21 02:28:32,909 DEBUG ZipUtil - Extracting '/tmp/rdisk/1279/master.zip' into '/tmp/rdisk/1279/src'.
2018-05-21 02:28:32,916 INFO  FullProcessService - Size of directory with sources: 72 KB
2018-05-21 02:28:32,916 INFO  SysUtils - Execute command: [git, init, /tmp/rdisk/1279/src]
2018-05-21 02:28:32,921 INFO  SysUtils - Initialized empty Git repository in /tmp/rdisk/1279/src/.git/

2018-05-21 02:28:32,925 INFO  ProjectBuildService - Gradle wrapper(s): /tmp/rdisk/1279/src/Boogaloo-master/gradlew
2018-05-21 02:28:32,927 INFO  ProjectBuildService - Build script(s): /tmp/rdisk/1279/src/Boogaloo-master/app/build.gradle /tmp/rdisk/1279/src/Boogaloo-master/boogaloo/build.gradle /tmp/rdisk/1279/src/Boogaloo-master/build.gradle
2018-05-21 02:28:32,929 INFO  ProjectBuildService - All script(s): /tmp/rdisk/1279/src/Boogaloo-master/settings.gradle /tmp/rdisk/1279/src/Boogaloo-master/build.gradle /tmp/rdisk/1279/src/Boogaloo-master/boogaloo/build.gradle /tmp/rdisk/1279/src/Boogaloo-master/app/build.gradle
2018-05-21 02:28:32,930 INFO  DownloadService - Downloading "https://raw.github.com/chrisbanes/gradle-mvn-push/master/gradle-mvn-push.gradle", attempt 3
2018-05-21 02:28:33,405 INFO  DownloadService - Downloaded https://raw.github.com/chrisbanes/gradle-mvn-push/master/gradle-mvn-push.gradle, attempt 3
2018-05-21 02:28:33,405 INFO  ProjectBuildService - Remote scripts: https://raw.github.com/chrisbanes/gradle-mvn-push/master/gradle-mvn-push.gradle
2018-05-21 02:28:33,405 INFO  ProjectFixService - Fixing project...
2018-05-21 02:28:33,418 INFO  LocalPropertiesFixService - Created fake /tmp/rdisk/1279/src/Boogaloo-master/app/local.properties
2018-05-21 02:28:33,418 INFO  ProjectFixService - Build info for "/tmp/rdisk/1279/src/Boogaloo-master/app/build.gradle": [buildToolsVersion=20.0.0,compileSdkVersion=20,minSdkVersion=10,targetSdkVersion=20]
2018-05-21 02:28:33,419 INFO  LocalPropertiesFixService - Created fake /tmp/rdisk/1279/src/Boogaloo-master/boogaloo/local.properties
2018-05-21 02:28:33,419 INFO  ProjectFixService - Build info for "/tmp/rdisk/1279/src/Boogaloo-master/boogaloo/build.gradle": [buildToolsVersion=20.0.0,compileSdkVersion=20,minSdkVersion=10,targetSdkVersion=20]
2018-05-21 02:28:33,419 INFO  LocalPropertiesFixService - Created fake /tmp/rdisk/1279/src/Boogaloo-master/local.properties
2018-05-21 02:28:33,419 INFO  WrapperPropertiesFixService - Gradle wrapper: http://services.gradle.org/distributions/gradle-2.1-all.zip
2018-05-21 02:28:33,420 INFO  WrapperPropertiesFixService - Gradle wrapper was changed from "-all.zip" to "-bin.zip" (http://services.gradle.org/distributions/gradle-2.1-bin.zip)
2018-05-21 02:28:33,421 INFO  ProjectFixService - Build info for "/tmp/rdisk/1279/src/Boogaloo-master/build.gradle": [buildToolsVersion=20.0.0,compileSdkVersion=20,minSdkVersion=10,targetSdkVersion=20]
2018-05-21 02:28:33,421 INFO  ProjectFixService - Project was maybe fixed
2018-05-21 02:28:33,421 INFO  ProjectTaskService - Detecting possible tasks...
2018-05-21 02:28:33,421 INFO  SysUtils - Execute command: [/tmp/rdisk/1279/src/Boogaloo-master/gradlew, -b, /tmp/rdisk/1279/src/Boogaloo-master/app/build.gradle, -Dorg.gradle.daemon=false, -Dorg.gradle.daemon.performance.enable-monitoring=false, -Dorg.gradle.configureondemand=true, tasks]
2018-05-21 02:28:33,514 ERROR ProjectTaskService - Could not detect possible Gradle tasks: Process exited with an error: 1 (Exit value: 1)
2018-05-21 02:28:33,514 INFO  ProjectTaskService - Detected possible tasks: 4
2018-05-21 02:28:33,514 INFO  ProjectTaskService - Excluded tasks (3): androidJavadocsJar androidJavadocs androidSourcesJar
2018-05-21 02:28:33,514 INFO  SysUtils - Execute command: [/tmp/rdisk/1279/src/Boogaloo-master/gradlew, -b, /tmp/rdisk/1279/src/Boogaloo-master/app/build.gradle, -Dorg.gradle.daemon=false, -Dorg.gradle.daemon.performance.enable-monitoring=false, -Dorg.gradle.configureondemand=true, --stacktrace, -x, androidJavadocsJar, -x, androidJavadocs, -x, androidSourcesJar, build]
2018-05-21 02:28:33,604 ERROR SysUtils - Could not process external command
org.apache.commons.exec.ExecuteException: Process exited with an error: 1 (Exit value: 1)
	at org.apache.commons.exec.DefaultExecutor.executeInternal(DefaultExecutor.java:404)
	at org.apache.commons.exec.DefaultExecutor.execute(DefaultExecutor.java:166)
	at com.github.vbauer.apkmaster.util.SysUtils.execute(SysUtils.java:67)
	at com.github.vbauer.apkmaster.util.SysUtils.executeSimple(SysUtils.java:43)
	at com.github.vbauer.apkmaster.service.assembly.ProjectBuildService.buildProject(ProjectBuildService.java:78)
	at com.github.vbauer.apkmaster.service.assembly.ProjectBuildService.buildProject(ProjectBuildService.java:64)
	at com.github.vbauer.apkmaster.service.assembly.ProjectBuildService.buildProject(ProjectBuildService.java:43)
	at com.github.vbauer.apkmaster.service.FullProcessService.build(FullProcessService.java:84)
	at com.github.vbauer.apkmaster.service.FullProcessService.process(FullProcessService.java:34)
	at com.github.vbauer.apkmaster.app.MainApplication.process(MainApplication.java:38)
	at com.github.vbauer.apkmaster.app.MainApplication.main(MainApplication.java:20)
	at sun.reflect.NativeMethodAccessorImpl.invoke0(Native Method)
	at sun.reflect.NativeMethodAccessorImpl.invoke(NativeMethodAccessorImpl.java:62)
	at sun.reflect.DelegatingMethodAccessorImpl.invoke(DelegatingMethodAccessorImpl.java:43)
	at java.lang.reflect.Method.invoke(Method.java:498)
	at com.android.arsenal.util.ReflectionUtils.invoke(ReflectionUtils.java:42)
	at com.android.arsenal.util.ApkMasterUtils.main(ApkMasterUtils.java:30)
	at com.android.arsenal.service.processor.impl.BuildProcessorServiceImpl.buildProject(BuildProcessorServiceImpl.java:197)
	at com.android.arsenal.service.processor.impl.BuildProcessorServiceImpl.build(BuildProcessorServiceImpl.java:131)
	at com.android.arsenal.service.processor.impl.BuildProcessorServiceImpl.lambda$null$1(BuildProcessorServiceImpl.java:114)
	at java.util.concurrent.FutureTask.run(FutureTask.java:266)
	at java.util.concurrent.Executors$RunnableAdapter.call(Executors.java:511)
	at java.util.concurrent.FutureTask.run(FutureTask.java:266)
	at java.util.concurrent.ThreadPoolExecutor.runWorker(ThreadPoolExecutor.java:1149)
	at java.util.concurrent.ThreadPoolExecutor$Worker.run(ThreadPoolExecutor.java:624)
	at java.lang.Thread.run(Thread.java:748)
2018-05-21 02:28:33,605 INFO  SysUtils - Error: Could not find or load main class org.gradle.wrapper.GradleWrapperMain

2018-05-21 02:28:33,607 INFO  ProjectTaskService - Detecting possible tasks...
2018-05-21 02:28:33,607 INFO  SysUtils - Execute command: [/tmp/rdisk/1279/src/Boogaloo-master/gradlew, -b, /tmp/rdisk/1279/src/Boogaloo-master/boogaloo/build.gradle, -Dorg.gradle.daemon=false, -Dorg.gradle.daemon.performance.enable-monitoring=false, -Dorg.gradle.configureondemand=true, tasks]
2018-05-21 02:28:33,698 ERROR ProjectTaskService - Could not detect possible Gradle tasks: Process exited with an error: 1 (Exit value: 1)
2018-05-21 02:28:33,698 INFO  ProjectTaskService - Detected possible tasks: 4
2018-05-21 02:28:33,699 INFO  ProjectTaskService - Excluded tasks (3): androidJavadocsJar androidJavadocs androidSourcesJar
2018-05-21 02:28:33,699 INFO  SysUtils - Execute command: [/tmp/rdisk/1279/src/Boogaloo-master/gradlew, -b, /tmp/rdisk/1279/src/Boogaloo-master/boogaloo/build.gradle, -Dorg.gradle.daemon=false, -Dorg.gradle.daemon.performance.enable-monitoring=false, -Dorg.gradle.configureondemand=true, --stacktrace, -x, androidJavadocsJar, -x, androidJavadocs, -x, androidSourcesJar, build]
2018-05-21 02:28:33,795 ERROR SysUtils - Could not process external command
org.apache.commons.exec.ExecuteException: Process exited with an error: 1 (Exit value: 1)
	at org.apache.commons.exec.DefaultExecutor.executeInternal(DefaultExecutor.java:404)
	at org.apache.commons.exec.DefaultExecutor.execute(DefaultExecutor.java:166)
	at com.github.vbauer.apkmaster.util.SysUtils.execute(SysUtils.java:67)
	at com.github.vbauer.apkmaster.util.SysUtils.executeSimple(SysUtils.java:43)
	at com.github.vbauer.apkmaster.service.assembly.ProjectBuildService.buildProject(ProjectBuildService.java:78)
	at com.github.vbauer.apkmaster.service.assembly.ProjectBuildService.buildProject(ProjectBuildService.java:64)
	at com.github.vbauer.apkmaster.service.assembly.ProjectBuildService.buildProject(ProjectBuildService.java:43)
	at com.github.vbauer.apkmaster.service.FullProcessService.build(FullProcessService.java:84)
	at com.github.vbauer.apkmaster.service.FullProcessService.process(FullProcessService.java:34)
	at com.github.vbauer.apkmaster.app.MainApplication.process(MainApplication.java:38)
	at com.github.vbauer.apkmaster.app.MainApplication.main(MainApplication.java:20)
	at sun.reflect.NativeMethodAccessorImpl.invoke0(Native Method)
	at sun.reflect.NativeMethodAccessorImpl.invoke(NativeMethodAccessorImpl.java:62)
	at sun.reflect.DelegatingMethodAccessorImpl.invoke(DelegatingMethodAccessorImpl.java:43)
	at java.lang.reflect.Method.invoke(Method.java:498)
	at com.android.arsenal.util.ReflectionUtils.invoke(ReflectionUtils.java:42)
	at com.android.arsenal.util.ApkMasterUtils.main(ApkMasterUtils.java:30)
	at com.android.arsenal.service.processor.impl.BuildProcessorServiceImpl.buildProject(BuildProcessorServiceImpl.java:197)
	at com.android.arsenal.service.processor.impl.BuildProcessorServiceImpl.build(BuildProcessorServiceImpl.java:131)
	at com.android.arsenal.service.processor.impl.BuildProcessorServiceImpl.lambda$null$1(BuildProcessorServiceImpl.java:114)
	at java.util.concurrent.FutureTask.run(FutureTask.java:266)
	at java.util.concurrent.Executors$RunnableAdapter.call(Executors.java:511)
	at java.util.concurrent.FutureTask.run(FutureTask.java:266)
	at java.util.concurrent.ThreadPoolExecutor.runWorker(ThreadPoolExecutor.java:1149)
	at java.util.concurrent.ThreadPoolExecutor$Worker.run(ThreadPoolExecutor.java:624)
	at java.lang.Thread.run(Thread.java:748)
2018-05-21 02:28:33,796 INFO  SysUtils - Error: Could not find or load main class org.gradle.wrapper.GradleWrapperMain

2018-05-21 02:28:33,798 INFO  ProjectTaskService - Detecting possible tasks...
2018-05-21 02:28:33,798 INFO  SysUtils - Execute command: [/tmp/rdisk/1279/src/Boogaloo-master/gradlew, -b, /tmp/rdisk/1279/src/Boogaloo-master/build.gradle, -Dorg.gradle.daemon=false, -Dorg.gradle.daemon.performance.enable-monitoring=false, -Dorg.gradle.configureondemand=true, tasks]
2018-05-21 02:28:33,928 ERROR ProjectTaskService - Could not detect possible Gradle tasks: Process exited with an error: 1 (Exit value: 1)
2018-05-21 02:28:33,928 INFO  ProjectTaskService - Detected possible tasks: 4
2018-05-21 02:28:33,929 INFO  ProjectTaskService - Excluded tasks (3): androidJavadocsJar androidJavadocs androidSourcesJar
2018-05-21 02:28:33,929 INFO  SysUtils - Execute command: [/tmp/rdisk/1279/src/Boogaloo-master/gradlew, -b, /tmp/rdisk/1279/src/Boogaloo-master/build.gradle, -Dorg.gradle.daemon=false, -Dorg.gradle.daemon.performance.enable-monitoring=false, -Dorg.gradle.configureondemand=true, --stacktrace, -x, androidJavadocsJar, -x, androidJavadocs, -x, androidSourcesJar, build]
2018-05-21 02:28:34,035 ERROR SysUtils - Could not process external command
org.apache.commons.exec.ExecuteException: Process exited with an error: 1 (Exit value: 1)
	at org.apache.commons.exec.DefaultExecutor.executeInternal(DefaultExecutor.java:404)
	at org.apache.commons.exec.DefaultExecutor.execute(DefaultExecutor.java:166)
	at com.github.vbauer.apkmaster.util.SysUtils.execute(SysUtils.java:67)
	at com.github.vbauer.apkmaster.util.SysUtils.executeSimple(SysUtils.java:43)
	at com.github.vbauer.apkmaster.service.assembly.ProjectBuildService.buildProject(ProjectBuildService.java:78)
	at com.github.vbauer.apkmaster.service.assembly.ProjectBuildService.buildProject(ProjectBuildService.java:64)
	at com.github.vbauer.apkmaster.service.assembly.ProjectBuildService.buildProject(ProjectBuildService.java:43)
	at com.github.vbauer.apkmaster.service.FullProcessService.build(FullProcessService.java:84)
	at com.github.vbauer.apkmaster.service.FullProcessService.process(FullProcessService.java:34)
	at com.github.vbauer.apkmaster.app.MainApplication.process(MainApplication.java:38)
	at com.github.vbauer.apkmaster.app.MainApplication.main(MainApplication.java:20)
	at sun.reflect.NativeMethodAccessorImpl.invoke0(Native Method)
	at sun.reflect.NativeMethodAccessorImpl.invoke(NativeMethodAccessorImpl.java:62)
	at sun.reflect.DelegatingMethodAccessorImpl.invoke(DelegatingMethodAccessorImpl.java:43)
	at java.lang.reflect.Method.invoke(Method.java:498)
	at com.android.arsenal.util.ReflectionUtils.invoke(ReflectionUtils.java:42)
	at com.android.arsenal.util.ApkMasterUtils.main(ApkMasterUtils.java:30)
	at com.android.arsenal.service.processor.impl.BuildProcessorServiceImpl.buildProject(BuildProcessorServiceImpl.java:197)
	at com.android.arsenal.service.processor.impl.BuildProcessorServiceImpl.build(BuildProcessorServiceImpl.java:131)
	at com.android.arsenal.service.processor.impl.BuildProcessorServiceImpl.lambda$null$1(BuildProcessorServiceImpl.java:114)
	at java.util.concurrent.FutureTask.run(FutureTask.java:266)
	at java.util.concurrent.Executors$RunnableAdapter.call(Executors.java:511)
	at java.util.concurrent.FutureTask.run(FutureTask.java:266)
	at java.util.concurrent.ThreadPoolExecutor.runWorker(ThreadPoolExecutor.java:1149)
	at java.util.concurrent.ThreadPoolExecutor$Worker.run(ThreadPoolExecutor.java:624)
	at java.lang.Thread.run(Thread.java:748)
2018-05-21 02:28:34,036 INFO  SysUtils - Error: Could not find or load main class org.gradle.wrapper.GradleWrapperMain

2018-05-21 02:28:34,038 ERROR FullProcessService - Project build has not produced APK file
2018-05-21 02:28:34,040 ERROR FullProcessService - Could not find generated or existed APK file
