2018-04-07 15:46:58,525 INFO  DownloadService - Downloading "https://github.com/Codetail/Mover/archive/master.zip", attempt 3
2018-04-07 15:47:59,138 INFO  GithubDownloadService - Could not find ZIP archive for master branch
2018-04-07 15:47:59,841 INFO  GithubDownloadService - Default branch of this repository: master
2018-04-07 15:47:59,841 INFO  DownloadService - Downloading "https://github.com/Codetail/Mover/archive/master.zip", attempt 3
2018-04-07 15:49:01,108 DEBUG FullProcessService - Repository https://github.com/Codetail/Mover available: true
2018-04-07 15:49:01,108 INFO  FullProcessService - Could not download ZIP file from Github, lets clone it
2018-04-07 15:49:01,108 INFO  SysUtils - Execute command: [git, clone, -q, --single-branch, --depth, 1, https://github.com/Codetail/Mover, /tmp/rdisk/1326/src]
2018-04-07 15:49:07,995 INFO  SysUtils - 
2018-04-07 15:49:08,005 INFO  GitService - Deleted "/tmp/rdisk/1326/src/.git": true
2018-04-07 15:49:08,016 INFO  FullProcessService - Size of directory with sources: 43 MB
2018-04-07 15:49:08,016 INFO  SysUtils - Execute command: [git, init, /tmp/rdisk/1326/src]
2018-04-07 15:49:08,021 INFO  SysUtils - Initialized empty Git repository in /tmp/rdisk/1326/src/.git/

2018-04-07 15:49:08,029 INFO  ProjectBuildService - Gradle wrapper(s): /tmp/rdisk/1326/src/gradlew
2018-04-07 15:49:08,038 INFO  ProjectBuildService - Build script(s): /tmp/rdisk/1326/src/app/build.gradle /tmp/rdisk/1326/src/jobManager/build.gradle /tmp/rdisk/1326/src/uicomponents/build.gradle /tmp/rdisk/1326/src/vectordrawable/build.gradle /tmp/rdisk/1326/src/build.gradle
2018-04-07 15:49:08,046 INFO  ProjectBuildService - All script(s): /tmp/rdisk/1326/src/vectordrawable/gradle-mvn-push.gradle /tmp/rdisk/1326/src/vectordrawable/build.gradle /tmp/rdisk/1326/src/uicomponents/build.gradle /tmp/rdisk/1326/src/settings.gradle /tmp/rdisk/1326/src/jobManager/build.gradle /tmp/rdisk/1326/src/build.gradle /tmp/rdisk/1326/src/app/build.gradle
2018-04-07 15:49:08,046 INFO  ProjectBuildService - Remote scripts: none
2018-04-07 15:49:08,046 INFO  ProjectFixService - Fixing project...
2018-04-07 15:49:08,064 INFO  LocalPropertiesFixService - Created fake /tmp/rdisk/1326/src/app/local.properties
2018-04-07 15:49:08,064 INFO  ProjectFixService - Build info for "/tmp/rdisk/1326/src/app/build.gradle": [buildToolsVersion=21.1.1,compileSdkVersion=21,minSdkVersion=10,targetSdkVersion=21]
2018-04-07 15:49:08,064 INFO  LocalPropertiesFixService - Created fake /tmp/rdisk/1326/src/jobManager/local.properties
2018-04-07 15:49:08,065 INFO  ProjectFixService - Build info for "/tmp/rdisk/1326/src/jobManager/build.gradle": [buildToolsVersion=21.1.1,compileSdkVersion=21,minSdkVersion=10,targetSdkVersion=21]
2018-04-07 15:49:08,065 INFO  LocalPropertiesFixService - Created fake /tmp/rdisk/1326/src/uicomponents/local.properties
2018-04-07 15:49:08,065 INFO  ProjectFixService - Build info for "/tmp/rdisk/1326/src/uicomponents/build.gradle": [buildToolsVersion=21.1.1,compileSdkVersion=21,minSdkVersion=10,targetSdkVersion=21]
2018-04-07 15:49:08,066 INFO  LocalPropertiesFixService - Created fake /tmp/rdisk/1326/src/vectordrawable/local.properties
2018-04-07 15:49:08,066 INFO  ProjectFixService - Build info for "/tmp/rdisk/1326/src/vectordrawable/build.gradle": [buildToolsVersion=21.1.1,compileSdkVersion=21,minSdkVersion=10,targetSdkVersion=21]
2018-04-07 15:49:08,066 INFO  LocalPropertiesFixService - Created fake /tmp/rdisk/1326/src/local.properties
2018-04-07 15:49:08,068 INFO  ProjectFixService - Build info for "/tmp/rdisk/1326/src/build.gradle": [buildToolsVersion=21.1.1,compileSdkVersion=21,minSdkVersion=10,targetSdkVersion=21]
2018-04-07 15:49:08,068 INFO  ProjectFixService - Project was maybe fixed
2018-04-07 15:49:08,068 INFO  ProjectTaskService - Detecting possible tasks...
2018-04-07 15:49:08,069 INFO  SysUtils - Execute command: [/tmp/rdisk/1326/src/gradlew, -b, /tmp/rdisk/1326/src/app/build.gradle, -Dorg.gradle.daemon=false, -Dorg.gradle.daemon.performance.enable-monitoring=false, -Dorg.gradle.configureondemand=true, tasks]
2018-04-07 15:49:08,226 ERROR ProjectTaskService - Could not detect possible Gradle tasks: Process exited with an error: 1 (Exit value: 1)
2018-04-07 15:49:08,226 INFO  ProjectTaskService - Detected possible tasks: 0
2018-04-07 15:49:08,226 INFO  ProjectTaskService - Excluded tasks (0): none
2018-04-07 15:49:08,226 INFO  SysUtils - Execute command: [/tmp/rdisk/1326/src/gradlew, -b, /tmp/rdisk/1326/src/app/build.gradle, -Dorg.gradle.daemon=false, -Dorg.gradle.daemon.performance.enable-monitoring=false, -Dorg.gradle.configureondemand=true, --stacktrace, build]
2018-04-07 15:49:08,375 ERROR SysUtils - Could not process external command
org.apache.commons.exec.ExecuteException: Process exited with an error: 1 (Exit value: 1)
	at org.apache.commons.exec.DefaultExecutor.executeInternal(DefaultExecutor.java:404)
	at org.apache.commons.exec.DefaultExecutor.execute(DefaultExecutor.java:166)
	at com.github.vbauer.apkmaster.util.SysUtils.execute(SysUtils.java:67)
	at com.github.vbauer.apkmaster.util.SysUtils.executeSimple(SysUtils.java:43)
	at com.github.vbauer.apkmaster.service.assembly.ProjectBuildService.buildProject(ProjectBuildService.java:78)
	at com.github.vbauer.apkmaster.service.assembly.ProjectBuildService.buildProject(ProjectBuildService.java:64)
	at com.github.vbauer.apkmaster.service.assembly.ProjectBuildService.buildProject(ProjectBuildService.java:43)
	at com.github.vbauer.apkmaster.service.FullProcessService.build(FullProcessService.java:84)
	at com.github.vbauer.apkmaster.service.FullProcessService.process(FullProcessService.java:34)
	at com.github.vbauer.apkmaster.app.MainApplication.process(MainApplication.java:38)
	at com.github.vbauer.apkmaster.app.MainApplication.main(MainApplication.java:20)
	at sun.reflect.NativeMethodAccessorImpl.invoke0(Native Method)
	at sun.reflect.NativeMethodAccessorImpl.invoke(NativeMethodAccessorImpl.java:62)
	at sun.reflect.DelegatingMethodAccessorImpl.invoke(DelegatingMethodAccessorImpl.java:43)
	at java.lang.reflect.Method.invoke(Method.java:498)
	at com.android.arsenal.util.ReflectionUtils.invoke(ReflectionUtils.java:42)
	at com.android.arsenal.util.ApkMasterUtils.main(ApkMasterUtils.java:30)
	at com.android.arsenal.service.processor.impl.BuildProcessorServiceImpl.buildProject(BuildProcessorServiceImpl.java:197)
	at com.android.arsenal.service.processor.impl.BuildProcessorServiceImpl.build(BuildProcessorServiceImpl.java:131)
	at com.android.arsenal.service.processor.impl.BuildProcessorServiceImpl.lambda$null$1(BuildProcessorServiceImpl.java:114)
	at java.util.concurrent.FutureTask.run(FutureTask.java:266)
	at java.util.concurrent.Executors$RunnableAdapter.call(Executors.java:511)
	at java.util.concurrent.FutureTask.run(FutureTask.java:266)
	at java.util.concurrent.ThreadPoolExecutor.runWorker(ThreadPoolExecutor.java:1149)
	at java.util.concurrent.ThreadPoolExecutor$Worker.run(ThreadPoolExecutor.java:624)
	at java.lang.Thread.run(Thread.java:748)
2018-04-07 15:49:08,375 INFO  SysUtils - Exception in thread "main" java.lang.RuntimeException: Wrapper properties file '/tmp/rdisk/1326/src/gradle/wrapper/gradle-wrapper.properties' does not exist.
	at org.gradle.wrapper.WrapperExecutor.forWrapperPropertiesFile(WrapperExecutor.java:47)
	at org.gradle.wrapper.GradleWrapperMain.main(GradleWrapperMain.java:47)

2018-04-07 15:49:08,383 INFO  FullProcessService - Found APK file: /tmp/rdisk/1326/src/app/app-release.apk
