2018-04-06 17:16:07,409 INFO  DownloadService - Downloading "https://github.com/itzikBraun/TutorialView/archive/master.zip", attempt 3
2018-04-06 17:17:08,425 INFO  GithubDownloadService - Could not find ZIP archive for master branch
2018-04-06 17:17:09,110 INFO  GithubDownloadService - Default branch of this repository: master
2018-04-06 17:17:09,110 INFO  DownloadService - Downloading "https://github.com/itzikBraun/TutorialView/archive/master.zip", attempt 3
2018-04-06 17:18:10,454 DEBUG FullProcessService - Repository https://github.com/itzikBraun/TutorialView available: true
2018-04-06 17:18:10,454 INFO  FullProcessService - Could not download ZIP file from Github, lets clone it
2018-04-06 17:18:10,454 INFO  SysUtils - Execute command: [git, clone, -q, --single-branch, --depth, 1, https://github.com/itzikBraun/TutorialView, /tmp/rdisk/1408/src]
2018-04-06 17:18:12,379 INFO  SysUtils - 
2018-04-06 17:18:12,384 INFO  GitService - Deleted "/tmp/rdisk/1408/src/.git": true
2018-04-06 17:18:12,388 INFO  FullProcessService - Size of directory with sources: 1 MB
2018-04-06 17:18:12,388 INFO  SysUtils - Execute command: [git, init, /tmp/rdisk/1408/src]
2018-04-06 17:18:12,397 INFO  SysUtils - Initialized empty Git repository in /tmp/rdisk/1408/src/.git/

2018-04-06 17:18:12,400 INFO  ProjectBuildService - Gradle wrapper(s): /tmp/rdisk/1408/src/gradlew
2018-04-06 17:18:12,403 INFO  ProjectBuildService - Build script(s): /tmp/rdisk/1408/src/app/build.gradle /tmp/rdisk/1408/src/tutorial_view/build.gradle /tmp/rdisk/1408/src/build.gradle
2018-04-06 17:18:12,406 INFO  ProjectBuildService - All script(s): /tmp/rdisk/1408/src/tutorial_view/build.gradle /tmp/rdisk/1408/src/settings.gradle /tmp/rdisk/1408/src/build.gradle /tmp/rdisk/1408/src/app/build.gradle
2018-04-06 17:18:12,407 INFO  DownloadService - Downloading "https://raw.github.com/chrisbanes/gradle-mvn-push/master/gradle-mvn-push.gradle", attempt 3
2018-04-06 17:18:13,912 INFO  DownloadService - Downloaded https://raw.github.com/chrisbanes/gradle-mvn-push/master/gradle-mvn-push.gradle, attempt 3
2018-04-06 17:18:13,912 INFO  ProjectBuildService - Remote scripts: https://raw.github.com/chrisbanes/gradle-mvn-push/master/gradle-mvn-push.gradle
2018-04-06 17:18:13,912 INFO  ProjectFixService - Fixing project...
2018-04-06 17:18:13,921 INFO  LocalPropertiesFixService - Created fake /tmp/rdisk/1408/src/app/local.properties
2018-04-06 17:18:13,921 INFO  ProjectFixService - Build info for "/tmp/rdisk/1408/src/app/build.gradle": [buildToolsVersion=23.0.0,compileSdkVersion=23,minSdkVersion=15,targetSdkVersion=23]
2018-04-06 17:18:13,922 INFO  ProjectFixService - Fixed build info for "/tmp/rdisk/1408/src/app/build.gradle": [buildToolsVersion=23.0.1,compileSdkVersion=23,minSdkVersion=15,targetSdkVersion=23]
2018-04-06 17:18:13,922 INFO  LocalPropertiesFixService - Created fake /tmp/rdisk/1408/src/tutorial_view/local.properties
2018-04-06 17:18:13,923 INFO  ProjectFixService - Build info for "/tmp/rdisk/1408/src/tutorial_view/build.gradle": [buildToolsVersion=23.0.0,compileSdkVersion=23,minSdkVersion=15,targetSdkVersion=23]
2018-04-06 17:18:13,923 INFO  ProjectFixService - Fixed build info for "/tmp/rdisk/1408/src/tutorial_view/build.gradle": [buildToolsVersion=23.0.1,compileSdkVersion=23,minSdkVersion=15,targetSdkVersion=23]
2018-04-06 17:18:13,923 INFO  LocalPropertiesFixService - Created fake /tmp/rdisk/1408/src/local.properties
2018-04-06 17:18:13,924 INFO  WrapperPropertiesFixService - Gradle wrapper: https://services.gradle.org/distributions/gradle-2.2.1-all.zip
2018-04-06 17:18:13,924 INFO  WrapperPropertiesFixService - Gradle wrapper was changed from "-all.zip" to "-bin.zip" (https://services.gradle.org/distributions/gradle-2.2.1-bin.zip)
2018-04-06 17:18:13,925 INFO  ProjectFixService - Build info for "/tmp/rdisk/1408/src/build.gradle": [buildToolsVersion=23.0.1,compileSdkVersion=23,minSdkVersion=15,targetSdkVersion=23]
2018-04-06 17:18:13,925 INFO  ProjectFixService - Project was maybe fixed
2018-04-06 17:18:13,925 INFO  ProjectTaskService - Detecting possible tasks...
2018-04-06 17:18:13,925 INFO  SysUtils - Execute command: [/tmp/rdisk/1408/src/gradlew, -b, /tmp/rdisk/1408/src/app/build.gradle, -Dorg.gradle.daemon=false, -Dorg.gradle.daemon.performance.enable-monitoring=false, -Dorg.gradle.configureondemand=true, tasks]
2018-04-06 17:18:24,744 INFO  ProjectTaskService - Detected possible tasks: 68
2018-04-06 17:18:24,744 INFO  ProjectTaskService - Excluded tasks (22): lintDebug mockableAndroidJar androidJavadocs deviceCheck lint androidSourcesJar uninstallRelease deviceAndroidTest uninstallDebugAndroidTest installDebugAndroidTest connectedCheck uninstallAll androidJavadocsJar testRelease test check connectedAndroidTest installDebug lintRelease testDebug connectedAndroidTestDebug uninstallDebug
2018-04-06 17:18:24,744 INFO  SysUtils - Execute command: [/tmp/rdisk/1408/src/gradlew, -b, /tmp/rdisk/1408/src/app/build.gradle, -Dorg.gradle.daemon=false, -Dorg.gradle.daemon.performance.enable-monitoring=false, -Dorg.gradle.configureondemand=true, --stacktrace, -x, lintDebug, -x, mockableAndroidJar, -x, androidJavadocs, -x, deviceCheck, -x, lint, -x, androidSourcesJar, -x, uninstallRelease, -x, deviceAndroidTest, -x, uninstallDebugAndroidTest, -x, installDebugAndroidTest, -x, connectedCheck, -x, uninstallAll, -x, androidJavadocsJar, -x, testRelease, -x, test, -x, check, -x, connectedAndroidTest, -x, installDebug, -x, lintRelease, -x, testDebug, -x, connectedAndroidTestDebug, -x, uninstallDebug, build]
2018-04-06 17:18:31,240 ERROR SysUtils - Could not process external command
org.apache.commons.exec.ExecuteException: Process exited with an error: 1 (Exit value: 1)
	at org.apache.commons.exec.DefaultExecutor.executeInternal(DefaultExecutor.java:404)
	at org.apache.commons.exec.DefaultExecutor.execute(DefaultExecutor.java:166)
	at com.github.vbauer.apkmaster.util.SysUtils.execute(SysUtils.java:67)
	at com.github.vbauer.apkmaster.util.SysUtils.executeSimple(SysUtils.java:43)
	at com.github.vbauer.apkmaster.service.assembly.ProjectBuildService.buildProject(ProjectBuildService.java:78)
	at com.github.vbauer.apkmaster.service.assembly.ProjectBuildService.buildProject(ProjectBuildService.java:64)
	at com.github.vbauer.apkmaster.service.assembly.ProjectBuildService.buildProject(ProjectBuildService.java:43)
	at com.github.vbauer.apkmaster.service.FullProcessService.build(FullProcessService.java:84)
	at com.github.vbauer.apkmaster.service.FullProcessService.process(FullProcessService.java:34)
	at com.github.vbauer.apkmaster.app.MainApplication.process(MainApplication.java:38)
	at com.github.vbauer.apkmaster.app.MainApplication.main(MainApplication.java:20)
	at sun.reflect.GeneratedMethodAccessor9.invoke(Unknown Source)
	at sun.reflect.DelegatingMethodAccessorImpl.invoke(DelegatingMethodAccessorImpl.java:43)
	at java.lang.reflect.Method.invoke(Method.java:498)
	at com.android.arsenal.util.ReflectionUtils.invoke(ReflectionUtils.java:42)
	at com.android.arsenal.util.ApkMasterUtils.main(ApkMasterUtils.java:30)
	at com.android.arsenal.service.processor.impl.BuildProcessorServiceImpl.buildProject(BuildProcessorServiceImpl.java:197)
	at com.android.arsenal.service.processor.impl.BuildProcessorServiceImpl.build(BuildProcessorServiceImpl.java:131)
	at com.android.arsenal.service.processor.impl.BuildProcessorServiceImpl.lambda$null$1(BuildProcessorServiceImpl.java:114)
	at java.util.concurrent.FutureTask.run(FutureTask.java:266)
	at java.util.concurrent.Executors$RunnableAdapter.call(Executors.java:511)
	at java.util.concurrent.FutureTask.run(FutureTask.java:266)
	at java.util.concurrent.ThreadPoolExecutor.runWorker(ThreadPoolExecutor.java:1149)
	at java.util.concurrent.ThreadPoolExecutor$Worker.run(ThreadPoolExecutor.java:624)
	at java.lang.Thread.run(Thread.java:748)
2018-04-06 17:18:31,240 INFO  SysUtils - Configuration on demand is an incubating feature.

FAILURE: Build failed with an exception.

* What went wrong:
Task 'androidJavadocs' not found in project ':app'.

* Try:
Run gradlew tasks to get a list of available tasks. Run with --info or --debug option to get more log output.

* Exception is:
org.gradle.execution.TaskSelectionException: Task 'androidJavadocs' not found in project ':app'.
	at org.gradle.execution.TaskSelector.getSelection(TaskSelector.java:101)
	at org.gradle.execution.TaskSelector.getFilter(TaskSelector.java:64)
	at org.gradle.execution.ExcludedTaskFilteringBuildConfigurationAction.configure(ExcludedTaskFilteringBuildConfigurationAction.java:42)
	at org.gradle.execution.DefaultBuildExecuter.configure(DefaultBuildExecuter.java:42)
	at org.gradle.execution.DefaultBuildExecuter.access$100(DefaultBuildExecuter.java:23)
	at org.gradle.execution.DefaultBuildExecuter$1.proceed(DefaultBuildExecuter.java:48)
	at org.gradle.execution.DefaultTasksBuildExecutionAction.configure(DefaultTasksBuildExecutionAction.java:44)
	at org.gradle.execution.DefaultBuildExecuter.configure(DefaultBuildExecuter.java:42)
	at org.gradle.execution.DefaultBuildExecuter.select(DefaultBuildExecuter.java:35)
	at org.gradle.initialization.DefaultGradleLauncher.doBuildStages(DefaultGradleLauncher.java:142)
	at org.gradle.initialization.DefaultGradleLauncher.doBuild(DefaultGradleLauncher.java:106)
	at org.gradle.initialization.DefaultGradleLauncher.run(DefaultGradleLauncher.java:86)
	at org.gradle.launcher.exec.InProcessBuildActionExecuter$DefaultBuildController.run(InProcessBuildActionExecuter.java:80)
	at org.gradle.launcher.cli.ExecuteBuildAction.run(ExecuteBuildAction.java:33)
	at org.gradle.launcher.cli.ExecuteBuildAction.run(ExecuteBuildAction.java:24)
	at org.gradle.launcher.exec.InProcessBuildActionExecuter.execute(InProcessBuildActionExecuter.java:36)
	at org.gradle.launcher.exec.InProcessBuildActionExecuter.execute(InProcessBuildActionExecuter.java:26)
	at org.gradle.launcher.cli.RunBuildAction.run(RunBuildAction.java:51)
	at org.gradle.internal.Actions$RunnableActionAdapter.execute(Actions.java:171)
	at org.gradle.launcher.cli.CommandLineActionFactory$ParseAndBuildAction.execute(CommandLineActionFactory.java:237)
	at org.gradle.launcher.cli.CommandLineActionFactory$ParseAndBuildAction.execute(CommandLineActionFactory.java:210)
	at org.gradle.launcher.cli.JavaRuntimeValidationAction.execute(JavaRuntimeValidationAction.java:35)
	at org.gradle.launcher.cli.JavaRuntimeValidationAction.execute(JavaRuntimeValidationAction.java:24)
	at org.gradle.launcher.cli.CommandLineActionFactory$WithLogging.execute(CommandLineActionFactory.java:206)
	at org.gradle.launcher.cli.CommandLineActionFactory$WithLogging.execute(CommandLineActionFactory.java:169)
	at org.gradle.launcher.cli.ExceptionReportingAction.execute(ExceptionReportingAction.java:33)
	at org.gradle.launcher.cli.ExceptionReportingAction.execute(ExceptionReportingAction.java:22)
	at org.gradle.launcher.Main.doAction(Main.java:33)
	at org.gradle.launcher.bootstrap.EntryPoint.run(EntryPoint.java:45)
	at org.gradle.launcher.bootstrap.ProcessBootstrap.runNoExit(ProcessBootstrap.java:54)
	at org.gradle.launcher.bootstrap.ProcessBootstrap.run(ProcessBootstrap.java:35)
	at org.gradle.launcher.GradleMain.main(GradleMain.java:23)
	at org.gradle.wrapper.BootstrapMainStarter.start(BootstrapMainStarter.java:33)
	at org.gradle.wrapper.WrapperExecutor.execute(WrapperExecutor.java:130)
	at org.gradle.wrapper.GradleWrapperMain.main(GradleWrapperMain.java:48)


BUILD FAILED

Total time: 6.066 secs

2018-04-06 17:18:31,240 ERROR ProjectBuildService - Excluded tasks were detected wrong
2018-04-06 17:18:31,240 INFO  SysUtils - Execute command: [/tmp/rdisk/1408/src/gradlew, -b, /tmp/rdisk/1408/src/app/build.gradle, -Dorg.gradle.daemon=false, -Dorg.gradle.daemon.performance.enable-monitoring=false, -Dorg.gradle.configureondemand=true, --stacktrace, build]
2018-04-06 17:18:50,941 INFO  SysUtils - Configuration on demand is an incubating feature.
:app:preBuild UP-TO-DATE
:app:preDebugBuild UP-TO-DATE
:app:checkDebugManifest
:app:preReleaseBuild UP-TO-DATE
:tutorial_view:compileLint
:tutorial_view:copyReleaseLint UP-TO-DATE
:tutorial_view:preBuild UP-TO-DATE
:tutorial_view:preReleaseBuild UP-TO-DATE
:tutorial_view:checkReleaseManifest
:tutorial_view:prepareReleaseDependencies
:tutorial_view:compileReleaseAidl
:tutorial_view:compileReleaseRenderscript
:tutorial_view:generateReleaseBuildConfig
:tutorial_view:generateReleaseAssets UP-TO-DATE
:tutorial_view:mergeReleaseAssets
:tutorial_view:generateReleaseResValues
:tutorial_view:generateReleaseResources
:tutorial_view:packageReleaseResources
:tutorial_view:processReleaseManifest
:tutorial_view:processReleaseResources
:tutorial_view:generateReleaseSources
:tutorial_view:processReleaseJavaRes UP-TO-DATE
:tutorial_view:compileReleaseJava
:tutorial_view:extractReleaseAnnotations
:tutorial_view:mergeReleaseProguardFiles
:tutorial_view:packageReleaseJar
:tutorial_view:compileReleaseNdk UP-TO-DATE
:tutorial_view:packageReleaseJniLibs UP-TO-DATE
:tutorial_view:packageReleaseLocalJar UP-TO-DATE
:tutorial_view:packageReleaseRenderscript UP-TO-DATE
:tutorial_view:bundleRelease
:app:prepareSrcTutorial_view081Library
:app:prepareDebugDependencies
:app:compileDebugAidl
:app:compileDebugRenderscript
:app:generateDebugBuildConfig
:app:generateDebugAssets UP-TO-DATE
:app:mergeDebugAssets
:app:generateDebugResValues
:app:generateDebugResources
:app:mergeDebugResources
:app:processDebugManifest
:app:processDebugResources
:app:generateDebugSources
:app:processDebugJavaRes UP-TO-DATE
:app:compileDebugJava
:app:compileDebugNdk UP-TO-DATE
:app:compileDebugSources
:app:preDexDebug
:app:dexDebug
:app:validateDebugSigning
:app:packageDebug
:app:zipalignDebug
:app:assembleDebug
:app:checkReleaseManifest
:app:prepareReleaseDependencies
:app:compileReleaseAidl
:app:compileReleaseRenderscript
:app:generateReleaseBuildConfig
:app:generateReleaseAssets UP-TO-DATE
:app:mergeReleaseAssets
:app:generateReleaseResValues
:app:generateReleaseResources
:app:mergeReleaseResources
:app:processReleaseManifest
:app:processReleaseResources
:app:generateReleaseSources
:app:processReleaseJavaRes UP-TO-DATE
:app:compileReleaseJava
:app:compileReleaseNdk UP-TO-DATE
:app:compileReleaseSources
:app:lintVitalRelease SKIPPED
:app:preDexRelease
:app:dexRelease
:app:packageRelease
:app:assembleRelease
:app:assemble
:app:compileLint
:app:lint
Ran lint on variant release: 17 issues found
Ran lint on variant debug: 17 issues found
Wrote HTML report to file:/tmp/rdisk/1408/src/app/build/outputs/lint-results.html
Wrote XML report to /tmp/rdisk/1408/src/app/build/outputs/lint-results.xml
:app:preCompileDebugUnitTestJava
:app:preDebugUnitTestBuild UP-TO-DATE
:app:prepareDebugUnitTestDependencies
:app:processDebugUnitTestJavaRes UP-TO-DATE
:app:compileDebugUnitTestJava UP-TO-DATE
:app:compileDebugUnitTestSources UP-TO-DATE
:app:mockableAndroidJar
:app:assembleDebugUnitTest
:app:testDebug
:app:preCompileReleaseUnitTestJava
:app:preReleaseUnitTestBuild UP-TO-DATE
:app:prepareReleaseUnitTestDependencies
:app:processReleaseUnitTestJavaRes UP-TO-DATE
:app:compileReleaseUnitTestJava UP-TO-DATE
:app:compileReleaseUnitTestSources UP-TO-DATE
:app:assembleReleaseUnitTest
:app:testRelease
:app:test
:app:check
:app:build

BUILD SUCCESSFUL

Total time: 19.253 secs

2018-04-06 17:18:50,954 INFO  FullProcessService - Found APK file: /tmp/rdisk/1408/src/app/build/outputs/apk/app-debug.apk
