2016-07-15 04:25:40,576 INFO  c.g.v.a.s.n.DownloadService - Downloading "https://github.com/google/error-prone/archive/master.zip", attempt 3
2016-07-15 04:25:43,789 INFO  c.g.v.a.s.n.DownloadService - Downloaded https://github.com/google/error-prone/archive/master.zip, attempt 3
2016-07-15 04:25:45,324 DEBUG o.z.z.ZipUtil - Extracting '/var/folders/3k/mymj0cx15f9c3m0kv4gch66h0000gn/T/1468535139933-0/master.zip' into '/var/folders/3k/mymj0cx15f9c3m0kv4gch66h0000gn/T/1468535139933-0/src'.
2016-07-15 04:25:45,789 INFO  c.g.v.a.s.FullProcessService - Size of directory with sources: 3 MB
2016-07-15 04:25:45,876 INFO  c.g.v.a.s.a.ProjectBuildService - Gradle wrapper(s): none
2016-07-15 04:25:45,876 ERROR c.g.v.a.s.a.ProjectBuildService - Could not detect Gradle wrapper. Default Gradle installation will be used
2016-07-15 04:25:45,922 INFO  c.g.v.a.s.a.ProjectBuildService - Build script(s): /var/folders/3k/mymj0cx15f9c3m0kv4gch66h0000gn/T/1468535139933-0/src/error-prone-master/examples/gradle/build.gradle /var/folders/3k/mymj0cx15f9c3m0kv4gch66h0000gn/T/1468535139933-0/src/error-prone-master/examples/plugin/gradle/build.gradle /var/folders/3k/mymj0cx15f9c3m0kv4gch66h0000gn/T/1468535139933-0/src/error-prone-master/examples/plugin/gradle/hello/build.gradle /var/folders/3k/mymj0cx15f9c3m0kv4gch66h0000gn/T/1468535139933-0/src/error-prone-master/examples/plugin/gradle/sample_plugin/build.gradle
2016-07-15 04:25:45,986 INFO  c.g.v.a.s.a.ProjectBuildService - All script(s): /var/folders/3k/mymj0cx15f9c3m0kv4gch66h0000gn/T/1468535139933-0/src/error-prone-master/examples/gradle/build.gradle /var/folders/3k/mymj0cx15f9c3m0kv4gch66h0000gn/T/1468535139933-0/src/error-prone-master/examples/plugin/gradle/build.gradle /var/folders/3k/mymj0cx15f9c3m0kv4gch66h0000gn/T/1468535139933-0/src/error-prone-master/examples/plugin/gradle/hello/build.gradle /var/folders/3k/mymj0cx15f9c3m0kv4gch66h0000gn/T/1468535139933-0/src/error-prone-master/examples/plugin/gradle/sample_plugin/build.gradle /var/folders/3k/mymj0cx15f9c3m0kv4gch66h0000gn/T/1468535139933-0/src/error-prone-master/examples/plugin/gradle/settings.gradle
2016-07-15 04:25:45,997 INFO  c.g.v.a.s.a.ProjectBuildService - Remote scripts: none
2016-07-15 04:25:45,998 INFO  c.g.v.a.s.a.ProjectFixService - Fixing project...
2016-07-15 04:25:46,110 INFO  c.g.v.a.s.AndroidToolsService - ANDROID_HOME: /Users/vbauer/Library/Android/sdk
2016-07-15 04:25:46,110 INFO  c.g.v.a.s.AndroidToolsService - NDK_HOME: /Users/vbauer/Library/Android/ndk
2016-07-15 04:25:46,114 INFO  c.g.v.a.s.AndroidToolsService - Available build tools: 19.1.0 20.0.0 21.1.1 21.1.2 22.0.0 22.0.1 23.0.1 23.0.2 23.0.3 24.0.0
2016-07-15 04:25:46,118 INFO  c.g.v.a.s.AndroidToolsService - Available build tools after clean up: 19.1.0 20.0.0 21.1.1 21.1.2 22.0.0 22.0.1 23.0.1 23.0.2 23.0.3 24.0.0
2016-07-15 04:25:46,123 INFO  c.g.v.a.s.AndroidToolsService - Available platforms: 10 11 12 13 14 15 16 17 18 19 20 21 22 23 24 7 8 9 24
2016-07-15 04:25:46,128 INFO  c.g.v.a.s.AndroidToolsService - Available platforms after clean up: 7 8 9 10 11 12 13 14 15 16 17 18 19 20 21 22 23 24
2016-07-15 04:25:46,183 INFO  c.g.v.a.s.a.f.LocalPropertiesFixService - Created fake /var/folders/3k/mymj0cx15f9c3m0kv4gch66h0000gn/T/1468535139933-0/src/error-prone-master/examples/gradle/local.properties
2016-07-15 04:25:46,217 INFO  c.g.v.a.s.a.ProjectFixService - Build info for "/var/folders/3k/mymj0cx15f9c3m0kv4gch66h0000gn/T/1468535139933-0/src/error-prone-master/examples/gradle/build.gradle": [buildToolsVersion=<null>,compileSdkVersion=<null>,minSdkVersion=<null>,targetSdkVersion=<null>]
2016-07-15 04:25:46,239 INFO  c.g.v.a.s.a.ProjectFixService - Fixed build info for "/var/folders/3k/mymj0cx15f9c3m0kv4gch66h0000gn/T/1468535139933-0/src/error-prone-master/examples/gradle/build.gradle": [buildToolsVersion=24.0.0,compileSdkVersion=24,minSdkVersion=24,targetSdkVersion=24]
2016-07-15 04:25:46,245 INFO  c.g.v.a.s.a.f.LocalPropertiesFixService - Created fake /var/folders/3k/mymj0cx15f9c3m0kv4gch66h0000gn/T/1468535139933-0/src/error-prone-master/examples/plugin/gradle/local.properties
2016-07-15 04:25:46,256 INFO  c.g.v.a.s.a.ProjectFixService - Build info for "/var/folders/3k/mymj0cx15f9c3m0kv4gch66h0000gn/T/1468535139933-0/src/error-prone-master/examples/plugin/gradle/build.gradle": [buildToolsVersion=<null>,compileSdkVersion=<null>,minSdkVersion=<null>,targetSdkVersion=<null>]
2016-07-15 04:25:46,256 INFO  c.g.v.a.s.a.ProjectFixService - Fixed build info for "/var/folders/3k/mymj0cx15f9c3m0kv4gch66h0000gn/T/1468535139933-0/src/error-prone-master/examples/plugin/gradle/build.gradle": [buildToolsVersion=24.0.0,compileSdkVersion=24,minSdkVersion=24,targetSdkVersion=24]
2016-07-15 04:25:46,259 INFO  c.g.v.a.s.a.f.LocalPropertiesFixService - Created fake /var/folders/3k/mymj0cx15f9c3m0kv4gch66h0000gn/T/1468535139933-0/src/error-prone-master/examples/plugin/gradle/hello/local.properties
2016-07-15 04:25:46,267 INFO  c.g.v.a.s.a.ProjectFixService - Build info for "/var/folders/3k/mymj0cx15f9c3m0kv4gch66h0000gn/T/1468535139933-0/src/error-prone-master/examples/plugin/gradle/hello/build.gradle": [buildToolsVersion=<null>,compileSdkVersion=<null>,minSdkVersion=<null>,targetSdkVersion=<null>]
2016-07-15 04:25:46,272 INFO  c.g.v.a.s.a.ProjectFixService - Fixed build info for "/var/folders/3k/mymj0cx15f9c3m0kv4gch66h0000gn/T/1468535139933-0/src/error-prone-master/examples/plugin/gradle/hello/build.gradle": [buildToolsVersion=24.0.0,compileSdkVersion=24,minSdkVersion=24,targetSdkVersion=24]
2016-07-15 04:25:46,274 INFO  c.g.v.a.s.a.f.LocalPropertiesFixService - Created fake /var/folders/3k/mymj0cx15f9c3m0kv4gch66h0000gn/T/1468535139933-0/src/error-prone-master/examples/plugin/gradle/sample_plugin/local.properties
2016-07-15 04:25:46,283 INFO  c.g.v.a.s.a.ProjectFixService - Build info for "/var/folders/3k/mymj0cx15f9c3m0kv4gch66h0000gn/T/1468535139933-0/src/error-prone-master/examples/plugin/gradle/sample_plugin/build.gradle": [buildToolsVersion=<null>,compileSdkVersion=<null>,minSdkVersion=<null>,targetSdkVersion=<null>]
2016-07-15 04:25:46,285 INFO  c.g.v.a.s.a.ProjectFixService - Fixed build info for "/var/folders/3k/mymj0cx15f9c3m0kv4gch66h0000gn/T/1468535139933-0/src/error-prone-master/examples/plugin/gradle/sample_plugin/build.gradle": [buildToolsVersion=24.0.0,compileSdkVersion=24,minSdkVersion=24,targetSdkVersion=24]
2016-07-15 04:25:46,287 INFO  c.g.v.a.s.a.ProjectFixService - Project was maybe fixed
2016-07-15 04:25:46,296 INFO  c.g.v.a.s.a.ProjectTaskService - Detecting possible tasks...
2016-07-15 04:25:46,299 INFO  c.g.v.a.u.SysUtils - Execute command: [gradle, -b, /var/folders/3k/mymj0cx15f9c3m0kv4gch66h0000gn/T/1468535139933-0/src/error-prone-master/examples/gradle/build.gradle, tasks]
2016-07-15 04:25:53,764 ERROR c.g.v.a.s.a.ProjectTaskService - Could not detect possible Gradle tasks: Process exited with an error: 1 (Exit value: 1)
2016-07-15 04:25:53,765 INFO  c.g.v.a.s.a.ProjectTaskService - Detected possible tasks: 0
2016-07-15 04:25:53,765 INFO  c.g.v.a.s.a.ProjectTaskService - Excluded tasks: none
2016-07-15 04:25:53,766 INFO  c.g.v.a.u.SysUtils - Execute command: [gradle, -b, /var/folders/3k/mymj0cx15f9c3m0kv4gch66h0000gn/T/1468535139933-0/src/error-prone-master/examples/gradle/build.gradle, --stacktrace, build]
2016-07-15 04:25:59,409 INFO  c.g.v.a.s.a.ProjectBuildService - 
FAILURE: Build failed with an exception.

* Where:
Build file '/private/var/folders/3k/mymj0cx15f9c3m0kv4gch66h0000gn/T/1468535139933-0/src/error-prone-master/examples/gradle/build.gradle' line: 14

* What went wrong:
A problem occurred evaluating root project 'gradle'.
> org/gradle/platform/base/internal/toolchain/ToolResolver

* Try:
Run with --info or --debug option to get more log output.

* Exception is:
org.gradle.api.GradleScriptException: A problem occurred evaluating root project 'gradle'.
	at org.gradle.groovy.scripts.internal.DefaultScriptRunnerFactory$ScriptRunnerImpl.run(DefaultScriptRunnerFactory.java:93)
	at org.gradle.configuration.DefaultScriptPluginFactory$ScriptPluginImpl$1.run(DefaultScriptPluginFactory.java:144)
	at org.gradle.configuration.ProjectScriptTarget.addConfiguration(ProjectScriptTarget.java:72)
	at org.gradle.configuration.DefaultScriptPluginFactory$ScriptPluginImpl.apply(DefaultScriptPluginFactory.java:149)
	at org.gradle.configuration.project.BuildScriptProcessor.execute(BuildScriptProcessor.java:38)
	at org.gradle.configuration.project.BuildScriptProcessor.execute(BuildScriptProcessor.java:25)
	at org.gradle.configuration.project.ConfigureActionsProjectEvaluator.evaluate(ConfigureActionsProjectEvaluator.java:34)
	at org.gradle.configuration.project.LifecycleProjectEvaluator.evaluate(LifecycleProjectEvaluator.java:55)
	at org.gradle.api.internal.project.AbstractProject.evaluate(AbstractProject.java:510)
	at org.gradle.api.internal.project.AbstractProject.evaluate(AbstractProject.java:90)
	at org.gradle.execution.TaskPathProjectEvaluator.configureHierarchy(TaskPathProjectEvaluator.java:42)
	at org.gradle.configuration.DefaultBuildConfigurer.configure(DefaultBuildConfigurer.java:35)
	at org.gradle.initialization.DefaultGradleLauncher$2.run(DefaultGradleLauncher.java:125)
	at org.gradle.internal.Factories$1.create(Factories.java:22)
	at org.gradle.internal.progress.DefaultBuildOperationExecutor.run(DefaultBuildOperationExecutor.java:90)
	at org.gradle.internal.progress.DefaultBuildOperationExecutor.run(DefaultBuildOperationExecutor.java:52)
	at org.gradle.initialization.DefaultGradleLauncher.doBuildStages(DefaultGradleLauncher.java:122)
	at org.gradle.initialization.DefaultGradleLauncher.access$200(DefaultGradleLauncher.java:32)
	at org.gradle.initialization.DefaultGradleLauncher$1.create(DefaultGradleLauncher.java:99)
	at org.gradle.initialization.DefaultGradleLauncher$1.create(DefaultGradleLauncher.java:93)
	at org.gradle.internal.progress.DefaultBuildOperationExecutor.run(DefaultBuildOperationExecutor.java:90)
	at org.gradle.internal.progress.DefaultBuildOperationExecutor.run(DefaultBuildOperationExecutor.java:62)
	at org.gradle.initialization.DefaultGradleLauncher.doBuild(DefaultGradleLauncher.java:93)
	at org.gradle.initialization.DefaultGradleLauncher.run(DefaultGradleLauncher.java:82)
	at org.gradle.launcher.exec.InProcessBuildActionExecuter$DefaultBuildController.run(InProcessBuildActionExecuter.java:94)
	at org.gradle.tooling.internal.provider.ExecuteBuildActionRunner.run(ExecuteBuildActionRunner.java:28)
	at org.gradle.launcher.exec.ChainingBuildActionRunner.run(ChainingBuildActionRunner.java:35)
	at org.gradle.launcher.exec.InProcessBuildActionExecuter.execute(InProcessBuildActionExecuter.java:43)
	at org.gradle.launcher.exec.InProcessBuildActionExecuter.execute(InProcessBuildActionExecuter.java:28)
	at org.gradle.launcher.exec.ContinuousBuildActionExecuter.execute(ContinuousBuildActionExecuter.java:78)
	at org.gradle.launcher.exec.ContinuousBuildActionExecuter.execute(ContinuousBuildActionExecuter.java:48)
	at org.gradle.launcher.exec.DaemonUsageSuggestingBuildActionExecuter.execute(DaemonUsageSuggestingBuildActionExecuter.java:51)
	at org.gradle.launcher.exec.DaemonUsageSuggestingBuildActionExecuter.execute(DaemonUsageSuggestingBuildActionExecuter.java:28)
	at org.gradle.launcher.cli.RunBuildAction.run(RunBuildAction.java:43)
	at org.gradle.internal.Actions$RunnableActionAdapter.execute(Actions.java:170)
	at org.gradle.launcher.cli.CommandLineActionFactory$ParseAndBuildAction.execute(CommandLineActionFactory.java:237)
	at org.gradle.launcher.cli.CommandLineActionFactory$ParseAndBuildAction.execute(CommandLineActionFactory.java:210)
	at org.gradle.launcher.cli.JavaRuntimeValidationAction.execute(JavaRuntimeValidationAction.java:35)
	at org.gradle.launcher.cli.JavaRuntimeValidationAction.execute(JavaRuntimeValidationAction.java:24)
	at org.gradle.launcher.cli.CommandLineActionFactory$WithLogging.execute(CommandLineActionFactory.java:206)
	at org.gradle.launcher.cli.CommandLineActionFactory$WithLogging.execute(CommandLineActionFactory.java:169)
	at org.gradle.launcher.cli.ExceptionReportingAction.execute(ExceptionReportingAction.java:33)
	at org.gradle.launcher.cli.ExceptionReportingAction.execute(ExceptionReportingAction.java:22)
	at org.gradle.launcher.Main.doAction(Main.java:33)
	at org.gradle.launcher.bootstrap.EntryPoint.run(EntryPoint.java:45)
	at org.gradle.launcher.bootstrap.ProcessBootstrap.runNoExit(ProcessBootstrap.java:54)
	at org.gradle.launcher.bootstrap.ProcessBootstrap.run(ProcessBootstrap.java:35)
	at org.gradle.launcher.GradleMain.main(GradleMain.java:23)
Caused by: java.lang.NoClassDefFoundError: org/gradle/platform/base/internal/toolchain/ToolResolver
	at net.ltgt.gradle.errorprone.ErrorPronePlugin.apply(ErrorPronePlugin.java:26)
	at net.ltgt.gradle.errorprone.ErrorPronePlugin.apply(ErrorPronePlugin.java:20)
	at org.gradle.api.internal.plugins.ImperativeOnlyPluginApplicator.applyImperative(ImperativeOnlyPluginApplicator.java:35)
	at org.gradle.api.internal.plugins.RuleBasedPluginApplicator.applyImperative(RuleBasedPluginApplicator.java:44)
	at org.gradle.api.internal.plugins.DefaultPluginManager.doApply(DefaultPluginManager.java:144)
	at org.gradle.api.internal.plugins.DefaultPluginManager.apply(DefaultPluginManager.java:112)
	at org.gradle.api.internal.plugins.DefaultObjectConfigurationAction.applyType(DefaultObjectConfigurationAction.java:112)
	at org.gradle.api.internal.plugins.DefaultObjectConfigurationAction.access$200(DefaultObjectConfigurationAction.java:35)
	at org.gradle.api.internal.plugins.DefaultObjectConfigurationAction$3.run(DefaultObjectConfigurationAction.java:79)
	at org.gradle.api.internal.plugins.DefaultObjectConfigurationAction.execute(DefaultObjectConfigurationAction.java:135)
	at org.gradle.api.internal.project.AbstractPluginAware.apply(AbstractPluginAware.java:46)
	at org.gradle.api.plugins.PluginAware$apply.call(Unknown Source)
	at org.gradle.api.internal.project.ProjectScript.apply(ProjectScript.groovy:35)
	at org.gradle.api.Script$apply$0.callCurrent(Unknown Source)
	at build_2hz8u7sgc10tyntnksdrky4n8.run(/private/var/folders/3k/mymj0cx15f9c3m0kv4gch66h0000gn/T/1468535139933-0/src/error-prone-master/examples/gradle/build.gradle:14)
	at org.gradle.groovy.scripts.internal.DefaultScriptRunnerFactory$ScriptRunnerImpl.run(DefaultScriptRunnerFactory.java:91)
	... 47 more
Caused by: java.lang.ClassNotFoundException: org.gradle.platform.base.internal.toolchain.ToolResolver
	... 63 more


BUILD FAILED

Total time: 5.107 secs

2016-07-15 04:25:59,411 ERROR c.g.v.a.s.a.ProjectBuildService - Can not build project using script "/var/folders/3k/mymj0cx15f9c3m0kv4gch66h0000gn/T/1468535139933-0/src/error-prone-master/examples/gradle/build.gradle"
2016-07-15 04:25:59,483 INFO  c.g.v.a.s.a.ProjectTaskService - Detecting possible tasks...
2016-07-15 04:25:59,484 INFO  c.g.v.a.u.SysUtils - Execute command: [gradle, -b, /var/folders/3k/mymj0cx15f9c3m0kv4gch66h0000gn/T/1468535139933-0/src/error-prone-master/examples/plugin/gradle/build.gradle, tasks]
2016-07-15 04:26:07,187 INFO  c.g.v.a.s.a.ProjectTaskService - Detected possible tasks: 38
2016-07-15 04:26:07,187 INFO  c.g.v.a.s.a.ProjectTaskService - Excluded tasks: test check javadoc
2016-07-15 04:26:07,187 INFO  c.g.v.a.u.SysUtils - Execute command: [gradle, -b, /var/folders/3k/mymj0cx15f9c3m0kv4gch66h0000gn/T/1468535139933-0/src/error-prone-master/examples/plugin/gradle/build.gradle, --stacktrace, -x, test, -x, check, -x, javadoc, build]
2016-07-15 04:26:18,073 INFO  c.g.v.a.s.a.ProjectBuildService - :sample_plugin:compileJava
:sample_plugin:processResources UP-TO-DATE
:sample_plugin:classes
:sample_plugin:jar
:hello:compileJava/private/var/folders/3k/mymj0cx15f9c3m0kv4gch66h0000gn/T/1468535139933-0/src/error-prone-master/examples/plugin/gradle/hello/src/main/java/com/google/errorprone/sample/Hello.java:24: error: [MyCustomCheck] String formatting inside print method
    System.err.print(String.format("Hello: %s\n", Arrays.toString(args)));
                    ^
    (see example.com/bugpattern/MyCustomCheck)
  Did you mean 'System.err.printf("Hello: %s\n", Arrays.toString(args));'?
1 error
 FAILED

FAILURE: Build failed with an exception.

* What went wrong:
Execution failed for task ':hello:compileJava'.
> Compilation failed with exit code 1; see the compiler error output for details.

* Try:
Run with --info or --debug option to get more log output.

* Exception is:
org.gradle.api.tasks.TaskExecutionException: Execution failed for task ':hello:compileJava'.
	at org.gradle.api.internal.tasks.execution.ExecuteActionsTaskExecuter.executeActions(ExecuteActionsTaskExecuter.java:69)
	at org.gradle.api.internal.tasks.execution.ExecuteActionsTaskExecuter.execute(ExecuteActionsTaskExecuter.java:46)
	at org.gradle.api.internal.tasks.execution.PostExecutionAnalysisTaskExecuter.execute(PostExecutionAnalysisTaskExecuter.java:35)
	at org.gradle.api.internal.tasks.execution.SkipUpToDateTaskExecuter.execute(SkipUpToDateTaskExecuter.java:64)
	at org.gradle.api.internal.tasks.execution.ValidatingTaskExecuter.execute(ValidatingTaskExecuter.java:58)
	at org.gradle.api.internal.tasks.execution.SkipEmptySourceFilesTaskExecuter.execute(SkipEmptySourceFilesTaskExecuter.java:52)
	at org.gradle.api.internal.tasks.execution.SkipTaskWithNoActionsExecuter.execute(SkipTaskWithNoActionsExecuter.java:52)
	at org.gradle.api.internal.tasks.execution.SkipOnlyIfTaskExecuter.execute(SkipOnlyIfTaskExecuter.java:53)
	at org.gradle.api.internal.tasks.execution.ExecuteAtMostOnceTaskExecuter.execute(ExecuteAtMostOnceTaskExecuter.java:43)
	at org.gradle.execution.taskgraph.DefaultTaskGraphExecuter$EventFiringTaskWorker.execute(DefaultTaskGraphExecuter.java:203)
	at org.gradle.execution.taskgraph.DefaultTaskGraphExecuter$EventFiringTaskWorker.execute(DefaultTaskGraphExecuter.java:185)
	at org.gradle.execution.taskgraph.AbstractTaskPlanExecutor$TaskExecutorWorker.processTask(AbstractTaskPlanExecutor.java:66)
	at org.gradle.execution.taskgraph.AbstractTaskPlanExecutor$TaskExecutorWorker.run(AbstractTaskPlanExecutor.java:50)
	at org.gradle.execution.taskgraph.DefaultTaskPlanExecutor.process(DefaultTaskPlanExecutor.java:25)
	at org.gradle.execution.taskgraph.DefaultTaskGraphExecuter.execute(DefaultTaskGraphExecuter.java:110)
	at org.gradle.execution.SelectedTaskExecutionAction.execute(SelectedTaskExecutionAction.java:37)
	at org.gradle.execution.DefaultBuildExecuter.execute(DefaultBuildExecuter.java:37)
	at org.gradle.execution.DefaultBuildExecuter.access$000(DefaultBuildExecuter.java:23)
	at org.gradle.execution.DefaultBuildExecuter$1.proceed(DefaultBuildExecuter.java:43)
	at org.gradle.execution.DryRunBuildExecutionAction.execute(DryRunBuildExecutionAction.java:32)
	at org.gradle.execution.DefaultBuildExecuter.execute(DefaultBuildExecuter.java:37)
	at org.gradle.execution.DefaultBuildExecuter.execute(DefaultBuildExecuter.java:30)
	at org.gradle.initialization.DefaultGradleLauncher$4.run(DefaultGradleLauncher.java:154)
	at org.gradle.internal.Factories$1.create(Factories.java:22)
	at org.gradle.internal.progress.DefaultBuildOperationExecutor.run(DefaultBuildOperationExecutor.java:90)
	at org.gradle.internal.progress.DefaultBuildOperationExecutor.run(DefaultBuildOperationExecutor.java:52)
	at org.gradle.initialization.DefaultGradleLauncher.doBuildStages(DefaultGradleLauncher.java:151)
	at org.gradle.initialization.DefaultGradleLauncher.access$200(DefaultGradleLauncher.java:32)
	at org.gradle.initialization.DefaultGradleLauncher$1.create(DefaultGradleLauncher.java:99)
	at org.gradle.initialization.DefaultGradleLauncher$1.create(DefaultGradleLauncher.java:93)
	at org.gradle.internal.progress.DefaultBuildOperationExecutor.run(DefaultBuildOperationExecutor.java:90)
	at org.gradle.internal.progress.DefaultBuildOperationExecutor.run(DefaultBuildOperationExecutor.java:62)
	at org.gradle.initialization.DefaultGradleLauncher.doBuild(DefaultGradleLauncher.java:93)
	at org.gradle.initialization.DefaultGradleLauncher.run(DefaultGradleLauncher.java:82)
	at org.gradle.launcher.exec.InProcessBuildActionExecuter$DefaultBuildController.run(InProcessBuildActionExecuter.java:94)
	at org.gradle.tooling.internal.provider.ExecuteBuildActionRunner.run(ExecuteBuildActionRunner.java:28)
	at org.gradle.launcher.exec.ChainingBuildActionRunner.run(ChainingBuildActionRunner.java:35)
	at org.gradle.launcher.exec.InProcessBuildActionExecuter.execute(InProcessBuildActionExecuter.java:43)
	at org.gradle.launcher.exec.InProcessBuildActionExecuter.execute(InProcessBuildActionExecuter.java:28)
	at org.gradle.launcher.exec.ContinuousBuildActionExecuter.execute(ContinuousBuildActionExecuter.java:78)
	at org.gradle.launcher.exec.ContinuousBuildActionExecuter.execute(ContinuousBuildActionExecuter.java:48)
	at org.gradle.launcher.exec.DaemonUsageSuggestingBuildActionExecuter.execute(DaemonUsageSuggestingBuildActionExecuter.java:51)
	at org.gradle.launcher.exec.DaemonUsageSuggestingBuildActionExecuter.execute(DaemonUsageSuggestingBuildActionExecuter.java:28)
	at org.gradle.launcher.cli.RunBuildAction.run(RunBuildAction.java:43)
	at org.gradle.internal.Actions$RunnableActionAdapter.execute(Actions.java:170)
	at org.gradle.launcher.cli.CommandLineActionFactory$ParseAndBuildAction.execute(CommandLineActionFactory.java:237)
	at org.gradle.launcher.cli.CommandLineActionFactory$ParseAndBuildAction.execute(CommandLineActionFactory.java:210)
	at org.gradle.launcher.cli.JavaRuntimeValidationAction.execute(JavaRuntimeValidationAction.java:35)
	at org.gradle.launcher.cli.JavaRuntimeValidationAction.execute(JavaRuntimeValidationAction.java:24)
	at org.gradle.launcher.cli.CommandLineActionFactory$WithLogging.execute(CommandLineActionFactory.java:206)
	at org.gradle.launcher.cli.CommandLineActionFactory$WithLogging.execute(CommandLineActionFactory.java:169)
	at org.gradle.launcher.cli.ExceptionReportingAction.execute(ExceptionReportingAction.java:33)
	at org.gradle.launcher.cli.ExceptionReportingAction.execute(ExceptionReportingAction.java:22)
	at org.gradle.launcher.Main.doAction(Main.java:33)
	at org.gradle.launcher.bootstrap.EntryPoint.run(EntryPoint.java:45)
	at org.gradle.launcher.bootstrap.ProcessBootstrap.runNoExit(ProcessBootstrap.java:54)
	at org.gradle.launcher.bootstrap.ProcessBootstrap.run(ProcessBootstrap.java:35)
	at org.gradle.launcher.GradleMain.main(GradleMain.java:23)
Caused by: org.gradle.api.internal.tasks.compile.CompilationFailedException: Compilation failed with exit code 1; see the compiler error output for details.
	at net.ltgt.gradle.errorprone.ErrorProneCompiler.execute(ErrorProneCompiler.java:70)
	at net.ltgt.gradle.errorprone.ErrorProneCompiler.execute(ErrorProneCompiler.java:25)
	at org.gradle.api.internal.tasks.compile.NormalizingJavaCompiler.delegateAndHandleErrors(NormalizingJavaCompiler.java:101)
	at org.gradle.api.internal.tasks.compile.NormalizingJavaCompiler.execute(NormalizingJavaCompiler.java:50)
	at org.gradle.api.internal.tasks.compile.NormalizingJavaCompiler.execute(NormalizingJavaCompiler.java:36)
	at org.gradle.api.internal.tasks.compile.CleaningJavaCompilerSupport.execute(CleaningJavaCompilerSupport.java:34)
	at org.gradle.api.internal.tasks.compile.CleaningJavaCompilerSupport.execute(CleaningJavaCompilerSupport.java:25)
	at org.gradle.api.tasks.compile.JavaCompile.performCompilation(JavaCompile.java:157)
	at org.gradle.api.tasks.compile.JavaCompile.compile(JavaCompile.java:139)
	at org.gradle.api.tasks.compile.JavaCompile.compile(JavaCompile.java:93)
	at org.gradle.internal.reflect.JavaMethod.invoke(JavaMethod.java:75)
	at org.gradle.api.internal.project.taskfactory.AnnotationProcessingTaskFactory$IncrementalTaskAction.doExecute(AnnotationProcessingTaskFactory.java:244)
	at org.gradle.api.internal.project.taskfactory.AnnotationProcessingTaskFactory$StandardTaskAction.execute(AnnotationProcessingTaskFactory.java:220)
	at org.gradle.api.internal.project.taskfactory.AnnotationProcessingTaskFactory$IncrementalTaskAction.execute(AnnotationProcessingTaskFactory.java:231)
	at org.gradle.api.internal.project.taskfactory.AnnotationProcessingTaskFactory$StandardTaskAction.execute(AnnotationProcessingTaskFactory.java:209)
	at org.gradle.api.internal.tasks.execution.ExecuteActionsTaskExecuter.executeAction(ExecuteActionsTaskExecuter.java:80)
	at org.gradle.api.internal.tasks.execution.ExecuteActionsTaskExecuter.executeActions(ExecuteActionsTaskExecuter.java:61)
	... 57 more


BUILD FAILED

Total time: 10.336 secs

2016-07-15 04:26:18,074 ERROR c.g.v.a.s.a.ProjectBuildService - Can not build project using script "/var/folders/3k/mymj0cx15f9c3m0kv4gch66h0000gn/T/1468535139933-0/src/error-prone-master/examples/plugin/gradle/build.gradle"
2016-07-15 04:26:18,112 INFO  c.g.v.a.s.a.ProjectTaskService - Detecting possible tasks...
2016-07-15 04:26:18,113 INFO  c.g.v.a.u.SysUtils - Execute command: [gradle, -b, /var/folders/3k/mymj0cx15f9c3m0kv4gch66h0000gn/T/1468535139933-0/src/error-prone-master/examples/plugin/gradle/hello/build.gradle, tasks]
2016-07-15 04:26:25,126 INFO  c.g.v.a.s.a.ProjectTaskService - Detected possible tasks: 38
2016-07-15 04:26:25,126 INFO  c.g.v.a.s.a.ProjectTaskService - Excluded tasks: test check javadoc
2016-07-15 04:26:25,127 INFO  c.g.v.a.u.SysUtils - Execute command: [gradle, -b, /var/folders/3k/mymj0cx15f9c3m0kv4gch66h0000gn/T/1468535139933-0/src/error-prone-master/examples/plugin/gradle/hello/build.gradle, --stacktrace, -x, test, -x, check, -x, javadoc, build]
2016-07-15 04:26:34,073 INFO  c.g.v.a.s.a.ProjectBuildService - :sample_plugin:compileJava UP-TO-DATE
:sample_plugin:processResources UP-TO-DATE
:sample_plugin:classes UP-TO-DATE
:sample_plugin:jar UP-TO-DATE
:hello:compileJava/private/var/folders/3k/mymj0cx15f9c3m0kv4gch66h0000gn/T/1468535139933-0/src/error-prone-master/examples/plugin/gradle/hello/src/main/java/com/google/errorprone/sample/Hello.java:24: error: [MyCustomCheck] String formatting inside print method
    System.err.print(String.format("Hello: %s\n", Arrays.toString(args)));
                    ^
    (see example.com/bugpattern/MyCustomCheck)
  Did you mean 'System.err.printf("Hello: %s\n", Arrays.toString(args));'?
1 error
 FAILED

FAILURE: Build failed with an exception.

* What went wrong:
Execution failed for task ':hello:compileJava'.
> Compilation failed with exit code 1; see the compiler error output for details.

* Try:
Run with --info or --debug option to get more log output.

* Exception is:
org.gradle.api.tasks.TaskExecutionException: Execution failed for task ':hello:compileJava'.
	at org.gradle.api.internal.tasks.execution.ExecuteActionsTaskExecuter.executeActions(ExecuteActionsTaskExecuter.java:69)
	at org.gradle.api.internal.tasks.execution.ExecuteActionsTaskExecuter.execute(ExecuteActionsTaskExecuter.java:46)
	at org.gradle.api.internal.tasks.execution.PostExecutionAnalysisTaskExecuter.execute(PostExecutionAnalysisTaskExecuter.java:35)
	at org.gradle.api.internal.tasks.execution.SkipUpToDateTaskExecuter.execute(SkipUpToDateTaskExecuter.java:64)
	at org.gradle.api.internal.tasks.execution.ValidatingTaskExecuter.execute(ValidatingTaskExecuter.java:58)
	at org.gradle.api.internal.tasks.execution.SkipEmptySourceFilesTaskExecuter.execute(SkipEmptySourceFilesTaskExecuter.java:52)
	at org.gradle.api.internal.tasks.execution.SkipTaskWithNoActionsExecuter.execute(SkipTaskWithNoActionsExecuter.java:52)
	at org.gradle.api.internal.tasks.execution.SkipOnlyIfTaskExecuter.execute(SkipOnlyIfTaskExecuter.java:53)
	at org.gradle.api.internal.tasks.execution.ExecuteAtMostOnceTaskExecuter.execute(ExecuteAtMostOnceTaskExecuter.java:43)
	at org.gradle.execution.taskgraph.DefaultTaskGraphExecuter$EventFiringTaskWorker.execute(DefaultTaskGraphExecuter.java:203)
	at org.gradle.execution.taskgraph.DefaultTaskGraphExecuter$EventFiringTaskWorker.execute(DefaultTaskGraphExecuter.java:185)
	at org.gradle.execution.taskgraph.AbstractTaskPlanExecutor$TaskExecutorWorker.processTask(AbstractTaskPlanExecutor.java:66)
	at org.gradle.execution.taskgraph.AbstractTaskPlanExecutor$TaskExecutorWorker.run(AbstractTaskPlanExecutor.java:50)
	at org.gradle.execution.taskgraph.DefaultTaskPlanExecutor.process(DefaultTaskPlanExecutor.java:25)
	at org.gradle.execution.taskgraph.DefaultTaskGraphExecuter.execute(DefaultTaskGraphExecuter.java:110)
	at org.gradle.execution.SelectedTaskExecutionAction.execute(SelectedTaskExecutionAction.java:37)
	at org.gradle.execution.DefaultBuildExecuter.execute(DefaultBuildExecuter.java:37)
	at org.gradle.execution.DefaultBuildExecuter.access$000(DefaultBuildExecuter.java:23)
	at org.gradle.execution.DefaultBuildExecuter$1.proceed(DefaultBuildExecuter.java:43)

BUILD FAILED

Total time: 8.4 secs
	at org.gradle.execution.DryRunBuildExecutionAction.execute(DryRunBuildExecutionAction.java:32)
	at org.gradle.execution.DefaultBuildExecuter.execute(DefaultBuildExecuter.java:37)
	at org.gradle.execution.DefaultBuildExecuter.execute(DefaultBuildExecuter.java:30)
	at org.gradle.initialization.DefaultGradleLauncher$4.run(DefaultGradleLauncher.java:154)
	at org.gradle.internal.Factories$1.create(Factories.java:22)
	at org.gradle.internal.progress.DefaultBuildOperationExecutor.run(DefaultBuildOperationExecutor.java:90)
	at org.gradle.internal.progress.DefaultBuildOperationExecutor.run(DefaultBuildOperationExecutor.java:52)
	at org.gradle.initialization.DefaultGradleLauncher.doBuildStages(DefaultGradleLauncher.java:151)
	at org.gradle.initialization.DefaultGradleLauncher.access$200(DefaultGradleLauncher.java:32)
	at org.gradle.initialization.DefaultGradleLauncher$1.create(DefaultGradleLauncher.java:99)
	at org.gradle.initialization.DefaultGradleLauncher$1.create(DefaultGradleLauncher.java:93)
	at org.gradle.internal.progress.DefaultBuildOperationExecutor.run(DefaultBuildOperationExecutor.java:90)
	at org.gradle.internal.progress.DefaultBuildOperationExecutor.run(DefaultBuildOperationExecutor.java:62)
	at org.gradle.initialization.DefaultGradleLauncher.doBuild(DefaultGradleLauncher.java:93)
	at org.gradle.initialization.DefaultGradleLauncher.run(DefaultGradleLauncher.java:82)
	at org.gradle.launcher.exec.InProcessBuildActionExecuter$DefaultBuildController.run(InProcessBuildActionExecuter.java:94)
	at org.gradle.tooling.internal.provider.ExecuteBuildActionRunner.run(ExecuteBuildActionRunner.java:28)
	at org.gradle.launcher.exec.ChainingBuildActionRunner.run(ChainingBuildActionRunner.java:35)
	at org.gradle.launcher.exec.InProcessBuildActionExecuter.execute(InProcessBuildActionExecuter.java:43)
	at org.gradle.launcher.exec.InProcessBuildActionExecuter.execute(InProcessBuildActionExecuter.java:28)
	at org.gradle.launcher.exec.ContinuousBuildActionExecuter.execute(ContinuousBuildActionExecuter.java:78)
	at org.gradle.launcher.exec.ContinuousBuildActionExecuter.execute(ContinuousBuildActionExecuter.java:48)
	at org.gradle.launcher.exec.DaemonUsageSuggestingBuildActionExecuter.execute(DaemonUsageSuggestingBuildActionExecuter.java:51)
	at org.gradle.launcher.exec.DaemonUsageSuggestingBuildActionExecuter.execute(DaemonUsageSuggestingBuildActionExecuter.java:28)
	at org.gradle.launcher.cli.RunBuildAction.run(RunBuildAction.java:43)
	at org.gradle.internal.Actions$RunnableActionAdapter.execute(Actions.java:170)
	at org.gradle.launcher.cli.CommandLineActionFactory$ParseAndBuildAction.execute(CommandLineActionFactory.java:237)
	at org.gradle.launcher.cli.CommandLineActionFactory$ParseAndBuildAction.execute(CommandLineActionFactory.java:210)
	at org.gradle.launcher.cli.JavaRuntimeValidationAction.execute(JavaRuntimeValidationAction.java:35)
	at org.gradle.launcher.cli.JavaRuntimeValidationAction.execute(JavaRuntimeValidationAction.java:24)
	at org.gradle.launcher.cli.CommandLineActionFactory$WithLogging.execute(CommandLineActionFactory.java:206)
	at org.gradle.launcher.cli.CommandLineActionFactory$WithLogging.execute(CommandLineActionFactory.java:169)
	at org.gradle.launcher.cli.ExceptionReportingAction.execute(ExceptionReportingAction.java:33)
	at org.gradle.launcher.cli.ExceptionReportingAction.execute(ExceptionReportingAction.java:22)
	at org.gradle.launcher.Main.doAction(Main.java:33)
	at org.gradle.launcher.bootstrap.EntryPoint.run(EntryPoint.java:45)
	at org.gradle.launcher.bootstrap.ProcessBootstrap.runNoExit(ProcessBootstrap.java:54)
	at org.gradle.launcher.bootstrap.ProcessBootstrap.run(ProcessBootstrap.java:35)
	at org.gradle.launcher.GradleMain.main(GradleMain.java:23)
Caused by: org.gradle.api.internal.tasks.compile.CompilationFailedException: Compilation failed with exit code 1; see the compiler error output for details.
	at net.ltgt.gradle.errorprone.ErrorProneCompiler.execute(ErrorProneCompiler.java:70)
	at net.ltgt.gradle.errorprone.ErrorProneCompiler.execute(ErrorProneCompiler.java:25)
	at org.gradle.api.internal.tasks.compile.NormalizingJavaCompiler.delegateAndHandleErrors(NormalizingJavaCompiler.java:101)
	at org.gradle.api.internal.tasks.compile.NormalizingJavaCompiler.execute(NormalizingJavaCompiler.java:50)
	at org.gradle.api.internal.tasks.compile.NormalizingJavaCompiler.execute(NormalizingJavaCompiler.java:36)
	at org.gradle.api.internal.tasks.compile.CleaningJavaCompilerSupport.execute(CleaningJavaCompilerSupport.java:34)
	at org.gradle.api.internal.tasks.compile.CleaningJavaCompilerSupport.execute(CleaningJavaCompilerSupport.java:25)
	at org.gradle.api.tasks.compile.JavaCompile.performCompilation(JavaCompile.java:157)
	at org.gradle.api.tasks.compile.JavaCompile.compile(JavaCompile.java:139)
	at org.gradle.api.tasks.compile.JavaCompile.compile(JavaCompile.java:93)
	at org.gradle.internal.reflect.JavaMethod.invoke(JavaMethod.java:75)
	at org.gradle.api.internal.project.taskfactory.AnnotationProcessingTaskFactory$IncrementalTaskAction.doExecute(AnnotationProcessingTaskFactory.java:244)
	at org.gradle.api.internal.project.taskfactory.AnnotationProcessingTaskFactory$StandardTaskAction.execute(AnnotationProcessingTaskFactory.java:220)
	at org.gradle.api.internal.project.taskfactory.AnnotationProcessingTaskFactory$IncrementalTaskAction.execute(AnnotationProcessingTaskFactory.java:231)
	at org.gradle.api.internal.project.taskfactory.AnnotationProcessingTaskFactory$StandardTaskAction.execute(AnnotationProcessingTaskFactory.java:209)
	at org.gradle.api.internal.tasks.execution.ExecuteActionsTaskExecuter.executeAction(ExecuteActionsTaskExecuter.java:80)
	at org.gradle.api.internal.tasks.execution.ExecuteActionsTaskExecuter.executeActions(ExecuteActionsTaskExecuter.java:61)
	... 57 more


2016-07-15 04:26:34,074 ERROR c.g.v.a.s.a.ProjectBuildService - Can not build project using script "/var/folders/3k/mymj0cx15f9c3m0kv4gch66h0000gn/T/1468535139933-0/src/error-prone-master/examples/plugin/gradle/hello/build.gradle"
2016-07-15 04:26:34,098 INFO  c.g.v.a.s.a.ProjectTaskService - Detecting possible tasks...
2016-07-15 04:26:34,099 INFO  c.g.v.a.u.SysUtils - Execute command: [gradle, -b, /var/folders/3k/mymj0cx15f9c3m0kv4gch66h0000gn/T/1468535139933-0/src/error-prone-master/examples/plugin/gradle/sample_plugin/build.gradle, tasks]
2016-07-15 04:26:41,102 INFO  c.g.v.a.s.a.ProjectTaskService - Detected possible tasks: 38
2016-07-15 04:26:41,103 INFO  c.g.v.a.s.a.ProjectTaskService - Excluded tasks: test check javadoc
2016-07-15 04:26:41,103 INFO  c.g.v.a.u.SysUtils - Execute command: [gradle, -b, /var/folders/3k/mymj0cx15f9c3m0kv4gch66h0000gn/T/1468535139933-0/src/error-prone-master/examples/plugin/gradle/sample_plugin/build.gradle, --stacktrace, -x, test, -x, check, -x, javadoc, build]
2016-07-15 04:26:48,589 INFO  c.g.v.a.s.a.ProjectBuildService - :sample_plugin:compileJava UP-TO-DATE
:sample_plugin:processResources UP-TO-DATE
:sample_plugin:classes UP-TO-DATE
:sample_plugin:jar UP-TO-DATE
:sample_plugin:assemble UP-TO-DATE
:sample_plugin:build

BUILD SUCCESSFUL

Total time: 6.961 secs

This build could be faster, please consider using the Gradle Daemon: https://docs.gradle.org/2.10/userguide/gradle_daemon.html

2016-07-15 04:26:48,628 ERROR c.g.v.a.s.FullProcessService - Project build has not produced APK file
2016-07-15 04:26:48,666 ERROR c.g.v.a.s.FullProcessService - Could not find generated or existed APK file
