2018-05-21 02:35:20,855 INFO  DownloadService - Downloading "https://github.com/Drivemode/IntentLogger/archive/master.zip", attempt 3
2018-05-21 02:35:22,405 INFO  DownloadService - Downloaded https://github.com/Drivemode/IntentLogger/archive/master.zip, attempt 3
2018-05-21 02:35:22,405 INFO  DownloadService - Size of file "/tmp/rdisk/1270/master.zip": 118 KB
2018-05-21 02:35:22,405 INFO  ArchiveUtils - Checking entries [.gradle] in ZIP file...
2018-05-21 02:35:22,406 INFO  ArchiveUtils - Has entries [.gradle] in ZIP file /tmp/rdisk/1270/master.zip: true
2018-05-21 02:35:22,406 DEBUG ZipUtil - Extracting '/tmp/rdisk/1270/master.zip' into '/tmp/rdisk/1270/src'.
2018-05-21 02:35:22,413 INFO  FullProcessService - Size of directory with sources: 134 KB
2018-05-21 02:35:22,413 INFO  SysUtils - Execute command: [git, init, /tmp/rdisk/1270/src]
2018-05-21 02:35:22,419 INFO  SysUtils - Initialized empty Git repository in /tmp/rdisk/1270/src/.git/

2018-05-21 02:35:22,421 INFO  ProjectBuildService - Gradle wrapper(s): /tmp/rdisk/1270/src/IntentLogger-master/gradlew
2018-05-21 02:35:22,423 INFO  ProjectBuildService - Build script(s): /tmp/rdisk/1270/src/IntentLogger-master/app/build.gradle /tmp/rdisk/1270/src/IntentLogger-master/library/build.gradle /tmp/rdisk/1270/src/IntentLogger-master/build.gradle
2018-05-21 02:35:22,425 INFO  ProjectBuildService - All script(s): /tmp/rdisk/1270/src/IntentLogger-master/settings.gradle /tmp/rdisk/1270/src/IntentLogger-master/library/build.gradle /tmp/rdisk/1270/src/IntentLogger-master/build.gradle /tmp/rdisk/1270/src/IntentLogger-master/app/build.gradle
2018-05-21 02:35:22,426 INFO  DownloadService - Downloading "https://raw.github.com/chrisbanes/gradle-mvn-push/master/gradle-mvn-push.gradle", attempt 3
2018-05-21 02:35:22,721 INFO  DownloadService - Downloaded https://raw.github.com/chrisbanes/gradle-mvn-push/master/gradle-mvn-push.gradle, attempt 3
2018-05-21 02:35:22,721 INFO  ProjectBuildService - Remote scripts: https://raw.github.com/chrisbanes/gradle-mvn-push/master/gradle-mvn-push.gradle
2018-05-21 02:35:22,721 INFO  ProjectFixService - Fixing project...
2018-05-21 02:35:22,728 INFO  LocalPropertiesFixService - Created fake /tmp/rdisk/1270/src/IntentLogger-master/app/local.properties
2018-05-21 02:35:22,729 INFO  ProjectFixService - Build info for "/tmp/rdisk/1270/src/IntentLogger-master/app/build.gradle": [buildToolsVersion=25.0.1,compileSdkVersion=25,minSdkVersion=15,targetSdkVersion=25]
2018-05-21 02:35:22,729 INFO  LocalPropertiesFixService - Created fake /tmp/rdisk/1270/src/IntentLogger-master/library/local.properties
2018-05-21 02:35:22,729 INFO  ProjectFixService - Build info for "/tmp/rdisk/1270/src/IntentLogger-master/library/build.gradle": [buildToolsVersion=25.0.1,compileSdkVersion=25,minSdkVersion=15,targetSdkVersion=25]
2018-05-21 02:35:22,730 INFO  LocalPropertiesFixService - Created fake /tmp/rdisk/1270/src/IntentLogger-master/local.properties
2018-05-21 02:35:22,730 INFO  WrapperPropertiesFixService - Gradle wrapper: https://services.gradle.org/distributions/gradle-3.1-all.zip
2018-05-21 02:35:22,730 INFO  WrapperPropertiesFixService - Gradle wrapper was changed from "-all.zip" to "-bin.zip" (https://services.gradle.org/distributions/gradle-3.1-bin.zip)
2018-05-21 02:35:22,731 INFO  ProjectFixService - Build info for "/tmp/rdisk/1270/src/IntentLogger-master/build.gradle": [buildToolsVersion=25.0.1,compileSdkVersion=25,minSdkVersion=15,targetSdkVersion=25]
2018-05-21 02:35:22,731 INFO  ProjectFixService - Project was maybe fixed
2018-05-21 02:35:22,731 INFO  ProjectTaskService - Detecting possible tasks...
2018-05-21 02:35:22,731 INFO  SysUtils - Execute command: [/tmp/rdisk/1270/src/IntentLogger-master/gradlew, -b, /tmp/rdisk/1270/src/IntentLogger-master/app/build.gradle, -Dorg.gradle.daemon=false, -Dorg.gradle.daemon.performance.enable-monitoring=false, -Dorg.gradle.configureondemand=true, tasks]
2018-05-21 02:35:34,581 INFO  ProjectTaskService - Detected possible tasks: 75
2018-05-21 02:35:34,582 INFO  ProjectTaskService - Excluded tasks (22): lintDebug mockableAndroidJar androidJavadocs deviceCheck lint androidSourcesJar testReleaseUnitTest uninstallRelease deviceAndroidTest uninstallDebugAndroidTest installDebugAndroidTest connectedCheck connectedDebugAndroidTest uninstallAll androidJavadocsJar test check testDebugUnitTest connectedAndroidTest installDebug lintRelease uninstallDebug
2018-05-21 02:35:34,582 INFO  SysUtils - Execute command: [/tmp/rdisk/1270/src/IntentLogger-master/gradlew, -b, /tmp/rdisk/1270/src/IntentLogger-master/app/build.gradle, -Dorg.gradle.daemon=false, -Dorg.gradle.daemon.performance.enable-monitoring=false, -Dorg.gradle.configureondemand=true, --stacktrace, -x, lintDebug, -x, mockableAndroidJar, -x, androidJavadocs, -x, deviceCheck, -x, lint, -x, androidSourcesJar, -x, testReleaseUnitTest, -x, uninstallRelease, -x, deviceAndroidTest, -x, uninstallDebugAndroidTest, -x, installDebugAndroidTest, -x, connectedCheck, -x, connectedDebugAndroidTest, -x, uninstallAll, -x, androidJavadocsJar, -x, test, -x, check, -x, testDebugUnitTest, -x, connectedAndroidTest, -x, installDebug, -x, lintRelease, -x, uninstallDebug, build]
2018-05-21 02:35:42,210 ERROR SysUtils - Could not process external command
org.apache.commons.exec.ExecuteException: Process exited with an error: 1 (Exit value: 1)
	at org.apache.commons.exec.DefaultExecutor.executeInternal(DefaultExecutor.java:404)
	at org.apache.commons.exec.DefaultExecutor.execute(DefaultExecutor.java:166)
	at com.github.vbauer.apkmaster.util.SysUtils.execute(SysUtils.java:67)
	at com.github.vbauer.apkmaster.util.SysUtils.executeSimple(SysUtils.java:43)
	at com.github.vbauer.apkmaster.service.assembly.ProjectBuildService.buildProject(ProjectBuildService.java:78)
	at com.github.vbauer.apkmaster.service.assembly.ProjectBuildService.buildProject(ProjectBuildService.java:64)
	at com.github.vbauer.apkmaster.service.assembly.ProjectBuildService.buildProject(ProjectBuildService.java:43)
	at com.github.vbauer.apkmaster.service.FullProcessService.build(FullProcessService.java:84)
	at com.github.vbauer.apkmaster.service.FullProcessService.process(FullProcessService.java:34)
	at com.github.vbauer.apkmaster.app.MainApplication.process(MainApplication.java:38)
	at com.github.vbauer.apkmaster.app.MainApplication.main(MainApplication.java:20)
	at sun.reflect.GeneratedMethodAccessor9.invoke(Unknown Source)
	at sun.reflect.DelegatingMethodAccessorImpl.invoke(DelegatingMethodAccessorImpl.java:43)
	at java.lang.reflect.Method.invoke(Method.java:498)
	at com.android.arsenal.util.ReflectionUtils.invoke(ReflectionUtils.java:42)
	at com.android.arsenal.util.ApkMasterUtils.main(ApkMasterUtils.java:30)
	at com.android.arsenal.service.processor.impl.BuildProcessorServiceImpl.buildProject(BuildProcessorServiceImpl.java:197)
	at com.android.arsenal.service.processor.impl.BuildProcessorServiceImpl.build(BuildProcessorServiceImpl.java:131)
	at com.android.arsenal.service.processor.impl.BuildProcessorServiceImpl.lambda$null$1(BuildProcessorServiceImpl.java:114)
	at java.util.concurrent.FutureTask.run(FutureTask.java:266)
	at java.util.concurrent.Executors$RunnableAdapter.call(Executors.java:511)
	at java.util.concurrent.FutureTask.run(FutureTask.java:266)
	at java.util.concurrent.ThreadPoolExecutor.runWorker(ThreadPoolExecutor.java:1149)
	at java.util.concurrent.ThreadPoolExecutor$Worker.run(ThreadPoolExecutor.java:624)
	at java.lang.Thread.run(Thread.java:748)
2018-05-21 02:35:42,211 INFO  SysUtils - Configuration on demand is an incubating feature.
Incremental java compilation is an incubating feature.
The TaskInputs.source(Object) method has been deprecated and is scheduled to be removed in Gradle 4.0. Please use TaskInputs.file(Object).skipWhenEmpty() instead.

FAILURE: Build failed with an exception.

* What went wrong:
Task 'androidJavadocs' not found in project ':app'.

* Try:
Run gradlew tasks to get a list of available tasks. Run with --info or --debug option to get more log output.

* Exception is:
org.gradle.execution.TaskSelectionException: Task 'androidJavadocs' not found in project ':app'.
	at org.gradle.execution.TaskSelector.getSelection(TaskSelector.java:100)
	at org.gradle.execution.TaskSelector.getFilter(TaskSelector.java:63)
	at org.gradle.execution.ExcludedTaskFilteringBuildConfigurationAction.configure(ExcludedTaskFilteringBuildConfigurationAction.java:42)
	at org.gradle.execution.DefaultBuildConfigurationActionExecuter.configure(DefaultBuildConfigurationActionExecuter.java:48)
	at org.gradle.execution.DefaultBuildConfigurationActionExecuter.select(DefaultBuildConfigurationActionExecuter.java:36)
	at org.gradle.initialization.DefaultGradleLauncher$3.run(DefaultGradleLauncher.java:175)
	at org.gradle.internal.Factories$1.create(Factories.java:22)
	at org.gradle.internal.progress.DefaultBuildOperationExecutor.run(DefaultBuildOperationExecutor.java:91)
	at org.gradle.internal.progress.DefaultBuildOperationExecutor.run(DefaultBuildOperationExecutor.java:53)
	at org.gradle.initialization.DefaultGradleLauncher.doBuildStages(DefaultGradleLauncher.java:172)
	at org.gradle.initialization.DefaultGradleLauncher.access$200(DefaultGradleLauncher.java:33)
	at org.gradle.initialization.DefaultGradleLauncher$1.create(DefaultGradleLauncher.java:112)
	at org.gradle.initialization.DefaultGradleLauncher$1.create(DefaultGradleLauncher.java:106)
	at org.gradle.internal.progress.DefaultBuildOperationExecutor.run(DefaultBuildOperationExecutor.java:91)
	at org.gradle.internal.progress.DefaultBuildOperationExecutor.run(DefaultBuildOperationExecutor.java:63)
	at org.gradle.initialization.DefaultGradleLauncher.doBuild(DefaultGradleLauncher.java:106)
	at org.gradle.initialization.DefaultGradleLauncher.run(DefaultGradleLauncher.java:92)
	at org.gradle.launcher.exec.GradleBuildController.run(GradleBuildController.java:66)
	at org.gradle.tooling.internal.provider.ExecuteBuildActionRunner.run(ExecuteBuildActionRunner.java:28)
	at org.gradle.launcher.exec.ChainingBuildActionRunner.run(ChainingBuildActionRunner.java:35)
	at org.gradle.launcher.exec.InProcessBuildActionExecuter.execute(InProcessBuildActionExecuter.java:41)
	at org.gradle.launcher.exec.InProcessBuildActionExecuter.execute(InProcessBuildActionExecuter.java:26)
	at org.gradle.tooling.internal.provider.ContinuousBuildActionExecuter.execute(ContinuousBuildActionExecuter.java:79)
	at org.gradle.tooling.internal.provider.ContinuousBuildActionExecuter.execute(ContinuousBuildActionExecuter.java:51)
	at org.gradle.launcher.cli.RunBuildAction.run(RunBuildAction.java:51)
	at org.gradle.internal.Actions$RunnableActionAdapter.execute(Actions.java:173)
	at org.gradle.launcher.cli.CommandLineActionFactory$ParseAndBuildAction.execute(CommandLineActionFactory.java:244)
	at org.gradle.launcher.cli.CommandLineActionFactory$ParseAndBuildAction.execute(CommandLineActionFactory.java:217)
	at org.gradle.launcher.cli.JavaRuntimeValidationAction.execute(JavaRuntimeValidationAction.java:33)
	at org.gradle.launcher.cli.JavaRuntimeValidationAction.execute(JavaRuntimeValidationAction.java:24)
	at org.gradle.launcher.cli.ExceptionReportingAction.execute(ExceptionReportingAction.java:33)
	at org.gradle.launcher.cli.ExceptionReportingAction.execute(ExceptionReportingAction.java:22)
	at org.gradle.launcher.cli.CommandLineActionFactory$WithLogging.execute(CommandLineActionFactory.java:210)
	at org.gradle.launcher.cli.CommandLineActionFactory$WithLogging.execute(CommandLineActionFactory.java:174)
	at org.gradle.launcher.Main.doAction(Main.java:33)
	at org.gradle.launcher.bootstrap.EntryPoint.run(EntryPoint.java:45)
	at org.gradle.launcher.bootstrap.ProcessBootstrap.runNoExit(ProcessBootstrap.java:60)
	at org.gradle.launcher.bootstrap.ProcessBootstrap.run(ProcessBootstrap.java:37)
	at org.gradle.launcher.GradleMain.main(GradleMain.java:23)
	at org.gradle.wrapper.BootstrapMainStarter.start(BootstrapMainStarter.java:33)
	at org.gradle.wrapper.WrapperExecutor.execute(WrapperExecutor.java:130)
	at org.gradle.wrapper.GradleWrapperMain.main(GradleWrapperMain.java:48)


BUILD FAILED

Total time: 7.387 secs

2018-05-21 02:35:42,211 ERROR ProjectBuildService - Excluded tasks were detected wrong
2018-05-21 02:35:42,211 INFO  SysUtils - Execute command: [/tmp/rdisk/1270/src/IntentLogger-master/gradlew, -b, /tmp/rdisk/1270/src/IntentLogger-master/app/build.gradle, -Dorg.gradle.daemon=false, -Dorg.gradle.daemon.performance.enable-monitoring=false, -Dorg.gradle.configureondemand=true, --stacktrace, build]
2018-05-21 02:36:10,363 INFO  SysUtils - Configuration on demand is an incubating feature.
Incremental java compilation is an incubating feature.
The TaskInputs.source(Object) method has been deprecated and is scheduled to be removed in Gradle 4.0. Please use TaskInputs.file(Object).skipWhenEmpty() instead.
:app:preBuild UP-TO-DATE
:app:preDebugBuild UP-TO-DATE
:app:checkDebugManifest
:app:preReleaseBuild UP-TO-DATE
:library:preBuild UP-TO-DATE
:library:preReleaseBuild UP-TO-DATE
:library:checkReleaseManifest
:library:prepareReleaseDependencies
:library:compileReleaseAidl
:library:compileReleaseNdk UP-TO-DATE
:library:compileLint
:library:copyReleaseLint UP-TO-DATE
:library:mergeReleaseShaders
:library:compileReleaseShaders
:library:generateReleaseAssets
:library:mergeReleaseAssets
:library:mergeReleaseProguardFiles
:library:packageReleaseRenderscript UP-TO-DATE
:library:compileReleaseRenderscript
:library:generateReleaseResValues
:library:generateReleaseResources
:library:packageReleaseResources
:library:processReleaseManifest
:library:generateReleaseBuildConfig
:library:processReleaseResources
:library:generateReleaseSources
:library:incrementalReleaseJavaCompilationSafeguard
:library:compileReleaseJavaWithJavac
:library:compileReleaseJavaWithJavac - is not incremental (e.g. outputs have changed, no previous execution, etc.).
/tmp/rdisk/1270/src/IntentLogger-master/library/src/main/java/com/drivemode/intentlog/PendingIntentLogger.java:48: warning: non-varargs call of varargs method with inexact argument type for last parameter;
            Method getIntent = intent.getClass().getDeclaredMethod("getIntent", null);
                                                                                ^
  cast to Class<?> for a varargs call
  cast to Class<?>[] for a non-varargs call and to suppress this warning
/tmp/rdisk/1270/src/IntentLogger-master/library/src/main/java/com/drivemode/intentlog/PendingIntentLogger.java:50: warning: non-varargs call of varargs method with inexact argument type for last parameter;
            Intent content = (Intent) getIntent.invoke(intent, null);
                                                               ^
  cast to Object for a varargs call
  cast to Object[] for a non-varargs call and to suppress this warning
Note: Some input files use or override a deprecated API.
Note: Recompile with -Xlint:deprecation for details.
2 warnings
:library:processReleaseJavaRes UP-TO-DATE
:library:transformResourcesWithMergeJavaResForRelease
:library:transformClassesAndResourcesWithSyncLibJarsForRelease
:library:mergeReleaseJniLibFolders
:library:transformNative_libsWithMergeJniLibsForRelease
:library:transformNative_libsWithSyncJniLibsForRelease
:library:bundleRelease
:app:prepareComAndroidSupportAnimatedVectorDrawable2501Library
:app:prepareComAndroidSupportAppcompatV72501Library
:app:prepareComAndroidSupportSupportCompat2501Library
:app:prepareComAndroidSupportSupportCoreUi2501Library
:app:prepareComAndroidSupportSupportCoreUtils2501Library
:app:prepareComAndroidSupportSupportFragment2501Library
:app:prepareComAndroidSupportSupportMediaCompat2501Library
:app:prepareComAndroidSupportSupportV42501Library
:app:prepareComAndroidSupportSupportVectorDrawable2501Library
:app:prepareIntentLoggerMasterLibraryUnspecifiedLibrary
:app:prepareDebugDependencies
:app:compileDebugAidl
:app:compileDebugRenderscript
:app:generateDebugBuildConfig
:app:generateDebugResValues
:app:generateDebugResources
:app:mergeDebugResources
:app:processDebugManifest
:app:processDebugResources
:app:generateDebugSources
:app:incrementalDebugJavaCompilationSafeguard
:app:compileDebugJavaWithJavac
:app:compileDebugJavaWithJavac - is not incremental (e.g. outputs have changed, no previous execution, etc.).
:app:compileDebugNdk UP-TO-DATE
:app:compileDebugSources
:app:mergeDebugShaders
:app:compileDebugShaders
:app:generateDebugAssets
:app:mergeDebugAssets
:app:transformClassesWithDexForDebug
:app:mergeDebugJniLibFolders
:app:transformNative_libsWithMergeJniLibsForDebug
:app:processDebugJavaRes UP-TO-DATE
:app:transformResourcesWithMergeJavaResForDebug
:app:validateSigningDebug
:app:packageDebug
:app:assembleDebug
:app:checkReleaseManifest
:app:prepareReleaseDependencies
:app:compileReleaseAidl
:app:compileReleaseRenderscript
:app:generateReleaseBuildConfig
:app:generateReleaseResValues
:app:generateReleaseResources
:app:mergeReleaseResources
:app:processReleaseManifest
:app:processReleaseResources
:app:generateReleaseSources
:app:incrementalReleaseJavaCompilationSafeguard
:app:compileReleaseJavaWithJavac
:app:compileReleaseJavaWithJavac - is not incremental (e.g. outputs have changed, no previous execution, etc.).
:app:compileReleaseNdk UP-TO-DATE
:app:compileReleaseSources
:app:lintVitalRelease
:app:mergeReleaseShaders
:app:compileReleaseShaders
:app:generateReleaseAssets
:app:mergeReleaseAssets
:app:transformClassesWithDexForRelease
:app:mergeReleaseJniLibFolders
:app:transformNative_libsWithMergeJniLibsForRelease
:app:processReleaseJavaRes UP-TO-DATE
:app:transformResourcesWithMergeJavaResForRelease
:app:packageRelease
:app:assembleRelease
:app:assemble
:app:lint
Ran lint on variant release: 6 issues found
Ran lint on variant debug: 6 issues found
Wrote HTML report to file:///tmp/rdisk/1270/src/IntentLogger-master/app/build/outputs/lint-results-debug.html
Wrote XML report to file:///tmp/rdisk/1270/src/IntentLogger-master/app/build/outputs/lint-results-debug.xml
:app:incrementalDebugUnitTestJavaCompilationSafeguard UP-TO-DATE
:app:preDebugUnitTestBuild UP-TO-DATE
:app:prepareDebugUnitTestDependencies
:app:compileDebugUnitTestJavaWithJavac UP-TO-DATE
:app:processDebugUnitTestJavaRes UP-TO-DATE
:app:compileDebugUnitTestSources UP-TO-DATE
:app:mockableAndroidJar
:app:assembleDebugUnitTest
:app:testDebugUnitTest UP-TO-DATE
:app:incrementalReleaseUnitTestJavaCompilationSafeguard UP-TO-DATE
:app:preReleaseUnitTestBuild UP-TO-DATE
:app:prepareReleaseUnitTestDependencies
:app:compileReleaseUnitTestJavaWithJavac UP-TO-DATE
:app:processReleaseUnitTestJavaRes UP-TO-DATE
:app:compileReleaseUnitTestSources UP-TO-DATE
:app:assembleReleaseUnitTest
:app:testReleaseUnitTest UP-TO-DATE
:app:test UP-TO-DATE
:app:check
:app:build

BUILD SUCCESSFUL

Total time: 27.882 secs

2018-05-21 02:36:10,422 INFO  FullProcessService - Found APK file: /tmp/rdisk/1270/src/IntentLogger-master/app/build/outputs/apk/app-debug.apk
