2018-04-06 18:50:02,802 INFO  DownloadService - Downloading "https://github.com/nohana/Laevatein/archive/master.zip", attempt 3
2018-04-06 18:51:03,389 INFO  GithubDownloadService - Could not find ZIP archive for master branch
2018-04-06 18:51:04,273 INFO  GithubDownloadService - Default branch of this repository: master
2018-04-06 18:51:04,274 INFO  DownloadService - Downloading "https://github.com/nohana/Laevatein/archive/master.zip", attempt 3
2018-04-06 18:52:05,642 DEBUG FullProcessService - Repository https://github.com/nohana/Laevatein available: true
2018-04-06 18:52:05,642 INFO  FullProcessService - Could not download ZIP file from Github, lets clone it
2018-04-06 18:52:05,643 INFO  SysUtils - Execute command: [git, clone, -q, --single-branch, --depth, 1, https://github.com/nohana/Laevatein, /tmp/rdisk/1369/src]
2018-04-06 18:52:10,022 INFO  SysUtils - 
2018-04-06 18:52:10,030 INFO  GitService - Deleted "/tmp/rdisk/1369/src/.git": true
2018-04-06 18:52:10,039 INFO  FullProcessService - Size of directory with sources: 5 MB
2018-04-06 18:52:10,039 INFO  SysUtils - Execute command: [git, init, /tmp/rdisk/1369/src]
2018-04-06 18:52:10,045 INFO  SysUtils - Initialized empty Git repository in /tmp/rdisk/1369/src/.git/

2018-04-06 18:52:10,051 INFO  ProjectBuildService - Gradle wrapper(s): /tmp/rdisk/1369/src/gradlew
2018-04-06 18:52:10,058 INFO  ProjectBuildService - Build script(s): /tmp/rdisk/1369/src/laevatein/build.gradle /tmp/rdisk/1369/src/sample/build.gradle /tmp/rdisk/1369/src/build.gradle
2018-04-06 18:52:10,064 INFO  ProjectBuildService - All script(s): /tmp/rdisk/1369/src/settings.gradle /tmp/rdisk/1369/src/sample/build.gradle /tmp/rdisk/1369/src/laevatein/build.gradle /tmp/rdisk/1369/src/build.gradle
2018-04-06 18:52:10,064 INFO  DownloadService - Downloading "https://raw.github.com/chrisbanes/gradle-mvn-push/master/gradle-mvn-push.gradle", attempt 3
2018-04-06 18:52:10,262 INFO  DownloadService - Downloaded https://raw.github.com/chrisbanes/gradle-mvn-push/master/gradle-mvn-push.gradle, attempt 3
2018-04-06 18:52:10,262 INFO  ProjectBuildService - Remote scripts: https://raw.github.com/chrisbanes/gradle-mvn-push/master/gradle-mvn-push.gradle
2018-04-06 18:52:10,262 INFO  ProjectFixService - Fixing project...
2018-04-06 18:52:10,277 INFO  LocalPropertiesFixService - Created fake /tmp/rdisk/1369/src/laevatein/local.properties
2018-04-06 18:52:10,277 INFO  ProjectFixService - Build info for "/tmp/rdisk/1369/src/laevatein/build.gradle": [buildToolsVersion=26.0.3,compileSdkVersion=26,minSdkVersion=14,targetSdkVersion=26]
2018-04-06 18:52:10,277 INFO  LocalPropertiesFixService - Created fake /tmp/rdisk/1369/src/sample/local.properties
2018-04-06 18:52:10,278 INFO  ProjectFixService - Build info for "/tmp/rdisk/1369/src/sample/build.gradle": [buildToolsVersion=26.0.3,compileSdkVersion=26,minSdkVersion=14,targetSdkVersion=26]
2018-04-06 18:52:10,278 INFO  LocalPropertiesFixService - Created fake /tmp/rdisk/1369/src/local.properties
2018-04-06 18:52:10,278 INFO  WrapperPropertiesFixService - Gradle wrapper: https://services.gradle.org/distributions/gradle-4.1-all.zip
2018-04-06 18:52:10,278 INFO  WrapperPropertiesFixService - Gradle wrapper was changed from "-all.zip" to "-bin.zip" (https://services.gradle.org/distributions/gradle-4.1-bin.zip)
2018-04-06 18:52:10,279 INFO  ProjectFixService - Build info for "/tmp/rdisk/1369/src/build.gradle": [buildToolsVersion=26.0.3,compileSdkVersion=26,minSdkVersion=14,targetSdkVersion=26]
2018-04-06 18:52:10,279 INFO  ProjectFixService - Project was maybe fixed
2018-04-06 18:52:10,279 INFO  ProjectTaskService - Detecting possible tasks...
2018-04-06 18:52:10,279 INFO  SysUtils - Execute command: [/tmp/rdisk/1369/src/gradlew, -b, /tmp/rdisk/1369/src/laevatein/build.gradle, -Dorg.gradle.daemon=false, -Dorg.gradle.daemon.performance.enable-monitoring=false, -Dorg.gradle.configureondemand=true, tasks]
2018-04-06 18:52:19,853 INFO  ProjectTaskService - Detected possible tasks: 76
2018-04-06 18:52:19,853 INFO  ProjectTaskService - Excluded tasks (19): lintDebug mockableAndroidJar androidJavadocs deviceCheck lint androidSourcesJar testReleaseUnitTest deviceAndroidTest uninstallDebugAndroidTest installDebugAndroidTest connectedCheck connectedDebugAndroidTest uninstallAll androidJavadocsJar test check testDebugUnitTest connectedAndroidTest lintRelease
2018-04-06 18:52:19,853 INFO  SysUtils - Execute command: [/tmp/rdisk/1369/src/gradlew, -b, /tmp/rdisk/1369/src/laevatein/build.gradle, -Dorg.gradle.daemon=false, -Dorg.gradle.daemon.performance.enable-monitoring=false, -Dorg.gradle.configureondemand=true, --stacktrace, -x, lintDebug, -x, mockableAndroidJar, -x, androidJavadocs, -x, deviceCheck, -x, lint, -x, androidSourcesJar, -x, testReleaseUnitTest, -x, deviceAndroidTest, -x, uninstallDebugAndroidTest, -x, installDebugAndroidTest, -x, connectedCheck, -x, connectedDebugAndroidTest, -x, uninstallAll, -x, androidJavadocsJar, -x, test, -x, check, -x, testDebugUnitTest, -x, connectedAndroidTest, -x, lintRelease, build]
2018-04-06 18:52:42,015 INFO  SysUtils - Configuration on demand is an incubating feature.
Observed package id 'build-tools;28.0.0-preview' in inconsistent location '/root/Applications/android-sdk/build-tools/28.0.0-rc1' (Expected '/root/Applications/android-sdk/build-tools/28.0.0-preview')
Observed package id 'build-tools;28.0.0-preview' in inconsistent location '/root/Applications/android-sdk/build-tools/28.0.0-rc1' (Expected '/root/Applications/android-sdk/build-tools/28.0.0-preview')
:laevatein:preBuild UP-TO-DATE
:laevatein:preDebugBuild UP-TO-DATE
:laevatein:compileDebugAidl
:laevatein:compileDebugNdk NO-SOURCE
:laevatein:compileDebugRenderscript
:laevatein:checkDebugManifest
:laevatein:generateDebugBuildConfig
:laevatein:prepareLintJar
:laevatein:generateDebugResValues
:laevatein:generateDebugResources
:laevatein:packageDebugResources
:laevatein:platformAttrExtractor
:laevatein:processDebugManifest
:laevatein:javaPreCompileDebug
:laevatein:mergeDebugShaders
:laevatein:compileDebugShaders
:laevatein:generateDebugAssets
:laevatein:mergeDebugAssets
:laevatein:mergeDebugConsumerProguardFiles
:laevatein:packageDebugRenderscript NO-SOURCE
:laevatein:processDebugJavaRes NO-SOURCE
:laevatein:mergeDebugJniLibFolders
:laevatein:transformNativeLibsWithMergeJniLibsForDebug
:laevatein:transformNativeLibsWithStripDebugSymbolForDebug
:laevatein:transformNativeLibsWithSyncJniLibsForDebug
:laevatein:preReleaseBuild UP-TO-DATE
:laevatein:compileReleaseAidl
:laevatein:compileReleaseNdk NO-SOURCE
:laevatein:compileReleaseRenderscript
:laevatein:checkReleaseManifest
:laevatein:generateReleaseBuildConfig
:laevatein:generateReleaseResValues
:laevatein:generateReleaseResources
:laevatein:packageReleaseResources
:laevatein:processReleaseManifest
:laevatein:javaPreCompileRelease
:laevatein:mergeReleaseShaders
:laevatein:compileReleaseShaders
:laevatein:generateReleaseAssets
:laevatein:mergeReleaseAssets
:laevatein:mergeReleaseConsumerProguardFiles
:laevatein:packageReleaseRenderscript NO-SOURCE
:laevatein:processReleaseJavaRes NO-SOURCE
:laevatein:mergeReleaseJniLibFolders
:laevatein:transformNativeLibsWithMergeJniLibsForRelease
:laevatein:transformNativeLibsWithStripDebugSymbolForRelease
:laevatein:transformNativeLibsWithSyncJniLibsForRelease
:laevatein:mergeReleaseResources
:laevatein:processDebugResources
:laevatein:generateDebugSources
:laevatein:compileDebugJavaWithJavacNote: /tmp/rdisk/1369/src/laevatein/src/main/java/com/laevatein/internal/entity/ViewResourceSpec.java uses unchecked or unsafe operations.
Note: Recompile with -Xlint:unchecked for details.

:laevatein:extractDebugAnnotations
Warning: com.laevatein.internal.entity.CounterViewResources.VIEW_POSITION: The typedef annotation should have @Retention(RetentionPolicy.SOURCE)
:laevatein:transformResourcesWithMergeJavaResForDebug
:laevatein:transformClassesAndResourcesWithSyncLibJarsForDebug
:laevatein:bundleDebug
:laevatein:compileDebugSources
:laevatein:assembleDebug
:laevatein:processReleaseResources
:laevatein:generateReleaseSources
:laevatein:compileReleaseJavaWithJavacNote: /tmp/rdisk/1369/src/laevatein/src/main/java/com/laevatein/internal/entity/ViewResourceSpec.java uses unchecked or unsafe operations.
Note: Recompile with -Xlint:unchecked for details.

:laevatein:extractReleaseAnnotations
Warning: com.laevatein.internal.entity.CounterViewResources.VIEW_POSITION: The typedef annotation should have @Retention(RetentionPolicy.SOURCE)
:laevatein:transformResourcesWithMergeJavaResForRelease
:laevatein:transformClassesAndResourcesWithSyncLibJarsForRelease
:laevatein:bundleRelease
:laevatein:compileReleaseSources
:laevatein:verifyReleaseResources
:laevatein:assembleRelease
:laevatein:signArchives SKIPPED
:laevatein:assemble
:laevatein:build

BUILD SUCCESSFUL in 21s
48 actionable tasks: 48 executed

2018-04-06 18:52:42,076 INFO  ProjectTaskService - Detecting possible tasks...
2018-04-06 18:52:42,076 INFO  SysUtils - Execute command: [/tmp/rdisk/1369/src/gradlew, -b, /tmp/rdisk/1369/src/sample/build.gradle, -Dorg.gradle.daemon=false, -Dorg.gradle.daemon.performance.enable-monitoring=false, -Dorg.gradle.configureondemand=true, tasks]
2018-04-06 18:52:49,554 INFO  ProjectTaskService - Detected possible tasks: 71
2018-04-06 18:52:49,554 INFO  ProjectTaskService - Excluded tasks (22): lintDebug mockableAndroidJar androidJavadocs deviceCheck lint androidSourcesJar testReleaseUnitTest uninstallRelease deviceAndroidTest uninstallDebugAndroidTest installDebugAndroidTest connectedCheck connectedDebugAndroidTest uninstallAll androidJavadocsJar test check testDebugUnitTest connectedAndroidTest installDebug lintRelease uninstallDebug
2018-04-06 18:52:49,554 INFO  SysUtils - Execute command: [/tmp/rdisk/1369/src/gradlew, -b, /tmp/rdisk/1369/src/sample/build.gradle, -Dorg.gradle.daemon=false, -Dorg.gradle.daemon.performance.enable-monitoring=false, -Dorg.gradle.configureondemand=true, --stacktrace, -x, lintDebug, -x, mockableAndroidJar, -x, androidJavadocs, -x, deviceCheck, -x, lint, -x, androidSourcesJar, -x, testReleaseUnitTest, -x, uninstallRelease, -x, deviceAndroidTest, -x, uninstallDebugAndroidTest, -x, installDebugAndroidTest, -x, connectedCheck, -x, connectedDebugAndroidTest, -x, uninstallAll, -x, androidJavadocsJar, -x, test, -x, check, -x, testDebugUnitTest, -x, connectedAndroidTest, -x, installDebug, -x, lintRelease, -x, uninstallDebug, build]
2018-04-06 18:52:56,498 ERROR SysUtils - Could not process external command
org.apache.commons.exec.ExecuteException: Process exited with an error: 1 (Exit value: 1)
	at org.apache.commons.exec.DefaultExecutor.executeInternal(DefaultExecutor.java:404)
	at org.apache.commons.exec.DefaultExecutor.execute(DefaultExecutor.java:166)
	at com.github.vbauer.apkmaster.util.SysUtils.execute(SysUtils.java:67)
	at com.github.vbauer.apkmaster.util.SysUtils.executeSimple(SysUtils.java:43)
	at com.github.vbauer.apkmaster.service.assembly.ProjectBuildService.buildProject(ProjectBuildService.java:78)
	at com.github.vbauer.apkmaster.service.assembly.ProjectBuildService.buildProject(ProjectBuildService.java:64)
	at com.github.vbauer.apkmaster.service.assembly.ProjectBuildService.buildProject(ProjectBuildService.java:43)
	at com.github.vbauer.apkmaster.service.FullProcessService.build(FullProcessService.java:84)
	at com.github.vbauer.apkmaster.service.FullProcessService.process(FullProcessService.java:34)
	at com.github.vbauer.apkmaster.app.MainApplication.process(MainApplication.java:38)
	at com.github.vbauer.apkmaster.app.MainApplication.main(MainApplication.java:20)
	at sun.reflect.GeneratedMethodAccessor9.invoke(Unknown Source)
	at sun.reflect.DelegatingMethodAccessorImpl.invoke(DelegatingMethodAccessorImpl.java:43)
	at java.lang.reflect.Method.invoke(Method.java:498)
	at com.android.arsenal.util.ReflectionUtils.invoke(ReflectionUtils.java:42)
	at com.android.arsenal.util.ApkMasterUtils.main(ApkMasterUtils.java:30)
	at com.android.arsenal.service.processor.impl.BuildProcessorServiceImpl.buildProject(BuildProcessorServiceImpl.java:197)
	at com.android.arsenal.service.processor.impl.BuildProcessorServiceImpl.build(BuildProcessorServiceImpl.java:131)
	at com.android.arsenal.service.processor.impl.BuildProcessorServiceImpl.lambda$null$1(BuildProcessorServiceImpl.java:114)
	at java.util.concurrent.FutureTask.run(FutureTask.java:266)
	at java.util.concurrent.Executors$RunnableAdapter.call(Executors.java:511)
	at java.util.concurrent.FutureTask.run(FutureTask.java:266)
	at java.util.concurrent.ThreadPoolExecutor.runWorker(ThreadPoolExecutor.java:1149)
	at java.util.concurrent.ThreadPoolExecutor$Worker.run(ThreadPoolExecutor.java:624)
	at java.lang.Thread.run(Thread.java:748)
2018-04-06 18:52:56,498 INFO  SysUtils - Configuration on demand is an incubating feature.
Observed package id 'build-tools;28.0.0-preview' in inconsistent location '/root/Applications/android-sdk/build-tools/28.0.0-rc1' (Expected '/root/Applications/android-sdk/build-tools/28.0.0-preview')
Observed package id 'build-tools;28.0.0-preview' in inconsistent location '/root/Applications/android-sdk/build-tools/28.0.0-rc1' (Expected '/root/Applications/android-sdk/build-tools/28.0.0-preview')

FAILURE: Build failed with an exception.

* What went wrong:
Task 'androidJavadocs' not found in project ':sample'.

* Try:
Run gradlew tasks to get a list of available tasks. Run with --info or --debug option to get more log output.

* Exception is:
org.gradle.execution.TaskSelectionException: Task 'androidJavadocs' not found in project ':sample'.
	at org.gradle.execution.TaskSelector.getSelection(TaskSelector.java:116)
	at org.gradle.execution.TaskSelector.getFilter(TaskSelector.java:66)
	at org.gradle.execution.ExcludedTaskFilteringBuildConfigurationAction.configure(ExcludedTaskFilteringBuildConfigurationAction.java:42)
	at org.gradle.execution.DefaultBuildConfigurationActionExecuter.configure(DefaultBuildConfigurationActionExecuter.java:48)
	at org.gradle.execution.DefaultBuildConfigurationActionExecuter.select(DefaultBuildConfigurationActionExecuter.java:36)
	at org.gradle.initialization.DefaultGradleLauncher$CalculateTaskGraph.run(DefaultGradleLauncher.java:265)
	at org.gradle.internal.progress.DefaultBuildOperationExecutor$RunnableBuildOperationWorker.execute(DefaultBuildOperationExecutor.java:336)
	at org.gradle.internal.progress.DefaultBuildOperationExecutor$RunnableBuildOperationWorker.execute(DefaultBuildOperationExecutor.java:328)
	at org.gradle.internal.progress.DefaultBuildOperationExecutor.execute(DefaultBuildOperationExecutor.java:197)
	at org.gradle.internal.progress.DefaultBuildOperationExecutor.run(DefaultBuildOperationExecutor.java:107)
	at org.gradle.initialization.DefaultGradleLauncher.constructTaskGraph(DefaultGradleLauncher.java:173)
	at org.gradle.initialization.DefaultGradleLauncher.doBuildStages(DefaultGradleLauncher.java:128)
	at org.gradle.initialization.DefaultGradleLauncher.executeTasks(DefaultGradleLauncher.java:107)
	at org.gradle.internal.invocation.GradleBuildController$1.call(GradleBuildController.java:78)
	at org.gradle.internal.invocation.GradleBuildController$1.call(GradleBuildController.java:75)
	at org.gradle.internal.work.DefaultWorkerLeaseService.withLocks(DefaultWorkerLeaseService.java:152)
	at org.gradle.internal.invocation.GradleBuildController.doBuild(GradleBuildController.java:100)
	at org.gradle.internal.invocation.GradleBuildController.run(GradleBuildController.java:75)
	at org.gradle.tooling.internal.provider.ExecuteBuildActionRunner.run(ExecuteBuildActionRunner.java:28)
	at org.gradle.launcher.exec.ChainingBuildActionRunner.run(ChainingBuildActionRunner.java:35)
	at org.gradle.tooling.internal.provider.ValidatingBuildActionRunner.run(ValidatingBuildActionRunner.java:32)
	at org.gradle.launcher.exec.RunAsBuildOperationBuildActionRunner$1.run(RunAsBuildOperationBuildActionRunner.java:43)
	at org.gradle.internal.progress.DefaultBuildOperationExecutor$RunnableBuildOperationWorker.execute(DefaultBuildOperationExecutor.java:336)
	at org.gradle.internal.progress.DefaultBuildOperationExecutor$RunnableBuildOperationWorker.execute(DefaultBuildOperationExecutor.java:328)
	at org.gradle.internal.progress.DefaultBuildOperationExecutor.execute(DefaultBuildOperationExecutor.java:197)
	at org.gradle.internal.progress.DefaultBuildOperationExecutor.run(DefaultBuildOperationExecutor.java:107)
	at org.gradle.launcher.exec.RunAsBuildOperationBuildActionRunner.run(RunAsBuildOperationBuildActionRunner.java:40)
	at org.gradle.tooling.internal.provider.SubscribableBuildActionRunner.run(SubscribableBuildActionRunner.java:51)
	at org.gradle.launcher.exec.InProcessBuildActionExecuter.execute(InProcessBuildActionExecuter.java:45)
	at org.gradle.launcher.exec.InProcessBuildActionExecuter.execute(InProcessBuildActionExecuter.java:29)
	at org.gradle.launcher.exec.BuildTreeScopeBuildActionExecuter.execute(BuildTreeScopeBuildActionExecuter.java:39)
	at org.gradle.launcher.exec.BuildTreeScopeBuildActionExecuter.execute(BuildTreeScopeBuildActionExecuter.java:25)
	at org.gradle.tooling.internal.provider.ContinuousBuildActionExecuter.execute(ContinuousBuildActionExecuter.java:71)
	at org.gradle.tooling.internal.provider.ContinuousBuildActionExecuter.execute(ContinuousBuildActionExecuter.java:45)
	at org.gradle.tooling.internal.provider.ServicesSetupBuildActionExecuter.execute(ServicesSetupBuildActionExecuter.java:51)
	at org.gradle.tooling.internal.provider.ServicesSetupBuildActionExecuter.execute(ServicesSetupBuildActionExecuter.java:32)
	at org.gradle.tooling.internal.provider.GradleThreadBuildActionExecuter.execute(GradleThreadBuildActionExecuter.java:36)
	at org.gradle.tooling.internal.provider.GradleThreadBuildActionExecuter.execute(GradleThreadBuildActionExecuter.java:25)
	at org.gradle.tooling.internal.provider.ParallelismConfigurationBuildActionExecuter.execute(ParallelismConfigurationBuildActionExecuter.java:43)
	at org.gradle.tooling.internal.provider.ParallelismConfigurationBuildActionExecuter.execute(ParallelismConfigurationBuildActionExecuter.java:29)
	at org.gradle.tooling.internal.provider.StartParamsValidatingActionExecuter.execute(StartParamsValidatingActionExecuter.java:64)
	at org.gradle.tooling.internal.provider.StartParamsValidatingActionExecuter.execute(StartParamsValidatingActionExecuter.java:29)
	at org.gradle.tooling.internal.provider.SessionFailureReportingActionExecuter.execute(SessionFailureReportingActionExecuter.java:55)
	at org.gradle.tooling.internal.provider.SessionFailureReportingActionExecuter.execute(SessionFailureReportingActionExecuter.java:42)
	at org.gradle.tooling.internal.provider.SetupLoggingActionExecuter.execute(SetupLoggingActionExecuter.java:58)
	at org.gradle.tooling.internal.provider.SetupLoggingActionExecuter.execute(SetupLoggingActionExecuter.java:33)
	at org.gradle.launcher.cli.RunBuildAction.run(RunBuildAction.java:51)
	at org.gradle.internal.Actions$RunnableActionAdapter.execute(Actions.java:173)
	at org.gradle.launcher.cli.CommandLineActionFactory$ParseAndBuildAction.execute(CommandLineActionFactory.java:287)
	at org.gradle.launcher.cli.CommandLineActionFactory$ParseAndBuildAction.execute(CommandLineActionFactory.java:260)
	at org.gradle.launcher.cli.JavaRuntimeValidationAction.execute(JavaRuntimeValidationAction.java:33)
	at org.gradle.launcher.cli.JavaRuntimeValidationAction.execute(JavaRuntimeValidationAction.java:24)
	at org.gradle.launcher.cli.ExceptionReportingAction.execute(ExceptionReportingAction.java:33)
	at org.gradle.launcher.cli.ExceptionReportingAction.execute(ExceptionReportingAction.java:22)
	at org.gradle.launcher.cli.CommandLineActionFactory$WithLogging.execute(CommandLineActionFactory.java:253)
	at org.gradle.launcher.cli.CommandLineActionFactory$WithLogging.execute(CommandLineActionFactory.java:182)
	at org.gradle.launcher.Main.doAction(Main.java:33)
	at org.gradle.launcher.bootstrap.EntryPoint.run(EntryPoint.java:45)
	at org.gradle.launcher.bootstrap.ProcessBootstrap.runNoExit(ProcessBootstrap.java:60)
	at org.gradle.launcher.bootstrap.ProcessBootstrap.run(ProcessBootstrap.java:37)
	at org.gradle.launcher.GradleMain.main(GradleMain.java:23)
	at org.gradle.wrapper.BootstrapMainStarter.start(BootstrapMainStarter.java:33)
	at org.gradle.wrapper.WrapperExecutor.execute(WrapperExecutor.java:130)
	at org.gradle.wrapper.GradleWrapperMain.main(GradleWrapperMain.java:48)


* Get more help at https://help.gradle.org

BUILD FAILED in 6s

2018-04-06 18:52:56,498 ERROR ProjectBuildService - Excluded tasks were detected wrong
2018-04-06 18:52:56,499 INFO  SysUtils - Execute command: [/tmp/rdisk/1369/src/gradlew, -b, /tmp/rdisk/1369/src/sample/build.gradle, -Dorg.gradle.daemon=false, -Dorg.gradle.daemon.performance.enable-monitoring=false, -Dorg.gradle.configureondemand=true, --stacktrace, build]
2018-04-06 18:53:41,072 INFO  SysUtils - Configuration on demand is an incubating feature.
Observed package id 'build-tools;28.0.0-preview' in inconsistent location '/root/Applications/android-sdk/build-tools/28.0.0-rc1' (Expected '/root/Applications/android-sdk/build-tools/28.0.0-preview')
Observed package id 'build-tools;28.0.0-preview' in inconsistent location '/root/Applications/android-sdk/build-tools/28.0.0-rc1' (Expected '/root/Applications/android-sdk/build-tools/28.0.0-preview')
:laevatein:preBuild UP-TO-DATE
:laevatein:preDebugBuild UP-TO-DATE
:laevatein:compileDebugAidl UP-TO-DATE
:laevatein:compileDebugRenderscript UP-TO-DATE
:laevatein:checkDebugManifest UP-TO-DATE
:laevatein:generateDebugBuildConfig UP-TO-DATE
:laevatein:prepareLintJar UP-TO-DATE
:laevatein:generateDebugResValues UP-TO-DATE
:laevatein:generateDebugResources UP-TO-DATE
:laevatein:packageDebugResources UP-TO-DATE
:laevatein:platformAttrExtractor UP-TO-DATE
:laevatein:processDebugManifest UP-TO-DATE
:laevatein:processDebugResources UP-TO-DATE
:laevatein:generateDebugSources UP-TO-DATE
:laevatein:javaPreCompileDebug UP-TO-DATE
:laevatein:compileDebugJavaWithJavac UP-TO-DATE
:laevatein:processDebugJavaRes NO-SOURCE
:laevatein:transformClassesAndResourcesWithPrepareIntermediateJarsForDebug
:sample:preBuild UP-TO-DATE
:sample:preDebugBuild
:sample:compileDebugAidl
:laevatein:packageDebugRenderscript NO-SOURCE
:sample:compileDebugRenderscript
:sample:checkDebugManifest
:sample:generateDebugBuildConfig
:sample:prepareLintJar
:sample:generateDebugResValues
:sample:generateDebugResources
:sample:mergeDebugResources
:sample:createDebugCompatibleScreenManifests
:sample:processDebugManifest
:sample:splitsDiscoveryTaskDebug
:sample:processDebugResources
:sample:generateDebugSources
:sample:javaPreCompileDebug
:sample:compileDebugJavaWithJavac
:sample:compileDebugNdk NO-SOURCE
:sample:compileDebugSources
:laevatein:mergeDebugShaders UP-TO-DATE
:laevatein:compileDebugShaders UP-TO-DATE
:laevatein:generateDebugAssets UP-TO-DATE
:laevatein:mergeDebugAssets UP-TO-DATE
:sample:mergeDebugShaders
:sample:compileDebugShaders
:sample:generateDebugAssets
:sample:mergeDebugAssets
:sample:transformClassesWithDexBuilderForDebug
:sample:transformDexArchiveWithExternalLibsDexMergerForDebug
:sample:transformDexArchiveWithDexMergerForDebug
:laevatein:compileDebugNdk NO-SOURCE
:laevatein:mergeDebugJniLibFolders UP-TO-DATE
:laevatein:transformNativeLibsWithMergeJniLibsForDebug UP-TO-DATE
:laevatein:transformNativeLibsWithStripDebugSymbolForDebug UP-TO-DATE
:laevatein:transformNativeLibsWithIntermediateJniLibsForDebug
:sample:mergeDebugJniLibFolders
:sample:transformNativeLibsWithMergeJniLibsForDebug
:sample:transformNativeLibsWithStripDebugSymbolForDebug
:sample:processDebugJavaRes NO-SOURCE
:sample:transformResourcesWithMergeJavaResForDebug
:sample:validateSigningDebug
:sample:packageDebug
:sample:assembleDebug
:laevatein:preReleaseBuild UP-TO-DATE
:laevatein:compileReleaseAidl UP-TO-DATE
:laevatein:compileReleaseRenderscript UP-TO-DATE
:laevatein:checkReleaseManifest UP-TO-DATE
:laevatein:generateReleaseBuildConfig UP-TO-DATE
:laevatein:generateReleaseResValues UP-TO-DATE
:laevatein:generateReleaseResources UP-TO-DATE
:laevatein:packageReleaseResources UP-TO-DATE
:laevatein:processReleaseManifest UP-TO-DATE
:laevatein:processReleaseResources UP-TO-DATE
:laevatein:generateReleaseSources UP-TO-DATE
:laevatein:javaPreCompileRelease UP-TO-DATE
:laevatein:compileReleaseJavaWithJavac UP-TO-DATE
:laevatein:processReleaseJavaRes NO-SOURCE
:laevatein:transformClassesAndResourcesWithPrepareIntermediateJarsForRelease
:sample:preReleaseBuild
:sample:compileReleaseAidl
:laevatein:packageReleaseRenderscript NO-SOURCE
:sample:compileReleaseRenderscript
:sample:checkReleaseManifest
:sample:generateReleaseBuildConfig
:sample:generateReleaseResValues
:sample:generateReleaseResources
:sample:mergeReleaseResources
:sample:createReleaseCompatibleScreenManifests
:sample:processReleaseManifest
:sample:splitsDiscoveryTaskRelease
:sample:processReleaseResources
:sample:generateReleaseSources
:sample:javaPreCompileRelease
:sample:compileReleaseJavaWithJavac
:sample:compileReleaseNdk NO-SOURCE
:sample:compileReleaseSources
:sample:lintVitalRelease SKIPPED
:laevatein:mergeReleaseShaders UP-TO-DATE
:laevatein:compileReleaseShaders UP-TO-DATE
:laevatein:generateReleaseAssets UP-TO-DATE
:laevatein:mergeReleaseAssets UP-TO-DATE
:sample:mergeReleaseShaders
:sample:compileReleaseShaders
:sample:generateReleaseAssets
:sample:mergeReleaseAssets
:sample:transformClassesWithPreDexForRelease
:sample:transformDexWithDexForRelease
:laevatein:compileReleaseNdk NO-SOURCE
:laevatein:mergeReleaseJniLibFolders UP-TO-DATE
:laevatein:transformNativeLibsWithMergeJniLibsForRelease UP-TO-DATE
:laevatein:transformNativeLibsWithStripDebugSymbolForRelease UP-TO-DATE
:laevatein:transformNativeLibsWithIntermediateJniLibsForRelease
:sample:mergeReleaseJniLibFolders
:sample:transformNativeLibsWithMergeJniLibsForRelease
:sample:transformNativeLibsWithStripDebugSymbolForRelease
:sample:processReleaseJavaRes NO-SOURCE
:sample:transformResourcesWithMergeJavaResForRelease
:sample:packageRelease
:sample:assembleRelease
:sample:assemble
:sample:lint
Ran lint on variant release: 11 issues found
Ran lint on variant debug: 11 issues found
Wrote HTML report to file:///tmp/rdisk/1369/src/sample/build/reports/lint-results.html
Wrote XML report to file:///tmp/rdisk/1369/src/sample/build/reports/lint-results.xml
:sample:preDebugUnitTestBuild UP-TO-DATE
:sample:javaPreCompileDebugUnitTest
:sample:compileDebugUnitTestJavaWithJavac NO-SOURCE
:sample:mockableAndroidJar
:sample:processDebugUnitTestJavaRes NO-SOURCE
:sample:testDebugUnitTest NO-SOURCE
:sample:preReleaseUnitTestBuild UP-TO-DATE
:sample:javaPreCompileReleaseUnitTest
:sample:compileReleaseUnitTestJavaWithJavac NO-SOURCE
:sample:processReleaseUnitTestJavaRes NO-SOURCE
:sample:testReleaseUnitTest NO-SOURCE
:sample:test UP-TO-DATE
:sample:check
:sample:build

BUILD SUCCESSFUL in 44s
91 actionable tasks: 57 executed, 34 up-to-date

2018-04-06 18:53:41,179 INFO  FullProcessService - Found APK file: /tmp/rdisk/1369/src/sample/build/outputs/apk/release/sample-release-unsigned.apk
