2018-04-06 19:15:47,522 INFO  DownloadService - Downloading "https://github.com/dpreussler/android-autolayout/archive/master.zip", attempt 3
2018-04-06 19:16:47,977 INFO  GithubDownloadService - Could not find ZIP archive for master branch
2018-04-06 19:16:48,859 INFO  GithubDownloadService - Default branch of this repository: master
2018-04-06 19:16:48,859 INFO  DownloadService - Downloading "https://github.com/dpreussler/android-autolayout/archive/master.zip", attempt 3
2018-04-06 19:17:50,099 DEBUG FullProcessService - Repository https://github.com/dpreussler/android-autolayout available: true
2018-04-06 19:17:50,099 INFO  FullProcessService - Could not download ZIP file from Github, lets clone it
2018-04-06 19:17:50,099 INFO  SysUtils - Execute command: [git, clone, -q, --single-branch, --depth, 1, https://github.com/dpreussler/android-autolayout, /tmp/rdisk/1359/src]
2018-04-06 19:17:51,514 INFO  SysUtils - 
2018-04-06 19:17:51,523 INFO  GitService - Deleted "/tmp/rdisk/1359/src/.git": true
2018-04-06 19:17:51,525 INFO  FullProcessService - Size of directory with sources: 150 KB
2018-04-06 19:17:51,525 INFO  SysUtils - Execute command: [git, init, /tmp/rdisk/1359/src]
2018-04-06 19:17:51,530 INFO  SysUtils - Initialized empty Git repository in /tmp/rdisk/1359/src/.git/

2018-04-06 19:17:51,531 INFO  ProjectBuildService - Gradle wrapper(s): /tmp/rdisk/1359/src/gradlew /tmp/rdisk/1359/src/gradle/gradlew
2018-04-06 19:17:51,533 INFO  ProjectBuildService - Build script(s): /tmp/rdisk/1359/src/build.gradle
2018-04-06 19:17:51,534 INFO  ProjectBuildService - All script(s): /tmp/rdisk/1359/src/build.gradle
2018-04-06 19:17:51,535 INFO  ProjectBuildService - Remote scripts: none
2018-04-06 19:17:51,535 INFO  ProjectFixService - Fixing project...
2018-04-06 19:17:51,538 INFO  LocalPropertiesFixService - Created fake /tmp/rdisk/1359/src/local.properties
2018-04-06 19:17:51,538 INFO  WrapperPropertiesFixService - Gradle wrapper: http://services.gradle.org/distributions/gradle-1.9-bin.zip
2018-04-06 19:17:51,539 INFO  ProjectFixService - Build info for "/tmp/rdisk/1359/src/build.gradle": [buildToolsVersion=<null>,compileSdkVersion=<null>,minSdkVersion=<null>,targetSdkVersion=<null>]
2018-04-06 19:17:51,540 INFO  ProjectFixService - Fixed build info for "/tmp/rdisk/1359/src/build.gradle": [buildToolsVersion=28.0.0-rc1,compileSdkVersion=27,minSdkVersion=27,targetSdkVersion=27]
2018-04-06 19:17:51,541 INFO  ProjectFixService - Project was maybe fixed
2018-04-06 19:17:51,541 INFO  ProjectTaskService - Detecting possible tasks...
2018-04-06 19:17:51,541 INFO  SysUtils - Execute command: [/tmp/rdisk/1359/src/gradlew, -b, /tmp/rdisk/1359/src/build.gradle, -Dorg.gradle.daemon=false, -Dorg.gradle.daemon.performance.enable-monitoring=false, -Dorg.gradle.configureondemand=true, tasks]
2018-04-06 19:17:56,156 ERROR ProjectTaskService - Could not detect possible Gradle tasks: Process exited with an error: 1 (Exit value: 1)
2018-04-06 19:17:56,157 INFO  ProjectTaskService - Detected possible tasks: 0
2018-04-06 19:17:56,157 INFO  ProjectTaskService - Excluded tasks (0): none
2018-04-06 19:17:56,157 INFO  SysUtils - Execute command: [/tmp/rdisk/1359/src/gradlew, -b, /tmp/rdisk/1359/src/build.gradle, -Dorg.gradle.daemon=false, -Dorg.gradle.daemon.performance.enable-monitoring=false, -Dorg.gradle.configureondemand=true, --stacktrace, build]
2018-04-06 19:17:59,625 ERROR SysUtils - Could not process external command
org.apache.commons.exec.ExecuteException: Process exited with an error: 1 (Exit value: 1)
	at org.apache.commons.exec.DefaultExecutor.executeInternal(DefaultExecutor.java:404)
	at org.apache.commons.exec.DefaultExecutor.execute(DefaultExecutor.java:166)
	at com.github.vbauer.apkmaster.util.SysUtils.execute(SysUtils.java:67)
	at com.github.vbauer.apkmaster.util.SysUtils.executeSimple(SysUtils.java:43)
	at com.github.vbauer.apkmaster.service.assembly.ProjectBuildService.buildProject(ProjectBuildService.java:78)
	at com.github.vbauer.apkmaster.service.assembly.ProjectBuildService.buildProject(ProjectBuildService.java:64)
	at com.github.vbauer.apkmaster.service.assembly.ProjectBuildService.buildProject(ProjectBuildService.java:43)
	at com.github.vbauer.apkmaster.service.FullProcessService.build(FullProcessService.java:84)
	at com.github.vbauer.apkmaster.service.FullProcessService.process(FullProcessService.java:34)
	at com.github.vbauer.apkmaster.app.MainApplication.process(MainApplication.java:38)
	at com.github.vbauer.apkmaster.app.MainApplication.main(MainApplication.java:20)
	at sun.reflect.GeneratedMethodAccessor9.invoke(Unknown Source)
	at sun.reflect.DelegatingMethodAccessorImpl.invoke(DelegatingMethodAccessorImpl.java:43)
	at java.lang.reflect.Method.invoke(Method.java:498)
	at com.android.arsenal.util.ReflectionUtils.invoke(ReflectionUtils.java:42)
	at com.android.arsenal.util.ApkMasterUtils.main(ApkMasterUtils.java:30)
	at com.android.arsenal.service.processor.impl.BuildProcessorServiceImpl.buildProject(BuildProcessorServiceImpl.java:197)
	at com.android.arsenal.service.processor.impl.BuildProcessorServiceImpl.build(BuildProcessorServiceImpl.java:131)
	at com.android.arsenal.service.processor.impl.BuildProcessorServiceImpl.lambda$null$1(BuildProcessorServiceImpl.java:114)
	at java.util.concurrent.FutureTask.run(FutureTask.java:266)
	at java.util.concurrent.Executors$RunnableAdapter.call(Executors.java:511)
	at java.util.concurrent.FutureTask.run(FutureTask.java:266)
	at java.util.concurrent.ThreadPoolExecutor.runWorker(ThreadPoolExecutor.java:1149)
	at java.util.concurrent.ThreadPoolExecutor$Worker.run(ThreadPoolExecutor.java:624)
	at java.lang.Thread.run(Thread.java:748)
2018-04-06 19:17:59,625 INFO  SysUtils - Configuration on demand is an incubating feature.
fatal: No names found, cannot describe anything.

FAILURE: Build failed with an exception.

* Where:
Build file '/tmp/rdisk/1359/src/build.gradle' line: 10

* What went wrong:
A problem occurred evaluating root project 'src'.
> Process 'command 'git'' finished with non-zero exit value 128

* Try:
Run with --info or --debug option to get more log output.

* Exception is:
org.gradle.api.GradleScriptException: A problem occurred evaluating root project 'src'.
	at org.gradle.groovy.scripts.internal.DefaultScriptRunnerFactory$ScriptRunnerImpl.run(DefaultScriptRunnerFactory.java:54)
	at org.gradle.configuration.DefaultScriptPluginFactory$ScriptPluginImpl.apply(DefaultScriptPluginFactory.java:132)
	at org.gradle.configuration.project.BuildScriptProcessor.execute(BuildScriptProcessor.java:38)
	at org.gradle.configuration.project.BuildScriptProcessor.execute(BuildScriptProcessor.java:25)
	at org.gradle.configuration.project.ConfigureActionsProjectEvaluator.evaluate(ConfigureActionsProjectEvaluator.java:34)
	at org.gradle.configuration.project.LifecycleProjectEvaluator.evaluate(LifecycleProjectEvaluator.java:55)
	at org.gradle.api.internal.project.AbstractProject.evaluate(AbstractProject.java:507)
	at org.gradle.api.internal.project.AbstractProject.evaluate(AbstractProject.java:82)
	at org.gradle.configuration.DefaultBuildConfigurer.configure(DefaultBuildConfigurer.java:28)
	at org.gradle.initialization.DefaultGradleLauncher.doBuildStages(DefaultGradleLauncher.java:142)
	at org.gradle.initialization.DefaultGradleLauncher.doBuild(DefaultGradleLauncher.java:113)
	at org.gradle.initialization.DefaultGradleLauncher.run(DefaultGradleLauncher.java:81)
	at org.gradle.launcher.exec.InProcessBuildActionExecuter$DefaultBuildController.run(InProcessBuildActionExecuter.java:64)
	at org.gradle.launcher.cli.ExecuteBuildAction.run(ExecuteBuildAction.java:33)
	at org.gradle.launcher.cli.ExecuteBuildAction.run(ExecuteBuildAction.java:24)
	at org.gradle.launcher.exec.InProcessBuildActionExecuter.execute(InProcessBuildActionExecuter.java:35)
	at org.gradle.launcher.exec.InProcessBuildActionExecuter.execute(InProcessBuildActionExecuter.java:26)
	at org.gradle.launcher.cli.RunBuildAction.run(RunBuildAction.java:50)
	at org.gradle.api.internal.Actions$RunnableActionAdapter.execute(Actions.java:171)
	at org.gradle.launcher.cli.CommandLineActionFactory$ParseAndBuildAction.execute(CommandLineActionFactory.java:201)
	at org.gradle.launcher.cli.CommandLineActionFactory$ParseAndBuildAction.execute(CommandLineActionFactory.java:174)
	at org.gradle.launcher.cli.CommandLineActionFactory$WithLogging.execute(CommandLineActionFactory.java:170)
	at org.gradle.launcher.cli.CommandLineActionFactory$WithLogging.execute(CommandLineActionFactory.java:139)
	at org.gradle.launcher.cli.ExceptionReportingAction.execute(ExceptionReportingAction.java:33)
	at org.gradle.launcher.cli.ExceptionReportingAction.execute(ExceptionReportingAction.java:22)
	at org.gradle.launcher.Main.doAction(Main.java:46)
	at org.gradle.launcher.bootstrap.EntryPoint.run(EntryPoint.java:45)
	at org.gradle.launcher.Main.main(Main.java:37)
	at org.gradle.launcher.bootstrap.ProcessBootstrap.runNoExit(ProcessBootstrap.java:50)
	at org.gradle.launcher.bootstrap.ProcessBootstrap.run(ProcessBootstrap.java:32)
	at org.gradle.launcher.GradleMain.main(GradleMain.java:23)
	at org.gradle.wrapper.BootstrapMainStarter.start(BootstrapMainStarter.java:30)
	at org.gradle.wrapper.WrapperExecutor.execute(WrapperExecutor.java:127)
	at org.gradle.wrapper.GradleWrapperMain.main(GradleWrapperMain.java:58)
Caused by: org.gradle.process.internal.ExecException: Process 'command 'git'' finished with non-zero exit value 128
	at org.gradle.process.internal.DefaultExecHandle$ExecResultImpl.assertNormalExitValue(DefaultExecHandle.java:361)
	at org.gradle.process.internal.DefaultExecAction.execute(DefaultExecAction.java:31)
	at org.gradle.api.internal.file.DefaultFileOperations.exec(DefaultFileOperations.java:176)
	at org.gradle.api.internal.project.AbstractProject.exec(AbstractProject.java:875)
	at org.gradle.groovy.scripts.DefaultScript.exec(DefaultScript.java:185)
	at build_5amtnbc2sq0hvg5o22joium1oi$_run_closure1.doCall(/tmp/rdisk/1359/src/build.gradle:10)
	at build_5amtnbc2sq0hvg5o22joium1oi.run(/tmp/rdisk/1359/src/build.gradle:17)
	at org.gradle.groovy.scripts.internal.DefaultScriptRunnerFactory$ScriptRunnerImpl.run(DefaultScriptRunnerFactory.java:52)
	... 33 more


BUILD FAILED

Total time: 3.04 secs

2018-04-06 19:17:59,627 ERROR FullProcessService - Project build has not produced APK file
2018-04-06 19:17:59,628 ERROR FullProcessService - Could not find generated or existed APK file
