2018-04-06 17:46:40,027 INFO  DownloadService - Downloading "https://github.com/rudsonlive/NavigationDrawer-MaterialDesign/archive/master.zip", attempt 3
2018-04-06 17:47:40,679 INFO  GithubDownloadService - Could not find ZIP archive for master branch
2018-04-06 17:47:41,519 INFO  GithubDownloadService - Default branch of this repository: master
2018-04-06 17:47:41,519 INFO  DownloadService - Downloading "https://github.com/rudsonlive/NavigationDrawer-MaterialDesign/archive/master.zip", attempt 3
2018-04-06 17:48:42,818 DEBUG FullProcessService - Repository https://github.com/rudsonlive/NavigationDrawer-MaterialDesign available: true
2018-04-06 17:48:42,818 INFO  FullProcessService - Could not download ZIP file from Github, lets clone it
2018-04-06 17:48:42,819 INFO  SysUtils - Execute command: [git, clone, -q, --single-branch, --depth, 1, https://github.com/rudsonlive/NavigationDrawer-MaterialDesign, /tmp/rdisk/1398/src]
2018-04-06 17:48:44,991 INFO  SysUtils - 
2018-04-06 17:48:44,997 INFO  GitService - Deleted "/tmp/rdisk/1398/src/.git": true
2018-04-06 17:48:45,002 INFO  FullProcessService - Size of directory with sources: 3 MB
2018-04-06 17:48:45,002 INFO  SysUtils - Execute command: [git, init, /tmp/rdisk/1398/src]
2018-04-06 17:48:45,010 INFO  SysUtils - Initialized empty Git repository in /tmp/rdisk/1398/src/.git/

2018-04-06 17:48:45,014 INFO  ProjectBuildService - Gradle wrapper(s): /tmp/rdisk/1398/src/gradlew
2018-04-06 17:48:45,019 INFO  ProjectBuildService - Build script(s): /tmp/rdisk/1398/src/demo/build.gradle /tmp/rdisk/1398/src/library/build.gradle /tmp/rdisk/1398/src/build.gradle
2018-04-06 17:48:45,023 INFO  ProjectBuildService - All script(s): /tmp/rdisk/1398/src/settings.gradle /tmp/rdisk/1398/src/library/build.gradle /tmp/rdisk/1398/src/demo/build.gradle /tmp/rdisk/1398/src/build.gradle
2018-04-06 17:48:45,023 INFO  DownloadService - Downloading "https://raw.github.com/chrisbanes/gradle-mvn-push/master/gradle-mvn-push.gradle", attempt 3
2018-04-06 17:48:47,338 INFO  DownloadService - Downloaded https://raw.github.com/chrisbanes/gradle-mvn-push/master/gradle-mvn-push.gradle, attempt 3
2018-04-06 17:48:47,338 INFO  ProjectBuildService - Remote scripts: https://raw.github.com/chrisbanes/gradle-mvn-push/master/gradle-mvn-push.gradle
2018-04-06 17:48:47,339 INFO  ProjectFixService - Fixing project...
2018-04-06 17:48:47,348 INFO  LocalPropertiesFixService - Created fake /tmp/rdisk/1398/src/demo/local.properties
2018-04-06 17:48:47,349 INFO  ProjectFixService - Build info for "/tmp/rdisk/1398/src/demo/build.gradle": [buildToolsVersion=23.0.2,compileSdkVersion=23,minSdkVersion=14,targetSdkVersion=23]
2018-04-06 17:48:47,349 INFO  LocalPropertiesFixService - Created fake /tmp/rdisk/1398/src/library/local.properties
2018-04-06 17:48:47,349 INFO  ProjectFixService - Build info for "/tmp/rdisk/1398/src/library/build.gradle": [buildToolsVersion=23.0.2,compileSdkVersion=23,minSdkVersion=14,targetSdkVersion=23]
2018-04-06 17:48:47,349 INFO  LocalPropertiesFixService - Created fake /tmp/rdisk/1398/src/local.properties
2018-04-06 17:48:47,351 INFO  ProjectFixService - Build info for "/tmp/rdisk/1398/src/build.gradle": [buildToolsVersion=23.0.2,compileSdkVersion=23,minSdkVersion=14,targetSdkVersion=23]
2018-04-06 17:48:47,351 INFO  ProjectFixService - Project was maybe fixed
2018-04-06 17:48:47,351 INFO  ProjectTaskService - Detecting possible tasks...
2018-04-06 17:48:47,351 INFO  SysUtils - Execute command: [/tmp/rdisk/1398/src/gradlew, -b, /tmp/rdisk/1398/src/demo/build.gradle, -Dorg.gradle.daemon=false, -Dorg.gradle.daemon.performance.enable-monitoring=false, -Dorg.gradle.configureondemand=true, tasks]
2018-04-06 17:48:47,475 ERROR ProjectTaskService - Could not detect possible Gradle tasks: Process exited with an error: 1 (Exit value: 1)
2018-04-06 17:48:47,476 INFO  ProjectTaskService - Detected possible tasks: 4
2018-04-06 17:48:47,476 INFO  ProjectTaskService - Excluded tasks (3): androidJavadocsJar androidJavadocs androidSourcesJar
2018-04-06 17:48:47,476 INFO  SysUtils - Execute command: [/tmp/rdisk/1398/src/gradlew, -b, /tmp/rdisk/1398/src/demo/build.gradle, -Dorg.gradle.daemon=false, -Dorg.gradle.daemon.performance.enable-monitoring=false, -Dorg.gradle.configureondemand=true, --stacktrace, -x, androidJavadocsJar, -x, androidJavadocs, -x, androidSourcesJar, build]
2018-04-06 17:48:47,583 ERROR SysUtils - Could not process external command
org.apache.commons.exec.ExecuteException: Process exited with an error: 1 (Exit value: 1)
	at org.apache.commons.exec.DefaultExecutor.executeInternal(DefaultExecutor.java:404)
	at org.apache.commons.exec.DefaultExecutor.execute(DefaultExecutor.java:166)
	at com.github.vbauer.apkmaster.util.SysUtils.execute(SysUtils.java:67)
	at com.github.vbauer.apkmaster.util.SysUtils.executeSimple(SysUtils.java:43)
	at com.github.vbauer.apkmaster.service.assembly.ProjectBuildService.buildProject(ProjectBuildService.java:78)
	at com.github.vbauer.apkmaster.service.assembly.ProjectBuildService.buildProject(ProjectBuildService.java:64)
	at com.github.vbauer.apkmaster.service.assembly.ProjectBuildService.buildProject(ProjectBuildService.java:43)
	at com.github.vbauer.apkmaster.service.FullProcessService.build(FullProcessService.java:84)
	at com.github.vbauer.apkmaster.service.FullProcessService.process(FullProcessService.java:34)
	at com.github.vbauer.apkmaster.app.MainApplication.process(MainApplication.java:38)
	at com.github.vbauer.apkmaster.app.MainApplication.main(MainApplication.java:20)
	at sun.reflect.GeneratedMethodAccessor9.invoke(Unknown Source)
	at sun.reflect.DelegatingMethodAccessorImpl.invoke(DelegatingMethodAccessorImpl.java:43)
	at java.lang.reflect.Method.invoke(Method.java:498)
	at com.android.arsenal.util.ReflectionUtils.invoke(ReflectionUtils.java:42)
	at com.android.arsenal.util.ApkMasterUtils.main(ApkMasterUtils.java:30)
	at com.android.arsenal.service.processor.impl.BuildProcessorServiceImpl.buildProject(BuildProcessorServiceImpl.java:197)
	at com.android.arsenal.service.processor.impl.BuildProcessorServiceImpl.build(BuildProcessorServiceImpl.java:131)
	at com.android.arsenal.service.processor.impl.BuildProcessorServiceImpl.lambda$null$1(BuildProcessorServiceImpl.java:114)
	at java.util.concurrent.FutureTask.run(FutureTask.java:266)
	at java.util.concurrent.Executors$RunnableAdapter.call(Executors.java:511)
	at java.util.concurrent.FutureTask.run(FutureTask.java:266)
	at java.util.concurrent.ThreadPoolExecutor.runWorker(ThreadPoolExecutor.java:1149)
	at java.util.concurrent.ThreadPoolExecutor$Worker.run(ThreadPoolExecutor.java:624)
	at java.lang.Thread.run(Thread.java:748)
2018-04-06 17:48:47,583 INFO  SysUtils - Error: Could not find or load main class org.gradle.wrapper.GradleWrapperMain

2018-04-06 17:48:47,588 INFO  ProjectTaskService - Detecting possible tasks...
2018-04-06 17:48:47,588 INFO  SysUtils - Execute command: [/tmp/rdisk/1398/src/gradlew, -b, /tmp/rdisk/1398/src/library/build.gradle, -Dorg.gradle.daemon=false, -Dorg.gradle.daemon.performance.enable-monitoring=false, -Dorg.gradle.configureondemand=true, tasks]
2018-04-06 17:48:47,695 ERROR ProjectTaskService - Could not detect possible Gradle tasks: Process exited with an error: 1 (Exit value: 1)
2018-04-06 17:48:47,696 INFO  ProjectTaskService - Detected possible tasks: 4
2018-04-06 17:48:47,696 INFO  ProjectTaskService - Excluded tasks (3): androidJavadocsJar androidJavadocs androidSourcesJar
2018-04-06 17:48:47,696 INFO  SysUtils - Execute command: [/tmp/rdisk/1398/src/gradlew, -b, /tmp/rdisk/1398/src/library/build.gradle, -Dorg.gradle.daemon=false, -Dorg.gradle.daemon.performance.enable-monitoring=false, -Dorg.gradle.configureondemand=true, --stacktrace, -x, androidJavadocsJar, -x, androidJavadocs, -x, androidSourcesJar, build]
2018-04-06 17:48:47,799 ERROR SysUtils - Could not process external command
org.apache.commons.exec.ExecuteException: Process exited with an error: 1 (Exit value: 1)
	at org.apache.commons.exec.DefaultExecutor.executeInternal(DefaultExecutor.java:404)
	at org.apache.commons.exec.DefaultExecutor.execute(DefaultExecutor.java:166)
	at com.github.vbauer.apkmaster.util.SysUtils.execute(SysUtils.java:67)
	at com.github.vbauer.apkmaster.util.SysUtils.executeSimple(SysUtils.java:43)
	at com.github.vbauer.apkmaster.service.assembly.ProjectBuildService.buildProject(ProjectBuildService.java:78)
	at com.github.vbauer.apkmaster.service.assembly.ProjectBuildService.buildProject(ProjectBuildService.java:64)
	at com.github.vbauer.apkmaster.service.assembly.ProjectBuildService.buildProject(ProjectBuildService.java:43)
	at com.github.vbauer.apkmaster.service.FullProcessService.build(FullProcessService.java:84)
	at com.github.vbauer.apkmaster.service.FullProcessService.process(FullProcessService.java:34)
	at com.github.vbauer.apkmaster.app.MainApplication.process(MainApplication.java:38)
	at com.github.vbauer.apkmaster.app.MainApplication.main(MainApplication.java:20)
	at sun.reflect.GeneratedMethodAccessor9.invoke(Unknown Source)
	at sun.reflect.DelegatingMethodAccessorImpl.invoke(DelegatingMethodAccessorImpl.java:43)
	at java.lang.reflect.Method.invoke(Method.java:498)
	at com.android.arsenal.util.ReflectionUtils.invoke(ReflectionUtils.java:42)
	at com.android.arsenal.util.ApkMasterUtils.main(ApkMasterUtils.java:30)
	at com.android.arsenal.service.processor.impl.BuildProcessorServiceImpl.buildProject(BuildProcessorServiceImpl.java:197)
	at com.android.arsenal.service.processor.impl.BuildProcessorServiceImpl.build(BuildProcessorServiceImpl.java:131)
	at com.android.arsenal.service.processor.impl.BuildProcessorServiceImpl.lambda$null$1(BuildProcessorServiceImpl.java:114)
	at java.util.concurrent.FutureTask.run(FutureTask.java:266)
	at java.util.concurrent.Executors$RunnableAdapter.call(Executors.java:511)
	at java.util.concurrent.FutureTask.run(FutureTask.java:266)
	at java.util.concurrent.ThreadPoolExecutor.runWorker(ThreadPoolExecutor.java:1149)
	at java.util.concurrent.ThreadPoolExecutor$Worker.run(ThreadPoolExecutor.java:624)
	at java.lang.Thread.run(Thread.java:748)
2018-04-06 17:48:47,799 INFO  SysUtils - Error: Could not find or load main class org.gradle.wrapper.GradleWrapperMain

2018-04-06 17:48:47,804 INFO  ProjectTaskService - Detecting possible tasks...
2018-04-06 17:48:47,804 INFO  SysUtils - Execute command: [/tmp/rdisk/1398/src/gradlew, -b, /tmp/rdisk/1398/src/build.gradle, -Dorg.gradle.daemon=false, -Dorg.gradle.daemon.performance.enable-monitoring=false, -Dorg.gradle.configureondemand=true, tasks]
2018-04-06 17:48:47,922 ERROR ProjectTaskService - Could not detect possible Gradle tasks: Process exited with an error: 1 (Exit value: 1)
2018-04-06 17:48:47,922 INFO  ProjectTaskService - Detected possible tasks: 4
2018-04-06 17:48:47,923 INFO  ProjectTaskService - Excluded tasks (3): androidJavadocsJar androidJavadocs androidSourcesJar
2018-04-06 17:48:47,923 INFO  SysUtils - Execute command: [/tmp/rdisk/1398/src/gradlew, -b, /tmp/rdisk/1398/src/build.gradle, -Dorg.gradle.daemon=false, -Dorg.gradle.daemon.performance.enable-monitoring=false, -Dorg.gradle.configureondemand=true, --stacktrace, -x, androidJavadocsJar, -x, androidJavadocs, -x, androidSourcesJar, build]
2018-04-06 17:48:48,029 ERROR SysUtils - Could not process external command
org.apache.commons.exec.ExecuteException: Process exited with an error: 1 (Exit value: 1)
	at org.apache.commons.exec.DefaultExecutor.executeInternal(DefaultExecutor.java:404)
	at org.apache.commons.exec.DefaultExecutor.execute(DefaultExecutor.java:166)
	at com.github.vbauer.apkmaster.util.SysUtils.execute(SysUtils.java:67)
	at com.github.vbauer.apkmaster.util.SysUtils.executeSimple(SysUtils.java:43)
	at com.github.vbauer.apkmaster.service.assembly.ProjectBuildService.buildProject(ProjectBuildService.java:78)
	at com.github.vbauer.apkmaster.service.assembly.ProjectBuildService.buildProject(ProjectBuildService.java:64)
	at com.github.vbauer.apkmaster.service.assembly.ProjectBuildService.buildProject(ProjectBuildService.java:43)
	at com.github.vbauer.apkmaster.service.FullProcessService.build(FullProcessService.java:84)
	at com.github.vbauer.apkmaster.service.FullProcessService.process(FullProcessService.java:34)
	at com.github.vbauer.apkmaster.app.MainApplication.process(MainApplication.java:38)
	at com.github.vbauer.apkmaster.app.MainApplication.main(MainApplication.java:20)
	at sun.reflect.GeneratedMethodAccessor9.invoke(Unknown Source)
	at sun.reflect.DelegatingMethodAccessorImpl.invoke(DelegatingMethodAccessorImpl.java:43)
	at java.lang.reflect.Method.invoke(Method.java:498)
	at com.android.arsenal.util.ReflectionUtils.invoke(ReflectionUtils.java:42)
	at com.android.arsenal.util.ApkMasterUtils.main(ApkMasterUtils.java:30)
	at com.android.arsenal.service.processor.impl.BuildProcessorServiceImpl.buildProject(BuildProcessorServiceImpl.java:197)
	at com.android.arsenal.service.processor.impl.BuildProcessorServiceImpl.build(BuildProcessorServiceImpl.java:131)
	at com.android.arsenal.service.processor.impl.BuildProcessorServiceImpl.lambda$null$1(BuildProcessorServiceImpl.java:114)
	at java.util.concurrent.FutureTask.run(FutureTask.java:266)
	at java.util.concurrent.Executors$RunnableAdapter.call(Executors.java:511)
	at java.util.concurrent.FutureTask.run(FutureTask.java:266)
	at java.util.concurrent.ThreadPoolExecutor.runWorker(ThreadPoolExecutor.java:1149)
	at java.util.concurrent.ThreadPoolExecutor$Worker.run(ThreadPoolExecutor.java:624)
	at java.lang.Thread.run(Thread.java:748)
2018-04-06 17:48:48,029 INFO  SysUtils - Error: Could not find or load main class org.gradle.wrapper.GradleWrapperMain

2018-04-06 17:48:48,033 ERROR FullProcessService - Project build has not produced APK file
2018-04-06 17:48:48,037 ERROR FullProcessService - Could not find generated or existed APK file
