2018-04-07 16:16:06,702 INFO  DownloadService - Downloading "https://github.com/RomainPiel/Titanic/archive/master.zip", attempt 3
2018-04-07 16:17:07,359 INFO  GithubDownloadService - Could not find ZIP archive for master branch
2018-04-07 16:17:08,012 INFO  GithubDownloadService - Default branch of this repository: master
2018-04-07 16:17:08,012 INFO  DownloadService - Downloading "https://github.com/RomainPiel/Titanic/archive/master.zip", attempt 3
2018-04-07 16:18:09,213 DEBUG FullProcessService - Repository https://github.com/RomainPiel/Titanic available: true
2018-04-07 16:18:09,214 INFO  FullProcessService - Could not download ZIP file from Github, lets clone it
2018-04-07 16:18:09,214 INFO  SysUtils - Execute command: [git, clone, -q, --single-branch, --depth, 1, https://github.com/RomainPiel/Titanic, /tmp/rdisk/1313/src]
2018-04-07 16:18:11,775 INFO  SysUtils - 
2018-04-07 16:18:11,787 INFO  GitService - Deleted "/tmp/rdisk/1313/src/.git": true
2018-04-07 16:18:11,789 INFO  FullProcessService - Size of directory with sources: 325 KB
2018-04-07 16:18:11,790 INFO  SysUtils - Execute command: [git, init, /tmp/rdisk/1313/src]
2018-04-07 16:18:11,796 INFO  SysUtils - Initialized empty Git repository in /tmp/rdisk/1313/src/.git/

2018-04-07 16:18:11,800 INFO  ProjectBuildService - Gradle wrapper(s): /tmp/rdisk/1313/src/gradlew
2018-04-07 16:18:11,802 INFO  ProjectBuildService - Build script(s): /tmp/rdisk/1313/src/library/build.gradle /tmp/rdisk/1313/src/sample/build.gradle /tmp/rdisk/1313/src/build.gradle
2018-04-07 16:18:11,804 INFO  ProjectBuildService - All script(s): /tmp/rdisk/1313/src/settings.gradle /tmp/rdisk/1313/src/sample/build.gradle /tmp/rdisk/1313/src/library/build.gradle /tmp/rdisk/1313/src/build.gradle
2018-04-07 16:18:11,804 INFO  ProjectBuildService - Remote scripts: none
2018-04-07 16:18:11,804 INFO  ProjectFixService - Fixing project...
2018-04-07 16:18:11,811 INFO  LocalPropertiesFixService - Created fake /tmp/rdisk/1313/src/library/local.properties
2018-04-07 16:18:11,811 INFO  ProjectFixService - Build info for "/tmp/rdisk/1313/src/library/build.gradle": [buildToolsVersion=19.0.1,compileSdkVersion=19,minSdkVersion=11,targetSdkVersion=19]
2018-04-07 16:18:11,812 INFO  ProjectFixService - Fixed build info for "/tmp/rdisk/1313/src/library/build.gradle": [buildToolsVersion=19.1.0,compileSdkVersion=19,minSdkVersion=11,targetSdkVersion=19]
2018-04-07 16:18:11,812 INFO  LocalPropertiesFixService - Created fake /tmp/rdisk/1313/src/sample/local.properties
2018-04-07 16:18:11,813 INFO  ProjectFixService - Build info for "/tmp/rdisk/1313/src/sample/build.gradle": [buildToolsVersion=19.0.1,compileSdkVersion=19,minSdkVersion=11,targetSdkVersion=19]
2018-04-07 16:18:11,813 INFO  ProjectFixService - Fixed build info for "/tmp/rdisk/1313/src/sample/build.gradle": [buildToolsVersion=19.1.0,compileSdkVersion=19,minSdkVersion=11,targetSdkVersion=19]
2018-04-07 16:18:11,814 INFO  LocalPropertiesFixService - Created fake /tmp/rdisk/1313/src/local.properties
2018-04-07 16:18:11,814 INFO  WrapperPropertiesFixService - Gradle wrapper: http://services.gradle.org/distributions/gradle-1.10-all.zip
2018-04-07 16:18:11,815 INFO  WrapperPropertiesFixService - Gradle wrapper was changed from "-all.zip" to "-bin.zip" (http://services.gradle.org/distributions/gradle-1.10-bin.zip)
2018-04-07 16:18:11,815 INFO  ProjectFixService - Build info for "/tmp/rdisk/1313/src/build.gradle": [buildToolsVersion=19.1.0,compileSdkVersion=19,minSdkVersion=11,targetSdkVersion=19]
2018-04-07 16:18:11,816 INFO  ProjectFixService - Project was maybe fixed
2018-04-07 16:18:11,816 INFO  ProjectTaskService - Detecting possible tasks...
2018-04-07 16:18:11,816 INFO  SysUtils - Execute command: [/tmp/rdisk/1313/src/gradlew, -b, /tmp/rdisk/1313/src/library/build.gradle, -Dorg.gradle.daemon=false, -Dorg.gradle.daemon.performance.enable-monitoring=false, -Dorg.gradle.configureondemand=true, tasks]
2018-04-07 16:18:22,930 INFO  ProjectTaskService - Detected possible tasks: 46
2018-04-07 16:18:22,930 INFO  ProjectTaskService - Excluded tasks (8): lintDebug deviceCheck lint connectedCheck uninstallAll check connectedAndroidTest lintRelease
2018-04-07 16:18:22,931 INFO  SysUtils - Execute command: [/tmp/rdisk/1313/src/gradlew, -b, /tmp/rdisk/1313/src/library/build.gradle, -Dorg.gradle.daemon=false, -Dorg.gradle.daemon.performance.enable-monitoring=false, -Dorg.gradle.configureondemand=true, --stacktrace, -x, lintDebug, -x, deviceCheck, -x, lint, -x, connectedCheck, -x, uninstallAll, -x, check, -x, connectedAndroidTest, -x, lintRelease, build]
2018-04-07 16:18:30,827 ERROR SysUtils - Could not process external command
org.apache.commons.exec.ExecuteException: Process exited with an error: 1 (Exit value: 1)
	at org.apache.commons.exec.DefaultExecutor.executeInternal(DefaultExecutor.java:404)
	at org.apache.commons.exec.DefaultExecutor.execute(DefaultExecutor.java:166)
	at com.github.vbauer.apkmaster.util.SysUtils.execute(SysUtils.java:67)
	at com.github.vbauer.apkmaster.util.SysUtils.executeSimple(SysUtils.java:43)
	at com.github.vbauer.apkmaster.service.assembly.ProjectBuildService.buildProject(ProjectBuildService.java:78)
	at com.github.vbauer.apkmaster.service.assembly.ProjectBuildService.buildProject(ProjectBuildService.java:64)
	at com.github.vbauer.apkmaster.service.assembly.ProjectBuildService.buildProject(ProjectBuildService.java:43)
	at com.github.vbauer.apkmaster.service.FullProcessService.build(FullProcessService.java:84)
	at com.github.vbauer.apkmaster.service.FullProcessService.process(FullProcessService.java:34)
	at com.github.vbauer.apkmaster.app.MainApplication.process(MainApplication.java:38)
	at com.github.vbauer.apkmaster.app.MainApplication.main(MainApplication.java:20)
	at sun.reflect.GeneratedMethodAccessor8.invoke(Unknown Source)
	at sun.reflect.DelegatingMethodAccessorImpl.invoke(DelegatingMethodAccessorImpl.java:43)
	at java.lang.reflect.Method.invoke(Method.java:498)
	at com.android.arsenal.util.ReflectionUtils.invoke(ReflectionUtils.java:42)
	at com.android.arsenal.util.ApkMasterUtils.main(ApkMasterUtils.java:30)
	at com.android.arsenal.service.processor.impl.BuildProcessorServiceImpl.buildProject(BuildProcessorServiceImpl.java:197)
	at com.android.arsenal.service.processor.impl.BuildProcessorServiceImpl.build(BuildProcessorServiceImpl.java:131)
	at com.android.arsenal.service.processor.impl.BuildProcessorServiceImpl.lambda$null$1(BuildProcessorServiceImpl.java:114)
	at java.util.concurrent.FutureTask.run(FutureTask.java:266)
	at java.util.concurrent.Executors$RunnableAdapter.call(Executors.java:511)
	at java.util.concurrent.FutureTask.run(FutureTask.java:266)
	at java.util.concurrent.ThreadPoolExecutor.runWorker(ThreadPoolExecutor.java:1149)
	at java.util.concurrent.ThreadPoolExecutor$Worker.run(ThreadPoolExecutor.java:624)
	at java.lang.Thread.run(Thread.java:748)
2018-04-07 16:18:30,827 INFO  SysUtils - Configuration on demand is an incubating feature.
Relying on packaging to define the extension of the main artifact has been deprecated and is scheduled to be removed in Gradle 2.0
:library:compileLint
:library:copyDebugLint UP-TO-DATE
:library:mergeDebugProguardFiles
:library:packageDebugAidl UP-TO-DATE
:library:preBuild
:library:preDebugBuild
:library:checkDebugManifest
:library:preDebugTestBuild
:library:preReleaseBuild
:library:prepareComAndroidSupportAnimatedVectorDrawable2600Alpha1Library
:library:prepareComAndroidSupportAppcompatV72600Alpha1Library
:library:prepareComAndroidSupportSupportCompat2600Alpha1Library
:library:prepareComAndroidSupportSupportCoreUi2600Alpha1Library
:library:prepareComAndroidSupportSupportCoreUtils2600Alpha1Library
:library:prepareComAndroidSupportSupportFragment2600Alpha1Library
:library:prepareComAndroidSupportSupportMediaCompat2600Alpha1Library
:library:prepareComAndroidSupportSupportV42600Alpha1Library
:library:prepareComAndroidSupportSupportVectorDrawable2600Alpha1Library
:library:prepareDebugDependencies
:library:compileDebugAidl
:library:compileDebugRenderscript
:library:generateDebugBuildConfig
:library:mergeDebugAssets
:library:generateDebugResValues
:library:generateDebugResources
:library:mergeDebugResources
:library:processDebugManifest[/tmp/rdisk/1313/src/library/src/main/AndroidManifest.xml, /tmp/manifestMerge5681356950997571496.xml:3] Main manifest has <uses-sdk android:minSdkVersion='11'> but library uses minSdkVersion='14'
 FAILED

FAILURE: Build failed with an exception.

* What went wrong:
Execution failed for task ':library:processDebugManifest'.
> Manifest merging failed. See console for more info.

* Try:
Run with --info or --debug option to get more log output.

* Exception is:
org.gradle.api.tasks.TaskExecutionException: Execution failed for task ':library:processDebugManifest'.
	at org.gradle.api.internal.tasks.execution.ExecuteActionsTaskExecuter.executeActions(ExecuteActionsTaskExecuter.java:69)
	at org.gradle.api.internal.tasks.execution.ExecuteActionsTaskExecuter.execute(ExecuteActionsTaskExecuter.java:46)
	at org.gradle.api.internal.tasks.execution.PostExecutionAnalysisTaskExecuter.execute(PostExecutionAnalysisTaskExecuter.java:35)
	at org.gradle.api.internal.tasks.execution.SkipUpToDateTaskExecuter.execute(SkipUpToDateTaskExecuter.java:64)
	at org.gradle.api.internal.tasks.execution.ValidatingTaskExecuter.execute(ValidatingTaskExecuter.java:58)
	at org.gradle.api.internal.tasks.execution.SkipEmptySourceFilesTaskExecuter.execute(SkipEmptySourceFilesTaskExecuter.java:42)
	at org.gradle.api.internal.tasks.execution.SkipTaskWithNoActionsExecuter.execute(SkipTaskWithNoActionsExecuter.java:52)
	at org.gradle.api.internal.tasks.execution.SkipOnlyIfTaskExecuter.execute(SkipOnlyIfTaskExecuter.java:53)
	at org.gradle.api.internal.tasks.execution.ExecuteAtMostOnceTaskExecuter.execute(ExecuteAtMostOnceTaskExecuter.java:43)
	at org.gradle.api.internal.AbstractTask.executeWithoutThrowingTaskFailure(AbstractTask.java:289)
	at org.gradle.execution.taskgraph.AbstractTaskPlanExecutor$TaskExecutorWorker.executeTask(AbstractTaskPlanExecutor.java:79)
	at org.gradle.execution.taskgraph.AbstractTaskPlanExecutor$TaskExecutorWorker.processTask(AbstractTaskPlanExecutor.java:63)
	at org.gradle.execution.taskgraph.AbstractTaskPlanExecutor$TaskExecutorWorker.run(AbstractTaskPlanExecutor.java:51)
	at org.gradle.execution.taskgraph.DefaultTaskPlanExecutor$1.run(DefaultTaskPlanExecutor.java:33)
	at org.gradle.internal.Factories$1.create(Factories.java:22)
	at org.gradle.cache.internal.DefaultCacheAccess.longRunningOperation(DefaultCacheAccess.java:198)
	at org.gradle.cache.internal.DefaultCacheAccess.longRunningOperation(DefaultCacheAccess.java:266)
	at org.gradle.cache.internal.DefaultPersistentDirectoryStore.longRunningOperation(DefaultPersistentDirectoryStore.java:135)
	at org.gradle.api.internal.changedetection.state.DefaultTaskArtifactStateCacheAccess.longRunningOperation(DefaultTaskArtifactStateCacheAccess.java:95)
	at org.gradle.execution.taskgraph.DefaultTaskPlanExecutor.process(DefaultTaskPlanExecutor.java:31)
	at org.gradle.execution.taskgraph.DefaultTaskGraphExecuter.execute(DefaultTaskGraphExecuter.java:86)
	at org.gradle.execution.SelectedTaskExecutionAction.execute(SelectedTaskExecutionAction.java:29)
	at org.gradle.execution.DefaultBuildExecuter.execute(DefaultBuildExecuter.java:61)
	at org.gradle.execution.DefaultBuildExecuter.access$200(DefaultBuildExecuter.java:23)
	at org.gradle.execution.DefaultBuildExecuter$2.proceed(DefaultBuildExecuter.java:67)
	at org.gradle.execution.DryRunBuildExecutionAction.execute(DryRunBuildExecutionAction.java:32)
	at org.gradle.execution.DefaultBuildExecuter.execute(DefaultBuildExecuter.java:61)
	at org.gradle.execution.DefaultBuildExecuter.execute(DefaultBuildExecuter.java:54)
	at org.gradle.initialization.DefaultGradleLauncher.doBuildStages(DefaultGradleLauncher.java:166)
	at org.gradle.initialization.DefaultGradleLauncher.doBuild(DefaultGradleLauncher.java:113)
	at org.gradle.initialization.DefaultGradleLauncher.run(DefaultGradleLauncher.java:81)
	at org.gradle.launcher.exec.InProcessBuildActionExecuter$DefaultBuildController.run(InProcessBuildActionExecuter.java:64)
	at org.gradle.launcher.cli.ExecuteBuildAction.run(ExecuteBuildAction.java:33)
	at org.gradle.launcher.cli.ExecuteBuildAction.run(ExecuteBuildAction.java:24)
	at org.gradle.launcher.exec.InProcessBuildActionExecuter.execute(InProcessBuildActionExecuter.java:35)
	at org.gradle.launcher.exec.InProcessBuildActionExecuter.execute(InProcessBuildActionExecuter.java:26)
	at org.gradle.launcher.cli.RunBuildAction.run(RunBuildAction.java:50)
	at org.gradle.internal.Actions$RunnableActionAdapter.execute(Actions.java:171)
	at org.gradle.launcher.cli.CommandLineActionFactory$ParseAndBuildAction.execute(CommandLineActionFactory.java:201)
	at org.gradle.launcher.cli.CommandLineActionFactory$ParseAndBuildAction.execute(CommandLineActionFactory.java:174)
	at org.gradle.launcher.cli.CommandLineActionFactory$WithLogging.execute(CommandLineActionFactory.java:170)
	at org.gradle.launcher.cli.CommandLineActionFactory$WithLogging.execute(CommandLineActionFactory.java:139)
	at org.gradle.launcher.cli.ExceptionReportingAction.execute(ExceptionReportingAction.java:33)
	at org.gradle.launcher.cli.ExceptionReportingAction.execute(ExceptionReportingAction.java:22)
	at org.gradle.launcher.Main.doAction(Main.java:46)
	at org.gradle.launcher.bootstrap.EntryPoint.run(EntryPoint.java:45)
	at org.gradle.launcher.Main.main(Main.java:37)
	at org.gradle.launcher.bootstrap.ProcessBootstrap.runNoExit(ProcessBootstrap.java:50)
	at org.gradle.launcher.bootstrap.ProcessBootstrap.run(ProcessBootstrap.java:32)
	at org.gradle.launcher.GradleMain.main(GradleMain.java:23)
	at org.gradle.wrapper.BootstrapMainStarter.start(BootstrapMainStarter.java:33)
	at org.gradle.wrapper.WrapperExecutor.execute(WrapperExecutor.java:130)
	at org.gradle.wrapper.GradleWrapperMain.main(GradleWrapperMain.java:48)
Caused by: java.lang.RuntimeException: Manifest merging failed. See console for more info.
	at com.android.builder.AndroidBuilder.doMerge(AndroidBuilder.java:615)
	at com.android.builder.AndroidBuilder.mergeLibraryManifests(AndroidBuilder.java:584)
	at com.android.builder.AndroidBuilder.processManifest(AndroidBuilder.java:393)
	at com.android.builder.AndroidBuilder$processManifest.call(Unknown Source)
	at com.android.build.gradle.tasks.ProcessAppManifest.doFullTaskAction(ProcessAppManifest.groovy:83)
	at com.android.build.gradle.internal.tasks.IncrementalTask.taskAction(IncrementalTask.groovy:64)
	at org.gradle.internal.reflect.JavaMethod.invoke(JavaMethod.java:63)
	at org.gradle.api.internal.project.taskfactory.AnnotationProcessingTaskFactory$IncrementalTaskAction.doExecute(AnnotationProcessingTaskFactory.java:236)
	at org.gradle.api.internal.project.taskfactory.AnnotationProcessingTaskFactory$StandardTaskAction.execute(AnnotationProcessingTaskFactory.java:212)
	at org.gradle.api.internal.project.taskfactory.AnnotationProcessingTaskFactory$IncrementalTaskAction.execute(AnnotationProcessingTaskFactory.java:223)
	at org.gradle.api.internal.project.taskfactory.AnnotationProcessingTaskFactory$StandardTaskAction.execute(AnnotationProcessingTaskFactory.java:201)
	at org.gradle.api.internal.AbstractTask$TaskActionWrapper.execute(AbstractTask.java:533)
	at org.gradle.api.internal.AbstractTask$TaskActionWrapper.execute(AbstractTask.java:516)
	at org.gradle.api.internal.tasks.execution.ExecuteActionsTaskExecuter.executeAction(ExecuteActionsTaskExecuter.java:80)
	at org.gradle.api.internal.tasks.execution.ExecuteActionsTaskExecuter.executeActions(ExecuteActionsTaskExecuter.java:61)
	... 52 more


BUILD FAILED

Total time: 7.464 secs

2018-04-07 16:18:30,854 INFO  ProjectTaskService - Detecting possible tasks...
2018-04-07 16:18:30,854 INFO  SysUtils - Execute command: [/tmp/rdisk/1313/src/gradlew, -b, /tmp/rdisk/1313/src/sample/build.gradle, -Dorg.gradle.daemon=false, -Dorg.gradle.daemon.performance.enable-monitoring=false, -Dorg.gradle.configureondemand=true, tasks]
2018-04-07 16:18:38,598 INFO  ProjectTaskService - Detected possible tasks: 49
2018-04-07 16:18:38,599 INFO  ProjectTaskService - Excluded tasks (11): lintDebug deviceCheck lint uninstallRelease connectedCheck uninstallAll check connectedAndroidTest installDebug lintRelease uninstallDebug
2018-04-07 16:18:38,599 INFO  SysUtils - Execute command: [/tmp/rdisk/1313/src/gradlew, -b, /tmp/rdisk/1313/src/sample/build.gradle, -Dorg.gradle.daemon=false, -Dorg.gradle.daemon.performance.enable-monitoring=false, -Dorg.gradle.configureondemand=true, --stacktrace, -x, lintDebug, -x, deviceCheck, -x, lint, -x, uninstallRelease, -x, connectedCheck, -x, uninstallAll, -x, check, -x, connectedAndroidTest, -x, installDebug, -x, lintRelease, -x, uninstallDebug, build]
2018-04-07 16:18:46,136 ERROR SysUtils - Could not process external command
org.apache.commons.exec.ExecuteException: Process exited with an error: 1 (Exit value: 1)
	at org.apache.commons.exec.DefaultExecutor.executeInternal(DefaultExecutor.java:404)
	at org.apache.commons.exec.DefaultExecutor.execute(DefaultExecutor.java:166)
	at com.github.vbauer.apkmaster.util.SysUtils.execute(SysUtils.java:67)
	at com.github.vbauer.apkmaster.util.SysUtils.executeSimple(SysUtils.java:43)
	at com.github.vbauer.apkmaster.service.assembly.ProjectBuildService.buildProject(ProjectBuildService.java:78)
	at com.github.vbauer.apkmaster.service.assembly.ProjectBuildService.buildProject(ProjectBuildService.java:64)
	at com.github.vbauer.apkmaster.service.assembly.ProjectBuildService.buildProject(ProjectBuildService.java:43)
	at com.github.vbauer.apkmaster.service.FullProcessService.build(FullProcessService.java:84)
	at com.github.vbauer.apkmaster.service.FullProcessService.process(FullProcessService.java:34)
	at com.github.vbauer.apkmaster.app.MainApplication.process(MainApplication.java:38)
	at com.github.vbauer.apkmaster.app.MainApplication.main(MainApplication.java:20)
	at sun.reflect.GeneratedMethodAccessor8.invoke(Unknown Source)
	at sun.reflect.DelegatingMethodAccessorImpl.invoke(DelegatingMethodAccessorImpl.java:43)
	at java.lang.reflect.Method.invoke(Method.java:498)
	at com.android.arsenal.util.ReflectionUtils.invoke(ReflectionUtils.java:42)
	at com.android.arsenal.util.ApkMasterUtils.main(ApkMasterUtils.java:30)
	at com.android.arsenal.service.processor.impl.BuildProcessorServiceImpl.buildProject(BuildProcessorServiceImpl.java:197)
	at com.android.arsenal.service.processor.impl.BuildProcessorServiceImpl.build(BuildProcessorServiceImpl.java:131)
	at com.android.arsenal.service.processor.impl.BuildProcessorServiceImpl.lambda$null$1(BuildProcessorServiceImpl.java:114)
	at java.util.concurrent.FutureTask.run(FutureTask.java:266)
	at java.util.concurrent.Executors$RunnableAdapter.call(Executors.java:511)
	at java.util.concurrent.FutureTask.run(FutureTask.java:266)
	at java.util.concurrent.ThreadPoolExecutor.runWorker(ThreadPoolExecutor.java:1149)
	at java.util.concurrent.ThreadPoolExecutor$Worker.run(ThreadPoolExecutor.java:624)
	at java.lang.Thread.run(Thread.java:748)
2018-04-07 16:18:46,137 INFO  SysUtils - Configuration on demand is an incubating feature.
Relying on packaging to define the extension of the main artifact has been deprecated and is scheduled to be removed in Gradle 2.0
:sample:compileDebugNdk
:library:compileLint
:library:copyReleaseLint UP-TO-DATE
:library:mergeReleaseProguardFiles
:library:packageReleaseAidl UP-TO-DATE
:library:preBuild
:library:preReleaseBuild
:library:checkReleaseManifest
:library:preDebugBuild
:library:preDebugTestBuild
:library:prepareComAndroidSupportAnimatedVectorDrawable2600Alpha1Library UP-TO-DATE
:library:prepareComAndroidSupportAppcompatV72600Alpha1Library UP-TO-DATE
:library:prepareComAndroidSupportSupportCompat2600Alpha1Library UP-TO-DATE
:library:prepareComAndroidSupportSupportCoreUi2600Alpha1Library UP-TO-DATE
:library:prepareComAndroidSupportSupportCoreUtils2600Alpha1Library UP-TO-DATE
:library:prepareComAndroidSupportSupportFragment2600Alpha1Library UP-TO-DATE
:library:prepareComAndroidSupportSupportMediaCompat2600Alpha1Library UP-TO-DATE
:library:prepareComAndroidSupportSupportV42600Alpha1Library UP-TO-DATE
:library:prepareComAndroidSupportSupportVectorDrawable2600Alpha1Library UP-TO-DATE
:library:prepareReleaseDependencies
:library:compileReleaseAidl
:library:compileReleaseRenderscript
:library:generateReleaseBuildConfig
:library:mergeReleaseAssets
:library:generateReleaseResValues
:library:generateReleaseResources
:library:mergeReleaseResources
:library:processReleaseManifest[/tmp/rdisk/1313/src/library/src/main/AndroidManifest.xml, /tmp/manifestMerge5408731009153798689.xml:3] Main manifest has <uses-sdk android:minSdkVersion='11'> but library uses minSdkVersion='14'
 FAILED

FAILURE: Build failed with an exception.

* What went wrong:
Execution failed for task ':library:processReleaseManifest'.
> Manifest merging failed. See console for more info.

* Try:
Run with --info or --debug option to get more log output.

* Exception is:
org.gradle.api.tasks.TaskExecutionException: Execution failed for task ':library:processReleaseManifest'.
	at org.gradle.api.internal.tasks.execution.ExecuteActionsTaskExecuter.executeActions(ExecuteActionsTaskExecuter.java:69)
	at org.gradle.api.internal.tasks.execution.ExecuteActionsTaskExecuter.execute(ExecuteActionsTaskExecuter.java:46)
	at org.gradle.api.internal.tasks.execution.PostExecutionAnalysisTaskExecuter.execute(PostExecutionAnalysisTaskExecuter.java:35)
	at org.gradle.api.internal.tasks.execution.SkipUpToDateTaskExecuter.execute(SkipUpToDateTaskExecuter.java:64)
	at org.gradle.api.internal.tasks.execution.ValidatingTaskExecuter.execute(ValidatingTaskExecuter.java:58)
	at org.gradle.api.internal.tasks.execution.SkipEmptySourceFilesTaskExecuter.execute(SkipEmptySourceFilesTaskExecuter.java:42)
	at org.gradle.api.internal.tasks.execution.SkipTaskWithNoActionsExecuter.execute(SkipTaskWithNoActionsExecuter.java:52)
	at org.gradle.api.internal.tasks.execution.SkipOnlyIfTaskExecuter.execute(SkipOnlyIfTaskExecuter.java:53)
	at org.gradle.api.internal.tasks.execution.ExecuteAtMostOnceTaskExecuter.execute(ExecuteAtMostOnceTaskExecuter.java:43)
	at org.gradle.api.internal.AbstractTask.executeWithoutThrowingTaskFailure(AbstractTask.java:289)
	at org.gradle.execution.taskgraph.AbstractTaskPlanExecutor$TaskExecutorWorker.executeTask(AbstractTaskPlanExecutor.java:79)
	at org.gradle.execution.taskgraph.AbstractTaskPlanExecutor$TaskExecutorWorker.processTask(AbstractTaskPlanExecutor.java:63)
	at org.gradle.execution.taskgraph.AbstractTaskPlanExecutor$TaskExecutorWorker.run(AbstractTaskPlanExecutor.java:51)
	at org.gradle.execution.taskgraph.DefaultTaskPlanExecutor$1.run(DefaultTaskPlanExecutor.java:33)
	at org.gradle.internal.Factories$1.create(Factories.java:22)
	at org.gradle.cache.internal.DefaultCacheAccess.longRunningOperation(DefaultCacheAccess.java:198)
	at org.gradle.cache.internal.DefaultCacheAccess.longRunningOperation(DefaultCacheAccess.java:266)
	at org.gradle.cache.internal.DefaultPersistentDirectoryStore.longRunningOperation(DefaultPersistentDirectoryStore.java:135)
	at org.gradle.api.internal.changedetection.state.DefaultTaskArtifactStateCacheAccess.longRunningOperation(DefaultTaskArtifactStateCacheAccess.java:95)
	at org.gradle.execution.taskgraph.DefaultTaskPlanExecutor.process(DefaultTaskPlanExecutor.java:31)
	at org.gradle.execution.taskgraph.DefaultTaskGraphExecuter.execute(DefaultTaskGraphExecuter.java:86)
	at org.gradle.execution.SelectedTaskExecutionAction.execute(SelectedTaskExecutionAction.java:29)
	at org.gradle.execution.DefaultBuildExecuter.execute(DefaultBuildExecuter.java:61)
	at org.gradle.execution.DefaultBuildExecuter.access$200(DefaultBuildExecuter.java:23)
	at org.gradle.execution.DefaultBuildExecuter$2.proceed(DefaultBuildExecuter.java:67)
	at org.gradle.execution.DryRunBuildExecutionAction.execute(DryRunBuildExecutionAction.java:32)
	at org.gradle.execution.DefaultBuildExecuter.execute(DefaultBuildExecuter.java:61)
	at org.gradle.execution.DefaultBuildExecuter.execute(DefaultBuildExecuter.java:54)
	at org.gradle.initialization.DefaultGradleLauncher.doBuildStages(DefaultGradleLauncher.java:166)
	at org.gradle.initialization.DefaultGradleLauncher.doBuild(DefaultGradleLauncher.java:113)
	at org.gradle.initialization.DefaultGradleLauncher.run(DefaultGradleLauncher.java:81)
	at org.gradle.launcher.exec.InProcessBuildActionExecuter$DefaultBuildController.run(InProcessBuildActionExecuter.java:64)
	at org.gradle.launcher.cli.ExecuteBuildAction.run(ExecuteBuildAction.java:33)
	at org.gradle.launcher.cli.ExecuteBuildAction.run(ExecuteBuildAction.java:24)
	at org.gradle.launcher.exec.InProcessBuildActionExecuter.execute(InProcessBuildActionExecuter.java:35)
	at org.gradle.launcher.exec.InProcessBuildActionExecuter.execute(InProcessBuildActionExecuter.java:26)
	at org.gradle.launcher.cli.RunBuildAction.run(RunBuildAction.java:50)
	at org.gradle.internal.Actions$RunnableActionAdapter.execute(Actions.java:171)
	at org.gradle.launcher.cli.CommandLineActionFactory$ParseAndBuildAction.execute(CommandLineActionFactory.java:201)
	at org.gradle.launcher.cli.CommandLineActionFactory$ParseAndBuildAction.execute(CommandLineActionFactory.java:174)
	at org.gradle.launcher.cli.CommandLineActionFactory$WithLogging.execute(CommandLineActionFactory.java:170)
	at org.gradle.launcher.cli.CommandLineActionFactory$WithLogging.execute(CommandLineActionFactory.java:139)
	at org.gradle.launcher.cli.ExceptionReportingAction.execute(ExceptionReportingAction.java:33)
	at org.gradle.launcher.cli.ExceptionReportingAction.execute(ExceptionReportingAction.java:22)
	at org.gradle.launcher.Main.doAction(Main.java:46)
	at org.gradle.launcher.bootstrap.EntryPoint.run(EntryPoint.java:45)
	at org.gradle.launcher.Main.main(Main.java:37)
	at org.gradle.launcher.bootstrap.ProcessBootstrap.runNoExit(ProcessBootstrap.java:50)
	at org.gradle.launcher.bootstrap.ProcessBootstrap.run(ProcessBootstrap.java:32)
	at org.gradle.launcher.GradleMain.main(GradleMain.java:23)
	at org.gradle.wrapper.BootstrapMainStarter.start(BootstrapMainStarter.java:33)
	at org.gradle.wrapper.WrapperExecutor.execute(WrapperExecutor.java:130)
	at org.gradle.wrapper.GradleWrapperMain.main(GradleWrapperMain.java:48)
Caused by: java.lang.RuntimeException: Manifest merging failed. See console for more info.
	at com.android.builder.AndroidBuilder.doMerge(AndroidBuilder.java:615)
	at com.android.builder.AndroidBuilder.mergeLibraryManifests(AndroidBuilder.java:584)
	at com.android.builder.AndroidBuilder.processManifest(AndroidBuilder.java:393)
	at com.android.builder.AndroidBuilder$processManifest.call(Unknown Source)
	at com.android.build.gradle.tasks.ProcessAppManifest.doFullTaskAction(ProcessAppManifest.groovy:83)
	at com.android.build.gradle.internal.tasks.IncrementalTask.taskAction(IncrementalTask.groovy:64)
	at org.gradle.internal.reflect.JavaMethod.invoke(JavaMethod.java:63)
	at org.gradle.api.internal.project.taskfactory.AnnotationProcessingTaskFactory$IncrementalTaskAction.doExecute(AnnotationProcessingTaskFactory.java:236)
	at org.gradle.api.internal.project.taskfactory.AnnotationProcessingTaskFactory$StandardTaskAction.execute(AnnotationProcessingTaskFactory.java:212)
	at org.gradle.api.internal.project.taskfactory.AnnotationProcessingTaskFactory$IncrementalTaskAction.execute(AnnotationProcessingTaskFactory.java:223)
	at org.gradle.api.internal.project.taskfactory.AnnotationProcessingTaskFactory$StandardTaskAction.execute(AnnotationProcessingTaskFactory.java:201)
	at org.gradle.api.internal.AbstractTask$TaskActionWrapper.execute(AbstractTask.java:533)
	at org.gradle.api.internal.AbstractTask$TaskActionWrapper.execute(AbstractTask.java:516)
	at org.gradle.api.internal.tasks.execution.ExecuteActionsTaskExecuter.executeAction(ExecuteActionsTaskExecuter.java:80)
	at org.gradle.api.internal.tasks.execution.ExecuteActionsTaskExecuter.executeActions(ExecuteActionsTaskExecuter.java:61)
	... 52 more


BUILD FAILED

Total time: 7.093 secs

2018-04-07 16:18:46,177 INFO  ProjectTaskService - Detecting possible tasks...
2018-04-07 16:18:46,177 INFO  SysUtils - Execute command: [/tmp/rdisk/1313/src/gradlew, -b, /tmp/rdisk/1313/src/build.gradle, -Dorg.gradle.daemon=false, -Dorg.gradle.daemon.performance.enable-monitoring=false, -Dorg.gradle.configureondemand=true, tasks]
2018-04-07 16:18:52,792 INFO  ProjectTaskService - Detected possible tasks: 49
2018-04-07 16:18:52,792 INFO  ProjectTaskService - Excluded tasks (11): lintDebug deviceCheck lint uninstallRelease connectedCheck uninstallAll check connectedAndroidTest installDebug lintRelease uninstallDebug
2018-04-07 16:18:52,792 INFO  SysUtils - Execute command: [/tmp/rdisk/1313/src/gradlew, -b, /tmp/rdisk/1313/src/build.gradle, -Dorg.gradle.daemon=false, -Dorg.gradle.daemon.performance.enable-monitoring=false, -Dorg.gradle.configureondemand=true, --stacktrace, -x, lintDebug, -x, deviceCheck, -x, lint, -x, uninstallRelease, -x, connectedCheck, -x, uninstallAll, -x, check, -x, connectedAndroidTest, -x, installDebug, -x, lintRelease, -x, uninstallDebug, build]
2018-04-07 16:18:59,985 ERROR SysUtils - Could not process external command
org.apache.commons.exec.ExecuteException: Process exited with an error: 1 (Exit value: 1)
	at org.apache.commons.exec.DefaultExecutor.executeInternal(DefaultExecutor.java:404)
	at org.apache.commons.exec.DefaultExecutor.execute(DefaultExecutor.java:166)
	at com.github.vbauer.apkmaster.util.SysUtils.execute(SysUtils.java:67)
	at com.github.vbauer.apkmaster.util.SysUtils.executeSimple(SysUtils.java:43)
	at com.github.vbauer.apkmaster.service.assembly.ProjectBuildService.buildProject(ProjectBuildService.java:78)
	at com.github.vbauer.apkmaster.service.assembly.ProjectBuildService.buildProject(ProjectBuildService.java:64)
	at com.github.vbauer.apkmaster.service.assembly.ProjectBuildService.buildProject(ProjectBuildService.java:43)
	at com.github.vbauer.apkmaster.service.FullProcessService.build(FullProcessService.java:84)
	at com.github.vbauer.apkmaster.service.FullProcessService.process(FullProcessService.java:34)
	at com.github.vbauer.apkmaster.app.MainApplication.process(MainApplication.java:38)
	at com.github.vbauer.apkmaster.app.MainApplication.main(MainApplication.java:20)
	at sun.reflect.GeneratedMethodAccessor8.invoke(Unknown Source)
	at sun.reflect.DelegatingMethodAccessorImpl.invoke(DelegatingMethodAccessorImpl.java:43)
	at java.lang.reflect.Method.invoke(Method.java:498)
	at com.android.arsenal.util.ReflectionUtils.invoke(ReflectionUtils.java:42)
	at com.android.arsenal.util.ApkMasterUtils.main(ApkMasterUtils.java:30)
	at com.android.arsenal.service.processor.impl.BuildProcessorServiceImpl.buildProject(BuildProcessorServiceImpl.java:197)
	at com.android.arsenal.service.processor.impl.BuildProcessorServiceImpl.build(BuildProcessorServiceImpl.java:131)
	at com.android.arsenal.service.processor.impl.BuildProcessorServiceImpl.lambda$null$1(BuildProcessorServiceImpl.java:114)
	at java.util.concurrent.FutureTask.run(FutureTask.java:266)
	at java.util.concurrent.Executors$RunnableAdapter.call(Executors.java:511)
	at java.util.concurrent.FutureTask.run(FutureTask.java:266)
	at java.util.concurrent.ThreadPoolExecutor.runWorker(ThreadPoolExecutor.java:1149)
	at java.util.concurrent.ThreadPoolExecutor$Worker.run(ThreadPoolExecutor.java:624)
	at java.lang.Thread.run(Thread.java:748)
2018-04-07 16:18:59,985 INFO  SysUtils - Configuration on demand is an incubating feature.
Relying on packaging to define the extension of the main artifact has been deprecated and is scheduled to be removed in Gradle 2.0
:library:compileLint
:library:copyDebugLint UP-TO-DATE
:library:mergeDebugProguardFiles UP-TO-DATE
:library:packageDebugAidl UP-TO-DATE
:library:preBuild
:library:preDebugBuild
:library:checkDebugManifest
:library:preDebugTestBuild
:library:preReleaseBuild
:library:prepareComAndroidSupportAnimatedVectorDrawable2600Alpha1Library UP-TO-DATE
:library:prepareComAndroidSupportAppcompatV72600Alpha1Library UP-TO-DATE
:library:prepareComAndroidSupportSupportCompat2600Alpha1Library UP-TO-DATE
:library:prepareComAndroidSupportSupportCoreUi2600Alpha1Library UP-TO-DATE
:library:prepareComAndroidSupportSupportCoreUtils2600Alpha1Library UP-TO-DATE
:library:prepareComAndroidSupportSupportFragment2600Alpha1Library UP-TO-DATE
:library:prepareComAndroidSupportSupportMediaCompat2600Alpha1Library UP-TO-DATE
:library:prepareComAndroidSupportSupportV42600Alpha1Library UP-TO-DATE
:library:prepareComAndroidSupportSupportVectorDrawable2600Alpha1Library UP-TO-DATE
:library:prepareDebugDependencies
:library:compileDebugAidl UP-TO-DATE
:library:compileDebugRenderscript UP-TO-DATE
:library:generateDebugBuildConfig UP-TO-DATE
:library:mergeDebugAssets UP-TO-DATE
:library:generateDebugResValues UP-TO-DATE
:library:generateDebugResources UP-TO-DATE
:library:mergeDebugResources UP-TO-DATE
:library:processDebugManifest[/tmp/rdisk/1313/src/library/src/main/AndroidManifest.xml, /tmp/manifestMerge8637239089519823850.xml:3] Main manifest has <uses-sdk android:minSdkVersion='11'> but library uses minSdkVersion='14'
 FAILED

FAILURE: Build failed with an exception.

* What went wrong:
Execution failed for task ':library:processDebugManifest'.
> Manifest merging failed. See console for more info.

* Try:
Run with --info or --debug option to get more log output.

* Exception is:
org.gradle.api.tasks.TaskExecutionException: Execution failed for task ':library:processDebugManifest'.
	at org.gradle.api.internal.tasks.execution.ExecuteActionsTaskExecuter.executeActions(ExecuteActionsTaskExecuter.java:69)
	at org.gradle.api.internal.tasks.execution.ExecuteActionsTaskExecuter.execute(ExecuteActionsTaskExecuter.java:46)
	at org.gradle.api.internal.tasks.execution.PostExecutionAnalysisTaskExecuter.execute(PostExecutionAnalysisTaskExecuter.java:35)
	at org.gradle.api.internal.tasks.execution.SkipUpToDateTaskExecuter.execute(SkipUpToDateTaskExecuter.java:64)
	at org.gradle.api.internal.tasks.execution.ValidatingTaskExecuter.execute(ValidatingTaskExecuter.java:58)
	at org.gradle.api.internal.tasks.execution.SkipEmptySourceFilesTaskExecuter.execute(SkipEmptySourceFilesTaskExecuter.java:42)
	at org.gradle.api.internal.tasks.execution.SkipTaskWithNoActionsExecuter.execute(SkipTaskWithNoActionsExecuter.java:52)
	at org.gradle.api.internal.tasks.execution.SkipOnlyIfTaskExecuter.execute(SkipOnlyIfTaskExecuter.java:53)
	at org.gradle.api.internal.tasks.execution.ExecuteAtMostOnceTaskExecuter.execute(ExecuteAtMostOnceTaskExecuter.java:43)
	at org.gradle.api.internal.AbstractTask.executeWithoutThrowingTaskFailure(AbstractTask.java:289)
	at org.gradle.execution.taskgraph.AbstractTaskPlanExecutor$TaskExecutorWorker.executeTask(AbstractTaskPlanExecutor.java:79)
	at org.gradle.execution.taskgraph.AbstractTaskPlanExecutor$TaskExecutorWorker.processTask(AbstractTaskPlanExecutor.java:63)
	at org.gradle.execution.taskgraph.AbstractTaskPlanExecutor$TaskExecutorWorker.run(AbstractTaskPlanExecutor.java:51)
	at org.gradle.execution.taskgraph.DefaultTaskPlanExecutor$1.run(DefaultTaskPlanExecutor.java:33)
	at org.gradle.internal.Factories$1.create(Factories.java:22)
	at org.gradle.cache.internal.DefaultCacheAccess.longRunningOperation(DefaultCacheAccess.java:198)
	at org.gradle.cache.internal.DefaultCacheAccess.longRunningOperation(DefaultCacheAccess.java:266)
	at org.gradle.cache.internal.DefaultPersistentDirectoryStore.longRunningOperation(DefaultPersistentDirectoryStore.java:135)
	at org.gradle.api.internal.changedetection.state.DefaultTaskArtifactStateCacheAccess.longRunningOperation(DefaultTaskArtifactStateCacheAccess.java:95)
	at org.gradle.execution.taskgraph.DefaultTaskPlanExecutor.process(DefaultTaskPlanExecutor.java:31)
	at org.gradle.execution.taskgraph.DefaultTaskGraphExecuter.execute(DefaultTaskGraphExecuter.java:86)
	at org.gradle.execution.SelectedTaskExecutionAction.execute(SelectedTaskExecutionAction.java:29)
	at org.gradle.execution.DefaultBuildExecuter.execute(DefaultBuildExecuter.java:61)
	at org.gradle.execution.DefaultBuildExecuter.access$200(DefaultBuildExecuter.java:23)
	at org.gradle.execution.DefaultBuildExecuter$2.proceed(DefaultBuildExecuter.java:67)
	at org.gradle.execution.DryRunBuildExecutionAction.execute(DryRunBuildExecutionAction.java:32)
	at org.gradle.execution.DefaultBuildExecuter.execute(DefaultBuildExecuter.java:61)
	at org.gradle.execution.DefaultBuildExecuter.execute(DefaultBuildExecuter.java:54)
	at org.gradle.initialization.DefaultGradleLauncher.doBuildStages(DefaultGradleLauncher.java:166)
	at org.gradle.initialization.DefaultGradleLauncher.doBuild(DefaultGradleLauncher.java:113)
	at org.gradle.initialization.DefaultGradleLauncher.run(DefaultGradleLauncher.java:81)
	at org.gradle.launcher.exec.InProcessBuildActionExecuter$DefaultBuildController.run(InProcessBuildActionExecuter.java:64)
	at org.gradle.launcher.cli.ExecuteBuildAction.run(ExecuteBuildAction.java:33)
	at org.gradle.launcher.cli.ExecuteBuildAction.run(ExecuteBuildAction.java:24)
	at org.gradle.launcher.exec.InProcessBuildActionExecuter.execute(InProcessBuildActionExecuter.java:35)
	at org.gradle.launcher.exec.InProcessBuildActionExecuter.execute(InProcessBuildActionExecuter.java:26)
	at org.gradle.launcher.cli.RunBuildAction.run(RunBuildAction.java:50)
	at org.gradle.internal.Actions$RunnableActionAdapter.execute(Actions.java:171)
	at org.gradle.launcher.cli.CommandLineActionFactory$ParseAndBuildAction.execute(CommandLineActionFactory.java:201)
	at org.gradle.launcher.cli.CommandLineActionFactory$ParseAndBuildAction.execute(CommandLineActionFactory.java:174)
	at org.gradle.launcher.cli.CommandLineActionFactory$WithLogging.execute(CommandLineActionFactory.java:170)
	at org.gradle.launcher.cli.CommandLineActionFactory$WithLogging.execute(CommandLineActionFactory.java:139)
	at org.gradle.launcher.cli.ExceptionReportingAction.execute(ExceptionReportingAction.java:33)
	at org.gradle.launcher.cli.ExceptionReportingAction.execute(ExceptionReportingAction.java:22)
	at org.gradle.launcher.Main.doAction(Main.java:46)
	at org.gradle.launcher.bootstrap.EntryPoint.run(EntryPoint.java:45)
	at org.gradle.launcher.Main.main(Main.java:37)
	at org.gradle.launcher.bootstrap.ProcessBootstrap.runNoExit(ProcessBootstrap.java:50)
	at org.gradle.launcher.bootstrap.ProcessBootstrap.run(ProcessBootstrap.java:32)
	at org.gradle.launcher.GradleMain.main(GradleMain.java:23)
	at org.gradle.wrapper.BootstrapMainStarter.start(BootstrapMainStarter.java:33)
	at org.gradle.wrapper.WrapperExecutor.execute(WrapperExecutor.java:130)
	at org.gradle.wrapper.GradleWrapperMain.main(GradleWrapperMain.java:48)
Caused by: java.lang.RuntimeException: Manifest merging failed. See console for more info.
	at com.android.builder.AndroidBuilder.doMerge(AndroidBuilder.java:615)
	at com.android.builder.AndroidBuilder.mergeLibraryManifests(AndroidBuilder.java:584)
	at com.android.builder.AndroidBuilder.processManifest(AndroidBuilder.java:393)
	at com.android.builder.AndroidBuilder$processManifest.call(Unknown Source)
	at com.android.build.gradle.tasks.ProcessAppManifest.doFullTaskAction(ProcessAppManifest.groovy:83)
	at com.android.build.gradle.internal.tasks.IncrementalTask.taskAction(IncrementalTask.groovy:64)
	at org.gradle.internal.reflect.JavaMethod.invoke(JavaMethod.java:63)
	at org.gradle.api.internal.project.taskfactory.AnnotationProcessingTaskFactory$IncrementalTaskAction.doExecute(AnnotationProcessingTaskFactory.java:236)
	at org.gradle.api.internal.project.taskfactory.AnnotationProcessingTaskFactory$StandardTaskAction.execute(AnnotationProcessingTaskFactory.java:212)
	at org.gradle.api.internal.project.taskfactory.AnnotationProcessingTaskFactory$IncrementalTaskAction.execute(AnnotationProcessingTaskFactory.java:223)
	at org.gradle.api.internal.project.taskfactory.AnnotationProcessingTaskFactory$StandardTaskAction.execute(AnnotationProcessingTaskFactory.java:201)
	at org.gradle.api.internal.AbstractTask$TaskActionWrapper.execute(AbstractTask.java:533)
	at org.gradle.api.internal.AbstractTask$TaskActionWrapper.execute(AbstractTask.java:516)
	at org.gradle.api.internal.tasks.execution.ExecuteActionsTaskExecuter.executeAction(ExecuteActionsTaskExecuter.java:80)
	at org.gradle.api.internal.tasks.execution.ExecuteActionsTaskExecuter.executeActions(ExecuteActionsTaskExecuter.java:61)
	... 52 more


BUILD FAILED

Total time: 6.767 secs

2018-04-07 16:19:00,023 ERROR FullProcessService - Project build has not produced APK file
2018-04-07 16:19:00,062 ERROR FullProcessService - Could not find generated or existed APK file
