2018-05-21 02:33:03,207 INFO  DownloadService - Downloading "https://github.com/oli107/material-range-bar/archive/master.zip", attempt 3
2018-05-21 02:33:05,136 INFO  DownloadService - Downloaded https://github.com/oli107/material-range-bar/archive/master.zip, attempt 3
2018-05-21 02:33:05,136 INFO  DownloadService - Size of file "/tmp/rdisk/1272/master.zip": 825 KB
2018-05-21 02:33:05,136 INFO  ArchiveUtils - Checking entries [.gradle] in ZIP file...
2018-05-21 02:33:05,136 INFO  ArchiveUtils - Has entries [.gradle] in ZIP file /tmp/rdisk/1272/master.zip: true
2018-05-21 02:33:05,137 DEBUG ZipUtil - Extracting '/tmp/rdisk/1272/master.zip' into '/tmp/rdisk/1272/src'.
2018-05-21 02:33:05,156 INFO  FullProcessService - Size of directory with sources: 1 MB
2018-05-21 02:33:05,156 INFO  SysUtils - Execute command: [git, init, /tmp/rdisk/1272/src]
2018-05-21 02:33:05,161 INFO  SysUtils - Initialized empty Git repository in /tmp/rdisk/1272/src/.git/

2018-05-21 02:33:05,164 INFO  ProjectBuildService - Gradle wrapper(s): /tmp/rdisk/1272/src/material-range-bar-master/gradlew
2018-05-21 02:33:05,167 INFO  ProjectBuildService - Build script(s): /tmp/rdisk/1272/src/material-range-bar-master/RangeBarSample/build.gradle /tmp/rdisk/1272/src/material-range-bar-master/materialrangebar/build.gradle /tmp/rdisk/1272/src/material-range-bar-master/build.gradle
2018-05-21 02:33:05,170 INFO  ProjectBuildService - All script(s): /tmp/rdisk/1272/src/material-range-bar-master/settings.gradle /tmp/rdisk/1272/src/material-range-bar-master/materialrangebar/build.gradle /tmp/rdisk/1272/src/material-range-bar-master/build.gradle /tmp/rdisk/1272/src/material-range-bar-master/RangeBarSample/build.gradle
2018-05-21 02:33:05,170 INFO  DownloadService - Downloading "https://raw.githubusercontent.com/nuuneoi/JCenter/master/bintrayv1.gradle", attempt 3
2018-05-21 02:33:05,344 INFO  DownloadService - Downloaded https://raw.githubusercontent.com/nuuneoi/JCenter/master/bintrayv1.gradle, attempt 3
2018-05-21 02:33:05,345 INFO  DownloadService - Downloading "https://raw.githubusercontent.com/nuuneoi/JCenter/master/installv1.gradle", attempt 3
2018-05-21 02:33:05,540 INFO  DownloadService - Downloaded https://raw.githubusercontent.com/nuuneoi/JCenter/master/installv1.gradle, attempt 3
2018-05-21 02:33:05,540 INFO  ProjectBuildService - Remote scripts: https://raw.githubusercontent.com/nuuneoi/JCenter/master/bintrayv1.gradle https://raw.githubusercontent.com/nuuneoi/JCenter/master/installv1.gradle
2018-05-21 02:33:05,540 INFO  ProjectFixService - Fixing project...
2018-05-21 02:33:05,547 INFO  LocalPropertiesFixService - Created fake /tmp/rdisk/1272/src/material-range-bar-master/RangeBarSample/local.properties
2018-05-21 02:33:05,547 INFO  ProjectFixService - Build info for "/tmp/rdisk/1272/src/material-range-bar-master/RangeBarSample/build.gradle": [buildToolsVersion=26.0.2,compileSdkVersion=27,minSdkVersion=14,targetSdkVersion=27]
2018-05-21 02:33:05,548 INFO  LocalPropertiesFixService - Created fake /tmp/rdisk/1272/src/material-range-bar-master/materialrangebar/local.properties
2018-05-21 02:33:05,548 INFO  ProjectFixService - Build info for "/tmp/rdisk/1272/src/material-range-bar-master/materialrangebar/build.gradle": [buildToolsVersion=26.0.2,compileSdkVersion=27,minSdkVersion=14,targetSdkVersion=27]
2018-05-21 02:33:05,548 INFO  LocalPropertiesFixService - Created fake /tmp/rdisk/1272/src/material-range-bar-master/local.properties
2018-05-21 02:33:05,549 INFO  WrapperPropertiesFixService - Gradle wrapper: https://services.gradle.org/distributions/gradle-4.1-all.zip
2018-05-21 02:33:05,549 INFO  WrapperPropertiesFixService - Gradle wrapper was changed from "-all.zip" to "-bin.zip" (https://services.gradle.org/distributions/gradle-4.1-bin.zip)
2018-05-21 02:33:05,550 INFO  ProjectFixService - Build info for "/tmp/rdisk/1272/src/material-range-bar-master/build.gradle": [buildToolsVersion=26.0.2,compileSdkVersion=27,minSdkVersion=14,targetSdkVersion=27]
2018-05-21 02:33:05,550 INFO  ProjectFixService - Project was maybe fixed
2018-05-21 02:33:05,550 INFO  ProjectTaskService - Detecting possible tasks...
2018-05-21 02:33:05,550 INFO  SysUtils - Execute command: [/tmp/rdisk/1272/src/material-range-bar-master/gradlew, -b, /tmp/rdisk/1272/src/material-range-bar-master/RangeBarSample/build.gradle, -Dorg.gradle.daemon=false, -Dorg.gradle.daemon.performance.enable-monitoring=false, -Dorg.gradle.configureondemand=true, tasks]
2018-05-21 02:33:13,496 INFO  ProjectTaskService - Detected possible tasks: 70
2018-05-21 02:33:13,497 INFO  ProjectTaskService - Excluded tasks (22): lintDebug mockableAndroidJar javadocJar deviceCheck lint testReleaseUnitTest javadoc uninstallRelease deviceAndroidTest uninstallDebugAndroidTest installDebugAndroidTest connectedCheck connectedDebugAndroidTest uninstallAll sourcesJar test check testDebugUnitTest connectedAndroidTest installDebug lintRelease uninstallDebug
2018-05-21 02:33:13,497 INFO  SysUtils - Execute command: [/tmp/rdisk/1272/src/material-range-bar-master/gradlew, -b, /tmp/rdisk/1272/src/material-range-bar-master/RangeBarSample/build.gradle, -Dorg.gradle.daemon=false, -Dorg.gradle.daemon.performance.enable-monitoring=false, -Dorg.gradle.configureondemand=true, --stacktrace, -x, lintDebug, -x, mockableAndroidJar, -x, javadocJar, -x, deviceCheck, -x, lint, -x, testReleaseUnitTest, -x, javadoc, -x, uninstallRelease, -x, deviceAndroidTest, -x, uninstallDebugAndroidTest, -x, installDebugAndroidTest, -x, connectedCheck, -x, connectedDebugAndroidTest, -x, uninstallAll, -x, sourcesJar, -x, test, -x, check, -x, testDebugUnitTest, -x, connectedAndroidTest, -x, installDebug, -x, lintRelease, -x, uninstallDebug, build]
2018-05-21 02:33:20,700 ERROR SysUtils - Could not process external command
org.apache.commons.exec.ExecuteException: Process exited with an error: 1 (Exit value: 1)
	at org.apache.commons.exec.DefaultExecutor.executeInternal(DefaultExecutor.java:404)
	at org.apache.commons.exec.DefaultExecutor.execute(DefaultExecutor.java:166)
	at com.github.vbauer.apkmaster.util.SysUtils.execute(SysUtils.java:67)
	at com.github.vbauer.apkmaster.util.SysUtils.executeSimple(SysUtils.java:43)
	at com.github.vbauer.apkmaster.service.assembly.ProjectBuildService.buildProject(ProjectBuildService.java:78)
	at com.github.vbauer.apkmaster.service.assembly.ProjectBuildService.buildProject(ProjectBuildService.java:64)
	at com.github.vbauer.apkmaster.service.assembly.ProjectBuildService.buildProject(ProjectBuildService.java:43)
	at com.github.vbauer.apkmaster.service.FullProcessService.build(FullProcessService.java:84)
	at com.github.vbauer.apkmaster.service.FullProcessService.process(FullProcessService.java:34)
	at com.github.vbauer.apkmaster.app.MainApplication.process(MainApplication.java:38)
	at com.github.vbauer.apkmaster.app.MainApplication.main(MainApplication.java:20)
	at sun.reflect.GeneratedMethodAccessor9.invoke(Unknown Source)
	at sun.reflect.DelegatingMethodAccessorImpl.invoke(DelegatingMethodAccessorImpl.java:43)
	at java.lang.reflect.Method.invoke(Method.java:498)
	at com.android.arsenal.util.ReflectionUtils.invoke(ReflectionUtils.java:42)
	at com.android.arsenal.util.ApkMasterUtils.main(ApkMasterUtils.java:30)
	at com.android.arsenal.service.processor.impl.BuildProcessorServiceImpl.buildProject(BuildProcessorServiceImpl.java:197)
	at com.android.arsenal.service.processor.impl.BuildProcessorServiceImpl.build(BuildProcessorServiceImpl.java:131)
	at com.android.arsenal.service.processor.impl.BuildProcessorServiceImpl.lambda$null$1(BuildProcessorServiceImpl.java:114)
	at java.util.concurrent.FutureTask.run(FutureTask.java:266)
	at java.util.concurrent.Executors$RunnableAdapter.call(Executors.java:511)
	at java.util.concurrent.FutureTask.run(FutureTask.java:266)
	at java.util.concurrent.ThreadPoolExecutor.runWorker(ThreadPoolExecutor.java:1149)
	at java.util.concurrent.ThreadPoolExecutor$Worker.run(ThreadPoolExecutor.java:624)
	at java.lang.Thread.run(Thread.java:748)
2018-05-21 02:33:20,701 INFO  SysUtils - Configuration on demand is an incubating feature.
Configuration 'compile' in project ':RangeBarSample' is deprecated. Use 'implementation' instead.
RELEASE_BUILD: signing properties not found

FAILURE: Build failed with an exception.

* What went wrong:
Task 'javadocJar' not found in project ':RangeBarSample'.

* Try:
Run gradlew tasks to get a list of available tasks. Run with --info or --debug option to get more log output.

* Exception is:
org.gradle.execution.TaskSelectionException: Task 'javadocJar' not found in project ':RangeBarSample'.
	at org.gradle.execution.TaskSelector.getSelection(TaskSelector.java:116)
	at org.gradle.execution.TaskSelector.getFilter(TaskSelector.java:66)
	at org.gradle.execution.ExcludedTaskFilteringBuildConfigurationAction.configure(ExcludedTaskFilteringBuildConfigurationAction.java:42)
	at org.gradle.execution.DefaultBuildConfigurationActionExecuter.configure(DefaultBuildConfigurationActionExecuter.java:48)
	at org.gradle.execution.DefaultBuildConfigurationActionExecuter.select(DefaultBuildConfigurationActionExecuter.java:36)
	at org.gradle.initialization.DefaultGradleLauncher$CalculateTaskGraph.run(DefaultGradleLauncher.java:265)
	at org.gradle.internal.progress.DefaultBuildOperationExecutor$RunnableBuildOperationWorker.execute(DefaultBuildOperationExecutor.java:336)
	at org.gradle.internal.progress.DefaultBuildOperationExecutor$RunnableBuildOperationWorker.execute(DefaultBuildOperationExecutor.java:328)
	at org.gradle.internal.progress.DefaultBuildOperationExecutor.execute(DefaultBuildOperationExecutor.java:197)
	at org.gradle.internal.progress.DefaultBuildOperationExecutor.run(DefaultBuildOperationExecutor.java:107)
	at org.gradle.initialization.DefaultGradleLauncher.constructTaskGraph(DefaultGradleLauncher.java:173)
	at org.gradle.initialization.DefaultGradleLauncher.doBuildStages(DefaultGradleLauncher.java:128)
	at org.gradle.initialization.DefaultGradleLauncher.executeTasks(DefaultGradleLauncher.java:107)
	at org.gradle.internal.invocation.GradleBuildController$1.call(GradleBuildController.java:78)
	at org.gradle.internal.invocation.GradleBuildController$1.call(GradleBuildController.java:75)
	at org.gradle.internal.work.DefaultWorkerLeaseService.withLocks(DefaultWorkerLeaseService.java:152)
	at org.gradle.internal.invocation.GradleBuildController.doBuild(GradleBuildController.java:100)
	at org.gradle.internal.invocation.GradleBuildController.run(GradleBuildController.java:75)
	at org.gradle.tooling.internal.provider.ExecuteBuildActionRunner.run(ExecuteBuildActionRunner.java:28)
	at org.gradle.launcher.exec.ChainingBuildActionRunner.run(ChainingBuildActionRunner.java:35)
	at org.gradle.tooling.internal.provider.ValidatingBuildActionRunner.run(ValidatingBuildActionRunner.java:32)
	at org.gradle.launcher.exec.RunAsBuildOperationBuildActionRunner$1.run(RunAsBuildOperationBuildActionRunner.java:43)
	at org.gradle.internal.progress.DefaultBuildOperationExecutor$RunnableBuildOperationWorker.execute(DefaultBuildOperationExecutor.java:336)
	at org.gradle.internal.progress.DefaultBuildOperationExecutor$RunnableBuildOperationWorker.execute(DefaultBuildOperationExecutor.java:328)
	at org.gradle.internal.progress.DefaultBuildOperationExecutor.execute(DefaultBuildOperationExecutor.java:197)
	at org.gradle.internal.progress.DefaultBuildOperationExecutor.run(DefaultBuildOperationExecutor.java:107)
	at org.gradle.launcher.exec.RunAsBuildOperationBuildActionRunner.run(RunAsBuildOperationBuildActionRunner.java:40)
	at org.gradle.tooling.internal.provider.SubscribableBuildActionRunner.run(SubscribableBuildActionRunner.java:51)
	at org.gradle.launcher.exec.InProcessBuildActionExecuter.execute(InProcessBuildActionExecuter.java:45)
	at org.gradle.launcher.exec.InProcessBuildActionExecuter.execute(InProcessBuildActionExecuter.java:29)
	at org.gradle.launcher.exec.BuildTreeScopeBuildActionExecuter.execute(BuildTreeScopeBuildActionExecuter.java:39)
	at org.gradle.launcher.exec.BuildTreeScopeBuildActionExecuter.execute(BuildTreeScopeBuildActionExecuter.java:25)
	at org.gradle.tooling.internal.provider.ContinuousBuildActionExecuter.execute(ContinuousBuildActionExecuter.java:71)
	at org.gradle.tooling.internal.provider.ContinuousBuildActionExecuter.execute(ContinuousBuildActionExecuter.java:45)
	at org.gradle.tooling.internal.provider.ServicesSetupBuildActionExecuter.execute(ServicesSetupBuildActionExecuter.java:51)
	at org.gradle.tooling.internal.provider.ServicesSetupBuildActionExecuter.execute(ServicesSetupBuildActionExecuter.java:32)
	at org.gradle.tooling.internal.provider.GradleThreadBuildActionExecuter.execute(GradleThreadBuildActionExecuter.java:36)
	at org.gradle.tooling.internal.provider.GradleThreadBuildActionExecuter.execute(GradleThreadBuildActionExecuter.java:25)
	at org.gradle.tooling.internal.provider.ParallelismConfigurationBuildActionExecuter.execute(ParallelismConfigurationBuildActionExecuter.java:43)
	at org.gradle.tooling.internal.provider.ParallelismConfigurationBuildActionExecuter.execute(ParallelismConfigurationBuildActionExecuter.java:29)
	at org.gradle.tooling.internal.provider.StartParamsValidatingActionExecuter.execute(StartParamsValidatingActionExecuter.java:64)
	at org.gradle.tooling.internal.provider.StartParamsValidatingActionExecuter.execute(StartParamsValidatingActionExecuter.java:29)
	at org.gradle.tooling.internal.provider.SessionFailureReportingActionExecuter.execute(SessionFailureReportingActionExecuter.java:55)
	at org.gradle.tooling.internal.provider.SessionFailureReportingActionExecuter.execute(SessionFailureReportingActionExecuter.java:42)
	at org.gradle.tooling.internal.provider.SetupLoggingActionExecuter.execute(SetupLoggingActionExecuter.java:58)
	at org.gradle.tooling.internal.provider.SetupLoggingActionExecuter.execute(SetupLoggingActionExecuter.java:33)
	at org.gradle.launcher.cli.RunBuildAction.run(RunBuildAction.java:51)
	at org.gradle.internal.Actions$RunnableActionAdapter.execute(Actions.java:173)
	at org.gradle.launcher.cli.CommandLineActionFactory$ParseAndBuildAction.execute(CommandLineActionFactory.java:287)
	at org.gradle.launcher.cli.CommandLineActionFactory$ParseAndBuildAction.execute(CommandLineActionFactory.java:260)
	at org.gradle.launcher.cli.JavaRuntimeValidationAction.execute(JavaRuntimeValidationAction.java:33)
	at org.gradle.launcher.cli.JavaRuntimeValidationAction.execute(JavaRuntimeValidationAction.java:24)
	at org.gradle.launcher.cli.ExceptionReportingAction.execute(ExceptionReportingAction.java:33)
	at org.gradle.launcher.cli.ExceptionReportingAction.execute(ExceptionReportingAction.java:22)
	at org.gradle.launcher.cli.CommandLineActionFactory$WithLogging.execute(CommandLineActionFactory.java:253)
	at org.gradle.launcher.cli.CommandLineActionFactory$WithLogging.execute(CommandLineActionFactory.java:182)
	at org.gradle.launcher.Main.doAction(Main.java:33)
	at org.gradle.launcher.bootstrap.EntryPoint.run(EntryPoint.java:45)
	at org.gradle.launcher.bootstrap.ProcessBootstrap.runNoExit(ProcessBootstrap.java:60)
	at org.gradle.launcher.bootstrap.ProcessBootstrap.run(ProcessBootstrap.java:37)
	at org.gradle.launcher.GradleMain.main(GradleMain.java:23)
	at org.gradle.wrapper.BootstrapMainStarter.start(BootstrapMainStarter.java:30)
	at org.gradle.wrapper.WrapperExecutor.execute(WrapperExecutor.java:129)
	at org.gradle.wrapper.GradleWrapperMain.main(GradleWrapperMain.java:61)


* Get more help at https://help.gradle.org

BUILD FAILED in 6s

2018-05-21 02:33:20,701 ERROR ProjectBuildService - Excluded tasks were detected wrong
2018-05-21 02:33:20,701 INFO  SysUtils - Execute command: [/tmp/rdisk/1272/src/material-range-bar-master/gradlew, -b, /tmp/rdisk/1272/src/material-range-bar-master/RangeBarSample/build.gradle, -Dorg.gradle.daemon=false, -Dorg.gradle.daemon.performance.enable-monitoring=false, -Dorg.gradle.configureondemand=true, --stacktrace, build]
2018-05-21 02:33:47,991 INFO  SysUtils - Configuration on demand is an incubating feature.
Configuration 'compile' in project ':RangeBarSample' is deprecated. Use 'implementation' instead.
RELEASE_BUILD: signing properties not found
Configuration 'compile' in project ':materialrangebar' is deprecated. Use 'implementation' instead.
:RangeBarSample:preBuild UP-TO-DATE
:materialrangebar:preBuild UP-TO-DATE
:materialrangebar:preDebugBuild UP-TO-DATE
:materialrangebar:checkDebugManifest
:materialrangebar:processDebugManifest
:RangeBarSample:preDebugBuild
:materialrangebar:compileDebugAidl
:RangeBarSample:compileDebugAidl
:materialrangebar:packageDebugRenderscript NO-SOURCE
:RangeBarSample:compileDebugRenderscript
:RangeBarSample:checkDebugManifest
:RangeBarSample:generateDebugBuildConfig
:RangeBarSample:prepareLintJar
:RangeBarSample:generateDebugResValues
:RangeBarSample:generateDebugResources
:materialrangebar:compileDebugRenderscript
:materialrangebar:generateDebugResValues
:materialrangebar:generateDebugResources
:materialrangebar:packageDebugResources
:RangeBarSample:mergeDebugResources
:RangeBarSample:createDebugCompatibleScreenManifests
:RangeBarSample:processDebugManifest
:RangeBarSample:splitsDiscoveryTaskDebug
:materialrangebar:platformAttrExtractor
:materialrangebar:generateDebugBuildConfig
:materialrangebar:prepareLintJar
:materialrangebar:javaPreCompileDebug
:materialrangebar:processDebugJavaRes NO-SOURCE
:RangeBarSample:compileDebugNdk NO-SOURCE
:RangeBarSample:mergeDebugShaders
:RangeBarSample:compileDebugShaders
:RangeBarSample:generateDebugAssets
:materialrangebar:mergeDebugShaders
:materialrangebar:compileDebugShaders
:materialrangebar:generateDebugAssets
:materialrangebar:mergeDebugAssets
:RangeBarSample:mergeDebugAssets
:RangeBarSample:mergeDebugJniLibFolders
:materialrangebar:compileDebugNdk NO-SOURCE
:materialrangebar:mergeDebugJniLibFolders
:materialrangebar:transformNativeLibsWithMergeJniLibsForDebug
:materialrangebar:transformNativeLibsWithStripDebugSymbolForDebug
:materialrangebar:transformNativeLibsWithIntermediateJniLibsForDebug
:RangeBarSample:processDebugJavaRes NO-SOURCE
:RangeBarSample:validateSigningDebug
:materialrangebar:preReleaseBuild UP-TO-DATE
:materialrangebar:checkReleaseManifest
:materialrangebar:processReleaseManifest
:RangeBarSample:preReleaseBuild
:materialrangebar:compileReleaseAidl
:RangeBarSample:compileReleaseAidl
:materialrangebar:packageReleaseRenderscript NO-SOURCE
:RangeBarSample:compileReleaseRenderscript
:RangeBarSample:checkReleaseManifest
:RangeBarSample:generateReleaseBuildConfig
:RangeBarSample:generateReleaseResValues
:RangeBarSample:generateReleaseResources
:materialrangebar:compileReleaseRenderscript
:materialrangebar:generateReleaseResValues
:materialrangebar:generateReleaseResources
:materialrangebar:packageReleaseResources
:RangeBarSample:mergeReleaseResources
:RangeBarSample:createReleaseCompatibleScreenManifests
:RangeBarSample:processReleaseManifest
:RangeBarSample:splitsDiscoveryTaskRelease
:materialrangebar:generateReleaseBuildConfig
:materialrangebar:javaPreCompileRelease
:materialrangebar:processReleaseJavaRes NO-SOURCE
:materialrangebar:processDebugResources
:RangeBarSample:processDebugResources
:RangeBarSample:generateDebugSources
:materialrangebar:generateDebugSources
:materialrangebar:compileDebugJavaWithJavac
:materialrangebar:transformClassesAndResourcesWithPrepareIntermediateJarsForDebug
:RangeBarSample:javaPreCompileDebug
:RangeBarSample:compileDebugJavaWithJavac
:RangeBarSample:compileDebugSources
:RangeBarSample:transformClassesWithDexBuilderForDebug
:RangeBarSample:transformDexArchiveWithExternalLibsDexMergerForDebug
:RangeBarSample:transformDexArchiveWithDexMergerForDebug
:RangeBarSample:transformNativeLibsWithMergeJniLibsForDebug
:RangeBarSample:transformNativeLibsWithStripDebugSymbolForDebug
:RangeBarSample:transformResourcesWithMergeJavaResForDebug
:RangeBarSample:packageDebug
:RangeBarSample:assembleDebug
:materialrangebar:processReleaseResources
:RangeBarSample:processReleaseResources
:RangeBarSample:generateReleaseSources
:materialrangebar:generateReleaseSources
:materialrangebar:compileReleaseJavaWithJavac
:materialrangebar:transformClassesAndResourcesWithPrepareIntermediateJarsForRelease
:RangeBarSample:javaPreCompileRelease
:RangeBarSample:compileReleaseJavaWithJavac
:RangeBarSample:compileReleaseNdk NO-SOURCE
:RangeBarSample:compileReleaseSources
:RangeBarSample:lintVitalRelease SKIPPED
:RangeBarSample:mergeReleaseShaders
:RangeBarSample:compileReleaseShaders
:RangeBarSample:generateReleaseAssets
:materialrangebar:mergeReleaseShaders
:materialrangebar:compileReleaseShaders
:materialrangebar:generateReleaseAssets
:materialrangebar:mergeReleaseAssets
:RangeBarSample:mergeReleaseAssets
:RangeBarSample:transformClassesWithPreDexForRelease
:RangeBarSample:transformDexWithDexForRelease
:RangeBarSample:mergeReleaseJniLibFolders
:materialrangebar:compileReleaseNdk NO-SOURCE
:materialrangebar:mergeReleaseJniLibFolders
:materialrangebar:transformNativeLibsWithMergeJniLibsForRelease
:materialrangebar:transformNativeLibsWithStripDebugSymbolForRelease
:materialrangebar:transformNativeLibsWithIntermediateJniLibsForRelease
:RangeBarSample:transformNativeLibsWithMergeJniLibsForRelease
:RangeBarSample:transformNativeLibsWithStripDebugSymbolForRelease
:RangeBarSample:processReleaseJavaRes NO-SOURCE
:RangeBarSample:transformResourcesWithMergeJavaResForRelease
:RangeBarSample:packageRelease
:RangeBarSample:assembleRelease
:RangeBarSample:assemble
:RangeBarSample:lint
Ran lint on variant debug: 173 issues found
Ran lint on variant release: 173 issues found
Wrote HTML report to file:///tmp/rdisk/1272/src/material-range-bar-master/RangeBarSample/build/reports/lint-results.html
Wrote XML report to file:///tmp/rdisk/1272/src/material-range-bar-master/RangeBarSample/build/reports/lint-results.xml
:RangeBarSample:preDebugUnitTestBuild UP-TO-DATE
:RangeBarSample:javaPreCompileDebugUnitTest
:RangeBarSample:compileDebugUnitTestJavaWithJavac NO-SOURCE
:RangeBarSample:mockableAndroidJar
:RangeBarSample:processDebugUnitTestJavaRes NO-SOURCE
:RangeBarSample:testDebugUnitTest NO-SOURCE
:RangeBarSample:preReleaseUnitTestBuild UP-TO-DATE
:RangeBarSample:javaPreCompileReleaseUnitTest
:RangeBarSample:compileReleaseUnitTestJavaWithJavac NO-SOURCE
:RangeBarSample:processReleaseUnitTestJavaRes NO-SOURCE
:RangeBarSample:testReleaseUnitTest NO-SOURCE
:RangeBarSample:test UP-TO-DATE
:RangeBarSample:check
:RangeBarSample:build

BUILD SUCCESSFUL in 26s
91 actionable tasks: 91 executed

2018-05-21 02:33:48,028 INFO  FullProcessService - Found APK file: /tmp/rdisk/1272/src/material-range-bar-master/RangeBarSample/build/outputs/apk/release/RangeBarSample-release-unsigned.apk
