2016-08-20 06:17:45,273 INFO  c.g.v.a.s.n.DownloadService - Downloading "https://github.com/ReactiveX/RxKotlin/archive/master.zip", attempt 3
2016-08-20 06:17:53,271 INFO  c.g.v.a.s.n.DownloadService - Downloading "https://github.com/ReactiveX/RxKotlin/archive/master.zip", attempt 2
2016-08-20 06:17:59,878 INFO  c.g.v.a.s.n.DownloadService - Downloading "https://github.com/ReactiveX/RxKotlin/archive/master.zip", attempt 1
2016-08-20 06:18:01,645 INFO  c.g.v.a.s.g.GithubDownloadService - Could not find ZIP archive for master branch
2016-08-20 06:18:03,639 INFO  c.g.v.a.s.g.GithubDownloadService - Default branch of this repository: 0.x
2016-08-20 06:18:03,640 INFO  c.g.v.a.s.n.DownloadService - Downloading "https://github.com/ReactiveX/RxKotlin/archive/0.x.zip", attempt 3
2016-08-20 06:18:05,977 INFO  c.g.v.a.s.n.DownloadService - Downloaded https://github.com/ReactiveX/RxKotlin/archive/0.x.zip, attempt 3
2016-08-20 06:18:06,374 DEBUG o.z.z.ZipUtil - Extracting '/tmp/rdisk/1466/0.x.zip' into '/tmp/rdisk/1466/src'.
2016-08-20 06:18:06,414 INFO  c.g.v.a.s.FullProcessService - Size of directory with sources: 125 KB
2016-08-20 06:18:06,418 INFO  c.g.v.a.u.SysUtils - Execute command: [git, init, /tmp/rdisk/1466/src]
2016-08-20 06:18:06,570 INFO  c.g.v.a.s.a.ProjectBuildService - Gradle wrapper(s): /tmp/rdisk/1466/src/RxKotlin-0.x/gradlew
2016-08-20 06:18:06,578 INFO  c.g.v.a.s.a.ProjectBuildService - Build script(s): /tmp/rdisk/1466/src/RxKotlin-0.x/build.gradle
2016-08-20 06:18:06,587 INFO  c.g.v.a.s.a.ProjectBuildService - All script(s): /tmp/rdisk/1466/src/RxKotlin-0.x/build.gradle /tmp/rdisk/1466/src/RxKotlin-0.x/settings.gradle
2016-08-20 06:18:06,597 INFO  c.g.v.a.s.a.ProjectBuildService - Remote scripts: none
2016-08-20 06:18:06,599 INFO  c.g.v.a.s.a.ProjectFixService - Fixing project...
2016-08-20 06:18:06,655 INFO  c.g.v.a.s.AndroidToolsService - ANDROID_HOME: /Users/vbauer/Library/Android/sdk
2016-08-20 06:18:06,655 INFO  c.g.v.a.s.AndroidToolsService - NDK_HOME: /Users/vbauer/Library/Android/ndk
2016-08-20 06:18:06,658 INFO  c.g.v.a.s.AndroidToolsService - Available build tools: 19.1.0 20.0.0 21.1.1 21.1.2 22.0.0 22.0.1 23.0.1 23.0.2 23.0.3 24.0.0 24.0.1
2016-08-20 06:18:06,662 INFO  c.g.v.a.s.AndroidToolsService - Available build tools after clean up: 19.1.0 20.0.0 21.1.1 21.1.2 22.0.0 22.0.1 23.0.1 23.0.2 23.0.3 24.0.0 24.0.1
2016-08-20 06:18:06,666 INFO  c.g.v.a.s.AndroidToolsService - Available platforms: 10 11 12 13 14 15 16 17 18 19 20 21 22 23 24 7 8 9 24
2016-08-20 06:18:06,668 INFO  c.g.v.a.s.AndroidToolsService - Available platforms after clean up: 7 8 9 10 11 12 13 14 15 16 17 18 19 20 21 22 23 24
2016-08-20 06:18:06,670 INFO  c.g.v.a.s.a.f.LocalPropertiesFixService - Created fake /tmp/rdisk/1466/src/RxKotlin-0.x/local.properties
2016-08-20 06:18:06,680 INFO  c.g.v.a.s.a.f.WrapperPropertiesFixService - Project uses full gradle wrapper: true (https://services.gradle.org/distributions/gradle-2.2.1-all.zip)
2016-08-20 06:18:06,681 INFO  c.g.v.a.s.a.f.WrapperPropertiesFixService - Gradle wrapper was changed from "-all.zip" to "-bin.zip" (https://services.gradle.org/distributions/gradle-2.2.1-bin.zip)
2016-08-20 06:18:06,693 INFO  c.g.v.a.s.a.ProjectFixService - Build info for "/tmp/rdisk/1466/src/RxKotlin-0.x/build.gradle": [buildToolsVersion=<null>,compileSdkVersion=<null>,minSdkVersion=<null>,targetSdkVersion=<null>]
2016-08-20 06:18:06,706 INFO  c.g.v.a.s.a.ProjectFixService - Fixed build info for "/tmp/rdisk/1466/src/RxKotlin-0.x/build.gradle": [buildToolsVersion=24.0.1,compileSdkVersion=24,minSdkVersion=24,targetSdkVersion=24]
2016-08-20 06:18:06,709 INFO  c.g.v.a.s.a.ProjectFixService - Project was maybe fixed
2016-08-20 06:18:06,715 INFO  c.g.v.a.s.a.ProjectTaskService - Detecting possible tasks...
2016-08-20 06:18:06,716 INFO  c.g.v.a.u.SysUtils - Execute command: [/tmp/rdisk/1466/src/RxKotlin-0.x/gradlew, -b, /tmp/rdisk/1466/src/RxKotlin-0.x/build.gradle, tasks]
2016-08-20 06:18:17,051 ERROR c.g.v.a.s.a.ProjectTaskService - Could not detect possible Gradle tasks: Process exited with an error: 1 (Exit value: 1)
2016-08-20 06:18:17,052 INFO  c.g.v.a.s.a.ProjectTaskService - Detected possible tasks: 0
2016-08-20 06:18:17,052 INFO  c.g.v.a.s.a.ProjectTaskService - Excluded tasks: none
2016-08-20 06:18:17,053 INFO  c.g.v.a.u.SysUtils - Execute command: [/tmp/rdisk/1466/src/RxKotlin-0.x/gradlew, -b, /tmp/rdisk/1466/src/RxKotlin-0.x/build.gradle, --stacktrace, build]
2016-08-20 06:18:24,266 INFO  c.g.v.a.u.SysUtils - 
FAILURE: Build failed with an exception.

* Where:
Build file '/private/tmp/rdisk/1466/src/RxKotlin-0.x/build.gradle' line: 8

* What went wrong:
A problem occurred evaluating root project 'rxkotlin'.
> Failed to apply plugin [id 'rxjava-project']
   > repository not found: /private/tmp/rdisk/1466/src/RxKotlin-0.x

* Try:
Run with --info or --debug option to get more log output.

* Exception is:
org.gradle.api.GradleScriptException: A problem occurred evaluating root project 'rxkotlin'.
	at org.gradle.groovy.scripts.internal.DefaultScriptRunnerFactory$ScriptRunnerImpl.run(DefaultScriptRunnerFactory.java:54)
	at org.gradle.configuration.DefaultScriptPluginFactory$ScriptPluginImpl.apply(DefaultScriptPluginFactory.java:148)
	at org.gradle.configuration.project.BuildScriptProcessor.execute(BuildScriptProcessor.java:39)
	at org.gradle.configuration.project.BuildScriptProcessor.execute(BuildScriptProcessor.java:26)
	at org.gradle.configuration.project.ConfigureActionsProjectEvaluator.evaluate(ConfigureActionsProjectEvaluator.java:34)
	at org.gradle.configuration.project.LifecycleProjectEvaluator.evaluate(LifecycleProjectEvaluator.java:59)
	at org.gradle.api.internal.project.AbstractProject.evaluate(AbstractProject.java:504)
	at org.gradle.api.internal.project.AbstractProject.evaluate(AbstractProject.java:83)
	at org.gradle.execution.TaskPathProjectEvaluator.configureHierarchy(TaskPathProjectEvaluator.java:42)
	at org.gradle.configuration.DefaultBuildConfigurer.configure(DefaultBuildConfigurer.java:35)
	at org.gradle.initialization.DefaultGradleLauncher.doBuildStages(DefaultGradleLauncher.java:129)
	at org.gradle.initialization.DefaultGradleLauncher.doBuild(DefaultGradleLauncher.java:106)
	at org.gradle.initialization.DefaultGradleLauncher.run(DefaultGradleLauncher.java:86)
	at org.gradle.launcher.exec.InProcessBuildActionExecuter$DefaultBuildController.run(InProcessBuildActionExecuter.java:80)
	at org.gradle.launcher.cli.ExecuteBuildAction.run(ExecuteBuildAction.java:33)
	at org.gradle.launcher.cli.ExecuteBuildAction.run(ExecuteBuildAction.java:24)
	at org.gradle.launcher.exec.InProcessBuildActionExecuter.execute(InProcessBuildActionExecuter.java:36)
	at org.gradle.launcher.exec.InProcessBuildActionExecuter.execute(InProcessBuildActionExecuter.java:26)
	at org.gradle.launcher.cli.RunBuildAction.run(RunBuildAction.java:51)
	at org.gradle.internal.Actions$RunnableActionAdapter.execute(Actions.java:171)
	at org.gradle.launcher.cli.CommandLineActionFactory$ParseAndBuildAction.execute(CommandLineActionFactory.java:237)
	at org.gradle.launcher.cli.CommandLineActionFactory$ParseAndBuildAction.execute(CommandLineActionFactory.java:210)
	at org.gradle.launcher.cli.JavaRuntimeValidationAction.execute(JavaRuntimeValidationAction.java:35)
	at org.gradle.launcher.cli.JavaRuntimeValidationAction.execute(JavaRuntimeValidationAction.java:24)
	at org.gradle.launcher.cli.CommandLineActionFactory$WithLogging.execute(CommandLineActionFactory.java:206)
	at org.gradle.launcher.cli.CommandLineActionFactory$WithLogging.execute(CommandLineActionFactory.java:169)
	at org.gradle.launcher.cli.ExceptionReportingAction.execute(ExceptionReportingAction.java:33)
	at org.gradle.launcher.cli.ExceptionReportingAction.execute(ExceptionReportingAction.java:22)
	at org.gradle.launcher.Main.doAction(Main.java:33)
	at org.gradle.launcher.bootstrap.EntryPoint.run(EntryPoint.java:45)
	at org.gradle.launcher.bootstrap.ProcessBootstrap.runNoExit(ProcessBootstrap.java:54)
	at org.gradle.launcher.bootstrap.ProcessBootstrap.run(ProcessBootstrap.java:35)
	at org.gradle.launcher.GradleMain.main(GradleMain.java:23)
	at org.gradle.wrapper.BootstrapMainStarter.start(BootstrapMainStarter.java:30)
	at org.gradle.wrapper.WrapperExecutor.execute(WrapperExecutor.java:127)
	at org.gradle.wrapper.GradleWrapperMain.main(GradleWrapperMain.java:56)
Caused by: org.gradle.api.internal.plugins.PluginApplicationException: Failed to apply plugin [id 'rxjava-project']
	at org.gradle.api.internal.plugins.DefaultObjectConfigurationAction.applyPlugin(DefaultObjectConfigurationAction.java:117)
	at org.gradle.api.internal.plugins.DefaultObjectConfigurationAction.access$200(DefaultObjectConfigurationAction.java:36)
	at org.gradle.api.internal.plugins.DefaultObjectConfigurationAction$3.run(DefaultObjectConfigurationAction.java:80)
	at org.gradle.api.internal.plugins.DefaultObjectConfigurationAction.execute(DefaultObjectConfigurationAction.java:131)
	at org.gradle.api.internal.project.AbstractPluginAware.apply(AbstractPluginAware.java:37)
	at org.gradle.api.Project$apply$0.call(Unknown Source)
	at org.gradle.api.internal.project.ProjectScript.apply(ProjectScript.groovy:34)
	at org.gradle.api.Script$apply$0.callCurrent(Unknown Source)
	at build_cnl85x70ruo7qesf5310yjdbc.run(/private/tmp/rdisk/1466/src/RxKotlin-0.x/build.gradle:8)
	at org.gradle.groovy.scripts.internal.DefaultScriptRunnerFactory$ScriptRunnerImpl.run(DefaultScriptRunnerFactory.java:52)
	... 35 more
Caused by: org.eclipse.jgit.errors.RepositoryNotFoundException: repository not found: /private/tmp/rdisk/1466/src/RxKotlin-0.x
	at org.eclipse.jgit.lib.BaseRepositoryBuilder.build(BaseRepositoryBuilder.java:575)
	at org.eclipse.jgit.api.Git.open(Git.java:113)
	at org.eclipse.jgit.api.Git.open(Git.java:97)
	at org.eclipse.jgit.api.Git$open.call(Unknown Source)
	at org.ajoberstar.grgit.Grgit.open(Grgit.groovy:223)
	at org.ajoberstar.grgit.Grgit.open(Grgit.groovy)
	at org.ajoberstar.grgit.Grgit$open.call(Unknown Source)
	at nebula.plugin.release.ReleasePlugin$_apply_closure2.doCall(ReleasePlugin.groovy:43)
	at nebula.plugin.release.ReleasePlugin.apply(ReleasePlugin.groovy:42)
	at nebula.plugin.release.ReleasePlugin.apply(ReleasePlugin.groovy)
	at org.gradle.api.internal.plugins.DefaultPluginContainer.providePlugin(DefaultPluginContainer.java:188)
	at org.gradle.api.internal.plugins.DefaultPluginContainer.addPluginInternal(DefaultPluginContainer.java:137)
	at org.gradle.api.internal.plugins.DefaultPluginContainer.apply(DefaultPluginContainer.java:107)
	at org.gradle.api.plugins.PluginContainer$apply.call(Unknown Source)
	at nebula.plugin.rxjavaproject.RxJavaReleasePlugin.apply(RxJavaReleasePlugin.groovy:20)
	at nebula.plugin.rxjavaproject.RxJavaReleasePlugin.apply(RxJavaReleasePlugin.groovy)
	at org.gradle.api.internal.plugins.DefaultPluginContainer.providePlugin(DefaultPluginContainer.java:188)
	at org.gradle.api.internal.plugins.DefaultPluginContainer.addPluginInternal(DefaultPluginContainer.java:137)
	at org.gradle.api.internal.plugins.DefaultPluginContainer.apply(DefaultPluginContainer.java:107)
	at org.gradle.api.plugins.PluginContainer$apply.call(Unknown Source)
	at nebula.plugin.rxjavaproject.RxjavaProjectPlugin.apply(RxjavaProjectPlugin.groovy:80)
	at nebula.plugin.rxjavaproject.RxjavaProjectPlugin.apply(RxjavaProjectPlugin.groovy)
	at org.gradle.api.internal.plugins.DefaultPluginContainer.providePlugin(DefaultPluginContainer.java:188)
	at org.gradle.api.internal.plugins.DefaultPluginContainer.addPluginInternal(DefaultPluginContainer.java:137)
	at org.gradle.api.internal.plugins.DefaultPluginContainer.apply(DefaultPluginContainer.java:103)
	at org.gradle.api.internal.plugins.DefaultObjectConfigurationAction.applyPlugin(DefaultObjectConfigurationAction.java:115)
	... 44 more


BUILD FAILED

Total time: 6.688 secs

2016-08-20 06:18:24,277 ERROR c.g.v.a.s.FullProcessService - Project build has not produced APK file
2016-08-20 06:18:24,281 ERROR c.g.v.a.s.FullProcessService - Could not find generated or existed APK file
